<?xml version="1.0" encoding="UTF-8"?>
<!-- Generated by org.testng.reporters.JUnitReportReporter -->
<testsuite hostname="choupchoup" name="com.distrimind.util.tests.Tests" tests="9" failures="0" timestamp="1 Mar 2016 22:51:22 GMT" time="19.633" errors="0">
  <testcase name="testSymetricEncryptions" time="0.019" classname="com.distrimind.util.tests.Tests"/>
  <testcase name="testHybridEncryptions" time="2.040" classname="com.distrimind.util.tests.Tests"/>
  <testcase name="testSymetricEncryptions" time="0.004" classname="com.distrimind.util.tests.Tests"/>
  <testcase name="testSymetricEncryptions" time="0.005" classname="com.distrimind.util.tests.Tests"/>
  <testcase name="testHybridEncryptions" time="4.230" classname="com.distrimind.util.tests.Tests"/>
  <testcase name="testASymetricEncryptions" time="6.338" classname="com.distrimind.util.tests.Tests"/>
  <testcase name="testSymetricEncryptions" time="0.006" classname="com.distrimind.util.tests.Tests"/>
  <testcase name="testHybridEncryptions" time="2.411" classname="com.distrimind.util.tests.Tests"/>
  <testcase name="testHybridEncryptions" time="4.580" classname="com.distrimind.util.tests.Tests"/>
</testsuite> <!-- com.distrimind.util.tests.Tests -->
