<?xml version="1.0" encoding="UTF-8"?>
<!-- Generated by org.testng.reporters.JUnitReportReporter -->
<testsuite hostname="choupchoup" name="com.distrimind.util.tests.crypto.CryptoTests" tests="84" failures="0" timestamp="10 Jun 2016 10:35:20 GMT" time="372.550" errors="0">
  <testcase name="testSignatures" time="3.084" classname="com.distrimind.util.tests.crypto.CryptoTests"/>
  <testcase name="testSecretKeyEncoding" time="0.160" classname="com.distrimind.util.tests.crypto.CryptoTests"/>
  <testcase name="testHybridEncryptions" time="22.865" classname="com.distrimind.util.tests.crypto.CryptoTests"/>
  <testcase name="testHybridEncryptions" time="15.581" classname="com.distrimind.util.tests.crypto.CryptoTests"/>
  <testcase name="testSignatures" time="1.293" classname="com.distrimind.util.tests.crypto.CryptoTests"/>
  <testcase name="testSignatures" time="4.702" classname="com.distrimind.util.tests.crypto.CryptoTests"/>
  <testcase name="testASymmetricKeyPairEncoding" time="6.228" classname="com.distrimind.util.tests.crypto.CryptoTests"/>
  <testcase name="testSignatures" time="0.923" classname="com.distrimind.util.tests.crypto.CryptoTests"/>
  <testcase name="testASymmetricSecretMessageExchanger" time="7.472" classname="com.distrimind.util.tests.crypto.CryptoTests"/>
  <testcase name="testEncodeAndSeparateEncoding" time="0.000" classname="com.distrimind.util.tests.crypto.CryptoTests"/>
  <testcase name="testEncodeAndSeparateEncoding" time="0.000" classname="com.distrimind.util.tests.crypto.CryptoTests"/>
  <testcase name="testEncodeAndSeparateEncoding" time="0.000" classname="com.distrimind.util.tests.crypto.CryptoTests"/>
  <testcase name="testSignatures" time="12.331" classname="com.distrimind.util.tests.crypto.CryptoTests"/>
  <testcase name="testEncodeAndSeparateEncoding" time="0.001" classname="com.distrimind.util.tests.crypto.CryptoTests"/>
  <testcase name="testEncodeAndSeparateEncoding" time="0.000" classname="com.distrimind.util.tests.crypto.CryptoTests"/>
  <testcase name="testSecretKeyEncoding" time="0.149" classname="com.distrimind.util.tests.crypto.CryptoTests"/>
  <testcase name="testSymetricEncryptions" time="0.013" classname="com.distrimind.util.tests.crypto.CryptoTests"/>
  <testcase name="testSecretKeyEncoding" time="0.147" classname="com.distrimind.util.tests.crypto.CryptoTests"/>
  <testcase name="testSecretKeyEncoding" time="0.148" classname="com.distrimind.util.tests.crypto.CryptoTests"/>
  <testcase name="testSignatures" time="0.670" classname="com.distrimind.util.tests.crypto.CryptoTests"/>
  <testcase name="testSignatures" time="13.375" classname="com.distrimind.util.tests.crypto.CryptoTests"/>
  <testcase name="testSymetricEncryptions" time="0.013" classname="com.distrimind.util.tests.crypto.CryptoTests"/>
  <testcase name="testHybridEncryptions" time="24.477" classname="com.distrimind.util.tests.crypto.CryptoTests"/>
  <testcase name="testHybridEncryptions" time="25.134" classname="com.distrimind.util.tests.crypto.CryptoTests"/>
  <testcase name="testEncodeAndSeparateEncoding" time="0.001" classname="com.distrimind.util.tests.crypto.CryptoTests"/>
  <testcase name="testSecretKeyEncoding" time="0.161" classname="com.distrimind.util.tests.crypto.CryptoTests"/>
  <testcase name="testEncodeAndSeparateEncoding" time="0.000" classname="com.distrimind.util.tests.crypto.CryptoTests"/>
  <testcase name="testHybridEncryptions" time="20.856" classname="com.distrimind.util.tests.crypto.CryptoTests"/>
  <testcase name="testEncodeAndSeparateEncoding" time="0.000" classname="com.distrimind.util.tests.crypto.CryptoTests"/>
  <testcase name="testSignatures" time="10.575" classname="com.distrimind.util.tests.crypto.CryptoTests"/>
  <testcase name="testSymetricEncryptions" time="0.012" classname="com.distrimind.util.tests.crypto.CryptoTests"/>
  <testcase name="testSignatures" time="0.725" classname="com.distrimind.util.tests.crypto.CryptoTests"/>
  <testcase name="testEncodeAndSeparateEncoding" time="0.000" classname="com.distrimind.util.tests.crypto.CryptoTests"/>
  <testcase name="testSignatures" time="5.909" classname="com.distrimind.util.tests.crypto.CryptoTests"/>
  <testcase name="testSignatures" time="9.804" classname="com.distrimind.util.tests.crypto.CryptoTests"/>
  <testcase name="testEncodeAndSeparateEncoding" time="0.001" classname="com.distrimind.util.tests.crypto.CryptoTests"/>
  <testcase name="testMessageDigest" time="0.000" classname="com.distrimind.util.tests.crypto.CryptoTests"/>
  <testcase name="testSignatures" time="0.228" classname="com.distrimind.util.tests.crypto.CryptoTests"/>
  <testcase name="testASymetricEncryptions" time="3.549" classname="com.distrimind.util.tests.crypto.CryptoTests"/>
  <testcase name="testSignatures" time="0.058" classname="com.distrimind.util.tests.crypto.CryptoTests"/>
  <testcase name="testEncodeAndSeparateEncoding" time="0.000" classname="com.distrimind.util.tests.crypto.CryptoTests"/>
  <testcase name="testSignatures" time="0.890" classname="com.distrimind.util.tests.crypto.CryptoTests"/>
  <testcase name="testEncodeAndSeparateEncoding" time="0.000" classname="com.distrimind.util.tests.crypto.CryptoTests"/>
  <testcase name="testSignatures" time="6.424" classname="com.distrimind.util.tests.crypto.CryptoTests"/>
  <testcase name="testSymetricEncryptions" time="0.020" classname="com.distrimind.util.tests.crypto.CryptoTests"/>
  <testcase name="testMessageDigest" time="0.001" classname="com.distrimind.util.tests.crypto.CryptoTests"/>
  <testcase name="testSignatures" time="6.407" classname="com.distrimind.util.tests.crypto.CryptoTests"/>
  <testcase name="testEncodeAndSeparateEncoding" time="0.000" classname="com.distrimind.util.tests.crypto.CryptoTests"/>
  <testcase name="testASymetricEncryptions" time="7.764" classname="com.distrimind.util.tests.crypto.CryptoTests"/>
  <testcase name="testSymetricEncryptions" time="0.018" classname="com.distrimind.util.tests.crypto.CryptoTests"/>
  <testcase name="testEncodeAndSeparateEncoding" time="0.000" classname="com.distrimind.util.tests.crypto.CryptoTests"/>
  <testcase name="testEncodeAndSeparateEncoding" time="0.001" classname="com.distrimind.util.tests.crypto.CryptoTests"/>
  <testcase name="testSignatures" time="5.578" classname="com.distrimind.util.tests.crypto.CryptoTests"/>
  <testcase name="testSignatures" time="2.933" classname="com.distrimind.util.tests.crypto.CryptoTests"/>
  <testcase name="testASymmetricKeyPairEncoding" time="6.061" classname="com.distrimind.util.tests.crypto.CryptoTests"/>
  <testcase name="testASymmetricSecretMessageExchanger" time="2.577" classname="com.distrimind.util.tests.crypto.CryptoTests"/>
  <testcase name="testHybridEncryptions" time="25.720" classname="com.distrimind.util.tests.crypto.CryptoTests"/>
  <testcase name="testEncodeAndSeparateEncoding" time="0.000" classname="com.distrimind.util.tests.crypto.CryptoTests"/>
  <testcase name="testMessageDigest" time="0.000" classname="com.distrimind.util.tests.crypto.CryptoTests"/>
  <testcase name="testHybridEncryptions" time="24.064" classname="com.distrimind.util.tests.crypto.CryptoTests"/>
  <testcase name="testSignatures" time="0.378" classname="com.distrimind.util.tests.crypto.CryptoTests"/>
  <testcase name="testSignatures" time="0.989" classname="com.distrimind.util.tests.crypto.CryptoTests"/>
  <testcase name="testEncodeAndSeparateEncoding" time="0.000" classname="com.distrimind.util.tests.crypto.CryptoTests"/>
  <testcase name="testSignatures" time="0.215" classname="com.distrimind.util.tests.crypto.CryptoTests"/>
  <testcase name="testEncodeAndSeparateEncoding" time="0.000" classname="com.distrimind.util.tests.crypto.CryptoTests"/>
  <testcase name="testMessageDigest" time="0.000" classname="com.distrimind.util.tests.crypto.CryptoTests"/>
  <testcase name="testHybridEncryptions" time="19.398" classname="com.distrimind.util.tests.crypto.CryptoTests"/>
  <testcase name="testSignatures" time="1.878" classname="com.distrimind.util.tests.crypto.CryptoTests"/>
  <testcase name="testSignatures" time="0.048" classname="com.distrimind.util.tests.crypto.CryptoTests"/>
  <testcase name="testHybridEncryptions" time="24.110" classname="com.distrimind.util.tests.crypto.CryptoTests"/>
  <testcase name="testEncodeAndSeparateEncoding" time="0.000" classname="com.distrimind.util.tests.crypto.CryptoTests"/>
  <testcase name="testMessageDigest" time="0.000" classname="com.distrimind.util.tests.crypto.CryptoTests"/>
  <testcase name="testHybridEncryptions" time="24.824" classname="com.distrimind.util.tests.crypto.CryptoTests"/>
  <testcase name="testSignatures" time="1.697" classname="com.distrimind.util.tests.crypto.CryptoTests"/>
  <testcase name="testEncodeAndSeparateEncoding" time="0.000" classname="com.distrimind.util.tests.crypto.CryptoTests"/>
  <testcase name="testSignatures" time="9.372" classname="com.distrimind.util.tests.crypto.CryptoTests"/>
  <testcase name="testSignatures" time="0.254" classname="com.distrimind.util.tests.crypto.CryptoTests"/>
  <testcase name="testSignatures" time="2.168" classname="com.distrimind.util.tests.crypto.CryptoTests"/>
  <testcase name="testSignatures" time="0.374" classname="com.distrimind.util.tests.crypto.CryptoTests"/>
  <testcase name="testSignatures" time="0.100" classname="com.distrimind.util.tests.crypto.CryptoTests"/>
  <testcase name="testSignatures" time="0.151" classname="com.distrimind.util.tests.crypto.CryptoTests"/>
  <testcase name="testMessageDigest" time="0.000" classname="com.distrimind.util.tests.crypto.CryptoTests"/>
  <testcase name="testSignatures" time="6.724" classname="com.distrimind.util.tests.crypto.CryptoTests"/>
  <testcase name="testSignatures" time="0.767" classname="com.distrimind.util.tests.crypto.CryptoTests"/>
</testsuite> <!-- com.distrimind.util.tests.crypto.CryptoTests -->
