<?xml version="1.0" encoding="UTF-8"?>
<!-- Generated by org.testng.reporters.JUnitReportReporter -->
<testsuite hostname="choupchoup" name="com.distrimind.util.tests.CryptoTests" tests="84" failures="0" timestamp="4 Mar 2016 08:33:55 GMT" time="229.189" errors="0">
  <testcase name="testSignatures" time="0.398" classname="com.distrimind.util.tests.CryptoTests"/>
  <testcase name="testSecretKeyEncoding" time="0.153" classname="com.distrimind.util.tests.CryptoTests"/>
  <testcase name="testSymetricEncryptions" time="0.002" classname="com.distrimind.util.tests.CryptoTests"/>
  <testcase name="testSignatures" time="0.436" classname="com.distrimind.util.tests.CryptoTests"/>
  <testcase name="testSecretKeyEncoding" time="0.001" classname="com.distrimind.util.tests.CryptoTests"/>
  <testcase name="testSecretKeyEncoding" time="0.000" classname="com.distrimind.util.tests.CryptoTests"/>
  <testcase name="testSignatures" time="0.049" classname="com.distrimind.util.tests.CryptoTests"/>
  <testcase name="testEncodeAndSeparateEncoding" time="0.001" classname="com.distrimind.util.tests.CryptoTests"/>
  <testcase name="testSignatures" time="0.043" classname="com.distrimind.util.tests.CryptoTests"/>
  <testcase name="testSignatures" time="0.100" classname="com.distrimind.util.tests.CryptoTests"/>
  <testcase name="testEncodeAndSeparateEncoding" time="0.001" classname="com.distrimind.util.tests.CryptoTests"/>
  <testcase name="testSignatures" time="0.598" classname="com.distrimind.util.tests.CryptoTests"/>
  <testcase name="testSignatures" time="0.442" classname="com.distrimind.util.tests.CryptoTests"/>
  <testcase name="testSignatures" time="3.930" classname="com.distrimind.util.tests.CryptoTests"/>
  <testcase name="testASymmetricKeyPairEncoding" time="6.554" classname="com.distrimind.util.tests.CryptoTests"/>
  <testcase name="testHybridEncryptions" time="3.820" classname="com.distrimind.util.tests.CryptoTests"/>
  <testcase name="testEncodeAndSeparateEncoding" time="0.001" classname="com.distrimind.util.tests.CryptoTests"/>
  <testcase name="testSignatures" time="1.939" classname="com.distrimind.util.tests.CryptoTests"/>
  <testcase name="testSymetricEncryptions" time="0.004" classname="com.distrimind.util.tests.CryptoTests"/>
  <testcase name="testSymetricEncryptions" time="0.005" classname="com.distrimind.util.tests.CryptoTests"/>
  <testcase name="testSymetricEncryptions" time="0.009" classname="com.distrimind.util.tests.CryptoTests"/>
  <testcase name="testSignatures" time="0.248" classname="com.distrimind.util.tests.CryptoTests"/>
  <testcase name="testHybridEncryptions" time="8.237" classname="com.distrimind.util.tests.CryptoTests"/>
  <testcase name="testSignatures" time="5.978" classname="com.distrimind.util.tests.CryptoTests"/>
  <testcase name="testEncodeAndSeparateEncoding" time="0.001" classname="com.distrimind.util.tests.CryptoTests"/>
  <testcase name="testMessageDigest" time="0.001" classname="com.distrimind.util.tests.CryptoTests"/>
  <testcase name="testHybridEncryptions" time="6.022" classname="com.distrimind.util.tests.CryptoTests"/>
  <testcase name="testHybridEncryptions" time="10.299" classname="com.distrimind.util.tests.CryptoTests"/>
  <testcase name="testSignatures" time="5.133" classname="com.distrimind.util.tests.CryptoTests"/>
  <testcase name="testEncodeAndSeparateEncoding" time="0.000" classname="com.distrimind.util.tests.CryptoTests"/>
  <testcase name="testSignatures" time="0.972" classname="com.distrimind.util.tests.CryptoTests"/>
  <testcase name="testEncodeAndSeparateEncoding" time="0.000" classname="com.distrimind.util.tests.CryptoTests"/>
  <testcase name="testSignatures" time="9.118" classname="com.distrimind.util.tests.CryptoTests"/>
  <testcase name="testSignatures" time="0.119" classname="com.distrimind.util.tests.CryptoTests"/>
  <testcase name="testHybridEncryptions" time="13.306" classname="com.distrimind.util.tests.CryptoTests"/>
  <testcase name="testSignatures" time="0.216" classname="com.distrimind.util.tests.CryptoTests"/>
  <testcase name="testASymmetricKeyPairEncoding" time="11.781" classname="com.distrimind.util.tests.CryptoTests"/>
  <testcase name="testEncodeAndSeparateEncoding" time="0.001" classname="com.distrimind.util.tests.CryptoTests"/>
  <testcase name="testEncodeAndSeparateEncoding" time="0.000" classname="com.distrimind.util.tests.CryptoTests"/>
  <testcase name="testASymetricEncryptions" time="8.532" classname="com.distrimind.util.tests.CryptoTests"/>
  <testcase name="testSignatures" time="2.868" classname="com.distrimind.util.tests.CryptoTests"/>
  <testcase name="testASymmetricSecretMessageExchanger" time="7.312" classname="com.distrimind.util.tests.CryptoTests"/>
  <testcase name="testSignatures" time="0.353" classname="com.distrimind.util.tests.CryptoTests"/>
  <testcase name="testSignatures" time="0.030" classname="com.distrimind.util.tests.CryptoTests"/>
  <testcase name="testEncodeAndSeparateEncoding" time="0.001" classname="com.distrimind.util.tests.CryptoTests"/>
  <testcase name="testSignatures" time="1.207" classname="com.distrimind.util.tests.CryptoTests"/>
  <testcase name="testSignatures" time="1.004" classname="com.distrimind.util.tests.CryptoTests"/>
  <testcase name="testEncodeAndSeparateEncoding" time="0.000" classname="com.distrimind.util.tests.CryptoTests"/>
  <testcase name="testSymetricEncryptions" time="0.008" classname="com.distrimind.util.tests.CryptoTests"/>
  <testcase name="testSignatures" time="0.953" classname="com.distrimind.util.tests.CryptoTests"/>
  <testcase name="testEncodeAndSeparateEncoding" time="0.000" classname="com.distrimind.util.tests.CryptoTests"/>
  <testcase name="testMessageDigest" time="0.001" classname="com.distrimind.util.tests.CryptoTests"/>
  <testcase name="testHybridEncryptions" time="33.659" classname="com.distrimind.util.tests.CryptoTests"/>
  <testcase name="testSignatures" time="2.078" classname="com.distrimind.util.tests.CryptoTests"/>
  <testcase name="testEncodeAndSeparateEncoding" time="0.001" classname="com.distrimind.util.tests.CryptoTests"/>
  <testcase name="testEncodeAndSeparateEncoding" time="0.000" classname="com.distrimind.util.tests.CryptoTests"/>
  <testcase name="testSignatures" time="0.034" classname="com.distrimind.util.tests.CryptoTests"/>
  <testcase name="testSignatures" time="0.514" classname="com.distrimind.util.tests.CryptoTests"/>
  <testcase name="testHybridEncryptions" time="17.373" classname="com.distrimind.util.tests.CryptoTests"/>
  <testcase name="testEncodeAndSeparateEncoding" time="0.001" classname="com.distrimind.util.tests.CryptoTests"/>
  <testcase name="testHybridEncryptions" time="7.122" classname="com.distrimind.util.tests.CryptoTests"/>
  <testcase name="testEncodeAndSeparateEncoding" time="0.000" classname="com.distrimind.util.tests.CryptoTests"/>
  <testcase name="testSignatures" time="0.036" classname="com.distrimind.util.tests.CryptoTests"/>
  <testcase name="testHybridEncryptions" time="18.810" classname="com.distrimind.util.tests.CryptoTests"/>
  <testcase name="testMessageDigest" time="0.001" classname="com.distrimind.util.tests.CryptoTests"/>
  <testcase name="testASymetricEncryptions" time="3.964" classname="com.distrimind.util.tests.CryptoTests"/>
  <testcase name="testSignatures" time="1.671" classname="com.distrimind.util.tests.CryptoTests"/>
  <testcase name="testEncodeAndSeparateEncoding" time="0.001" classname="com.distrimind.util.tests.CryptoTests"/>
  <testcase name="testSignatures" time="1.683" classname="com.distrimind.util.tests.CryptoTests"/>
  <testcase name="testMessageDigest" time="0.001" classname="com.distrimind.util.tests.CryptoTests"/>
  <testcase name="testSignatures" time="0.073" classname="com.distrimind.util.tests.CryptoTests"/>
  <testcase name="testEncodeAndSeparateEncoding" time="0.000" classname="com.distrimind.util.tests.CryptoTests"/>
  <testcase name="testEncodeAndSeparateEncoding" time="0.010" classname="com.distrimind.util.tests.CryptoTests"/>
  <testcase name="testSignatures" time="0.230" classname="com.distrimind.util.tests.CryptoTests"/>
  <testcase name="testSignatures" time="0.115" classname="com.distrimind.util.tests.CryptoTests"/>
  <testcase name="testMessageDigest" time="0.001" classname="com.distrimind.util.tests.CryptoTests"/>
  <testcase name="testSecretKeyEncoding" time="0.000" classname="com.distrimind.util.tests.CryptoTests"/>
  <testcase name="testSecretKeyEncoding" time="0.002" classname="com.distrimind.util.tests.CryptoTests"/>
  <testcase name="testEncodeAndSeparateEncoding" time="0.000" classname="com.distrimind.util.tests.CryptoTests"/>
  <testcase name="testSignatures" time="9.667" classname="com.distrimind.util.tests.CryptoTests"/>
  <testcase name="testASymmetricSecretMessageExchanger" time="12.657" classname="com.distrimind.util.tests.CryptoTests"/>
  <testcase name="testHybridEncryptions" time="7.296" classname="com.distrimind.util.tests.CryptoTests"/>
  <testcase name="testEncodeAndSeparateEncoding" time="0.000" classname="com.distrimind.util.tests.CryptoTests"/>
  <testcase name="testMessageDigest" time="0.002" classname="com.distrimind.util.tests.CryptoTests"/>
</testsuite> <!-- com.distrimind.util.tests.CryptoTests -->
