<?xml version="1.0" encoding="UTF-8"?>
<!-- Generated by org.testng.reporters.JUnitReportReporter -->
<testsuite name="com.distrimind.util.properties.TestProperties" tests="201" time="1.169" ignored="0" failures="0" timestamp="04 avr. 2017 14:21:12 GMT" skipped="0" hostname="choupchoup" errors="0">
  <testcase name="testPropertiesExport" time="0.003" classname="com.distrimind.util.properties.TestProperties"/>
  <testcase name="testPropertiesExport" time="0.002" classname="com.distrimind.util.properties.TestProperties"/>
  <testcase name="testPropertiesExport" time="0.003" classname="com.distrimind.util.properties.TestProperties"/>
  <testcase name="testPropertiesExport" time="0.002" classname="com.distrimind.util.properties.TestProperties"/>
  <testcase name="testPropertiesExport" time="0.003" classname="com.distrimind.util.properties.TestProperties"/>
  <testcase name="testPropertiesXMLSave" time="0.006" classname="com.distrimind.util.properties.TestProperties"/>
  <testcase name="testPropertiesXMLSave" time="0.004" classname="com.distrimind.util.properties.TestProperties"/>
  <testcase name="testPropertiesXMLSave" time="0.036" classname="com.distrimind.util.properties.TestProperties"/>
  <testcase name="testFreeProperties" time="0.001" classname="com.distrimind.util.properties.TestProperties"/>
  <testcase name="testPropertiesExport" time="0.003" classname="com.distrimind.util.properties.TestProperties"/>
  <testcase name="testPropertiesXMLSave" time="0.005" classname="com.distrimind.util.properties.TestProperties"/>
  <testcase name="testPropertiesXMLSave" time="0.013" classname="com.distrimind.util.properties.TestProperties"/>
  <testcase name="testPropertiesExport" time="0.033" classname="com.distrimind.util.properties.TestProperties"/>
  <testcase name="testPropertiesXMLSave" time="0.004" classname="com.distrimind.util.properties.TestProperties"/>
  <testcase name="testPropertiesExport" time="0.004" classname="com.distrimind.util.properties.TestProperties"/>
  <testcase name="testPropertiesExport" time="0.002" classname="com.distrimind.util.properties.TestProperties"/>
  <testcase name="testPropertiesExport" time="0.002" classname="com.distrimind.util.properties.TestProperties"/>
  <testcase name="testPropertiesExport" time="0.002" classname="com.distrimind.util.properties.TestProperties"/>
  <testcase name="testPropertiesExport" time="0.003" classname="com.distrimind.util.properties.TestProperties"/>
  <testcase name="testPropertiesExport" time="0.002" classname="com.distrimind.util.properties.TestProperties"/>
  <testcase name="testPropertiesExport" time="0.003" classname="com.distrimind.util.properties.TestProperties"/>
  <testcase name="testPropertiesXMLSave" time="0.005" classname="com.distrimind.util.properties.TestProperties"/>
  <testcase name="testPropertiesXMLSave" time="0.005" classname="com.distrimind.util.properties.TestProperties"/>
  <testcase name="testPropertiesExport" time="0.002" classname="com.distrimind.util.properties.TestProperties"/>
  <testcase name="testPropertiesExport" time="0.002" classname="com.distrimind.util.properties.TestProperties"/>
  <testcase name="testPropertiesXMLSave" time="0.006" classname="com.distrimind.util.properties.TestProperties"/>
  <testcase name="testPropertiesXMLSave" time="0.006" classname="com.distrimind.util.properties.TestProperties"/>
  <testcase name="testPropertiesXMLSave" time="0.004" classname="com.distrimind.util.properties.TestProperties"/>
  <testcase name="testPropertiesXMLSave" time="0.010" classname="com.distrimind.util.properties.TestProperties"/>
  <testcase name="testPropertiesXMLSave" time="0.005" classname="com.distrimind.util.properties.TestProperties"/>
  <testcase name="testPropertiesExport" time="0.003" classname="com.distrimind.util.properties.TestProperties"/>
  <testcase name="testPropertiesXMLSave" time="0.006" classname="com.distrimind.util.properties.TestProperties"/>
  <testcase name="testPropertiesXMLSave" time="0.015" classname="com.distrimind.util.properties.TestProperties"/>
  <testcase name="testPropertiesXMLSave" time="0.005" classname="com.distrimind.util.properties.TestProperties"/>
  <testcase name="testPropertiesExport" time="0.002" classname="com.distrimind.util.properties.TestProperties"/>
  <testcase name="testPropertiesXMLSave" time="0.007" classname="com.distrimind.util.properties.TestProperties"/>
  <testcase name="testPropertiesExport" time="0.004" classname="com.distrimind.util.properties.TestProperties"/>
  <testcase name="testPropertiesXMLSave" time="0.005" classname="com.distrimind.util.properties.TestProperties"/>
  <testcase name="testPropertiesXMLSave" time="0.005" classname="com.distrimind.util.properties.TestProperties"/>
  <testcase name="testPropertiesXMLSave" time="0.004" classname="com.distrimind.util.properties.TestProperties"/>
  <testcase name="testPropertiesExport" time="0.001" classname="com.distrimind.util.properties.TestProperties"/>
  <testcase name="testPropertiesXMLSave" time="0.005" classname="com.distrimind.util.properties.TestProperties"/>
  <testcase name="testPropertiesExport" time="0.003" classname="com.distrimind.util.properties.TestProperties"/>
  <testcase name="testPropertiesExport" time="0.002" classname="com.distrimind.util.properties.TestProperties"/>
  <testcase name="testPropertiesXMLSave" time="0.005" classname="com.distrimind.util.properties.TestProperties"/>
  <testcase name="testPropertiesXMLSave" time="0.006" classname="com.distrimind.util.properties.TestProperties"/>
  <testcase name="testPropertiesXMLSave" time="0.006" classname="com.distrimind.util.properties.TestProperties"/>
  <testcase name="testPropertiesExport" time="0.002" classname="com.distrimind.util.properties.TestProperties"/>
  <testcase name="testPropertiesExport" time="0.003" classname="com.distrimind.util.properties.TestProperties"/>
  <testcase name="testPropertiesXMLSave" time="0.006" classname="com.distrimind.util.properties.TestProperties"/>
  <testcase name="testPropertiesXMLSave" time="0.006" classname="com.distrimind.util.properties.TestProperties"/>
  <testcase name="testPropertiesExport" time="0.003" classname="com.distrimind.util.properties.TestProperties"/>
  <testcase name="testPropertiesExport" time="0.003" classname="com.distrimind.util.properties.TestProperties"/>
  <testcase name="testPropertiesXMLSave" time="0.011" classname="com.distrimind.util.properties.TestProperties"/>
  <testcase name="testPropertiesXMLSave" time="0.007" classname="com.distrimind.util.properties.TestProperties"/>
  <testcase name="testPropertiesExport" time="0.003" classname="com.distrimind.util.properties.TestProperties"/>
  <testcase name="testPropertiesExport" time="0.003" classname="com.distrimind.util.properties.TestProperties"/>
  <testcase name="testPropertiesXMLSave" time="0.005" classname="com.distrimind.util.properties.TestProperties"/>
  <testcase name="testPropertiesExport" time="0.002" classname="com.distrimind.util.properties.TestProperties"/>
  <testcase name="testPropertiesXMLSave" time="0.004" classname="com.distrimind.util.properties.TestProperties"/>
  <testcase name="testPropertiesXMLSave" time="0.005" classname="com.distrimind.util.properties.TestProperties"/>
  <testcase name="testPropertiesXMLSave" time="0.005" classname="com.distrimind.util.properties.TestProperties"/>
  <testcase name="testPropertiesExport" time="0.003" classname="com.distrimind.util.properties.TestProperties"/>
  <testcase name="testPropertiesXMLSave" time="0.005" classname="com.distrimind.util.properties.TestProperties"/>
  <testcase name="testPropertiesXMLSave" time="0.006" classname="com.distrimind.util.properties.TestProperties"/>
  <testcase name="testPropertiesXMLSave" time="0.005" classname="com.distrimind.util.properties.TestProperties"/>
  <testcase name="testPropertiesExport" time="0.002" classname="com.distrimind.util.properties.TestProperties"/>
  <testcase name="testPropertiesExport" time="0.003" classname="com.distrimind.util.properties.TestProperties"/>
  <testcase name="testPropertiesExport" time="0.003" classname="com.distrimind.util.properties.TestProperties"/>
  <testcase name="testPropertiesExport" time="0.001" classname="com.distrimind.util.properties.TestProperties"/>
  <testcase name="testPropertiesExport" time="0.002" classname="com.distrimind.util.properties.TestProperties"/>
  <testcase name="testPropertiesExport" time="0.003" classname="com.distrimind.util.properties.TestProperties"/>
  <testcase name="testPropertiesXMLSave" time="0.005" classname="com.distrimind.util.properties.TestProperties"/>
  <testcase name="testPropertiesXMLSave" time="0.005" classname="com.distrimind.util.properties.TestProperties"/>
  <testcase name="testPropertiesExport" time="0.004" classname="com.distrimind.util.properties.TestProperties"/>
  <testcase name="testPropertiesExport" time="0.002" classname="com.distrimind.util.properties.TestProperties"/>
  <testcase name="testPropertiesXMLSave" time="0.005" classname="com.distrimind.util.properties.TestProperties"/>
  <testcase name="testPropertiesXMLSave" time="0.005" classname="com.distrimind.util.properties.TestProperties"/>
  <testcase name="testPropertiesXMLSave" time="0.005" classname="com.distrimind.util.properties.TestProperties"/>
  <testcase name="testPropertiesExport" time="0.001" classname="com.distrimind.util.properties.TestProperties"/>
  <testcase name="testPropertiesXMLSave" time="0.004" classname="com.distrimind.util.properties.TestProperties"/>
  <testcase name="testPropertiesExport" time="0.003" classname="com.distrimind.util.properties.TestProperties"/>
  <testcase name="testPropertiesXMLSave" time="0.004" classname="com.distrimind.util.properties.TestProperties"/>
  <testcase name="testPropertiesXMLSave" time="0.004" classname="com.distrimind.util.properties.TestProperties"/>
  <testcase name="testPropertiesXMLSave" time="0.008" classname="com.distrimind.util.properties.TestProperties"/>
  <testcase name="testPropertiesExport" time="0.002" classname="com.distrimind.util.properties.TestProperties"/>
  <testcase name="testPropertiesExport" time="0.003" classname="com.distrimind.util.properties.TestProperties"/>
  <testcase name="testPropertiesXMLSave" time="0.008" classname="com.distrimind.util.properties.TestProperties"/>
  <testcase name="testPropertiesXMLSave" time="0.007" classname="com.distrimind.util.properties.TestProperties"/>
  <testcase name="testPropertiesExport" time="0.002" classname="com.distrimind.util.properties.TestProperties"/>
  <testcase name="testPropertiesExport" time="0.043" classname="com.distrimind.util.properties.TestProperties"/>
  <testcase name="testPropertiesExport" time="0.032" classname="com.distrimind.util.properties.TestProperties"/>
  <testcase name="testPropertiesExport" time="0.002" classname="com.distrimind.util.properties.TestProperties"/>
  <testcase name="testPropertiesExport" time="0.003" classname="com.distrimind.util.properties.TestProperties"/>
  <testcase name="testPropertiesExport" time="0.004" classname="com.distrimind.util.properties.TestProperties"/>
  <testcase name="testPropertiesExport" time="0.002" classname="com.distrimind.util.properties.TestProperties"/>
  <testcase name="testPropertiesXMLSave" time="0.006" classname="com.distrimind.util.properties.TestProperties"/>
  <testcase name="testPropertiesXMLSave" time="0.006" classname="com.distrimind.util.properties.TestProperties"/>
  <testcase name="testPropertiesXMLSave" time="0.005" classname="com.distrimind.util.properties.TestProperties"/>
  <testcase name="testPropertiesExport" time="0.002" classname="com.distrimind.util.properties.TestProperties"/>
  <testcase name="testPropertiesXMLSave" time="0.007" classname="com.distrimind.util.properties.TestProperties"/>
  <testcase name="testPropertiesXMLSave" time="0.006" classname="com.distrimind.util.properties.TestProperties"/>
  <testcase name="testPropertiesExport" time="0.003" classname="com.distrimind.util.properties.TestProperties"/>
  <testcase name="testPropertiesXMLSave" time="0.005" classname="com.distrimind.util.properties.TestProperties"/>
  <testcase name="testPropertiesXMLSave" time="0.010" classname="com.distrimind.util.properties.TestProperties"/>
  <testcase name="testPropertiesExport" time="0.002" classname="com.distrimind.util.properties.TestProperties"/>
  <testcase name="testPropertiesExport" time="0.003" classname="com.distrimind.util.properties.TestProperties"/>
  <testcase name="testPropertiesXMLSave" time="0.004" classname="com.distrimind.util.properties.TestProperties"/>
  <testcase name="testPropertiesXMLSave" time="0.005" classname="com.distrimind.util.properties.TestProperties"/>
  <testcase name="testPropertiesXMLSave" time="0.004" classname="com.distrimind.util.properties.TestProperties"/>
  <testcase name="testPropertiesExport" time="0.003" classname="com.distrimind.util.properties.TestProperties"/>
  <testcase name="testPropertiesXMLSave" time="0.006" classname="com.distrimind.util.properties.TestProperties"/>
  <testcase name="testPropertiesXMLSave" time="0.012" classname="com.distrimind.util.properties.TestProperties"/>
  <testcase name="testPropertiesExport" time="0.003" classname="com.distrimind.util.properties.TestProperties"/>
  <testcase name="testPropertiesXMLSave" time="0.007" classname="com.distrimind.util.properties.TestProperties"/>
  <testcase name="testPropertiesExport" time="0.001" classname="com.distrimind.util.properties.TestProperties"/>
  <testcase name="testPropertiesExport" time="0.002" classname="com.distrimind.util.properties.TestProperties"/>
  <testcase name="testPropertiesXMLSave" time="0.027" classname="com.distrimind.util.properties.TestProperties"/>
  <testcase name="testPropertiesXMLSave" time="0.006" classname="com.distrimind.util.properties.TestProperties"/>
  <testcase name="testPropertiesXMLSave" time="0.008" classname="com.distrimind.util.properties.TestProperties"/>
  <testcase name="testPropertiesXMLSave" time="0.006" classname="com.distrimind.util.properties.TestProperties"/>
  <testcase name="testPropertiesExport" time="0.003" classname="com.distrimind.util.properties.TestProperties"/>
  <testcase name="testPropertiesExport" time="0.001" classname="com.distrimind.util.properties.TestProperties"/>
  <testcase name="testPropertiesXMLSave" time="0.006" classname="com.distrimind.util.properties.TestProperties"/>
  <testcase name="testPropertiesExport" time="0.003" classname="com.distrimind.util.properties.TestProperties"/>
  <testcase name="testPropertiesExport" time="0.003" classname="com.distrimind.util.properties.TestProperties"/>
  <testcase name="testPropertiesExport" time="0.001" classname="com.distrimind.util.properties.TestProperties"/>
  <testcase name="testPropertiesExport" time="0.001" classname="com.distrimind.util.properties.TestProperties"/>
  <testcase name="testPropertiesXMLSave" time="0.004" classname="com.distrimind.util.properties.TestProperties"/>
  <testcase name="testPropertiesExport" time="0.001" classname="com.distrimind.util.properties.TestProperties"/>
  <testcase name="testPropertiesXMLSave" time="0.007" classname="com.distrimind.util.properties.TestProperties"/>
  <testcase name="testPropertiesExport" time="0.002" classname="com.distrimind.util.properties.TestProperties"/>
  <testcase name="testPropertiesExport" time="0.002" classname="com.distrimind.util.properties.TestProperties"/>
  <testcase name="testPropertiesExport" time="0.003" classname="com.distrimind.util.properties.TestProperties"/>
  <testcase name="testPropertiesExport" time="0.003" classname="com.distrimind.util.properties.TestProperties"/>
  <testcase name="testPropertiesExport" time="0.003" classname="com.distrimind.util.properties.TestProperties"/>
  <testcase name="testPropertiesXMLSave" time="0.005" classname="com.distrimind.util.properties.TestProperties"/>
  <testcase name="testPropertiesExport" time="0.002" classname="com.distrimind.util.properties.TestProperties"/>
  <testcase name="testPropertiesExport" time="0.003" classname="com.distrimind.util.properties.TestProperties"/>
  <testcase name="testPropertiesExport" time="0.030" classname="com.distrimind.util.properties.TestProperties"/>
  <testcase name="testPropertiesXMLSave" time="0.006" classname="com.distrimind.util.properties.TestProperties"/>
  <testcase name="testPropertiesXMLSave" time="0.005" classname="com.distrimind.util.properties.TestProperties"/>
  <testcase name="testPropertiesExport" time="0.003" classname="com.distrimind.util.properties.TestProperties"/>
  <testcase name="testPropertiesExport" time="0.002" classname="com.distrimind.util.properties.TestProperties"/>
  <testcase name="testPropertiesXMLSave" time="0.006" classname="com.distrimind.util.properties.TestProperties"/>
  <testcase name="testPropertiesExport" time="0.003" classname="com.distrimind.util.properties.TestProperties"/>
  <testcase name="testPropertiesExport" time="0.002" classname="com.distrimind.util.properties.TestProperties"/>
  <testcase name="testPropertiesXMLSave" time="0.003" classname="com.distrimind.util.properties.TestProperties"/>
  <testcase name="testPropertiesExport" time="0.004" classname="com.distrimind.util.properties.TestProperties"/>
  <testcase name="testPropertiesXMLSave" time="0.005" classname="com.distrimind.util.properties.TestProperties"/>
  <testcase name="testPropertiesExport" time="0.003" classname="com.distrimind.util.properties.TestProperties"/>
  <testcase name="testPropertiesExport" time="0.001" classname="com.distrimind.util.properties.TestProperties"/>
  <testcase name="testPropertiesXMLSave" time="0.006" classname="com.distrimind.util.properties.TestProperties"/>
  <testcase name="testPropertiesExport" time="0.001" classname="com.distrimind.util.properties.TestProperties"/>
  <testcase name="testPropertiesXMLSave" time="0.006" classname="com.distrimind.util.properties.TestProperties"/>
  <testcase name="testPropertiesXMLSave" time="0.005" classname="com.distrimind.util.properties.TestProperties"/>
  <testcase name="testPropertiesXMLSave" time="0.009" classname="com.distrimind.util.properties.TestProperties"/>
  <testcase name="testPropertiesExport" time="0.002" classname="com.distrimind.util.properties.TestProperties"/>
  <testcase name="testPropertiesXMLSave" time="0.007" classname="com.distrimind.util.properties.TestProperties"/>
  <testcase name="testPropertiesXMLSave" time="0.006" classname="com.distrimind.util.properties.TestProperties"/>
  <testcase name="testPropertiesXMLSave" time="0.004" classname="com.distrimind.util.properties.TestProperties"/>
  <testcase name="testPropertiesExport" time="0.002" classname="com.distrimind.util.properties.TestProperties"/>
  <testcase name="testPropertiesXMLSave" time="0.006" classname="com.distrimind.util.properties.TestProperties"/>
  <testcase name="testPropertiesExport" time="0.002" classname="com.distrimind.util.properties.TestProperties"/>
  <testcase name="testPropertiesExport" time="0.001" classname="com.distrimind.util.properties.TestProperties"/>
  <testcase name="testPropertiesXMLSave" time="0.006" classname="com.distrimind.util.properties.TestProperties"/>
  <testcase name="testPropertiesExport" time="0.002" classname="com.distrimind.util.properties.TestProperties"/>
  <testcase name="testPropertiesExport" time="0.002" classname="com.distrimind.util.properties.TestProperties"/>
  <testcase name="testPropertiesXMLSave" time="0.009" classname="com.distrimind.util.properties.TestProperties"/>
  <testcase name="testPropertiesExport" time="0.002" classname="com.distrimind.util.properties.TestProperties"/>
  <testcase name="testPropertiesExport" time="0.002" classname="com.distrimind.util.properties.TestProperties"/>
  <testcase name="testPropertiesXMLSave" time="0.007" classname="com.distrimind.util.properties.TestProperties"/>
  <testcase name="testPropertiesXMLSave" time="0.018" classname="com.distrimind.util.properties.TestProperties"/>
  <testcase name="testPropertiesXMLSave" time="0.006" classname="com.distrimind.util.properties.TestProperties"/>
  <testcase name="testPropertiesXMLSave" time="0.005" classname="com.distrimind.util.properties.TestProperties"/>
  <testcase name="testPropertiesExport" time="0.002" classname="com.distrimind.util.properties.TestProperties"/>
  <testcase name="testPropertiesXMLSave" time="0.006" classname="com.distrimind.util.properties.TestProperties"/>
  <testcase name="testPropertiesXMLSave" time="0.006" classname="com.distrimind.util.properties.TestProperties"/>
  <testcase name="testPropertiesExport" time="0.002" classname="com.distrimind.util.properties.TestProperties"/>
  <testcase name="testPropertiesXMLSave" time="0.005" classname="com.distrimind.util.properties.TestProperties"/>
  <testcase name="testPropertiesXMLSave" time="0.005" classname="com.distrimind.util.properties.TestProperties"/>
  <testcase name="testPropertiesXMLSave" time="0.006" classname="com.distrimind.util.properties.TestProperties"/>
  <testcase name="testPropertiesXMLSave" time="0.007" classname="com.distrimind.util.properties.TestProperties"/>
  <testcase name="testPropertiesExport" time="0.002" classname="com.distrimind.util.properties.TestProperties"/>
  <testcase name="testPropertiesExport" time="0.002" classname="com.distrimind.util.properties.TestProperties"/>
  <testcase name="testPropertiesXMLSave" time="0.004" classname="com.distrimind.util.properties.TestProperties"/>
  <testcase name="testPropertiesXMLSave" time="0.023" classname="com.distrimind.util.properties.TestProperties"/>
  <testcase name="testPropertiesXMLSave" time="0.005" classname="com.distrimind.util.properties.TestProperties"/>
  <testcase name="testPropertiesExport" time="0.130" classname="com.distrimind.util.properties.TestProperties"/>
  <testcase name="testPropertiesExport" time="0.003" classname="com.distrimind.util.properties.TestProperties"/>
  <testcase name="testPropertiesExport" time="0.003" classname="com.distrimind.util.properties.TestProperties"/>
  <testcase name="testPropertiesXMLSave" time="0.003" classname="com.distrimind.util.properties.TestProperties"/>
  <testcase name="testPropertiesExport" time="0.002" classname="com.distrimind.util.properties.TestProperties"/>
  <testcase name="testPropertiesExport" time="0.002" classname="com.distrimind.util.properties.TestProperties"/>
  <testcase name="testPropertiesXMLSave" time="0.006" classname="com.distrimind.util.properties.TestProperties"/>
  <testcase name="testPropertiesXMLSave" time="0.005" classname="com.distrimind.util.properties.TestProperties"/>
  <testcase name="testPropertiesXMLSave" time="0.004" classname="com.distrimind.util.properties.TestProperties"/>
  <testcase name="testPropertiesExport" time="0.003" classname="com.distrimind.util.properties.TestProperties"/>
  <testcase name="testPropertiesXMLSave" time="0.006" classname="com.distrimind.util.properties.TestProperties"/>
  <testcase name="testPropertiesExport" time="0.004" classname="com.distrimind.util.properties.TestProperties"/>
  <testcase name="testPropertiesExport" time="0.003" classname="com.distrimind.util.properties.TestProperties"/>
</testsuite> <!-- com.distrimind.util.properties.TestProperties -->
