<?xml version="1.0" encoding="UTF-8"?>
<!-- Generated by org.testng.reporters.JUnitReportReporter -->
<testsuite hostname="choupchoup" name="com.distrimind.util.tests.DecentralizedIDTests" tests="4002" failures="0" timestamp="22 Aug 2016 22:50:39 GMT" time="8.598" errors="0">
  <testcase name="testNotEquals" time="0.000" classname="com.distrimind.util.tests.DecentralizedIDTests"/>
  <testcase name="testNotEquals" time="0.000" classname="com.distrimind.util.tests.DecentralizedIDTests"/>
  <testcase name="testNotEquals" time="0.001" classname="com.distrimind.util.tests.DecentralizedIDTests"/>
  <testcase name="testNotEquals" time="0.000" classname="com.distrimind.util.tests.DecentralizedIDTests"/>
  <testcase name="testNotEquals" time="0.000" classname="com.distrimind.util.tests.DecentralizedIDTests"/>
  <testcase name="testToBytes" time="0.005" classname="com.distrimind.util.tests.DecentralizedIDTests"/>
  <testcase name="testNotEquals" time="0.000" classname="com.distrimind.util.tests.DecentralizedIDTests"/>
  <testcase name="testToBytes" time="0.000" classname="com.distrimind.util.tests.DecentralizedIDTests"/>
  <testcase name="testToBytes" time="0.001" classname="com.distrimind.util.tests.DecentralizedIDTests"/>
  <testcase name="testNotEquals" time="0.001" classname="com.distrimind.util.tests.DecentralizedIDTests"/>
  <testcase name="testNotEquals" time="0.000" classname="com.distrimind.util.tests.DecentralizedIDTests"/>
  <testcase name="testNotEquals" time="0.000" classname="com.distrimind.util.tests.DecentralizedIDTests"/>
  <testcase name="testToBytes" time="0.001" classname="com.distrimind.util.tests.DecentralizedIDTests"/>
  <testcase name="testNotEquals" time="0.001" classname="com.distrimind.util.tests.DecentralizedIDTests"/>
  <testcase name="testNotEquals" time="0.000" classname="com.distrimind.util.tests.DecentralizedIDTests"/>
  <testcase name="testNotEquals" time="0.000" classname="com.distrimind.util.tests.DecentralizedIDTests"/>
  <testcase name="testNotEquals" time="0.012" classname="com.distrimind.util.tests.DecentralizedIDTests"/>
  <testcase name="testToBytes" time="0.000" classname="com.distrimind.util.tests.DecentralizedIDTests"/>
  <testcase name="testToBytes" time="0.000" classname="com.distrimind.util.tests.DecentralizedIDTests"/>
  <testcase name="testNotEquals" time="0.000" classname="com.distrimind.util.tests.DecentralizedIDTests"/>
  <testcase name="testNotEquals" time="0.000" classname="com.distrimind.util.tests.DecentralizedIDTests"/>
  <testcase name="testNotEquals" time="0.000" classname="com.distrimind.util.tests.DecentralizedIDTests"/>
  <testcase name="testToBytes" time="0.000" classname="com.distrimind.util.tests.DecentralizedIDTests"/>
  <testcase name="testToBytes" time="0.000" classname="com.distrimind.util.tests.DecentralizedIDTests"/>
  <testcase name="testNotEquals" time="0.002" classname="com.distrimind.util.tests.DecentralizedIDTests"/>
  <testcase name="testToBytes" time="0.000" classname="com.distrimind.util.tests.DecentralizedIDTests"/>
  <testcase name="testNotEquals" time="0.000" classname="com.distrimind.util.tests.DecentralizedIDTests"/>
  <testcase name="testToBytes" time="0.000" classname="com.distrimind.util.tests.DecentralizedIDTests"/>
  <testcase name="testToBytes" time="0.000" classname="com.distrimind.util.tests.DecentralizedIDTests"/>
  <testcase name="testNotEquals" time="0.000" classname="com.distrimind.util.tests.DecentralizedIDTests"/>
  <testcase name="testNotEquals" time="0.000" classname="com.distrimind.util.tests.DecentralizedIDTests"/>
  <testcase name="testToBytes" time="0.000" classname="com.distrimind.util.tests.DecentralizedIDTests"/>
  <testcase name="testToBytes" time="0.000" classname="com.distrimind.util.tests.DecentralizedIDTests"/>
  <testcase name="testToBytes" time="0.000" classname="com.distrimind.util.tests.DecentralizedIDTests"/>
  <testcase name="testNotEquals" time="0.018" classname="com.distrimind.util.tests.DecentralizedIDTests"/>
  <testcase name="testToBytes" time="0.000" classname="com.distrimind.util.tests.DecentralizedIDTests"/>
  <testcase name="testToBytes" time="0.000" classname="com.distrimind.util.tests.DecentralizedIDTests"/>
  <testcase name="testNotEquals" time="0.032" classname="com.distrimind.util.tests.DecentralizedIDTests"/>
  <testcase name="testToBytes" time="0.000" classname="com.distrimind.util.tests.DecentralizedIDTests"/>
  <testcase name="testToBytes" time="0.014" classname="com.distrimind.util.tests.DecentralizedIDTests"/>
  <testcase name="testToBytes" time="0.000" classname="com.distrimind.util.tests.DecentralizedIDTests"/>
  <testcase name="testToBytes" time="0.000" classname="com.distrimind.util.tests.DecentralizedIDTests"/>
  <testcase name="testToBytes" time="0.000" classname="com.distrimind.util.tests.DecentralizedIDTests"/>
  <testcase name="testToBytes" time="0.000" classname="com.distrimind.util.tests.DecentralizedIDTests"/>
  <testcase name="testToBytes" time="0.000" classname="com.distrimind.util.tests.DecentralizedIDTests"/>
  <testcase name="testToBytes" time="0.004" classname="com.distrimind.util.tests.DecentralizedIDTests"/>
  <testcase name="testToBytes" time="0.000" classname="com.distrimind.util.tests.DecentralizedIDTests"/>
  <testcase name="testToBytes" time="0.000" classname="com.distrimind.util.tests.DecentralizedIDTests"/>
  <testcase name="testToBytes" time="0.000" classname="com.distrimind.util.tests.DecentralizedIDTests"/>
  <testcase name="testToBytes" time="0.000" classname="com.distrimind.util.tests.DecentralizedIDTests"/>
  <testcase name="testNotEquals" time="0.000" classname="com.distrimind.util.tests.DecentralizedIDTests"/>
  <testcase name="testToBytes" time="0.000" classname="com.distrimind.util.tests.DecentralizedIDTests"/>
  <testcase name="testToBytes" time="0.000" classname="com.distrimind.util.tests.DecentralizedIDTests"/>
  <testcase name="testNotEquals" time="0.000" classname="com.distrimind.util.tests.DecentralizedIDTests"/>
  <testcase name="testNotEquals" time="0.000" classname="com.distrimind.util.tests.DecentralizedIDTests"/>
  <testcase name="testNotEquals" time="0.000" classname="com.distrimind.util.tests.DecentralizedIDTests"/>
  <testcase name="testNotEquals" time="0.000" classname="com.distrimind.util.tests.DecentralizedIDTests"/>
  <testcase name="testNotEquals" time="0.000" classname="com.distrimind.util.tests.DecentralizedIDTests"/>
  <testcase name="testNotEquals" time="0.000" classname="com.distrimind.util.tests.DecentralizedIDTests"/>
  <testcase name="testToBytes" time="0.000" classname="com.distrimind.util.tests.DecentralizedIDTests"/>
  <testcase name="testToBytes" time="0.001" classname="com.distrimind.util.tests.DecentralizedIDTests"/>
  <testcase name="testToBytes" time="0.000" classname="com.distrimind.util.tests.DecentralizedIDTests"/>
  <testcase name="testNotEquals" time="0.000" classname="com.distrimind.util.tests.DecentralizedIDTests"/>
  <testcase name="testToBytes" time="0.000" classname="com.distrimind.util.tests.DecentralizedIDTests"/>
  <testcase name="testNotEquals" time="0.004" classname="com.distrimind.util.tests.DecentralizedIDTests"/>
  <testcase name="testNotEquals" time="0.000" classname="com.distrimind.util.tests.DecentralizedIDTests"/>
  <testcase name="testNotEquals" time="0.000" classname="com.distrimind.util.tests.DecentralizedIDTests"/>
  <testcase name="testNotEquals" time="0.000" classname="com.distrimind.util.tests.DecentralizedIDTests"/>
  <testcase name="testNotEquals" time="0.000" classname="com.distrimind.util.tests.DecentralizedIDTests"/>
  <testcase name="testNotEquals" time="0.000" classname="com.distrimind.util.tests.DecentralizedIDTests"/>
  <testcase name="testToBytes" time="0.000" classname="com.distrimind.util.tests.DecentralizedIDTests"/>
  <testcase name="testNotEquals" time="0.001" classname="com.distrimind.util.tests.DecentralizedIDTests"/>
  <testcase name="testToBytes" time="0.001" classname="com.distrimind.util.tests.DecentralizedIDTests"/>
  <testcase name="testNotEquals" time="0.000" classname="com.distrimind.util.tests.DecentralizedIDTests"/>
  <testcase name="testNotEquals" time="0.000" classname="com.distrimind.util.tests.DecentralizedIDTests"/>
  <testcase name="testToBytes" time="0.011" classname="com.distrimind.util.tests.DecentralizedIDTests"/>
  <testcase name="testToBytes" time="0.000" classname="com.distrimind.util.tests.DecentralizedIDTests"/>
  <testcase name="testToBytes" time="0.000" classname="com.distrimind.util.tests.DecentralizedIDTests"/>
  <testcase name="testToBytes" time="0.000" classname="com.distrimind.util.tests.DecentralizedIDTests"/>
  <testcase name="testToBytes" time="0.000" classname="com.distrimind.util.tests.DecentralizedIDTests"/>
  <testcase name="testNotEquals" time="0.000" classname="com.distrimind.util.tests.DecentralizedIDTests"/>
  <testcase name="testNotEquals" time="0.000" classname="com.distrimind.util.tests.DecentralizedIDTests"/>
  <testcase name="testNotEquals" time="0.000" classname="com.distrimind.util.tests.DecentralizedIDTests"/>
  <testcase name="testNotEquals" time="0.001" classname="com.distrimind.util.tests.DecentralizedIDTests"/>
  <testcase name="testNotEquals" time="0.000" classname="com.distrimind.util.tests.DecentralizedIDTests"/>
  <testcase name="testNotEquals" time="0.000" classname="com.distrimind.util.tests.DecentralizedIDTests"/>
  <testcase name="testNotEquals" time="0.004" classname="com.distrimind.util.tests.DecentralizedIDTests"/>
  <testcase name="testToBytes" time="0.000" classname="com.distrimind.util.tests.DecentralizedIDTests"/>
  <testcase name="testToBytes" time="0.000" classname="com.distrimind.util.tests.DecentralizedIDTests"/>
  <testcase name="testNotEquals" time="0.000" classname="com.distrimind.util.tests.DecentralizedIDTests"/>
  <testcase name="testToBytes" time="0.000" classname="com.distrimind.util.tests.DecentralizedIDTests"/>
  <testcase name="testNotEquals" time="0.000" classname="com.distrimind.util.tests.DecentralizedIDTests"/>
  <testcase name="testNotEquals" time="0.000" classname="com.distrimind.util.tests.DecentralizedIDTests"/>
  <testcase name="testToBytes" time="0.000" classname="com.distrimind.util.tests.DecentralizedIDTests"/>
  <testcase name="testToBytes" time="0.012" classname="com.distrimind.util.tests.DecentralizedIDTests"/>
  <testcase name="testNotEquals" time="0.000" classname="com.distrimind.util.tests.DecentralizedIDTests"/>
  <testcase name="testNotEquals" time="0.000" classname="com.distrimind.util.tests.DecentralizedIDTests"/>
  <testcase name="testNotEquals" time="0.000" classname="com.distrimind.util.tests.DecentralizedIDTests"/>
  <testcase name="testNotEquals" time="0.015" classname="com.distrimind.util.tests.DecentralizedIDTests"/>
  <testcase name="testToBytes" time="0.000" classname="com.distrimind.util.tests.DecentralizedIDTests"/>
  <testcase name="testNotEquals" time="0.000" classname="com.distrimind.util.tests.DecentralizedIDTests"/>
  <testcase name="testNotEquals" time="0.006" classname="com.distrimind.util.tests.DecentralizedIDTests"/>
  <testcase name="testToBytes" time="0.000" classname="com.distrimind.util.tests.DecentralizedIDTests"/>
  <testcase name="testToBytes" time="0.000" classname="com.distrimind.util.tests.DecentralizedIDTests"/>
  <testcase name="testNotEquals" time="0.000" classname="com.distrimind.util.tests.DecentralizedIDTests"/>
  <testcase name="testToBytes" time="0.000" classname="com.distrimind.util.tests.DecentralizedIDTests"/>
  <testcase name="testToBytes" time="0.000" classname="com.distrimind.util.tests.DecentralizedIDTests"/>
  <testcase name="testToBytes" time="0.000" classname="com.distrimind.util.tests.DecentralizedIDTests"/>
  <testcase name="testNotEquals" time="0.001" classname="com.distrimind.util.tests.DecentralizedIDTests"/>
  <testcase name="testToBytes" time="0.000" classname="com.distrimind.util.tests.DecentralizedIDTests"/>
  <testcase name="testToBytes" time="0.013" classname="com.distrimind.util.tests.DecentralizedIDTests"/>
  <testcase name="testToBytes" time="0.000" classname="com.distrimind.util.tests.DecentralizedIDTests"/>
  <testcase name="testNotEquals" time="0.000" classname="com.distrimind.util.tests.DecentralizedIDTests"/>
  <testcase name="testNotEquals" time="0.001" classname="com.distrimind.util.tests.DecentralizedIDTests"/>
  <testcase name="testToBytes" time="0.000" classname="com.distrimind.util.tests.DecentralizedIDTests"/>
  <testcase name="testNotEquals" time="0.000" classname="com.distrimind.util.tests.DecentralizedIDTests"/>
  <testcase name="testToBytes" time="0.000" classname="com.distrimind.util.tests.DecentralizedIDTests"/>
  <testcase name="testNotEquals" time="0.000" classname="com.distrimind.util.tests.DecentralizedIDTests"/>
  <testcase name="testToBytes" time="0.000" classname="com.distrimind.util.tests.DecentralizedIDTests"/>
  <testcase name="testNotEquals" time="0.000" classname="com.distrimind.util.tests.DecentralizedIDTests"/>
  <testcase name="testToBytes" time="0.000" classname="com.distrimind.util.tests.DecentralizedIDTests"/>
  <testcase name="testToBytes" time="0.000" classname="com.distrimind.util.tests.DecentralizedIDTests"/>
  <testcase name="testNotEquals" time="0.000" classname="com.distrimind.util.tests.DecentralizedIDTests"/>
  <testcase name="testToBytes" time="0.000" classname="com.distrimind.util.tests.DecentralizedIDTests"/>
  <testcase name="testNotEquals" time="0.001" classname="com.distrimind.util.tests.DecentralizedIDTests"/>
  <testcase name="testNotEquals" time="0.000" classname="com.distrimind.util.tests.DecentralizedIDTests"/>
  <testcase name="testToBytes" time="0.000" classname="com.distrimind.util.tests.DecentralizedIDTests"/>
  <testcase name="testToBytes" time="0.000" classname="com.distrimind.util.tests.DecentralizedIDTests"/>
  <testcase name="testNotEquals" time="0.000" classname="com.distrimind.util.tests.DecentralizedIDTests"/>
  <testcase name="testToBytes" time="0.000" classname="com.distrimind.util.tests.DecentralizedIDTests"/>
  <testcase name="testNotEquals" time="0.029" classname="com.distrimind.util.tests.DecentralizedIDTests"/>
  <testcase name="testToBytes" time="0.000" classname="com.distrimind.util.tests.DecentralizedIDTests"/>
  <testcase name="testNotEquals" time="0.000" classname="com.distrimind.util.tests.DecentralizedIDTests"/>
  <testcase name="testToBytes" time="0.000" classname="com.distrimind.util.tests.DecentralizedIDTests"/>
  <testcase name="testToBytes" time="0.000" classname="com.distrimind.util.tests.DecentralizedIDTests"/>
  <testcase name="testNotEquals" time="0.000" classname="com.distrimind.util.tests.DecentralizedIDTests"/>
  <testcase name="testToBytes" time="0.000" classname="com.distrimind.util.tests.DecentralizedIDTests"/>
  <testcase name="testNotEquals" time="0.000" classname="com.distrimind.util.tests.DecentralizedIDTests"/>
  <testcase name="testToBytes" time="0.000" classname="com.distrimind.util.tests.DecentralizedIDTests"/>
  <testcase name="testNotEquals" time="0.000" classname="com.distrimind.util.tests.DecentralizedIDTests"/>
  <testcase name="testNotEquals" time="0.000" classname="com.distrimind.util.tests.DecentralizedIDTests"/>
  <testcase name="testToBytes" time="0.000" classname="com.distrimind.util.tests.DecentralizedIDTests"/>
  <testcase name="testToBytes" time="0.000" classname="com.distrimind.util.tests.DecentralizedIDTests"/>
  <testcase name="testNotEquals" time="0.000" classname="com.distrimind.util.tests.DecentralizedIDTests"/>
  <testcase name="testToBytes" time="0.000" classname="com.distrimind.util.tests.DecentralizedIDTests"/>
  <testcase name="testToBytes" time="0.000" classname="com.distrimind.util.tests.DecentralizedIDTests"/>
  <testcase name="testNotEquals" time="0.000" classname="com.distrimind.util.tests.DecentralizedIDTests"/>
  <testcase name="testNotEquals" time="0.001" classname="com.distrimind.util.tests.DecentralizedIDTests"/>
  <testcase name="testNotEquals" time="0.001" classname="com.distrimind.util.tests.DecentralizedIDTests"/>
  <testcase name="testToBytes" time="0.000" classname="com.distrimind.util.tests.DecentralizedIDTests"/>
  <testcase name="testNotEquals" time="0.000" classname="com.distrimind.util.tests.DecentralizedIDTests"/>
  <testcase name="testNotEquals" time="0.000" classname="com.distrimind.util.tests.DecentralizedIDTests"/>
  <testcase name="testToBytes" time="0.000" classname="com.distrimind.util.tests.DecentralizedIDTests"/>
  <testcase name="testToBytes" time="0.000" classname="com.distrimind.util.tests.DecentralizedIDTests"/>
  <testcase name="testNotEquals" time="0.013" classname="com.distrimind.util.tests.DecentralizedIDTests"/>
  <testcase name="testToBytes" time="0.063" classname="com.distrimind.util.tests.DecentralizedIDTests"/>
  <testcase name="testNotEquals" time="0.000" classname="com.distrimind.util.tests.DecentralizedIDTests"/>
  <testcase name="testNotEquals" time="0.001" classname="com.distrimind.util.tests.DecentralizedIDTests"/>
  <testcase name="testToBytes" time="0.001" classname="com.distrimind.util.tests.DecentralizedIDTests"/>
  <testcase name="testToBytes" time="0.000" classname="com.distrimind.util.tests.DecentralizedIDTests"/>
  <testcase name="testToBytes" time="0.000" classname="com.distrimind.util.tests.DecentralizedIDTests"/>
  <testcase name="testToBytes" time="0.000" classname="com.distrimind.util.tests.DecentralizedIDTests"/>
  <testcase name="testToBytes" time="0.000" classname="com.distrimind.util.tests.DecentralizedIDTests"/>
  <testcase name="testToBytes" time="0.001" classname="com.distrimind.util.tests.DecentralizedIDTests"/>
  <testcase name="testNotEquals" time="0.000" classname="com.distrimind.util.tests.DecentralizedIDTests"/>
  <testcase name="testToBytes" time="0.000" classname="com.distrimind.util.tests.DecentralizedIDTests"/>
  <testcase name="testToBytes" time="0.001" classname="com.distrimind.util.tests.DecentralizedIDTests"/>
  <testcase name="testToBytes" time="0.000" classname="com.distrimind.util.tests.DecentralizedIDTests"/>
  <testcase name="testToBytes" time="0.000" classname="com.distrimind.util.tests.DecentralizedIDTests"/>
  <testcase name="testNotEquals" time="0.000" classname="com.distrimind.util.tests.DecentralizedIDTests"/>
  <testcase name="testNotEquals" time="0.000" classname="com.distrimind.util.tests.DecentralizedIDTests"/>
  <testcase name="testToBytes" time="0.000" classname="com.distrimind.util.tests.DecentralizedIDTests"/>
  <testcase name="testNotEquals" time="0.001" classname="com.distrimind.util.tests.DecentralizedIDTests"/>
  <testcase name="testNotEquals" time="0.000" classname="com.distrimind.util.tests.DecentralizedIDTests"/>
  <testcase name="testNotEquals" time="0.018" classname="com.distrimind.util.tests.DecentralizedIDTests"/>
  <testcase name="testNotEquals" time="0.000" classname="com.distrimind.util.tests.DecentralizedIDTests"/>
  <testcase name="testToBytes" time="0.000" classname="com.distrimind.util.tests.DecentralizedIDTests"/>
  <testcase name="testToBytes" time="0.000" classname="com.distrimind.util.tests.DecentralizedIDTests"/>
  <testcase name="testToBytes" time="0.000" classname="com.distrimind.util.tests.DecentralizedIDTests"/>
  <testcase name="testToBytes" time="0.000" classname="com.distrimind.util.tests.DecentralizedIDTests"/>
  <testcase name="testToBytes" time="0.000" classname="com.distrimind.util.tests.DecentralizedIDTests"/>
  <testcase name="testToBytes" time="0.000" classname="com.distrimind.util.tests.DecentralizedIDTests"/>
  <testcase name="testNotEquals" time="0.001" classname="com.distrimind.util.tests.DecentralizedIDTests"/>
  <testcase name="testToBytes" time="0.000" classname="com.distrimind.util.tests.DecentralizedIDTests"/>
  <testcase name="testNotEquals" time="0.000" classname="com.distrimind.util.tests.DecentralizedIDTests"/>
  <testcase name="testToBytes" time="0.000" classname="com.distrimind.util.tests.DecentralizedIDTests"/>
  <testcase name="testToBytes" time="0.000" classname="com.distrimind.util.tests.DecentralizedIDTests"/>
  <testcase name="testToBytes" time="0.118" classname="com.distrimind.util.tests.DecentralizedIDTests"/>
  <testcase name="testToBytes" time="0.009" classname="com.distrimind.util.tests.DecentralizedIDTests"/>
  <testcase name="testToBytes" time="0.000" classname="com.distrimind.util.tests.DecentralizedIDTests"/>
  <testcase name="testToBytes" time="0.000" classname="com.distrimind.util.tests.DecentralizedIDTests"/>
  <testcase name="testNotEquals" time="0.000" classname="com.distrimind.util.tests.DecentralizedIDTests"/>
  <testcase name="testNotEquals" time="0.000" classname="com.distrimind.util.tests.DecentralizedIDTests"/>
  <testcase name="testToBytes" time="0.000" classname="com.distrimind.util.tests.DecentralizedIDTests"/>
  <testcase name="testToBytes" time="0.000" classname="com.distrimind.util.tests.DecentralizedIDTests"/>
  <testcase name="testNotEquals" time="0.000" classname="com.distrimind.util.tests.DecentralizedIDTests"/>
  <testcase name="testToBytes" time="0.000" classname="com.distrimind.util.tests.DecentralizedIDTests"/>
  <testcase name="testToBytes" time="0.001" classname="com.distrimind.util.tests.DecentralizedIDTests"/>
  <testcase name="testNotEquals" time="0.000" classname="com.distrimind.util.tests.DecentralizedIDTests"/>
  <testcase name="testNotEquals" time="0.002" classname="com.distrimind.util.tests.DecentralizedIDTests"/>
  <testcase name="testNotEquals" time="0.000" classname="com.distrimind.util.tests.DecentralizedIDTests"/>
  <testcase name="testToBytes" time="0.015" classname="com.distrimind.util.tests.DecentralizedIDTests"/>
  <testcase name="testToBytes" time="0.000" classname="com.distrimind.util.tests.DecentralizedIDTests"/>
  <testcase name="testToBytes" time="0.000" classname="com.distrimind.util.tests.DecentralizedIDTests"/>
  <testcase name="testToBytes" time="0.000" classname="com.distrimind.util.tests.DecentralizedIDTests"/>
  <testcase name="testToBytes" time="0.000" classname="com.distrimind.util.tests.DecentralizedIDTests"/>
  <testcase name="testToBytes" time="0.093" classname="com.distrimind.util.tests.DecentralizedIDTests"/>
  <testcase name="testToBytes" time="0.000" classname="com.distrimind.util.tests.DecentralizedIDTests"/>
  <testcase name="testNotEquals" time="0.000" classname="com.distrimind.util.tests.DecentralizedIDTests"/>
  <testcase name="testNotEquals" time="0.000" classname="com.distrimind.util.tests.DecentralizedIDTests"/>
  <testcase name="testNotEquals" time="0.017" classname="com.distrimind.util.tests.DecentralizedIDTests"/>
  <testcase name="testNotEquals" time="0.000" classname="com.distrimind.util.tests.DecentralizedIDTests"/>
  <testcase name="testNotEquals" time="0.000" classname="com.distrimind.util.tests.DecentralizedIDTests"/>
  <testcase name="testNotEquals" time="0.001" classname="com.distrimind.util.tests.DecentralizedIDTests"/>
  <testcase name="testToBytes" time="0.000" classname="com.distrimind.util.tests.DecentralizedIDTests"/>
  <testcase name="testToBytes" time="0.000" classname="com.distrimind.util.tests.DecentralizedIDTests"/>
  <testcase name="testToBytes" time="0.000" classname="com.distrimind.util.tests.DecentralizedIDTests"/>
  <testcase name="testNotEquals" time="0.001" classname="com.distrimind.util.tests.DecentralizedIDTests"/>
  <testcase name="testNotEquals" time="0.000" classname="com.distrimind.util.tests.DecentralizedIDTests"/>
  <testcase name="testNotEquals" time="0.003" classname="com.distrimind.util.tests.DecentralizedIDTests"/>
  <testcase name="testNotEquals" time="0.000" classname="com.distrimind.util.tests.DecentralizedIDTests"/>
  <testcase name="testToBytes" time="0.000" classname="com.distrimind.util.tests.DecentralizedIDTests"/>
  <testcase name="testNotEquals" time="0.000" classname="com.distrimind.util.tests.DecentralizedIDTests"/>
  <testcase name="testNotEquals" time="0.000" classname="com.distrimind.util.tests.DecentralizedIDTests"/>
  <testcase name="testNotEquals" time="0.002" classname="com.distrimind.util.tests.DecentralizedIDTests"/>
  <testcase name="testToBytes" time="0.000" classname="com.distrimind.util.tests.DecentralizedIDTests"/>
  <testcase name="testToBytes" time="0.000" classname="com.distrimind.util.tests.DecentralizedIDTests"/>
  <testcase name="testToBytes" time="0.000" classname="com.distrimind.util.tests.DecentralizedIDTests"/>
  <testcase name="testToBytes" time="0.000" classname="com.distrimind.util.tests.DecentralizedIDTests"/>
  <testcase name="testToBytes" time="0.000" classname="com.distrimind.util.tests.DecentralizedIDTests"/>
  <testcase name="testToBytes" time="0.000" classname="com.distrimind.util.tests.DecentralizedIDTests"/>
  <testcase name="testNotEquals" time="0.017" classname="com.distrimind.util.tests.DecentralizedIDTests"/>
  <testcase name="testNotEquals" time="0.015" classname="com.distrimind.util.tests.DecentralizedIDTests"/>
  <testcase name="testNotEquals" time="0.001" classname="com.distrimind.util.tests.DecentralizedIDTests"/>
  <testcase name="testNotEquals" time="0.001" classname="com.distrimind.util.tests.DecentralizedIDTests"/>
  <testcase name="testNotEquals" time="0.000" classname="com.distrimind.util.tests.DecentralizedIDTests"/>
  <testcase name="testToBytes" time="0.000" classname="com.distrimind.util.tests.DecentralizedIDTests"/>
  <testcase name="testNotEquals" time="0.000" classname="com.distrimind.util.tests.DecentralizedIDTests"/>
  <testcase name="testNotEquals" time="0.013" classname="com.distrimind.util.tests.DecentralizedIDTests"/>
  <testcase name="testNotEquals" time="0.000" classname="com.distrimind.util.tests.DecentralizedIDTests"/>
  <testcase name="testNotEquals" time="0.013" classname="com.distrimind.util.tests.DecentralizedIDTests"/>
  <testcase name="testToBytes" time="0.000" classname="com.distrimind.util.tests.DecentralizedIDTests"/>
  <testcase name="testNotEquals" time="0.011" classname="com.distrimind.util.tests.DecentralizedIDTests"/>
  <testcase name="testToBytes" time="0.000" classname="com.distrimind.util.tests.DecentralizedIDTests"/>
  <testcase name="testToBytes" time="0.000" classname="com.distrimind.util.tests.DecentralizedIDTests"/>
  <testcase name="testToBytes" time="0.000" classname="com.distrimind.util.tests.DecentralizedIDTests"/>
  <testcase name="testToBytes" time="0.000" classname="com.distrimind.util.tests.DecentralizedIDTests"/>
  <testcase name="testNotEquals" time="0.063" classname="com.distrimind.util.tests.DecentralizedIDTests"/>
  <testcase name="testNotEquals" time="0.000" classname="com.distrimind.util.tests.DecentralizedIDTests"/>
  <testcase name="testNotEquals" time="0.001" classname="com.distrimind.util.tests.DecentralizedIDTests"/>
  <testcase name="testToBytes" time="0.000" classname="com.distrimind.util.tests.DecentralizedIDTests"/>
  <testcase name="testNotEquals" time="0.000" classname="com.distrimind.util.tests.DecentralizedIDTests"/>
  <testcase name="testToBytes" time="0.000" classname="com.distrimind.util.tests.DecentralizedIDTests"/>
  <testcase name="testNotEquals" time="0.014" classname="com.distrimind.util.tests.DecentralizedIDTests"/>
  <testcase name="testNotEquals" time="0.000" classname="com.distrimind.util.tests.DecentralizedIDTests"/>
  <testcase name="testToBytes" time="0.001" classname="com.distrimind.util.tests.DecentralizedIDTests"/>
  <testcase name="testToBytes" time="0.000" classname="com.distrimind.util.tests.DecentralizedIDTests"/>
  <testcase name="testNotEquals" time="0.000" classname="com.distrimind.util.tests.DecentralizedIDTests"/>
  <testcase name="testNotEquals" time="0.000" classname="com.distrimind.util.tests.DecentralizedIDTests"/>
  <testcase name="testToBytes" time="0.000" classname="com.distrimind.util.tests.DecentralizedIDTests"/>
  <testcase name="testToBytes" time="0.000" classname="com.distrimind.util.tests.DecentralizedIDTests"/>
  <testcase name="testNotEquals" time="0.000" classname="com.distrimind.util.tests.DecentralizedIDTests"/>
  <testcase name="testToBytes" time="0.000" classname="com.distrimind.util.tests.DecentralizedIDTests"/>
  <testcase name="testToBytes" time="0.000" classname="com.distrimind.util.tests.DecentralizedIDTests"/>
  <testcase name="testNotEquals" time="0.000" classname="com.distrimind.util.tests.DecentralizedIDTests"/>
  <testcase name="testToBytes" time="0.038" classname="com.distrimind.util.tests.DecentralizedIDTests"/>
  <testcase name="testToBytes" time="0.000" classname="com.distrimind.util.tests.DecentralizedIDTests"/>
  <testcase name="testToBytes" time="0.000" classname="com.distrimind.util.tests.DecentralizedIDTests"/>
  <testcase name="testNotEquals" time="0.000" classname="com.distrimind.util.tests.DecentralizedIDTests"/>
  <testcase name="testNotEquals" time="0.000" classname="com.distrimind.util.tests.DecentralizedIDTests"/>
  <testcase name="testToBytes" time="0.001" classname="com.distrimind.util.tests.DecentralizedIDTests"/>
  <testcase name="testNotEquals" time="0.000" classname="com.distrimind.util.tests.DecentralizedIDTests"/>
  <testcase name="testToBytes" time="0.000" classname="com.distrimind.util.tests.DecentralizedIDTests"/>
  <testcase name="testNotEquals" time="0.000" classname="com.distrimind.util.tests.DecentralizedIDTests"/>
  <testcase name="testToBytes" time="0.000" classname="com.distrimind.util.tests.DecentralizedIDTests"/>
  <testcase name="testToBytes" time="0.000" classname="com.distrimind.util.tests.DecentralizedIDTests"/>
  <testcase name="testNotEquals" time="0.006" classname="com.distrimind.util.tests.DecentralizedIDTests"/>
  <testcase name="testToBytes" time="0.000" classname="com.distrimind.util.tests.DecentralizedIDTests"/>
  <testcase name="testToBytes" time="0.000" classname="com.distrimind.util.tests.DecentralizedIDTests"/>
  <testcase name="testNotEquals" time="0.000" classname="com.distrimind.util.tests.DecentralizedIDTests"/>
  <testcase name="testToBytes" time="0.000" classname="com.distrimind.util.tests.DecentralizedIDTests"/>
  <testcase name="testNotEquals" time="0.000" classname="com.distrimind.util.tests.DecentralizedIDTests"/>
  <testcase name="testToBytes" time="0.000" classname="com.distrimind.util.tests.DecentralizedIDTests"/>
  <testcase name="testNotEquals" time="0.001" classname="com.distrimind.util.tests.DecentralizedIDTests"/>
  <testcase name="testToBytes" time="0.000" classname="com.distrimind.util.tests.DecentralizedIDTests"/>
  <testcase name="testToBytes" time="0.000" classname="com.distrimind.util.tests.DecentralizedIDTests"/>
  <testcase name="testToBytes" time="0.000" classname="com.distrimind.util.tests.DecentralizedIDTests"/>
  <testcase name="testToBytes" time="0.000" classname="com.distrimind.util.tests.DecentralizedIDTests"/>
  <testcase name="testNotEquals" time="0.000" classname="com.distrimind.util.tests.DecentralizedIDTests"/>
  <testcase name="testToBytes" time="0.000" classname="com.distrimind.util.tests.DecentralizedIDTests"/>
  <testcase name="testToBytes" time="0.000" classname="com.distrimind.util.tests.DecentralizedIDTests"/>
  <testcase name="testNotEquals" time="0.000" classname="com.distrimind.util.tests.DecentralizedIDTests"/>
  <testcase name="testToBytes" time="0.000" classname="com.distrimind.util.tests.DecentralizedIDTests"/>
  <testcase name="testToBytes" time="0.000" classname="com.distrimind.util.tests.DecentralizedIDTests"/>
  <testcase name="testToBytes" time="0.000" classname="com.distrimind.util.tests.DecentralizedIDTests"/>
  <testcase name="testNotEquals" time="0.011" classname="com.distrimind.util.tests.DecentralizedIDTests"/>
  <testcase name="testNotEquals" time="0.000" classname="com.distrimind.util.tests.DecentralizedIDTests"/>
  <testcase name="testNotEquals" time="0.000" classname="com.distrimind.util.tests.DecentralizedIDTests"/>
  <testcase name="testToBytes" time="0.000" classname="com.distrimind.util.tests.DecentralizedIDTests"/>
  <testcase name="testToBytes" time="0.000" classname="com.distrimind.util.tests.DecentralizedIDTests"/>
  <testcase name="testNotEquals" time="0.000" classname="com.distrimind.util.tests.DecentralizedIDTests"/>
  <testcase name="testNotEquals" time="0.000" classname="com.distrimind.util.tests.DecentralizedIDTests"/>
  <testcase name="testToBytes" time="0.000" classname="com.distrimind.util.tests.DecentralizedIDTests"/>
  <testcase name="testToBytes" time="0.000" classname="com.distrimind.util.tests.DecentralizedIDTests"/>
  <testcase name="testToBytes" time="0.000" classname="com.distrimind.util.tests.DecentralizedIDTests"/>
  <testcase name="testToBytes" time="0.000" classname="com.distrimind.util.tests.DecentralizedIDTests"/>
  <testcase name="testNotEquals" time="0.023" classname="com.distrimind.util.tests.DecentralizedIDTests"/>
  <testcase name="testToBytes" time="0.000" classname="com.distrimind.util.tests.DecentralizedIDTests"/>
  <testcase name="testToBytes" time="0.000" classname="com.distrimind.util.tests.DecentralizedIDTests"/>
  <testcase name="testToBytes" time="0.000" classname="com.distrimind.util.tests.DecentralizedIDTests"/>
  <testcase name="testNotEquals" time="0.001" classname="com.distrimind.util.tests.DecentralizedIDTests"/>
  <testcase name="testNotEquals" time="0.000" classname="com.distrimind.util.tests.DecentralizedIDTests"/>
  <testcase name="testToBytes" time="0.000" classname="com.distrimind.util.tests.DecentralizedIDTests"/>
  <testcase name="testToBytes" time="0.000" classname="com.distrimind.util.tests.DecentralizedIDTests"/>
  <testcase name="testToBytes" time="0.000" classname="com.distrimind.util.tests.DecentralizedIDTests"/>
  <testcase name="testToBytes" time="0.000" classname="com.distrimind.util.tests.DecentralizedIDTests"/>
  <testcase name="testToBytes" time="0.000" classname="com.distrimind.util.tests.DecentralizedIDTests"/>
  <testcase name="testToBytes" time="0.000" classname="com.distrimind.util.tests.DecentralizedIDTests"/>
  <testcase name="testNotEquals" time="0.003" classname="com.distrimind.util.tests.DecentralizedIDTests"/>
  <testcase name="testToBytes" time="0.000" classname="com.distrimind.util.tests.DecentralizedIDTests"/>
  <testcase name="testToBytes" time="0.000" classname="com.distrimind.util.tests.DecentralizedIDTests"/>
  <testcase name="testNotEquals" time="0.012" classname="com.distrimind.util.tests.DecentralizedIDTests"/>
  <testcase name="testToBytes" time="0.000" classname="com.distrimind.util.tests.DecentralizedIDTests"/>
  <testcase name="testToBytes" time="0.000" classname="com.distrimind.util.tests.DecentralizedIDTests"/>
  <testcase name="testToBytes" time="0.000" classname="com.distrimind.util.tests.DecentralizedIDTests"/>
  <testcase name="testNotEquals" time="0.000" classname="com.distrimind.util.tests.DecentralizedIDTests"/>
  <testcase name="testNotEquals" time="0.000" classname="com.distrimind.util.tests.DecentralizedIDTests"/>
  <testcase name="testToBytes" time="0.000" classname="com.distrimind.util.tests.DecentralizedIDTests"/>
  <testcase name="testToBytes" time="0.000" classname="com.distrimind.util.tests.DecentralizedIDTests"/>
  <testcase name="testNotEquals" time="0.000" classname="com.distrimind.util.tests.DecentralizedIDTests"/>
  <testcase name="testToBytes" time="0.000" classname="com.distrimind.util.tests.DecentralizedIDTests"/>
  <testcase name="testToBytes" time="0.000" classname="com.distrimind.util.tests.DecentralizedIDTests"/>
  <testcase name="testNotEquals" time="0.000" classname="com.distrimind.util.tests.DecentralizedIDTests"/>
  <testcase name="testToBytes" time="0.000" classname="com.distrimind.util.tests.DecentralizedIDTests"/>
  <testcase name="testToBytes" time="0.000" classname="com.distrimind.util.tests.DecentralizedIDTests"/>
  <testcase name="testNotEquals" time="0.007" classname="com.distrimind.util.tests.DecentralizedIDTests"/>
  <testcase name="testNotEquals" time="0.001" classname="com.distrimind.util.tests.DecentralizedIDTests"/>
  <testcase name="testToBytes" time="0.000" classname="com.distrimind.util.tests.DecentralizedIDTests"/>
  <testcase name="testNotEquals" time="0.001" classname="com.distrimind.util.tests.DecentralizedIDTests"/>
  <testcase name="testToBytes" time="0.000" classname="com.distrimind.util.tests.DecentralizedIDTests"/>
  <testcase name="testNotEquals" time="0.000" classname="com.distrimind.util.tests.DecentralizedIDTests"/>
  <testcase name="testToBytes" time="0.000" classname="com.distrimind.util.tests.DecentralizedIDTests"/>
  <testcase name="testToBytes" time="0.000" classname="com.distrimind.util.tests.DecentralizedIDTests"/>
  <testcase name="testNotEquals" time="0.000" classname="com.distrimind.util.tests.DecentralizedIDTests"/>
  <testcase name="testToBytes" time="0.000" classname="com.distrimind.util.tests.DecentralizedIDTests"/>
  <testcase name="testNotEquals" time="0.001" classname="com.distrimind.util.tests.DecentralizedIDTests"/>
  <testcase name="testToBytes" time="0.000" classname="com.distrimind.util.tests.DecentralizedIDTests"/>
  <testcase name="testToBytes" time="0.000" classname="com.distrimind.util.tests.DecentralizedIDTests"/>
  <testcase name="testNotEquals" time="0.004" classname="com.distrimind.util.tests.DecentralizedIDTests"/>
  <testcase name="testToBytes" time="0.000" classname="com.distrimind.util.tests.DecentralizedIDTests"/>
  <testcase name="testToBytes" time="0.000" classname="com.distrimind.util.tests.DecentralizedIDTests"/>
  <testcase name="testToBytes" time="0.001" classname="com.distrimind.util.tests.DecentralizedIDTests"/>
  <testcase name="testToBytes" time="0.000" classname="com.distrimind.util.tests.DecentralizedIDTests"/>
  <testcase name="testToBytes" time="0.000" classname="com.distrimind.util.tests.DecentralizedIDTests"/>
  <testcase name="testToBytes" time="0.000" classname="com.distrimind.util.tests.DecentralizedIDTests"/>
  <testcase name="testNotEquals" time="0.001" classname="com.distrimind.util.tests.DecentralizedIDTests"/>
  <testcase name="testNotEquals" time="0.000" classname="com.distrimind.util.tests.DecentralizedIDTests"/>
  <testcase name="testNotEquals" time="0.000" classname="com.distrimind.util.tests.DecentralizedIDTests"/>
  <testcase name="testToBytes" time="0.000" classname="com.distrimind.util.tests.DecentralizedIDTests"/>
  <testcase name="testToBytes" time="0.000" classname="com.distrimind.util.tests.DecentralizedIDTests"/>
  <testcase name="testToBytes" time="0.000" classname="com.distrimind.util.tests.DecentralizedIDTests"/>
  <testcase name="testNotEquals" time="0.001" classname="com.distrimind.util.tests.DecentralizedIDTests"/>
  <testcase name="testNotEquals" time="0.000" classname="com.distrimind.util.tests.DecentralizedIDTests"/>
  <testcase name="testNotEquals" time="0.000" classname="com.distrimind.util.tests.DecentralizedIDTests"/>
  <testcase name="testToBytes" time="0.000" classname="com.distrimind.util.tests.DecentralizedIDTests"/>
  <testcase name="testNotEquals" time="0.001" classname="com.distrimind.util.tests.DecentralizedIDTests"/>
  <testcase name="testNotEquals" time="0.004" classname="com.distrimind.util.tests.DecentralizedIDTests"/>
  <testcase name="testToBytes" time="0.000" classname="com.distrimind.util.tests.DecentralizedIDTests"/>
  <testcase name="testToBytes" time="0.000" classname="com.distrimind.util.tests.DecentralizedIDTests"/>
  <testcase name="testToBytes" time="0.000" classname="com.distrimind.util.tests.DecentralizedIDTests"/>
  <testcase name="testNotEquals" time="0.000" classname="com.distrimind.util.tests.DecentralizedIDTests"/>
  <testcase name="testNotEquals" time="0.000" classname="com.distrimind.util.tests.DecentralizedIDTests"/>
  <testcase name="testToBytes" time="0.000" classname="com.distrimind.util.tests.DecentralizedIDTests"/>
  <testcase name="testNotEquals" time="0.000" classname="com.distrimind.util.tests.DecentralizedIDTests"/>
  <testcase name="testNotEquals" time="0.000" classname="com.distrimind.util.tests.DecentralizedIDTests"/>
  <testcase name="testNotEquals" time="0.000" classname="com.distrimind.util.tests.DecentralizedIDTests"/>
  <testcase name="testToBytes" time="0.000" classname="com.distrimind.util.tests.DecentralizedIDTests"/>
  <testcase name="testToBytes" time="0.000" classname="com.distrimind.util.tests.DecentralizedIDTests"/>
  <testcase name="testNotEquals" time="0.000" classname="com.distrimind.util.tests.DecentralizedIDTests"/>
  <testcase name="testNotEquals" time="0.001" classname="com.distrimind.util.tests.DecentralizedIDTests"/>
  <testcase name="testNotEquals" time="0.011" classname="com.distrimind.util.tests.DecentralizedIDTests"/>
  <testcase name="testToBytes" time="0.000" classname="com.distrimind.util.tests.DecentralizedIDTests"/>
  <testcase name="testNotEquals" time="0.000" classname="com.distrimind.util.tests.DecentralizedIDTests"/>
  <testcase name="testNotEquals" time="0.010" classname="com.distrimind.util.tests.DecentralizedIDTests"/>
  <testcase name="testNotEquals" time="0.000" classname="com.distrimind.util.tests.DecentralizedIDTests"/>
  <testcase name="testToBytes" time="0.000" classname="com.distrimind.util.tests.DecentralizedIDTests"/>
  <testcase name="testToBytes" time="0.000" classname="com.distrimind.util.tests.DecentralizedIDTests"/>
  <testcase name="testNotEquals" time="0.000" classname="com.distrimind.util.tests.DecentralizedIDTests"/>
  <testcase name="testToBytes" time="0.000" classname="com.distrimind.util.tests.DecentralizedIDTests"/>
  <testcase name="testToBytes" time="0.000" classname="com.distrimind.util.tests.DecentralizedIDTests"/>
  <testcase name="testToBytes" time="0.000" classname="com.distrimind.util.tests.DecentralizedIDTests"/>
  <testcase name="testNotEquals" time="0.000" classname="com.distrimind.util.tests.DecentralizedIDTests"/>
  <testcase name="testToBytes" time="0.000" classname="com.distrimind.util.tests.DecentralizedIDTests"/>
  <testcase name="testNotEquals" time="0.001" classname="com.distrimind.util.tests.DecentralizedIDTests"/>
  <testcase name="testNotEquals" time="0.000" classname="com.distrimind.util.tests.DecentralizedIDTests"/>
  <testcase name="testToBytes" time="0.000" classname="com.distrimind.util.tests.DecentralizedIDTests"/>
  <testcase name="testNotEquals" time="0.004" classname="com.distrimind.util.tests.DecentralizedIDTests"/>
  <testcase name="testToBytes" time="0.000" classname="com.distrimind.util.tests.DecentralizedIDTests"/>
  <testcase name="testNotEquals" time="0.000" classname="com.distrimind.util.tests.DecentralizedIDTests"/>
  <testcase name="testNotEquals" time="0.000" classname="com.distrimind.util.tests.DecentralizedIDTests"/>
  <testcase name="testNotEquals" time="0.000" classname="com.distrimind.util.tests.DecentralizedIDTests"/>
  <testcase name="testNotEquals" time="0.000" classname="com.distrimind.util.tests.DecentralizedIDTests"/>
  <testcase name="testToBytes" time="0.099" classname="com.distrimind.util.tests.DecentralizedIDTests"/>
  <testcase name="testToBytes" time="0.000" classname="com.distrimind.util.tests.DecentralizedIDTests"/>
  <testcase name="testNotEquals" time="0.000" classname="com.distrimind.util.tests.DecentralizedIDTests"/>
  <testcase name="testToBytes" time="0.029" classname="com.distrimind.util.tests.DecentralizedIDTests"/>
  <testcase name="testNotEquals" time="0.005" classname="com.distrimind.util.tests.DecentralizedIDTests"/>
  <testcase name="testToBytes" time="0.000" classname="com.distrimind.util.tests.DecentralizedIDTests"/>
  <testcase name="testToBytes" time="0.000" classname="com.distrimind.util.tests.DecentralizedIDTests"/>
  <testcase name="testToBytes" time="0.000" classname="com.distrimind.util.tests.DecentralizedIDTests"/>
  <testcase name="testNotEquals" time="0.001" classname="com.distrimind.util.tests.DecentralizedIDTests"/>
  <testcase name="testToBytes" time="0.000" classname="com.distrimind.util.tests.DecentralizedIDTests"/>
  <testcase name="testToBytes" time="0.000" classname="com.distrimind.util.tests.DecentralizedIDTests"/>
  <testcase name="testToBytes" time="0.001" classname="com.distrimind.util.tests.DecentralizedIDTests"/>
  <testcase name="testToBytes" time="0.000" classname="com.distrimind.util.tests.DecentralizedIDTests"/>
  <testcase name="testToBytes" time="0.000" classname="com.distrimind.util.tests.DecentralizedIDTests"/>
  <testcase name="testNotEquals" time="0.009" classname="com.distrimind.util.tests.DecentralizedIDTests"/>
  <testcase name="testToBytes" time="0.000" classname="com.distrimind.util.tests.DecentralizedIDTests"/>
  <testcase name="testToBytes" time="0.027" classname="com.distrimind.util.tests.DecentralizedIDTests"/>
  <testcase name="testNotEquals" time="0.002" classname="com.distrimind.util.tests.DecentralizedIDTests"/>
  <testcase name="testNotEquals" time="0.000" classname="com.distrimind.util.tests.DecentralizedIDTests"/>
  <testcase name="testNotEquals" time="0.013" classname="com.distrimind.util.tests.DecentralizedIDTests"/>
  <testcase name="testNotEquals" time="0.001" classname="com.distrimind.util.tests.DecentralizedIDTests"/>
  <testcase name="testNotEquals" time="0.010" classname="com.distrimind.util.tests.DecentralizedIDTests"/>
  <testcase name="testToBytes" time="0.001" classname="com.distrimind.util.tests.DecentralizedIDTests"/>
  <testcase name="testNotEquals" time="0.000" classname="com.distrimind.util.tests.DecentralizedIDTests"/>
  <testcase name="testNotEquals" time="0.000" classname="com.distrimind.util.tests.DecentralizedIDTests"/>
  <testcase name="testToBytes" time="0.000" classname="com.distrimind.util.tests.DecentralizedIDTests"/>
  <testcase name="testNotEquals" time="0.022" classname="com.distrimind.util.tests.DecentralizedIDTests"/>
  <testcase name="testToBytes" time="0.000" classname="com.distrimind.util.tests.DecentralizedIDTests"/>
  <testcase name="testToBytes" time="0.000" classname="com.distrimind.util.tests.DecentralizedIDTests"/>
  <testcase name="testToBytes" time="0.000" classname="com.distrimind.util.tests.DecentralizedIDTests"/>
  <testcase name="testNotEquals" time="0.011" classname="com.distrimind.util.tests.DecentralizedIDTests"/>
  <testcase name="testToBytes" time="0.000" classname="com.distrimind.util.tests.DecentralizedIDTests"/>
  <testcase name="testToBytes" time="0.000" classname="com.distrimind.util.tests.DecentralizedIDTests"/>
  <testcase name="testToBytes" time="0.000" classname="com.distrimind.util.tests.DecentralizedIDTests"/>
  <testcase name="testNotEquals" time="0.000" classname="com.distrimind.util.tests.DecentralizedIDTests"/>
  <testcase name="testToBytes" time="0.000" classname="com.distrimind.util.tests.DecentralizedIDTests"/>
  <testcase name="testToBytes" time="0.000" classname="com.distrimind.util.tests.DecentralizedIDTests"/>
  <testcase name="testNotEquals" time="0.000" classname="com.distrimind.util.tests.DecentralizedIDTests"/>
  <testcase name="testNotEquals" time="0.000" classname="com.distrimind.util.tests.DecentralizedIDTests"/>
  <testcase name="testNotEquals" time="0.005" classname="com.distrimind.util.tests.DecentralizedIDTests"/>
  <testcase name="testToBytes" time="0.001" classname="com.distrimind.util.tests.DecentralizedIDTests"/>
  <testcase name="testNotEquals" time="0.000" classname="com.distrimind.util.tests.DecentralizedIDTests"/>
  <testcase name="testNotEquals" time="0.000" classname="com.distrimind.util.tests.DecentralizedIDTests"/>
  <testcase name="testNotEquals" time="0.000" classname="com.distrimind.util.tests.DecentralizedIDTests"/>
  <testcase name="testNotEquals" time="0.000" classname="com.distrimind.util.tests.DecentralizedIDTests"/>
  <testcase name="testNotEquals" time="0.002" classname="com.distrimind.util.tests.DecentralizedIDTests"/>
  <testcase name="testToBytes" time="0.000" classname="com.distrimind.util.tests.DecentralizedIDTests"/>
  <testcase name="testToBytes" time="0.000" classname="com.distrimind.util.tests.DecentralizedIDTests"/>
  <testcase name="testNotEquals" time="0.000" classname="com.distrimind.util.tests.DecentralizedIDTests"/>
  <testcase name="testNotEquals" time="0.020" classname="com.distrimind.util.tests.DecentralizedIDTests"/>
  <testcase name="testNotEquals" time="0.000" classname="com.distrimind.util.tests.DecentralizedIDTests"/>
  <testcase name="testNotEquals" time="0.000" classname="com.distrimind.util.tests.DecentralizedIDTests"/>
  <testcase name="testNotEquals" time="0.000" classname="com.distrimind.util.tests.DecentralizedIDTests"/>
  <testcase name="testToBytes" time="0.000" classname="com.distrimind.util.tests.DecentralizedIDTests"/>
  <testcase name="testNotEquals" time="0.001" classname="com.distrimind.util.tests.DecentralizedIDTests"/>
  <testcase name="testToBytes" time="0.060" classname="com.distrimind.util.tests.DecentralizedIDTests"/>
  <testcase name="testToBytes" time="0.000" classname="com.distrimind.util.tests.DecentralizedIDTests"/>
  <testcase name="testToBytes" time="0.000" classname="com.distrimind.util.tests.DecentralizedIDTests"/>
  <testcase name="testToBytes" time="0.000" classname="com.distrimind.util.tests.DecentralizedIDTests"/>
  <testcase name="testToBytes" time="0.052" classname="com.distrimind.util.tests.DecentralizedIDTests"/>
  <testcase name="testToBytes" time="0.000" classname="com.distrimind.util.tests.DecentralizedIDTests"/>
  <testcase name="testNotEquals" time="0.000" classname="com.distrimind.util.tests.DecentralizedIDTests"/>
  <testcase name="testNotEquals" time="0.006" classname="com.distrimind.util.tests.DecentralizedIDTests"/>
  <testcase name="testNotEquals" time="0.000" classname="com.distrimind.util.tests.DecentralizedIDTests"/>
  <testcase name="testToBytes" time="0.000" classname="com.distrimind.util.tests.DecentralizedIDTests"/>
  <testcase name="testToBytes" time="0.000" classname="com.distrimind.util.tests.DecentralizedIDTests"/>
  <testcase name="testNotEquals" time="0.000" classname="com.distrimind.util.tests.DecentralizedIDTests"/>
  <testcase name="testNotEquals" time="0.000" classname="com.distrimind.util.tests.DecentralizedIDTests"/>
  <testcase name="testNotEquals" time="0.000" classname="com.distrimind.util.tests.DecentralizedIDTests"/>
  <testcase name="testToBytes" time="0.000" classname="com.distrimind.util.tests.DecentralizedIDTests"/>
  <testcase name="testNotEquals" time="0.000" classname="com.distrimind.util.tests.DecentralizedIDTests"/>
  <testcase name="testNotEquals" time="0.001" classname="com.distrimind.util.tests.DecentralizedIDTests"/>
  <testcase name="testNotEquals" time="0.000" classname="com.distrimind.util.tests.DecentralizedIDTests"/>
  <testcase name="testToBytes" time="0.000" classname="com.distrimind.util.tests.DecentralizedIDTests"/>
  <testcase name="testNotEquals" time="0.000" classname="com.distrimind.util.tests.DecentralizedIDTests"/>
  <testcase name="testToBytes" time="0.000" classname="com.distrimind.util.tests.DecentralizedIDTests"/>
  <testcase name="testNotEquals" time="0.000" classname="com.distrimind.util.tests.DecentralizedIDTests"/>
  <testcase name="testNotEquals" time="0.000" classname="com.distrimind.util.tests.DecentralizedIDTests"/>
  <testcase name="testNotEquals" time="0.001" classname="com.distrimind.util.tests.DecentralizedIDTests"/>
  <testcase name="testToBytes" time="0.000" classname="com.distrimind.util.tests.DecentralizedIDTests"/>
  <testcase name="testNotEquals" time="0.001" classname="com.distrimind.util.tests.DecentralizedIDTests"/>
  <testcase name="testToBytes" time="0.000" classname="com.distrimind.util.tests.DecentralizedIDTests"/>
  <testcase name="testNotEquals" time="0.021" classname="com.distrimind.util.tests.DecentralizedIDTests"/>
  <testcase name="testToBytes" time="0.001" classname="com.distrimind.util.tests.DecentralizedIDTests"/>
  <testcase name="testNotEquals" time="0.006" classname="com.distrimind.util.tests.DecentralizedIDTests"/>
  <testcase name="testToBytes" time="0.000" classname="com.distrimind.util.tests.DecentralizedIDTests"/>
  <testcase name="testNotEquals" time="0.000" classname="com.distrimind.util.tests.DecentralizedIDTests"/>
  <testcase name="testNotEquals" time="0.000" classname="com.distrimind.util.tests.DecentralizedIDTests"/>
  <testcase name="testToBytes" time="0.000" classname="com.distrimind.util.tests.DecentralizedIDTests"/>
  <testcase name="testNotEquals" time="0.000" classname="com.distrimind.util.tests.DecentralizedIDTests"/>
  <testcase name="testNotEquals" time="0.002" classname="com.distrimind.util.tests.DecentralizedIDTests"/>
  <testcase name="testNotEquals" time="0.015" classname="com.distrimind.util.tests.DecentralizedIDTests"/>
  <testcase name="testToBytes" time="0.000" classname="com.distrimind.util.tests.DecentralizedIDTests"/>
  <testcase name="testToBytes" time="0.000" classname="com.distrimind.util.tests.DecentralizedIDTests"/>
  <testcase name="testToBytes" time="0.000" classname="com.distrimind.util.tests.DecentralizedIDTests"/>
  <testcase name="testToBytes" time="0.000" classname="com.distrimind.util.tests.DecentralizedIDTests"/>
  <testcase name="testToBytes" time="0.000" classname="com.distrimind.util.tests.DecentralizedIDTests"/>
  <testcase name="testToBytes" time="0.000" classname="com.distrimind.util.tests.DecentralizedIDTests"/>
  <testcase name="testToBytes" time="0.000" classname="com.distrimind.util.tests.DecentralizedIDTests"/>
  <testcase name="testNotEquals" time="0.000" classname="com.distrimind.util.tests.DecentralizedIDTests"/>
  <testcase name="testNotEquals" time="0.000" classname="com.distrimind.util.tests.DecentralizedIDTests"/>
  <testcase name="testToBytes" time="0.001" classname="com.distrimind.util.tests.DecentralizedIDTests"/>
  <testcase name="testToBytes" time="0.000" classname="com.distrimind.util.tests.DecentralizedIDTests"/>
  <testcase name="testNotEquals" time="0.000" classname="com.distrimind.util.tests.DecentralizedIDTests"/>
  <testcase name="testToBytes" time="0.000" classname="com.distrimind.util.tests.DecentralizedIDTests"/>
  <testcase name="testNotEquals" time="0.001" classname="com.distrimind.util.tests.DecentralizedIDTests"/>
  <testcase name="testNotEquals" time="0.000" classname="com.distrimind.util.tests.DecentralizedIDTests"/>
  <testcase name="testNotEquals" time="0.001" classname="com.distrimind.util.tests.DecentralizedIDTests"/>
  <testcase name="testToBytes" time="0.011" classname="com.distrimind.util.tests.DecentralizedIDTests"/>
  <testcase name="testToBytes" time="0.000" classname="com.distrimind.util.tests.DecentralizedIDTests"/>
  <testcase name="testNotEquals" time="0.000" classname="com.distrimind.util.tests.DecentralizedIDTests"/>
  <testcase name="testToBytes" time="0.000" classname="com.distrimind.util.tests.DecentralizedIDTests"/>
  <testcase name="testToBytes" time="0.000" classname="com.distrimind.util.tests.DecentralizedIDTests"/>
  <testcase name="testNotEquals" time="0.000" classname="com.distrimind.util.tests.DecentralizedIDTests"/>
  <testcase name="testToBytes" time="0.000" classname="com.distrimind.util.tests.DecentralizedIDTests"/>
  <testcase name="testToBytes" time="0.000" classname="com.distrimind.util.tests.DecentralizedIDTests"/>
  <testcase name="testToBytes" time="0.000" classname="com.distrimind.util.tests.DecentralizedIDTests"/>
  <testcase name="testToBytes" time="0.000" classname="com.distrimind.util.tests.DecentralizedIDTests"/>
  <testcase name="testNotEquals" time="0.002" classname="com.distrimind.util.tests.DecentralizedIDTests"/>
  <testcase name="testToBytes" time="0.000" classname="com.distrimind.util.tests.DecentralizedIDTests"/>
  <testcase name="testToBytes" time="0.000" classname="com.distrimind.util.tests.DecentralizedIDTests"/>
  <testcase name="testToBytes" time="0.000" classname="com.distrimind.util.tests.DecentralizedIDTests"/>
  <testcase name="testToBytes" time="0.000" classname="com.distrimind.util.tests.DecentralizedIDTests"/>
  <testcase name="testNotEquals" time="0.000" classname="com.distrimind.util.tests.DecentralizedIDTests"/>
  <testcase name="testToBytes" time="0.000" classname="com.distrimind.util.tests.DecentralizedIDTests"/>
  <testcase name="testToBytes" time="0.000" classname="com.distrimind.util.tests.DecentralizedIDTests"/>
  <testcase name="testNotEquals" time="0.000" classname="com.distrimind.util.tests.DecentralizedIDTests"/>
  <testcase name="testNotEquals" time="0.000" classname="com.distrimind.util.tests.DecentralizedIDTests"/>
  <testcase name="testToBytes" time="0.000" classname="com.distrimind.util.tests.DecentralizedIDTests"/>
  <testcase name="testNotEquals" time="0.000" classname="com.distrimind.util.tests.DecentralizedIDTests"/>
  <testcase name="testToBytes" time="0.000" classname="com.distrimind.util.tests.DecentralizedIDTests"/>
  <testcase name="testToBytes" time="0.000" classname="com.distrimind.util.tests.DecentralizedIDTests"/>
  <testcase name="testNotEquals" time="0.000" classname="com.distrimind.util.tests.DecentralizedIDTests"/>
  <testcase name="testToBytes" time="0.000" classname="com.distrimind.util.tests.DecentralizedIDTests"/>
  <testcase name="testToBytes" time="0.000" classname="com.distrimind.util.tests.DecentralizedIDTests"/>
  <testcase name="testNotEquals" time="0.000" classname="com.distrimind.util.tests.DecentralizedIDTests"/>
  <testcase name="testNotEquals" time="0.000" classname="com.distrimind.util.tests.DecentralizedIDTests"/>
  <testcase name="testToBytes" time="0.000" classname="com.distrimind.util.tests.DecentralizedIDTests"/>
  <testcase name="testNotEquals" time="0.001" classname="com.distrimind.util.tests.DecentralizedIDTests"/>
  <testcase name="testToBytes" time="0.000" classname="com.distrimind.util.tests.DecentralizedIDTests"/>
  <testcase name="testToBytes" time="0.001" classname="com.distrimind.util.tests.DecentralizedIDTests"/>
  <testcase name="testNotEquals" time="0.001" classname="com.distrimind.util.tests.DecentralizedIDTests"/>
  <testcase name="testToBytes" time="0.001" classname="com.distrimind.util.tests.DecentralizedIDTests"/>
  <testcase name="testToBytes" time="0.000" classname="com.distrimind.util.tests.DecentralizedIDTests"/>
  <testcase name="testToBytes" time="0.000" classname="com.distrimind.util.tests.DecentralizedIDTests"/>
  <testcase name="testNotEquals" time="0.000" classname="com.distrimind.util.tests.DecentralizedIDTests"/>
  <testcase name="testNotEquals" time="0.000" classname="com.distrimind.util.tests.DecentralizedIDTests"/>
  <testcase name="testNotEquals" time="0.000" classname="com.distrimind.util.tests.DecentralizedIDTests"/>
  <testcase name="testNotEquals" time="0.000" classname="com.distrimind.util.tests.DecentralizedIDTests"/>
  <testcase name="testToBytes" time="0.000" classname="com.distrimind.util.tests.DecentralizedIDTests"/>
  <testcase name="testNotEquals" time="0.001" classname="com.distrimind.util.tests.DecentralizedIDTests"/>
  <testcase name="testNotEquals" time="0.007" classname="com.distrimind.util.tests.DecentralizedIDTests"/>
  <testcase name="testNotEquals" time="0.000" classname="com.distrimind.util.tests.DecentralizedIDTests"/>
  <testcase name="testToBytes" time="0.000" classname="com.distrimind.util.tests.DecentralizedIDTests"/>
  <testcase name="testToBytes" time="0.000" classname="com.distrimind.util.tests.DecentralizedIDTests"/>
  <testcase name="testToBytes" time="0.000" classname="com.distrimind.util.tests.DecentralizedIDTests"/>
  <testcase name="testToBytes" time="0.000" classname="com.distrimind.util.tests.DecentralizedIDTests"/>
  <testcase name="testNotEquals" time="0.001" classname="com.distrimind.util.tests.DecentralizedIDTests"/>
  <testcase name="testNotEquals" time="0.000" classname="com.distrimind.util.tests.DecentralizedIDTests"/>
  <testcase name="testNotEquals" time="0.000" classname="com.distrimind.util.tests.DecentralizedIDTests"/>
  <testcase name="testNotEquals" time="0.001" classname="com.distrimind.util.tests.DecentralizedIDTests"/>
  <testcase name="testToBytes" time="0.023" classname="com.distrimind.util.tests.DecentralizedIDTests"/>
  <testcase name="testNotEquals" time="0.000" classname="com.distrimind.util.tests.DecentralizedIDTests"/>
  <testcase name="testNotEquals" time="0.000" classname="com.distrimind.util.tests.DecentralizedIDTests"/>
  <testcase name="testToBytes" time="0.000" classname="com.distrimind.util.tests.DecentralizedIDTests"/>
  <testcase name="testToBytes" time="0.000" classname="com.distrimind.util.tests.DecentralizedIDTests"/>
  <testcase name="testToBytes" time="0.000" classname="com.distrimind.util.tests.DecentralizedIDTests"/>
  <testcase name="testToBytes" time="0.000" classname="com.distrimind.util.tests.DecentralizedIDTests"/>
  <testcase name="testToBytes" time="0.000" classname="com.distrimind.util.tests.DecentralizedIDTests"/>
  <testcase name="testNotEquals" time="0.012" classname="com.distrimind.util.tests.DecentralizedIDTests"/>
  <testcase name="testToBytes" time="0.000" classname="com.distrimind.util.tests.DecentralizedIDTests"/>
  <testcase name="testNotEquals" time="0.000" classname="com.distrimind.util.tests.DecentralizedIDTests"/>
  <testcase name="testToBytes" time="0.000" classname="com.distrimind.util.tests.DecentralizedIDTests"/>
  <testcase name="testNotEquals" time="0.000" classname="com.distrimind.util.tests.DecentralizedIDTests"/>
  <testcase name="testToBytes" time="0.000" classname="com.distrimind.util.tests.DecentralizedIDTests"/>
  <testcase name="testNotEquals" time="0.000" classname="com.distrimind.util.tests.DecentralizedIDTests"/>
  <testcase name="testToBytes" time="0.000" classname="com.distrimind.util.tests.DecentralizedIDTests"/>
  <testcase name="testNotEquals" time="0.000" classname="com.distrimind.util.tests.DecentralizedIDTests"/>
  <testcase name="testNotEquals" time="0.001" classname="com.distrimind.util.tests.DecentralizedIDTests"/>
  <testcase name="testNotEquals" time="0.000" classname="com.distrimind.util.tests.DecentralizedIDTests"/>
  <testcase name="testToBytes" time="0.000" classname="com.distrimind.util.tests.DecentralizedIDTests"/>
  <testcase name="testNotEquals" time="0.000" classname="com.distrimind.util.tests.DecentralizedIDTests"/>
  <testcase name="testNotEquals" time="0.001" classname="com.distrimind.util.tests.DecentralizedIDTests"/>
  <testcase name="testNotEquals" time="0.000" classname="com.distrimind.util.tests.DecentralizedIDTests"/>
  <testcase name="testToBytes" time="0.000" classname="com.distrimind.util.tests.DecentralizedIDTests"/>
  <testcase name="testNotEquals" time="0.001" classname="com.distrimind.util.tests.DecentralizedIDTests"/>
  <testcase name="testNotEquals" time="0.000" classname="com.distrimind.util.tests.DecentralizedIDTests"/>
  <testcase name="testNotEquals" time="0.000" classname="com.distrimind.util.tests.DecentralizedIDTests"/>
  <testcase name="testToBytes" time="0.000" classname="com.distrimind.util.tests.DecentralizedIDTests"/>
  <testcase name="testNotEquals" time="0.001" classname="com.distrimind.util.tests.DecentralizedIDTests"/>
  <testcase name="testToBytes" time="0.000" classname="com.distrimind.util.tests.DecentralizedIDTests"/>
  <testcase name="testToBytes" time="0.000" classname="com.distrimind.util.tests.DecentralizedIDTests"/>
  <testcase name="testNotEquals" time="0.000" classname="com.distrimind.util.tests.DecentralizedIDTests"/>
  <testcase name="testToBytes" time="0.000" classname="com.distrimind.util.tests.DecentralizedIDTests"/>
  <testcase name="testNotEquals" time="0.000" classname="com.distrimind.util.tests.DecentralizedIDTests"/>
  <testcase name="testToBytes" time="0.000" classname="com.distrimind.util.tests.DecentralizedIDTests"/>
  <testcase name="testNotEquals" time="0.012" classname="com.distrimind.util.tests.DecentralizedIDTests"/>
  <testcase name="testNotEquals" time="0.000" classname="com.distrimind.util.tests.DecentralizedIDTests"/>
  <testcase name="testNotEquals" time="0.000" classname="com.distrimind.util.tests.DecentralizedIDTests"/>
  <testcase name="testNotEquals" time="0.000" classname="com.distrimind.util.tests.DecentralizedIDTests"/>
  <testcase name="testNotEquals" time="0.000" classname="com.distrimind.util.tests.DecentralizedIDTests"/>
  <testcase name="testNotEquals" time="0.001" classname="com.distrimind.util.tests.DecentralizedIDTests"/>
  <testcase name="testToBytes" time="0.000" classname="com.distrimind.util.tests.DecentralizedIDTests"/>
  <testcase name="testNotEquals" time="0.000" classname="com.distrimind.util.tests.DecentralizedIDTests"/>
  <testcase name="testNotEquals" time="0.000" classname="com.distrimind.util.tests.DecentralizedIDTests"/>
  <testcase name="testNotEquals" time="0.000" classname="com.distrimind.util.tests.DecentralizedIDTests"/>
  <testcase name="testToBytes" time="0.000" classname="com.distrimind.util.tests.DecentralizedIDTests"/>
  <testcase name="testToBytes" time="0.001" classname="com.distrimind.util.tests.DecentralizedIDTests"/>
  <testcase name="testNotEquals" time="0.000" classname="com.distrimind.util.tests.DecentralizedIDTests"/>
  <testcase name="testToBytes" time="0.000" classname="com.distrimind.util.tests.DecentralizedIDTests"/>
  <testcase name="testNotEquals" time="0.004" classname="com.distrimind.util.tests.DecentralizedIDTests"/>
  <testcase name="testToBytes" time="0.000" classname="com.distrimind.util.tests.DecentralizedIDTests"/>
  <testcase name="testToBytes" time="0.000" classname="com.distrimind.util.tests.DecentralizedIDTests"/>
  <testcase name="testNotEquals" time="0.001" classname="com.distrimind.util.tests.DecentralizedIDTests"/>
  <testcase name="testNotEquals" time="0.000" classname="com.distrimind.util.tests.DecentralizedIDTests"/>
  <testcase name="testNotEquals" time="0.000" classname="com.distrimind.util.tests.DecentralizedIDTests"/>
  <testcase name="testNotEquals" time="0.001" classname="com.distrimind.util.tests.DecentralizedIDTests"/>
  <testcase name="testToBytes" time="0.108" classname="com.distrimind.util.tests.DecentralizedIDTests"/>
  <testcase name="testToBytes" time="0.000" classname="com.distrimind.util.tests.DecentralizedIDTests"/>
  <testcase name="testToBytes" time="0.000" classname="com.distrimind.util.tests.DecentralizedIDTests"/>
  <testcase name="testToBytes" time="0.000" classname="com.distrimind.util.tests.DecentralizedIDTests"/>
  <testcase name="testToBytes" time="0.000" classname="com.distrimind.util.tests.DecentralizedIDTests"/>
  <testcase name="testNotEquals" time="0.000" classname="com.distrimind.util.tests.DecentralizedIDTests"/>
  <testcase name="testToBytes" time="0.000" classname="com.distrimind.util.tests.DecentralizedIDTests"/>
  <testcase name="testNotEquals" time="0.001" classname="com.distrimind.util.tests.DecentralizedIDTests"/>
  <testcase name="testToBytes" time="0.000" classname="com.distrimind.util.tests.DecentralizedIDTests"/>
  <testcase name="testToBytes" time="0.000" classname="com.distrimind.util.tests.DecentralizedIDTests"/>
  <testcase name="testToBytes" time="0.000" classname="com.distrimind.util.tests.DecentralizedIDTests"/>
  <testcase name="testNotEquals" time="0.000" classname="com.distrimind.util.tests.DecentralizedIDTests"/>
  <testcase name="testNotEquals" time="0.000" classname="com.distrimind.util.tests.DecentralizedIDTests"/>
  <testcase name="testNotEquals" time="0.000" classname="com.distrimind.util.tests.DecentralizedIDTests"/>
  <testcase name="testNotEquals" time="0.000" classname="com.distrimind.util.tests.DecentralizedIDTests"/>
  <testcase name="testToBytes" time="0.001" classname="com.distrimind.util.tests.DecentralizedIDTests"/>
  <testcase name="testNotEquals" time="0.000" classname="com.distrimind.util.tests.DecentralizedIDTests"/>
  <testcase name="testToBytes" time="0.127" classname="com.distrimind.util.tests.DecentralizedIDTests"/>
  <testcase name="testToBytes" time="0.000" classname="com.distrimind.util.tests.DecentralizedIDTests"/>
  <testcase name="testNotEquals" time="0.000" classname="com.distrimind.util.tests.DecentralizedIDTests"/>
  <testcase name="testToBytes" time="0.000" classname="com.distrimind.util.tests.DecentralizedIDTests"/>
  <testcase name="testNotEquals" time="0.000" classname="com.distrimind.util.tests.DecentralizedIDTests"/>
  <testcase name="testNotEquals" time="0.000" classname="com.distrimind.util.tests.DecentralizedIDTests"/>
  <testcase name="testToBytes" time="0.000" classname="com.distrimind.util.tests.DecentralizedIDTests"/>
  <testcase name="testNotEquals" time="0.000" classname="com.distrimind.util.tests.DecentralizedIDTests"/>
  <testcase name="testToBytes" time="0.009" classname="com.distrimind.util.tests.DecentralizedIDTests"/>
  <testcase name="testNotEquals" time="0.000" classname="com.distrimind.util.tests.DecentralizedIDTests"/>
  <testcase name="testToBytes" time="0.000" classname="com.distrimind.util.tests.DecentralizedIDTests"/>
  <testcase name="testNotEquals" time="0.000" classname="com.distrimind.util.tests.DecentralizedIDTests"/>
  <testcase name="testNotEquals" time="0.000" classname="com.distrimind.util.tests.DecentralizedIDTests"/>
  <testcase name="testNotEquals" time="0.000" classname="com.distrimind.util.tests.DecentralizedIDTests"/>
  <testcase name="testNotEquals" time="0.001" classname="com.distrimind.util.tests.DecentralizedIDTests"/>
  <testcase name="testNotEquals" time="0.000" classname="com.distrimind.util.tests.DecentralizedIDTests"/>
  <testcase name="testNotEquals" time="0.000" classname="com.distrimind.util.tests.DecentralizedIDTests"/>
  <testcase name="testToBytes" time="0.000" classname="com.distrimind.util.tests.DecentralizedIDTests"/>
  <testcase name="testToBytes" time="0.000" classname="com.distrimind.util.tests.DecentralizedIDTests"/>
  <testcase name="testNotEquals" time="0.000" classname="com.distrimind.util.tests.DecentralizedIDTests"/>
  <testcase name="testToBytes" time="0.000" classname="com.distrimind.util.tests.DecentralizedIDTests"/>
  <testcase name="testToBytes" time="0.000" classname="com.distrimind.util.tests.DecentralizedIDTests"/>
  <testcase name="testToBytes" time="0.000" classname="com.distrimind.util.tests.DecentralizedIDTests"/>
  <testcase name="testToBytes" time="0.001" classname="com.distrimind.util.tests.DecentralizedIDTests"/>
  <testcase name="testToBytes" time="0.000" classname="com.distrimind.util.tests.DecentralizedIDTests"/>
  <testcase name="testToBytes" time="0.000" classname="com.distrimind.util.tests.DecentralizedIDTests"/>
  <testcase name="testNotEquals" time="0.000" classname="com.distrimind.util.tests.DecentralizedIDTests"/>
  <testcase name="testToBytes" time="0.000" classname="com.distrimind.util.tests.DecentralizedIDTests"/>
  <testcase name="testToBytes" time="0.000" classname="com.distrimind.util.tests.DecentralizedIDTests"/>
  <testcase name="testToBytes" time="0.000" classname="com.distrimind.util.tests.DecentralizedIDTests"/>
  <testcase name="testToBytes" time="0.000" classname="com.distrimind.util.tests.DecentralizedIDTests"/>
  <testcase name="testToBytes" time="0.000" classname="com.distrimind.util.tests.DecentralizedIDTests"/>
  <testcase name="testToBytes" time="0.000" classname="com.distrimind.util.tests.DecentralizedIDTests"/>
  <testcase name="testNotEquals" time="0.003" classname="com.distrimind.util.tests.DecentralizedIDTests"/>
  <testcase name="testToBytes" time="0.000" classname="com.distrimind.util.tests.DecentralizedIDTests"/>
  <testcase name="testNotEquals" time="0.000" classname="com.distrimind.util.tests.DecentralizedIDTests"/>
  <testcase name="testNotEquals" time="0.000" classname="com.distrimind.util.tests.DecentralizedIDTests"/>
  <testcase name="testNotEquals" time="0.000" classname="com.distrimind.util.tests.DecentralizedIDTests"/>
  <testcase name="testToBytes" time="0.000" classname="com.distrimind.util.tests.DecentralizedIDTests"/>
  <testcase name="testToBytes" time="0.000" classname="com.distrimind.util.tests.DecentralizedIDTests"/>
  <testcase name="testToBytes" time="0.000" classname="com.distrimind.util.tests.DecentralizedIDTests"/>
  <testcase name="testToBytes" time="0.000" classname="com.distrimind.util.tests.DecentralizedIDTests"/>
  <testcase name="testToBytes" time="0.000" classname="com.distrimind.util.tests.DecentralizedIDTests"/>
  <testcase name="testToBytes" time="0.000" classname="com.distrimind.util.tests.DecentralizedIDTests"/>
  <testcase name="testToBytes" time="0.000" classname="com.distrimind.util.tests.DecentralizedIDTests"/>
  <testcase name="testNotEquals" time="0.000" classname="com.distrimind.util.tests.DecentralizedIDTests"/>
  <testcase name="testNotEquals" time="0.000" classname="com.distrimind.util.tests.DecentralizedIDTests"/>
  <testcase name="testNotEquals" time="0.000" classname="com.distrimind.util.tests.DecentralizedIDTests"/>
  <testcase name="testToBytes" time="0.000" classname="com.distrimind.util.tests.DecentralizedIDTests"/>
  <testcase name="testToBytes" time="0.000" classname="com.distrimind.util.tests.DecentralizedIDTests"/>
  <testcase name="testNotEquals" time="0.000" classname="com.distrimind.util.tests.DecentralizedIDTests"/>
  <testcase name="testToBytes" time="0.000" classname="com.distrimind.util.tests.DecentralizedIDTests"/>
  <testcase name="testNotEquals" time="0.001" classname="com.distrimind.util.tests.DecentralizedIDTests"/>
  <testcase name="testNotEquals" time="0.000" classname="com.distrimind.util.tests.DecentralizedIDTests"/>
  <testcase name="testToBytes" time="0.000" classname="com.distrimind.util.tests.DecentralizedIDTests"/>
  <testcase name="testToBytes" time="0.000" classname="com.distrimind.util.tests.DecentralizedIDTests"/>
  <testcase name="testToBytes" time="0.000" classname="com.distrimind.util.tests.DecentralizedIDTests"/>
  <testcase name="testToBytes" time="0.000" classname="com.distrimind.util.tests.DecentralizedIDTests"/>
  <testcase name="testToBytes" time="0.000" classname="com.distrimind.util.tests.DecentralizedIDTests"/>
  <testcase name="testToBytes" time="0.039" classname="com.distrimind.util.tests.DecentralizedIDTests"/>
  <testcase name="testToBytes" time="0.000" classname="com.distrimind.util.tests.DecentralizedIDTests"/>
  <testcase name="testNotEquals" time="0.001" classname="com.distrimind.util.tests.DecentralizedIDTests"/>
  <testcase name="testNotEquals" time="0.007" classname="com.distrimind.util.tests.DecentralizedIDTests"/>
  <testcase name="testNotEquals" time="0.000" classname="com.distrimind.util.tests.DecentralizedIDTests"/>
  <testcase name="testToBytes" time="0.000" classname="com.distrimind.util.tests.DecentralizedIDTests"/>
  <testcase name="testNotEquals" time="0.004" classname="com.distrimind.util.tests.DecentralizedIDTests"/>
  <testcase name="testToBytes" time="0.000" classname="com.distrimind.util.tests.DecentralizedIDTests"/>
  <testcase name="testNotEquals" time="0.000" classname="com.distrimind.util.tests.DecentralizedIDTests"/>
  <testcase name="testNotEquals" time="0.000" classname="com.distrimind.util.tests.DecentralizedIDTests"/>
  <testcase name="testNotEquals" time="0.009" classname="com.distrimind.util.tests.DecentralizedIDTests"/>
  <testcase name="testToBytes" time="0.000" classname="com.distrimind.util.tests.DecentralizedIDTests"/>
  <testcase name="testNotEquals" time="0.000" classname="com.distrimind.util.tests.DecentralizedIDTests"/>
  <testcase name="testNotEquals" time="0.000" classname="com.distrimind.util.tests.DecentralizedIDTests"/>
  <testcase name="testToBytes" time="0.000" classname="com.distrimind.util.tests.DecentralizedIDTests"/>
  <testcase name="testToBytes" time="0.000" classname="com.distrimind.util.tests.DecentralizedIDTests"/>
  <testcase name="testNotEquals" time="0.000" classname="com.distrimind.util.tests.DecentralizedIDTests"/>
  <testcase name="testNotEquals" time="0.000" classname="com.distrimind.util.tests.DecentralizedIDTests"/>
  <testcase name="testNotEquals" time="0.000" classname="com.distrimind.util.tests.DecentralizedIDTests"/>
  <testcase name="testNotEquals" time="0.000" classname="com.distrimind.util.tests.DecentralizedIDTests"/>
  <testcase name="testNotEquals" time="0.000" classname="com.distrimind.util.tests.DecentralizedIDTests"/>
  <testcase name="testToBytes" time="0.000" classname="com.distrimind.util.tests.DecentralizedIDTests"/>
  <testcase name="testNotEquals" time="0.020" classname="com.distrimind.util.tests.DecentralizedIDTests"/>
  <testcase name="testNotEquals" time="0.000" classname="com.distrimind.util.tests.DecentralizedIDTests"/>
  <testcase name="testNotEquals" time="0.000" classname="com.distrimind.util.tests.DecentralizedIDTests"/>
  <testcase name="testNotEquals" time="0.001" classname="com.distrimind.util.tests.DecentralizedIDTests"/>
  <testcase name="testNotEquals" time="0.000" classname="com.distrimind.util.tests.DecentralizedIDTests"/>
  <testcase name="testNotEquals" time="0.020" classname="com.distrimind.util.tests.DecentralizedIDTests"/>
  <testcase name="testToBytes" time="0.001" classname="com.distrimind.util.tests.DecentralizedIDTests"/>
  <testcase name="testNotEquals" time="0.012" classname="com.distrimind.util.tests.DecentralizedIDTests"/>
  <testcase name="testToBytes" time="0.000" classname="com.distrimind.util.tests.DecentralizedIDTests"/>
  <testcase name="testNotEquals" time="0.000" classname="com.distrimind.util.tests.DecentralizedIDTests"/>
  <testcase name="testToBytes" time="0.000" classname="com.distrimind.util.tests.DecentralizedIDTests"/>
  <testcase name="testNotEquals" time="0.000" classname="com.distrimind.util.tests.DecentralizedIDTests"/>
  <testcase name="testNotEquals" time="0.000" classname="com.distrimind.util.tests.DecentralizedIDTests"/>
  <testcase name="testNotEquals" time="0.000" classname="com.distrimind.util.tests.DecentralizedIDTests"/>
  <testcase name="testNotEquals" time="0.000" classname="com.distrimind.util.tests.DecentralizedIDTests"/>
  <testcase name="testNotEquals" time="0.000" classname="com.distrimind.util.tests.DecentralizedIDTests"/>
  <testcase name="testToBytes" time="0.000" classname="com.distrimind.util.tests.DecentralizedIDTests"/>
  <testcase name="testNotEquals" time="0.000" classname="com.distrimind.util.tests.DecentralizedIDTests"/>
  <testcase name="testToBytes" time="0.001" classname="com.distrimind.util.tests.DecentralizedIDTests"/>
  <testcase name="testToBytes" time="0.000" classname="com.distrimind.util.tests.DecentralizedIDTests"/>
  <testcase name="testToBytes" time="0.000" classname="com.distrimind.util.tests.DecentralizedIDTests"/>
  <testcase name="testNotEquals" time="0.000" classname="com.distrimind.util.tests.DecentralizedIDTests"/>
  <testcase name="testNotEquals" time="0.001" classname="com.distrimind.util.tests.DecentralizedIDTests"/>
  <testcase name="testToBytes" time="0.045" classname="com.distrimind.util.tests.DecentralizedIDTests"/>
  <testcase name="testToBytes" time="0.001" classname="com.distrimind.util.tests.DecentralizedIDTests"/>
  <testcase name="testToBytes" time="0.000" classname="com.distrimind.util.tests.DecentralizedIDTests"/>
  <testcase name="testToBytes" time="0.000" classname="com.distrimind.util.tests.DecentralizedIDTests"/>
  <testcase name="testToBytes" time="0.000" classname="com.distrimind.util.tests.DecentralizedIDTests"/>
  <testcase name="testToBytes" time="0.000" classname="com.distrimind.util.tests.DecentralizedIDTests"/>
  <testcase name="testToBytes" time="0.000" classname="com.distrimind.util.tests.DecentralizedIDTests"/>
  <testcase name="testNotEquals" time="0.036" classname="com.distrimind.util.tests.DecentralizedIDTests"/>
  <testcase name="testToBytes" time="0.000" classname="com.distrimind.util.tests.DecentralizedIDTests"/>
  <testcase name="testNotEquals" time="0.000" classname="com.distrimind.util.tests.DecentralizedIDTests"/>
  <testcase name="testNotEquals" time="0.000" classname="com.distrimind.util.tests.DecentralizedIDTests"/>
  <testcase name="testNotEquals" time="0.001" classname="com.distrimind.util.tests.DecentralizedIDTests"/>
  <testcase name="testToBytes" time="0.000" classname="com.distrimind.util.tests.DecentralizedIDTests"/>
  <testcase name="testToBytes" time="0.000" classname="com.distrimind.util.tests.DecentralizedIDTests"/>
  <testcase name="testNotEquals" time="0.000" classname="com.distrimind.util.tests.DecentralizedIDTests"/>
  <testcase name="testToBytes" time="0.000" classname="com.distrimind.util.tests.DecentralizedIDTests"/>
  <testcase name="testToBytes" time="0.000" classname="com.distrimind.util.tests.DecentralizedIDTests"/>
  <testcase name="testNotEquals" time="0.000" classname="com.distrimind.util.tests.DecentralizedIDTests"/>
  <testcase name="testNotEquals" time="0.000" classname="com.distrimind.util.tests.DecentralizedIDTests"/>
  <testcase name="testNotEquals" time="0.000" classname="com.distrimind.util.tests.DecentralizedIDTests"/>
  <testcase name="testToBytes" time="0.000" classname="com.distrimind.util.tests.DecentralizedIDTests"/>
  <testcase name="testToBytes" time="0.000" classname="com.distrimind.util.tests.DecentralizedIDTests"/>
  <testcase name="testNotEquals" time="0.000" classname="com.distrimind.util.tests.DecentralizedIDTests"/>
  <testcase name="testToBytes" time="0.000" classname="com.distrimind.util.tests.DecentralizedIDTests"/>
  <testcase name="testNotEquals" time="0.000" classname="com.distrimind.util.tests.DecentralizedIDTests"/>
  <testcase name="testNotEquals" time="0.000" classname="com.distrimind.util.tests.DecentralizedIDTests"/>
  <testcase name="testNotEquals" time="0.000" classname="com.distrimind.util.tests.DecentralizedIDTests"/>
  <testcase name="testToBytes" time="0.000" classname="com.distrimind.util.tests.DecentralizedIDTests"/>
  <testcase name="testToBytes" time="0.000" classname="com.distrimind.util.tests.DecentralizedIDTests"/>
  <testcase name="testNotEquals" time="0.000" classname="com.distrimind.util.tests.DecentralizedIDTests"/>
  <testcase name="testToBytes" time="0.000" classname="com.distrimind.util.tests.DecentralizedIDTests"/>
  <testcase name="testNotEquals" time="0.000" classname="com.distrimind.util.tests.DecentralizedIDTests"/>
  <testcase name="testToBytes" time="0.000" classname="com.distrimind.util.tests.DecentralizedIDTests"/>
  <testcase name="testNotEquals" time="0.020" classname="com.distrimind.util.tests.DecentralizedIDTests"/>
  <testcase name="testNotEquals" time="0.000" classname="com.distrimind.util.tests.DecentralizedIDTests"/>
  <testcase name="testNotEquals" time="0.000" classname="com.distrimind.util.tests.DecentralizedIDTests"/>
  <testcase name="testNotEquals" time="0.001" classname="com.distrimind.util.tests.DecentralizedIDTests"/>
  <testcase name="testToBytes" time="0.001" classname="com.distrimind.util.tests.DecentralizedIDTests"/>
  <testcase name="testToBytes" time="0.000" classname="com.distrimind.util.tests.DecentralizedIDTests"/>
  <testcase name="testNotEquals" time="0.000" classname="com.distrimind.util.tests.DecentralizedIDTests"/>
  <testcase name="testNotEquals" time="0.000" classname="com.distrimind.util.tests.DecentralizedIDTests"/>
  <testcase name="testToBytes" time="0.001" classname="com.distrimind.util.tests.DecentralizedIDTests"/>
  <testcase name="testNotEquals" time="0.000" classname="com.distrimind.util.tests.DecentralizedIDTests"/>
  <testcase name="testToBytes" time="0.000" classname="com.distrimind.util.tests.DecentralizedIDTests"/>
  <testcase name="testToBytes" time="0.000" classname="com.distrimind.util.tests.DecentralizedIDTests"/>
  <testcase name="testNotEquals" time="0.016" classname="com.distrimind.util.tests.DecentralizedIDTests"/>
  <testcase name="testNotEquals" time="0.000" classname="com.distrimind.util.tests.DecentralizedIDTests"/>
  <testcase name="testNotEquals" time="0.018" classname="com.distrimind.util.tests.DecentralizedIDTests"/>
  <testcase name="testNotEquals" time="0.013" classname="com.distrimind.util.tests.DecentralizedIDTests"/>
  <testcase name="testToBytes" time="0.000" classname="com.distrimind.util.tests.DecentralizedIDTests"/>
  <testcase name="testToBytes" time="0.000" classname="com.distrimind.util.tests.DecentralizedIDTests"/>
  <testcase name="testNotEquals" time="0.000" classname="com.distrimind.util.tests.DecentralizedIDTests"/>
  <testcase name="testNotEquals" time="0.000" classname="com.distrimind.util.tests.DecentralizedIDTests"/>
  <testcase name="testNotEquals" time="0.000" classname="com.distrimind.util.tests.DecentralizedIDTests"/>
  <testcase name="testNotEquals" time="0.000" classname="com.distrimind.util.tests.DecentralizedIDTests"/>
  <testcase name="testToBytes" time="0.000" classname="com.distrimind.util.tests.DecentralizedIDTests"/>
  <testcase name="testToBytes" time="0.000" classname="com.distrimind.util.tests.DecentralizedIDTests"/>
  <testcase name="testNotEquals" time="0.000" classname="com.distrimind.util.tests.DecentralizedIDTests"/>
  <testcase name="testNotEquals" time="0.001" classname="com.distrimind.util.tests.DecentralizedIDTests"/>
  <testcase name="testNotEquals" time="0.000" classname="com.distrimind.util.tests.DecentralizedIDTests"/>
  <testcase name="testToBytes" time="0.001" classname="com.distrimind.util.tests.DecentralizedIDTests"/>
  <testcase name="testToBytes" time="0.000" classname="com.distrimind.util.tests.DecentralizedIDTests"/>
  <testcase name="testToBytes" time="0.001" classname="com.distrimind.util.tests.DecentralizedIDTests"/>
  <testcase name="testToBytes" time="0.000" classname="com.distrimind.util.tests.DecentralizedIDTests"/>
  <testcase name="testToBytes" time="0.000" classname="com.distrimind.util.tests.DecentralizedIDTests"/>
  <testcase name="testNotEquals" time="0.022" classname="com.distrimind.util.tests.DecentralizedIDTests"/>
  <testcase name="testToBytes" time="0.000" classname="com.distrimind.util.tests.DecentralizedIDTests"/>
  <testcase name="testToBytes" time="0.000" classname="com.distrimind.util.tests.DecentralizedIDTests"/>
  <testcase name="testNotEquals" time="0.000" classname="com.distrimind.util.tests.DecentralizedIDTests"/>
  <testcase name="testNotEquals" time="0.000" classname="com.distrimind.util.tests.DecentralizedIDTests"/>
  <testcase name="testNotEquals" time="0.000" classname="com.distrimind.util.tests.DecentralizedIDTests"/>
  <testcase name="testNotEquals" time="0.000" classname="com.distrimind.util.tests.DecentralizedIDTests"/>
  <testcase name="testNotEquals" time="0.000" classname="com.distrimind.util.tests.DecentralizedIDTests"/>
  <testcase name="testToBytes" time="0.000" classname="com.distrimind.util.tests.DecentralizedIDTests"/>
  <testcase name="testToBytes" time="0.000" classname="com.distrimind.util.tests.DecentralizedIDTests"/>
  <testcase name="testToBytes" time="0.000" classname="com.distrimind.util.tests.DecentralizedIDTests"/>
  <testcase name="testNotEquals" time="0.000" classname="com.distrimind.util.tests.DecentralizedIDTests"/>
  <testcase name="testToBytes" time="0.000" classname="com.distrimind.util.tests.DecentralizedIDTests"/>
  <testcase name="testNotEquals" time="0.000" classname="com.distrimind.util.tests.DecentralizedIDTests"/>
  <testcase name="testNotEquals" time="0.025" classname="com.distrimind.util.tests.DecentralizedIDTests"/>
  <testcase name="testNotEquals" time="0.000" classname="com.distrimind.util.tests.DecentralizedIDTests"/>
  <testcase name="testNotEquals" time="0.000" classname="com.distrimind.util.tests.DecentralizedIDTests"/>
  <testcase name="testToBytes" time="0.000" classname="com.distrimind.util.tests.DecentralizedIDTests"/>
  <testcase name="testToBytes" time="0.000" classname="com.distrimind.util.tests.DecentralizedIDTests"/>
  <testcase name="testToBytes" time="0.000" classname="com.distrimind.util.tests.DecentralizedIDTests"/>
  <testcase name="testToBytes" time="0.000" classname="com.distrimind.util.tests.DecentralizedIDTests"/>
  <testcase name="testNotEquals" time="0.000" classname="com.distrimind.util.tests.DecentralizedIDTests"/>
  <testcase name="testToBytes" time="0.000" classname="com.distrimind.util.tests.DecentralizedIDTests"/>
  <testcase name="testToBytes" time="0.000" classname="com.distrimind.util.tests.DecentralizedIDTests"/>
  <testcase name="testToBytes" time="0.000" classname="com.distrimind.util.tests.DecentralizedIDTests"/>
  <testcase name="testNotEquals" time="0.000" classname="com.distrimind.util.tests.DecentralizedIDTests"/>
  <testcase name="testToBytes" time="0.000" classname="com.distrimind.util.tests.DecentralizedIDTests"/>
  <testcase name="testNotEquals" time="0.000" classname="com.distrimind.util.tests.DecentralizedIDTests"/>
  <testcase name="testNotEquals" time="0.002" classname="com.distrimind.util.tests.DecentralizedIDTests"/>
  <testcase name="testToBytes" time="0.000" classname="com.distrimind.util.tests.DecentralizedIDTests"/>
  <testcase name="testToBytes" time="0.000" classname="com.distrimind.util.tests.DecentralizedIDTests"/>
  <testcase name="testNotEquals" time="0.000" classname="com.distrimind.util.tests.DecentralizedIDTests"/>
  <testcase name="testNotEquals" time="0.000" classname="com.distrimind.util.tests.DecentralizedIDTests"/>
  <testcase name="testToBytes" time="0.000" classname="com.distrimind.util.tests.DecentralizedIDTests"/>
  <testcase name="testToBytes" time="0.000" classname="com.distrimind.util.tests.DecentralizedIDTests"/>
  <testcase name="testNotEquals" time="0.001" classname="com.distrimind.util.tests.DecentralizedIDTests"/>
  <testcase name="testToBytes" time="0.000" classname="com.distrimind.util.tests.DecentralizedIDTests"/>
  <testcase name="testNotEquals" time="0.000" classname="com.distrimind.util.tests.DecentralizedIDTests"/>
  <testcase name="testToBytes" time="0.000" classname="com.distrimind.util.tests.DecentralizedIDTests"/>
  <testcase name="testToBytes" time="0.000" classname="com.distrimind.util.tests.DecentralizedIDTests"/>
  <testcase name="testNotEquals" time="0.000" classname="com.distrimind.util.tests.DecentralizedIDTests"/>
  <testcase name="testNotEquals" time="0.010" classname="com.distrimind.util.tests.DecentralizedIDTests"/>
  <testcase name="testToBytes" time="0.000" classname="com.distrimind.util.tests.DecentralizedIDTests"/>
  <testcase name="testToBytes" time="0.001" classname="com.distrimind.util.tests.DecentralizedIDTests"/>
  <testcase name="testToBytes" time="0.000" classname="com.distrimind.util.tests.DecentralizedIDTests"/>
  <testcase name="testNotEquals" time="0.000" classname="com.distrimind.util.tests.DecentralizedIDTests"/>
  <testcase name="testNotEquals" time="0.000" classname="com.distrimind.util.tests.DecentralizedIDTests"/>
  <testcase name="testToBytes" time="0.000" classname="com.distrimind.util.tests.DecentralizedIDTests"/>
  <testcase name="testToBytes" time="0.000" classname="com.distrimind.util.tests.DecentralizedIDTests"/>
  <testcase name="testNotEquals" time="0.001" classname="com.distrimind.util.tests.DecentralizedIDTests"/>
  <testcase name="testNotEquals" time="0.000" classname="com.distrimind.util.tests.DecentralizedIDTests"/>
  <testcase name="testToBytes" time="0.000" classname="com.distrimind.util.tests.DecentralizedIDTests"/>
  <testcase name="testNotEquals" time="0.000" classname="com.distrimind.util.tests.DecentralizedIDTests"/>
  <testcase name="testNotEquals" time="0.000" classname="com.distrimind.util.tests.DecentralizedIDTests"/>
  <testcase name="testToBytes" time="0.000" classname="com.distrimind.util.tests.DecentralizedIDTests"/>
  <testcase name="testToBytes" time="0.000" classname="com.distrimind.util.tests.DecentralizedIDTests"/>
  <testcase name="testToBytes" time="0.001" classname="com.distrimind.util.tests.DecentralizedIDTests"/>
  <testcase name="testNotEquals" time="0.000" classname="com.distrimind.util.tests.DecentralizedIDTests"/>
  <testcase name="testNotEquals" time="0.000" classname="com.distrimind.util.tests.DecentralizedIDTests"/>
  <testcase name="testToBytes" time="0.000" classname="com.distrimind.util.tests.DecentralizedIDTests"/>
  <testcase name="testNotEquals" time="0.000" classname="com.distrimind.util.tests.DecentralizedIDTests"/>
  <testcase name="testNotEquals" time="0.000" classname="com.distrimind.util.tests.DecentralizedIDTests"/>
  <testcase name="testNotEquals" time="0.001" classname="com.distrimind.util.tests.DecentralizedIDTests"/>
  <testcase name="testToBytes" time="0.000" classname="com.distrimind.util.tests.DecentralizedIDTests"/>
  <testcase name="testToBytes" time="0.000" classname="com.distrimind.util.tests.DecentralizedIDTests"/>
  <testcase name="testToBytes" time="0.000" classname="com.distrimind.util.tests.DecentralizedIDTests"/>
  <testcase name="testNotEquals" time="0.000" classname="com.distrimind.util.tests.DecentralizedIDTests"/>
  <testcase name="testNotEquals" time="0.000" classname="com.distrimind.util.tests.DecentralizedIDTests"/>
  <testcase name="testNotEquals" time="0.000" classname="com.distrimind.util.tests.DecentralizedIDTests"/>
  <testcase name="testNotEquals" time="0.000" classname="com.distrimind.util.tests.DecentralizedIDTests"/>
  <testcase name="testToBytes" time="0.000" classname="com.distrimind.util.tests.DecentralizedIDTests"/>
  <testcase name="testNotEquals" time="0.000" classname="com.distrimind.util.tests.DecentralizedIDTests"/>
  <testcase name="testToBytes" time="0.000" classname="com.distrimind.util.tests.DecentralizedIDTests"/>
  <testcase name="testToBytes" time="0.000" classname="com.distrimind.util.tests.DecentralizedIDTests"/>
  <testcase name="testNotEquals" time="0.000" classname="com.distrimind.util.tests.DecentralizedIDTests"/>
  <testcase name="testToBytes" time="0.000" classname="com.distrimind.util.tests.DecentralizedIDTests"/>
  <testcase name="testToBytes" time="0.000" classname="com.distrimind.util.tests.DecentralizedIDTests"/>
  <testcase name="testNotEquals" time="0.000" classname="com.distrimind.util.tests.DecentralizedIDTests"/>
  <testcase name="testNotEquals" time="0.000" classname="com.distrimind.util.tests.DecentralizedIDTests"/>
  <testcase name="testNotEquals" time="0.000" classname="com.distrimind.util.tests.DecentralizedIDTests"/>
  <testcase name="testNotEquals" time="0.001" classname="com.distrimind.util.tests.DecentralizedIDTests"/>
  <testcase name="testToBytes" time="0.000" classname="com.distrimind.util.tests.DecentralizedIDTests"/>
  <testcase name="testNotEquals" time="0.000" classname="com.distrimind.util.tests.DecentralizedIDTests"/>
  <testcase name="testToBytes" time="0.000" classname="com.distrimind.util.tests.DecentralizedIDTests"/>
  <testcase name="testNotEquals" time="0.008" classname="com.distrimind.util.tests.DecentralizedIDTests"/>
  <testcase name="testNotEquals" time="0.007" classname="com.distrimind.util.tests.DecentralizedIDTests"/>
  <testcase name="testToBytes" time="0.000" classname="com.distrimind.util.tests.DecentralizedIDTests"/>
  <testcase name="testToBytes" time="0.000" classname="com.distrimind.util.tests.DecentralizedIDTests"/>
  <testcase name="testToBytes" time="0.000" classname="com.distrimind.util.tests.DecentralizedIDTests"/>
  <testcase name="testToBytes" time="0.000" classname="com.distrimind.util.tests.DecentralizedIDTests"/>
  <testcase name="testNotEquals" time="0.000" classname="com.distrimind.util.tests.DecentralizedIDTests"/>
  <testcase name="testToBytes" time="0.000" classname="com.distrimind.util.tests.DecentralizedIDTests"/>
  <testcase name="testNotEquals" time="0.000" classname="com.distrimind.util.tests.DecentralizedIDTests"/>
  <testcase name="testToBytes" time="0.000" classname="com.distrimind.util.tests.DecentralizedIDTests"/>
  <testcase name="testNotEquals" time="0.004" classname="com.distrimind.util.tests.DecentralizedIDTests"/>
  <testcase name="testToBytes" time="0.000" classname="com.distrimind.util.tests.DecentralizedIDTests"/>
  <testcase name="testToBytes" time="0.000" classname="com.distrimind.util.tests.DecentralizedIDTests"/>
  <testcase name="testToBytes" time="0.000" classname="com.distrimind.util.tests.DecentralizedIDTests"/>
  <testcase name="testNotEquals" time="0.001" classname="com.distrimind.util.tests.DecentralizedIDTests"/>
  <testcase name="testToBytes" time="0.000" classname="com.distrimind.util.tests.DecentralizedIDTests"/>
  <testcase name="testToBytes" time="0.000" classname="com.distrimind.util.tests.DecentralizedIDTests"/>
  <testcase name="testNotEquals" time="0.000" classname="com.distrimind.util.tests.DecentralizedIDTests"/>
  <testcase name="testNotEquals" time="0.000" classname="com.distrimind.util.tests.DecentralizedIDTests"/>
  <testcase name="testNotEquals" time="0.000" classname="com.distrimind.util.tests.DecentralizedIDTests"/>
  <testcase name="testToBytes" time="0.000" classname="com.distrimind.util.tests.DecentralizedIDTests"/>
  <testcase name="testNotEquals" time="0.000" classname="com.distrimind.util.tests.DecentralizedIDTests"/>
  <testcase name="testNotEquals" time="0.000" classname="com.distrimind.util.tests.DecentralizedIDTests"/>
  <testcase name="testToBytes" time="0.000" classname="com.distrimind.util.tests.DecentralizedIDTests"/>
  <testcase name="testNotEquals" time="0.001" classname="com.distrimind.util.tests.DecentralizedIDTests"/>
  <testcase name="testNotEquals" time="0.007" classname="com.distrimind.util.tests.DecentralizedIDTests"/>
  <testcase name="testNotEquals" time="0.000" classname="com.distrimind.util.tests.DecentralizedIDTests"/>
  <testcase name="testNotEquals" time="0.000" classname="com.distrimind.util.tests.DecentralizedIDTests"/>
  <testcase name="testToBytes" time="0.000" classname="com.distrimind.util.tests.DecentralizedIDTests"/>
  <testcase name="testToBytes" time="0.000" classname="com.distrimind.util.tests.DecentralizedIDTests"/>
  <testcase name="testToBytes" time="0.000" classname="com.distrimind.util.tests.DecentralizedIDTests"/>
  <testcase name="testNotEquals" time="0.000" classname="com.distrimind.util.tests.DecentralizedIDTests"/>
  <testcase name="testToBytes" time="0.000" classname="com.distrimind.util.tests.DecentralizedIDTests"/>
  <testcase name="testToBytes" time="0.000" classname="com.distrimind.util.tests.DecentralizedIDTests"/>
  <testcase name="testToBytes" time="0.001" classname="com.distrimind.util.tests.DecentralizedIDTests"/>
  <testcase name="testNotEquals" time="0.000" classname="com.distrimind.util.tests.DecentralizedIDTests"/>
  <testcase name="testToBytes" time="0.000" classname="com.distrimind.util.tests.DecentralizedIDTests"/>
  <testcase name="testToBytes" time="0.000" classname="com.distrimind.util.tests.DecentralizedIDTests"/>
  <testcase name="testNotEquals" time="0.000" classname="com.distrimind.util.tests.DecentralizedIDTests"/>
  <testcase name="testNotEquals" time="0.000" classname="com.distrimind.util.tests.DecentralizedIDTests"/>
  <testcase name="testNotEquals" time="0.000" classname="com.distrimind.util.tests.DecentralizedIDTests"/>
  <testcase name="testToBytes" time="0.000" classname="com.distrimind.util.tests.DecentralizedIDTests"/>
  <testcase name="testToBytes" time="0.000" classname="com.distrimind.util.tests.DecentralizedIDTests"/>
  <testcase name="testNotEquals" time="0.017" classname="com.distrimind.util.tests.DecentralizedIDTests"/>
  <testcase name="testToBytes" time="0.000" classname="com.distrimind.util.tests.DecentralizedIDTests"/>
  <testcase name="testToBytes" time="0.000" classname="com.distrimind.util.tests.DecentralizedIDTests"/>
  <testcase name="testNotEquals" time="0.000" classname="com.distrimind.util.tests.DecentralizedIDTests"/>
  <testcase name="testToBytes" time="0.000" classname="com.distrimind.util.tests.DecentralizedIDTests"/>
  <testcase name="testNotEquals" time="0.000" classname="com.distrimind.util.tests.DecentralizedIDTests"/>
  <testcase name="testToBytes" time="0.000" classname="com.distrimind.util.tests.DecentralizedIDTests"/>
  <testcase name="testNotEquals" time="0.000" classname="com.distrimind.util.tests.DecentralizedIDTests"/>
  <testcase name="testToBytes" time="0.000" classname="com.distrimind.util.tests.DecentralizedIDTests"/>
  <testcase name="testNotEquals" time="0.000" classname="com.distrimind.util.tests.DecentralizedIDTests"/>
  <testcase name="testToBytes" time="0.000" classname="com.distrimind.util.tests.DecentralizedIDTests"/>
  <testcase name="testToBytes" time="0.000" classname="com.distrimind.util.tests.DecentralizedIDTests"/>
  <testcase name="testToBytes" time="0.000" classname="com.distrimind.util.tests.DecentralizedIDTests"/>
  <testcase name="testToBytes" time="0.000" classname="com.distrimind.util.tests.DecentralizedIDTests"/>
  <testcase name="testToBytes" time="0.014" classname="com.distrimind.util.tests.DecentralizedIDTests"/>
  <testcase name="testNotEquals" time="0.000" classname="com.distrimind.util.tests.DecentralizedIDTests"/>
  <testcase name="testNotEquals" time="0.000" classname="com.distrimind.util.tests.DecentralizedIDTests"/>
  <testcase name="testNotEquals" time="0.003" classname="com.distrimind.util.tests.DecentralizedIDTests"/>
  <testcase name="testNotEquals" time="0.000" classname="com.distrimind.util.tests.DecentralizedIDTests"/>
  <testcase name="testToBytes" time="0.000" classname="com.distrimind.util.tests.DecentralizedIDTests"/>
  <testcase name="testNotEquals" time="0.000" classname="com.distrimind.util.tests.DecentralizedIDTests"/>
  <testcase name="testNotEquals" time="0.000" classname="com.distrimind.util.tests.DecentralizedIDTests"/>
  <testcase name="testToBytes" time="0.021" classname="com.distrimind.util.tests.DecentralizedIDTests"/>
  <testcase name="testToBytes" time="0.000" classname="com.distrimind.util.tests.DecentralizedIDTests"/>
  <testcase name="testNotEquals" time="0.000" classname="com.distrimind.util.tests.DecentralizedIDTests"/>
  <testcase name="testNotEquals" time="0.000" classname="com.distrimind.util.tests.DecentralizedIDTests"/>
  <testcase name="testNotEquals" time="0.000" classname="com.distrimind.util.tests.DecentralizedIDTests"/>
  <testcase name="testNotEquals" time="0.009" classname="com.distrimind.util.tests.DecentralizedIDTests"/>
  <testcase name="testNotEquals" time="0.007" classname="com.distrimind.util.tests.DecentralizedIDTests"/>
  <testcase name="testNotEquals" time="0.000" classname="com.distrimind.util.tests.DecentralizedIDTests"/>
  <testcase name="testToBytes" time="0.000" classname="com.distrimind.util.tests.DecentralizedIDTests"/>
  <testcase name="testToBytes" time="0.000" classname="com.distrimind.util.tests.DecentralizedIDTests"/>
  <testcase name="testNotEquals" time="0.000" classname="com.distrimind.util.tests.DecentralizedIDTests"/>
  <testcase name="testToBytes" time="0.000" classname="com.distrimind.util.tests.DecentralizedIDTests"/>
  <testcase name="testNotEquals" time="0.000" classname="com.distrimind.util.tests.DecentralizedIDTests"/>
  <testcase name="testNotEquals" time="0.013" classname="com.distrimind.util.tests.DecentralizedIDTests"/>
  <testcase name="testToBytes" time="0.000" classname="com.distrimind.util.tests.DecentralizedIDTests"/>
  <testcase name="testToBytes" time="0.000" classname="com.distrimind.util.tests.DecentralizedIDTests"/>
  <testcase name="testToBytes" time="0.012" classname="com.distrimind.util.tests.DecentralizedIDTests"/>
  <testcase name="testNotEquals" time="0.000" classname="com.distrimind.util.tests.DecentralizedIDTests"/>
  <testcase name="testToBytes" time="0.000" classname="com.distrimind.util.tests.DecentralizedIDTests"/>
  <testcase name="testNotEquals" time="0.000" classname="com.distrimind.util.tests.DecentralizedIDTests"/>
  <testcase name="testNotEquals" time="0.000" classname="com.distrimind.util.tests.DecentralizedIDTests"/>
  <testcase name="testNotEquals" time="0.000" classname="com.distrimind.util.tests.DecentralizedIDTests"/>
  <testcase name="testNotEquals" time="0.000" classname="com.distrimind.util.tests.DecentralizedIDTests"/>
  <testcase name="testNotEquals" time="0.000" classname="com.distrimind.util.tests.DecentralizedIDTests"/>
  <testcase name="testToBytes" time="0.000" classname="com.distrimind.util.tests.DecentralizedIDTests"/>
  <testcase name="testNotEquals" time="0.007" classname="com.distrimind.util.tests.DecentralizedIDTests"/>
  <testcase name="testNotEquals" time="0.002" classname="com.distrimind.util.tests.DecentralizedIDTests"/>
  <testcase name="testNotEquals" time="0.001" classname="com.distrimind.util.tests.DecentralizedIDTests"/>
  <testcase name="testToBytes" time="0.000" classname="com.distrimind.util.tests.DecentralizedIDTests"/>
  <testcase name="testNotEquals" time="0.000" classname="com.distrimind.util.tests.DecentralizedIDTests"/>
  <testcase name="testNotEquals" time="0.000" classname="com.distrimind.util.tests.DecentralizedIDTests"/>
  <testcase name="testNotEquals" time="0.013" classname="com.distrimind.util.tests.DecentralizedIDTests"/>
  <testcase name="testToBytes" time="0.000" classname="com.distrimind.util.tests.DecentralizedIDTests"/>
  <testcase name="testToBytes" time="0.000" classname="com.distrimind.util.tests.DecentralizedIDTests"/>
  <testcase name="testToBytes" time="0.002" classname="com.distrimind.util.tests.DecentralizedIDTests"/>
  <testcase name="testToBytes" time="0.000" classname="com.distrimind.util.tests.DecentralizedIDTests"/>
  <testcase name="testNotEquals" time="0.001" classname="com.distrimind.util.tests.DecentralizedIDTests"/>
  <testcase name="testNotEquals" time="0.001" classname="com.distrimind.util.tests.DecentralizedIDTests"/>
  <testcase name="testNotEquals" time="0.000" classname="com.distrimind.util.tests.DecentralizedIDTests"/>
  <testcase name="testNotEquals" time="0.000" classname="com.distrimind.util.tests.DecentralizedIDTests"/>
  <testcase name="testToBytes" time="0.064" classname="com.distrimind.util.tests.DecentralizedIDTests"/>
  <testcase name="testToBytes" time="0.000" classname="com.distrimind.util.tests.DecentralizedIDTests"/>
  <testcase name="testNotEquals" time="0.016" classname="com.distrimind.util.tests.DecentralizedIDTests"/>
  <testcase name="testToBytes" time="0.000" classname="com.distrimind.util.tests.DecentralizedIDTests"/>
  <testcase name="testNotEquals" time="0.000" classname="com.distrimind.util.tests.DecentralizedIDTests"/>
  <testcase name="testNotEquals" time="0.000" classname="com.distrimind.util.tests.DecentralizedIDTests"/>
  <testcase name="testNotEquals" time="0.000" classname="com.distrimind.util.tests.DecentralizedIDTests"/>
  <testcase name="testNotEquals" time="0.001" classname="com.distrimind.util.tests.DecentralizedIDTests"/>
  <testcase name="testNotEquals" time="0.000" classname="com.distrimind.util.tests.DecentralizedIDTests"/>
  <testcase name="testNotEquals" time="0.008" classname="com.distrimind.util.tests.DecentralizedIDTests"/>
  <testcase name="testToBytes" time="0.000" classname="com.distrimind.util.tests.DecentralizedIDTests"/>
  <testcase name="testToBytes" time="0.000" classname="com.distrimind.util.tests.DecentralizedIDTests"/>
  <testcase name="testToBytes" time="0.000" classname="com.distrimind.util.tests.DecentralizedIDTests"/>
  <testcase name="testToBytes" time="0.000" classname="com.distrimind.util.tests.DecentralizedIDTests"/>
  <testcase name="testNotEquals" time="0.000" classname="com.distrimind.util.tests.DecentralizedIDTests"/>
  <testcase name="testToBytes" time="0.000" classname="com.distrimind.util.tests.DecentralizedIDTests"/>
  <testcase name="testToBytes" time="0.000" classname="com.distrimind.util.tests.DecentralizedIDTests"/>
  <testcase name="testNotEquals" time="0.001" classname="com.distrimind.util.tests.DecentralizedIDTests"/>
  <testcase name="testNotEquals" time="0.011" classname="com.distrimind.util.tests.DecentralizedIDTests"/>
  <testcase name="testToBytes" time="0.000" classname="com.distrimind.util.tests.DecentralizedIDTests"/>
  <testcase name="testNotEquals" time="0.001" classname="com.distrimind.util.tests.DecentralizedIDTests"/>
  <testcase name="testToBytes" time="0.000" classname="com.distrimind.util.tests.DecentralizedIDTests"/>
  <testcase name="testNotEquals" time="0.007" classname="com.distrimind.util.tests.DecentralizedIDTests"/>
  <testcase name="testToBytes" time="0.001" classname="com.distrimind.util.tests.DecentralizedIDTests"/>
  <testcase name="testToBytes" time="0.000" classname="com.distrimind.util.tests.DecentralizedIDTests"/>
  <testcase name="testToBytes" time="0.000" classname="com.distrimind.util.tests.DecentralizedIDTests"/>
  <testcase name="testToBytes" time="0.000" classname="com.distrimind.util.tests.DecentralizedIDTests"/>
  <testcase name="testNotEquals" time="0.000" classname="com.distrimind.util.tests.DecentralizedIDTests"/>
  <testcase name="testToBytes" time="0.000" classname="com.distrimind.util.tests.DecentralizedIDTests"/>
  <testcase name="testNotEquals" time="0.000" classname="com.distrimind.util.tests.DecentralizedIDTests"/>
  <testcase name="testNotEquals" time="0.000" classname="com.distrimind.util.tests.DecentralizedIDTests"/>
  <testcase name="testNotEquals" time="0.067" classname="com.distrimind.util.tests.DecentralizedIDTests"/>
  <testcase name="testToBytes" time="0.000" classname="com.distrimind.util.tests.DecentralizedIDTests"/>
  <testcase name="testNotEquals" time="0.000" classname="com.distrimind.util.tests.DecentralizedIDTests"/>
  <testcase name="testToBytes" time="0.000" classname="com.distrimind.util.tests.DecentralizedIDTests"/>
  <testcase name="testNotEquals" time="0.000" classname="com.distrimind.util.tests.DecentralizedIDTests"/>
  <testcase name="testNotEquals" time="0.000" classname="com.distrimind.util.tests.DecentralizedIDTests"/>
  <testcase name="testToBytes" time="0.000" classname="com.distrimind.util.tests.DecentralizedIDTests"/>
  <testcase name="testNotEquals" time="0.012" classname="com.distrimind.util.tests.DecentralizedIDTests"/>
  <testcase name="testNotEquals" time="0.000" classname="com.distrimind.util.tests.DecentralizedIDTests"/>
  <testcase name="testToBytes" time="0.000" classname="com.distrimind.util.tests.DecentralizedIDTests"/>
  <testcase name="testToBytes" time="0.003" classname="com.distrimind.util.tests.DecentralizedIDTests"/>
  <testcase name="testToBytes" time="0.000" classname="com.distrimind.util.tests.DecentralizedIDTests"/>
  <testcase name="testToBytes" time="0.000" classname="com.distrimind.util.tests.DecentralizedIDTests"/>
  <testcase name="testNotEquals" time="0.000" classname="com.distrimind.util.tests.DecentralizedIDTests"/>
  <testcase name="testNotEquals" time="0.000" classname="com.distrimind.util.tests.DecentralizedIDTests"/>
  <testcase name="testNotEquals" time="0.000" classname="com.distrimind.util.tests.DecentralizedIDTests"/>
  <testcase name="testNotEquals" time="0.000" classname="com.distrimind.util.tests.DecentralizedIDTests"/>
  <testcase name="testNotEquals" time="0.000" classname="com.distrimind.util.tests.DecentralizedIDTests"/>
  <testcase name="testNotEquals" time="0.000" classname="com.distrimind.util.tests.DecentralizedIDTests"/>
  <testcase name="testToBytes" time="0.000" classname="com.distrimind.util.tests.DecentralizedIDTests"/>
  <testcase name="testNotEquals" time="0.009" classname="com.distrimind.util.tests.DecentralizedIDTests"/>
  <testcase name="testNotEquals" time="0.001" classname="com.distrimind.util.tests.DecentralizedIDTests"/>
  <testcase name="testToBytes" time="0.001" classname="com.distrimind.util.tests.DecentralizedIDTests"/>
  <testcase name="testNotEquals" time="0.000" classname="com.distrimind.util.tests.DecentralizedIDTests"/>
  <testcase name="testToBytes" time="0.000" classname="com.distrimind.util.tests.DecentralizedIDTests"/>
  <testcase name="testToBytes" time="0.000" classname="com.distrimind.util.tests.DecentralizedIDTests"/>
  <testcase name="testNotEquals" time="0.005" classname="com.distrimind.util.tests.DecentralizedIDTests"/>
  <testcase name="testToBytes" time="0.000" classname="com.distrimind.util.tests.DecentralizedIDTests"/>
  <testcase name="testNotEquals" time="0.000" classname="com.distrimind.util.tests.DecentralizedIDTests"/>
  <testcase name="testToBytes" time="0.000" classname="com.distrimind.util.tests.DecentralizedIDTests"/>
  <testcase name="testNotEquals" time="0.002" classname="com.distrimind.util.tests.DecentralizedIDTests"/>
  <testcase name="testNotEquals" time="0.001" classname="com.distrimind.util.tests.DecentralizedIDTests"/>
  <testcase name="testNotEquals" time="0.000" classname="com.distrimind.util.tests.DecentralizedIDTests"/>
  <testcase name="testToBytes" time="0.000" classname="com.distrimind.util.tests.DecentralizedIDTests"/>
  <testcase name="testToBytes" time="0.000" classname="com.distrimind.util.tests.DecentralizedIDTests"/>
  <testcase name="testToBytes" time="0.000" classname="com.distrimind.util.tests.DecentralizedIDTests"/>
  <testcase name="testToBytes" time="0.000" classname="com.distrimind.util.tests.DecentralizedIDTests"/>
  <testcase name="testNotEquals" time="0.000" classname="com.distrimind.util.tests.DecentralizedIDTests"/>
  <testcase name="testToBytes" time="0.000" classname="com.distrimind.util.tests.DecentralizedIDTests"/>
  <testcase name="testToBytes" time="0.001" classname="com.distrimind.util.tests.DecentralizedIDTests"/>
  <testcase name="testNotEquals" time="0.000" classname="com.distrimind.util.tests.DecentralizedIDTests"/>
  <testcase name="testNotEquals" time="0.000" classname="com.distrimind.util.tests.DecentralizedIDTests"/>
  <testcase name="testNotEquals" time="0.013" classname="com.distrimind.util.tests.DecentralizedIDTests"/>
  <testcase name="testNotEquals" time="0.000" classname="com.distrimind.util.tests.DecentralizedIDTests"/>
  <testcase name="testToBytes" time="0.000" classname="com.distrimind.util.tests.DecentralizedIDTests"/>
  <testcase name="testNotEquals" time="0.000" classname="com.distrimind.util.tests.DecentralizedIDTests"/>
  <testcase name="testNotEquals" time="0.000" classname="com.distrimind.util.tests.DecentralizedIDTests"/>
  <testcase name="testToBytes" time="0.000" classname="com.distrimind.util.tests.DecentralizedIDTests"/>
  <testcase name="testToBytes" time="0.000" classname="com.distrimind.util.tests.DecentralizedIDTests"/>
  <testcase name="testToBytes" time="0.000" classname="com.distrimind.util.tests.DecentralizedIDTests"/>
  <testcase name="testNotEquals" time="0.013" classname="com.distrimind.util.tests.DecentralizedIDTests"/>
  <testcase name="testNotEquals" time="0.000" classname="com.distrimind.util.tests.DecentralizedIDTests"/>
  <testcase name="testToBytes" time="0.000" classname="com.distrimind.util.tests.DecentralizedIDTests"/>
  <testcase name="testNotEquals" time="0.000" classname="com.distrimind.util.tests.DecentralizedIDTests"/>
  <testcase name="testNotEquals" time="0.000" classname="com.distrimind.util.tests.DecentralizedIDTests"/>
  <testcase name="testNotEquals" time="0.000" classname="com.distrimind.util.tests.DecentralizedIDTests"/>
  <testcase name="testNotEquals" time="0.017" classname="com.distrimind.util.tests.DecentralizedIDTests"/>
  <testcase name="testNotEquals" time="0.000" classname="com.distrimind.util.tests.DecentralizedIDTests"/>
  <testcase name="testNotEquals" time="0.000" classname="com.distrimind.util.tests.DecentralizedIDTests"/>
  <testcase name="testToBytes" time="0.000" classname="com.distrimind.util.tests.DecentralizedIDTests"/>
  <testcase name="testNotEquals" time="0.009" classname="com.distrimind.util.tests.DecentralizedIDTests"/>
  <testcase name="testToBytes" time="0.000" classname="com.distrimind.util.tests.DecentralizedIDTests"/>
  <testcase name="testNotEquals" time="0.001" classname="com.distrimind.util.tests.DecentralizedIDTests"/>
  <testcase name="testNotEquals" time="0.000" classname="com.distrimind.util.tests.DecentralizedIDTests"/>
  <testcase name="testNotEquals" time="0.001" classname="com.distrimind.util.tests.DecentralizedIDTests"/>
  <testcase name="testToBytes" time="0.000" classname="com.distrimind.util.tests.DecentralizedIDTests"/>
  <testcase name="testNotEquals" time="0.000" classname="com.distrimind.util.tests.DecentralizedIDTests"/>
  <testcase name="testNotEquals" time="0.001" classname="com.distrimind.util.tests.DecentralizedIDTests"/>
  <testcase name="testNotEquals" time="0.000" classname="com.distrimind.util.tests.DecentralizedIDTests"/>
  <testcase name="testToBytes" time="0.000" classname="com.distrimind.util.tests.DecentralizedIDTests"/>
  <testcase name="testToBytes" time="0.000" classname="com.distrimind.util.tests.DecentralizedIDTests"/>
  <testcase name="testNotEquals" time="0.015" classname="com.distrimind.util.tests.DecentralizedIDTests"/>
  <testcase name="testNotEquals" time="0.000" classname="com.distrimind.util.tests.DecentralizedIDTests"/>
  <testcase name="testToBytes" time="0.000" classname="com.distrimind.util.tests.DecentralizedIDTests"/>
  <testcase name="testNotEquals" time="0.000" classname="com.distrimind.util.tests.DecentralizedIDTests"/>
  <testcase name="testToBytes" time="0.000" classname="com.distrimind.util.tests.DecentralizedIDTests"/>
  <testcase name="testToBytes" time="0.000" classname="com.distrimind.util.tests.DecentralizedIDTests"/>
  <testcase name="testNotEquals" time="0.000" classname="com.distrimind.util.tests.DecentralizedIDTests"/>
  <testcase name="testNotEquals" time="0.000" classname="com.distrimind.util.tests.DecentralizedIDTests"/>
  <testcase name="testNotEquals" time="0.000" classname="com.distrimind.util.tests.DecentralizedIDTests"/>
  <testcase name="testToBytes" time="0.000" classname="com.distrimind.util.tests.DecentralizedIDTests"/>
  <testcase name="testToBytes" time="0.000" classname="com.distrimind.util.tests.DecentralizedIDTests"/>
  <testcase name="testNotEquals" time="0.000" classname="com.distrimind.util.tests.DecentralizedIDTests"/>
  <testcase name="testNotEquals" time="0.000" classname="com.distrimind.util.tests.DecentralizedIDTests"/>
  <testcase name="testToBytes" time="0.000" classname="com.distrimind.util.tests.DecentralizedIDTests"/>
  <testcase name="testToBytes" time="0.000" classname="com.distrimind.util.tests.DecentralizedIDTests"/>
  <testcase name="testNotEquals" time="0.001" classname="com.distrimind.util.tests.DecentralizedIDTests"/>
  <testcase name="testNotEquals" time="0.014" classname="com.distrimind.util.tests.DecentralizedIDTests"/>
  <testcase name="testToBytes" time="0.000" classname="com.distrimind.util.tests.DecentralizedIDTests"/>
  <testcase name="testToBytes" time="0.000" classname="com.distrimind.util.tests.DecentralizedIDTests"/>
  <testcase name="testNotEquals" time="0.004" classname="com.distrimind.util.tests.DecentralizedIDTests"/>
  <testcase name="testNotEquals" time="0.000" classname="com.distrimind.util.tests.DecentralizedIDTests"/>
  <testcase name="testToBytes" time="0.000" classname="com.distrimind.util.tests.DecentralizedIDTests"/>
  <testcase name="testToBytes" time="0.000" classname="com.distrimind.util.tests.DecentralizedIDTests"/>
  <testcase name="testToBytes" time="0.000" classname="com.distrimind.util.tests.DecentralizedIDTests"/>
  <testcase name="testNotEquals" time="0.000" classname="com.distrimind.util.tests.DecentralizedIDTests"/>
  <testcase name="testToBytes" time="0.000" classname="com.distrimind.util.tests.DecentralizedIDTests"/>
  <testcase name="testNotEquals" time="0.000" classname="com.distrimind.util.tests.DecentralizedIDTests"/>
  <testcase name="testNotEquals" time="0.000" classname="com.distrimind.util.tests.DecentralizedIDTests"/>
  <testcase name="testToBytes" time="0.000" classname="com.distrimind.util.tests.DecentralizedIDTests"/>
  <testcase name="testToBytes" time="0.000" classname="com.distrimind.util.tests.DecentralizedIDTests"/>
  <testcase name="testToBytes" time="0.000" classname="com.distrimind.util.tests.DecentralizedIDTests"/>
  <testcase name="testToBytes" time="0.000" classname="com.distrimind.util.tests.DecentralizedIDTests"/>
  <testcase name="testNotEquals" time="0.000" classname="com.distrimind.util.tests.DecentralizedIDTests"/>
  <testcase name="testToBytes" time="0.000" classname="com.distrimind.util.tests.DecentralizedIDTests"/>
  <testcase name="testNotEquals" time="0.000" classname="com.distrimind.util.tests.DecentralizedIDTests"/>
  <testcase name="testToBytes" time="0.000" classname="com.distrimind.util.tests.DecentralizedIDTests"/>
  <testcase name="testNotEquals" time="0.000" classname="com.distrimind.util.tests.DecentralizedIDTests"/>
  <testcase name="testNotEquals" time="0.000" classname="com.distrimind.util.tests.DecentralizedIDTests"/>
  <testcase name="testNotEquals" time="0.011" classname="com.distrimind.util.tests.DecentralizedIDTests"/>
  <testcase name="testNotEquals" time="0.000" classname="com.distrimind.util.tests.DecentralizedIDTests"/>
  <testcase name="testNotEquals" time="0.000" classname="com.distrimind.util.tests.DecentralizedIDTests"/>
  <testcase name="testNotEquals" time="0.000" classname="com.distrimind.util.tests.DecentralizedIDTests"/>
  <testcase name="testToBytes" time="0.000" classname="com.distrimind.util.tests.DecentralizedIDTests"/>
  <testcase name="testToBytes" time="0.000" classname="com.distrimind.util.tests.DecentralizedIDTests"/>
  <testcase name="testNotEquals" time="0.000" classname="com.distrimind.util.tests.DecentralizedIDTests"/>
  <testcase name="testToBytes" time="0.001" classname="com.distrimind.util.tests.DecentralizedIDTests"/>
  <testcase name="testToBytes" time="0.000" classname="com.distrimind.util.tests.DecentralizedIDTests"/>
  <testcase name="testNotEquals" time="0.000" classname="com.distrimind.util.tests.DecentralizedIDTests"/>
  <testcase name="testToBytes" time="0.000" classname="com.distrimind.util.tests.DecentralizedIDTests"/>
  <testcase name="testNotEquals" time="0.000" classname="com.distrimind.util.tests.DecentralizedIDTests"/>
  <testcase name="testNotEquals" time="0.000" classname="com.distrimind.util.tests.DecentralizedIDTests"/>
  <testcase name="testToBytes" time="0.000" classname="com.distrimind.util.tests.DecentralizedIDTests"/>
  <testcase name="testToBytes" time="0.000" classname="com.distrimind.util.tests.DecentralizedIDTests"/>
  <testcase name="testToBytes" time="0.000" classname="com.distrimind.util.tests.DecentralizedIDTests"/>
  <testcase name="testNotEquals" time="0.000" classname="com.distrimind.util.tests.DecentralizedIDTests"/>
  <testcase name="testToBytes" time="0.000" classname="com.distrimind.util.tests.DecentralizedIDTests"/>
  <testcase name="testNotEquals" time="0.000" classname="com.distrimind.util.tests.DecentralizedIDTests"/>
  <testcase name="testNotEquals" time="0.000" classname="com.distrimind.util.tests.DecentralizedIDTests"/>
  <testcase name="testToBytes" time="0.000" classname="com.distrimind.util.tests.DecentralizedIDTests"/>
  <testcase name="testNotEquals" time="0.000" classname="com.distrimind.util.tests.DecentralizedIDTests"/>
  <testcase name="testNotEquals" time="0.000" classname="com.distrimind.util.tests.DecentralizedIDTests"/>
  <testcase name="testToBytes" time="0.000" classname="com.distrimind.util.tests.DecentralizedIDTests"/>
  <testcase name="testNotEquals" time="0.000" classname="com.distrimind.util.tests.DecentralizedIDTests"/>
  <testcase name="testNotEquals" time="0.001" classname="com.distrimind.util.tests.DecentralizedIDTests"/>
  <testcase name="testNotEquals" time="0.000" classname="com.distrimind.util.tests.DecentralizedIDTests"/>
  <testcase name="testNotEquals" time="0.000" classname="com.distrimind.util.tests.DecentralizedIDTests"/>
  <testcase name="testNotEquals" time="0.011" classname="com.distrimind.util.tests.DecentralizedIDTests"/>
  <testcase name="testToBytes" time="0.000" classname="com.distrimind.util.tests.DecentralizedIDTests"/>
  <testcase name="testNotEquals" time="0.001" classname="com.distrimind.util.tests.DecentralizedIDTests"/>
  <testcase name="testNotEquals" time="0.000" classname="com.distrimind.util.tests.DecentralizedIDTests"/>
  <testcase name="testToBytes" time="0.000" classname="com.distrimind.util.tests.DecentralizedIDTests"/>
  <testcase name="testNotEquals" time="0.000" classname="com.distrimind.util.tests.DecentralizedIDTests"/>
  <testcase name="testNotEquals" time="0.000" classname="com.distrimind.util.tests.DecentralizedIDTests"/>
  <testcase name="testToBytes" time="0.000" classname="com.distrimind.util.tests.DecentralizedIDTests"/>
  <testcase name="testNotEquals" time="0.017" classname="com.distrimind.util.tests.DecentralizedIDTests"/>
  <testcase name="testToBytes" time="0.000" classname="com.distrimind.util.tests.DecentralizedIDTests"/>
  <testcase name="testToBytes" time="0.000" classname="com.distrimind.util.tests.DecentralizedIDTests"/>
  <testcase name="testToBytes" time="0.000" classname="com.distrimind.util.tests.DecentralizedIDTests"/>
  <testcase name="testNotEquals" time="0.000" classname="com.distrimind.util.tests.DecentralizedIDTests"/>
  <testcase name="testNotEquals" time="0.006" classname="com.distrimind.util.tests.DecentralizedIDTests"/>
  <testcase name="testToBytes" time="0.000" classname="com.distrimind.util.tests.DecentralizedIDTests"/>
  <testcase name="testToBytes" time="0.000" classname="com.distrimind.util.tests.DecentralizedIDTests"/>
  <testcase name="testNotEquals" time="0.000" classname="com.distrimind.util.tests.DecentralizedIDTests"/>
  <testcase name="testNotEquals" time="0.000" classname="com.distrimind.util.tests.DecentralizedIDTests"/>
  <testcase name="testNotEquals" time="0.000" classname="com.distrimind.util.tests.DecentralizedIDTests"/>
  <testcase name="testNotEquals" time="0.000" classname="com.distrimind.util.tests.DecentralizedIDTests"/>
  <testcase name="testNotEquals" time="0.000" classname="com.distrimind.util.tests.DecentralizedIDTests"/>
  <testcase name="testNotEquals" time="0.000" classname="com.distrimind.util.tests.DecentralizedIDTests"/>
  <testcase name="testToBytes" time="0.000" classname="com.distrimind.util.tests.DecentralizedIDTests"/>
  <testcase name="testToBytes" time="0.026" classname="com.distrimind.util.tests.DecentralizedIDTests"/>
  <testcase name="testToBytes" time="0.001" classname="com.distrimind.util.tests.DecentralizedIDTests"/>
  <testcase name="testNotEquals" time="0.001" classname="com.distrimind.util.tests.DecentralizedIDTests"/>
  <testcase name="testToBytes" time="0.000" classname="com.distrimind.util.tests.DecentralizedIDTests"/>
  <testcase name="testToBytes" time="0.000" classname="com.distrimind.util.tests.DecentralizedIDTests"/>
  <testcase name="testToBytes" time="0.000" classname="com.distrimind.util.tests.DecentralizedIDTests"/>
  <testcase name="testToBytes" time="0.001" classname="com.distrimind.util.tests.DecentralizedIDTests"/>
  <testcase name="testNotEquals" time="0.000" classname="com.distrimind.util.tests.DecentralizedIDTests"/>
  <testcase name="testNotEquals" time="0.000" classname="com.distrimind.util.tests.DecentralizedIDTests"/>
  <testcase name="testNotEquals" time="0.000" classname="com.distrimind.util.tests.DecentralizedIDTests"/>
  <testcase name="testToBytes" time="0.000" classname="com.distrimind.util.tests.DecentralizedIDTests"/>
  <testcase name="testNotEquals" time="0.026" classname="com.distrimind.util.tests.DecentralizedIDTests"/>
  <testcase name="testToBytes" time="0.000" classname="com.distrimind.util.tests.DecentralizedIDTests"/>
  <testcase name="testToBytes" time="0.001" classname="com.distrimind.util.tests.DecentralizedIDTests"/>
  <testcase name="testNotEquals" time="0.000" classname="com.distrimind.util.tests.DecentralizedIDTests"/>
  <testcase name="testNotEquals" time="0.000" classname="com.distrimind.util.tests.DecentralizedIDTests"/>
  <testcase name="testToBytes" time="0.000" classname="com.distrimind.util.tests.DecentralizedIDTests"/>
  <testcase name="testNotEquals" time="0.000" classname="com.distrimind.util.tests.DecentralizedIDTests"/>
  <testcase name="testToBytes" time="0.000" classname="com.distrimind.util.tests.DecentralizedIDTests"/>
  <testcase name="testNotEquals" time="0.000" classname="com.distrimind.util.tests.DecentralizedIDTests"/>
  <testcase name="testToBytes" time="0.008" classname="com.distrimind.util.tests.DecentralizedIDTests"/>
  <testcase name="testNotEquals" time="0.005" classname="com.distrimind.util.tests.DecentralizedIDTests"/>
  <testcase name="testToBytes" time="0.000" classname="com.distrimind.util.tests.DecentralizedIDTests"/>
  <testcase name="testToBytes" time="0.000" classname="com.distrimind.util.tests.DecentralizedIDTests"/>
  <testcase name="testNotEquals" time="0.000" classname="com.distrimind.util.tests.DecentralizedIDTests"/>
  <testcase name="testNotEquals" time="0.000" classname="com.distrimind.util.tests.DecentralizedIDTests"/>
  <testcase name="testNotEquals" time="0.000" classname="com.distrimind.util.tests.DecentralizedIDTests"/>
  <testcase name="testToBytes" time="0.000" classname="com.distrimind.util.tests.DecentralizedIDTests"/>
  <testcase name="testToBytes" time="0.000" classname="com.distrimind.util.tests.DecentralizedIDTests"/>
  <testcase name="testNotEquals" time="0.008" classname="com.distrimind.util.tests.DecentralizedIDTests"/>
  <testcase name="testNotEquals" time="0.000" classname="com.distrimind.util.tests.DecentralizedIDTests"/>
  <testcase name="testNotEquals" time="0.000" classname="com.distrimind.util.tests.DecentralizedIDTests"/>
  <testcase name="testNotEquals" time="0.000" classname="com.distrimind.util.tests.DecentralizedIDTests"/>
  <testcase name="testNotEquals" time="0.000" classname="com.distrimind.util.tests.DecentralizedIDTests"/>
  <testcase name="testNotEquals" time="0.001" classname="com.distrimind.util.tests.DecentralizedIDTests"/>
  <testcase name="testToBytes" time="0.000" classname="com.distrimind.util.tests.DecentralizedIDTests"/>
  <testcase name="testToBytes" time="0.000" classname="com.distrimind.util.tests.DecentralizedIDTests"/>
  <testcase name="testNotEquals" time="0.000" classname="com.distrimind.util.tests.DecentralizedIDTests"/>
  <testcase name="testToBytes" time="0.000" classname="com.distrimind.util.tests.DecentralizedIDTests"/>
  <testcase name="testToBytes" time="0.000" classname="com.distrimind.util.tests.DecentralizedIDTests"/>
  <testcase name="testToBytes" time="0.000" classname="com.distrimind.util.tests.DecentralizedIDTests"/>
  <testcase name="testToBytes" time="0.000" classname="com.distrimind.util.tests.DecentralizedIDTests"/>
  <testcase name="testToBytes" time="0.001" classname="com.distrimind.util.tests.DecentralizedIDTests"/>
  <testcase name="testToBytes" time="0.000" classname="com.distrimind.util.tests.DecentralizedIDTests"/>
  <testcase name="testNotEquals" time="0.000" classname="com.distrimind.util.tests.DecentralizedIDTests"/>
  <testcase name="testNotEquals" time="0.000" classname="com.distrimind.util.tests.DecentralizedIDTests"/>
  <testcase name="testNotEquals" time="0.012" classname="com.distrimind.util.tests.DecentralizedIDTests"/>
  <testcase name="testToBytes" time="0.000" classname="com.distrimind.util.tests.DecentralizedIDTests"/>
  <testcase name="testNotEquals" time="0.002" classname="com.distrimind.util.tests.DecentralizedIDTests"/>
  <testcase name="testNotEquals" time="0.000" classname="com.distrimind.util.tests.DecentralizedIDTests"/>
  <testcase name="testToBytes" time="0.000" classname="com.distrimind.util.tests.DecentralizedIDTests"/>
  <testcase name="testToBytes" time="0.000" classname="com.distrimind.util.tests.DecentralizedIDTests"/>
  <testcase name="testNotEquals" time="0.000" classname="com.distrimind.util.tests.DecentralizedIDTests"/>
  <testcase name="testNotEquals" time="0.001" classname="com.distrimind.util.tests.DecentralizedIDTests"/>
  <testcase name="testNotEquals" time="0.000" classname="com.distrimind.util.tests.DecentralizedIDTests"/>
  <testcase name="testNotEquals" time="0.011" classname="com.distrimind.util.tests.DecentralizedIDTests"/>
  <testcase name="testNotEquals" time="0.000" classname="com.distrimind.util.tests.DecentralizedIDTests"/>
  <testcase name="testNotEquals" time="0.000" classname="com.distrimind.util.tests.DecentralizedIDTests"/>
  <testcase name="testToBytes" time="0.000" classname="com.distrimind.util.tests.DecentralizedIDTests"/>
  <testcase name="testToBytes" time="0.000" classname="com.distrimind.util.tests.DecentralizedIDTests"/>
  <testcase name="testToBytes" time="0.000" classname="com.distrimind.util.tests.DecentralizedIDTests"/>
  <testcase name="testToBytes" time="0.000" classname="com.distrimind.util.tests.DecentralizedIDTests"/>
  <testcase name="testToBytes" time="0.000" classname="com.distrimind.util.tests.DecentralizedIDTests"/>
  <testcase name="testToBytes" time="0.001" classname="com.distrimind.util.tests.DecentralizedIDTests"/>
  <testcase name="testToBytes" time="0.000" classname="com.distrimind.util.tests.DecentralizedIDTests"/>
  <testcase name="testNotEquals" time="0.000" classname="com.distrimind.util.tests.DecentralizedIDTests"/>
  <testcase name="testToBytes" time="0.000" classname="com.distrimind.util.tests.DecentralizedIDTests"/>
  <testcase name="testNotEquals" time="0.001" classname="com.distrimind.util.tests.DecentralizedIDTests"/>
  <testcase name="testToBytes" time="0.000" classname="com.distrimind.util.tests.DecentralizedIDTests"/>
  <testcase name="testNotEquals" time="0.000" classname="com.distrimind.util.tests.DecentralizedIDTests"/>
  <testcase name="testNotEquals" time="0.000" classname="com.distrimind.util.tests.DecentralizedIDTests"/>
  <testcase name="testToBytes" time="0.000" classname="com.distrimind.util.tests.DecentralizedIDTests"/>
  <testcase name="testToBytes" time="0.000" classname="com.distrimind.util.tests.DecentralizedIDTests"/>
  <testcase name="testNotEquals" time="0.000" classname="com.distrimind.util.tests.DecentralizedIDTests"/>
  <testcase name="testNotEquals" time="0.000" classname="com.distrimind.util.tests.DecentralizedIDTests"/>
  <testcase name="testNotEquals" time="0.000" classname="com.distrimind.util.tests.DecentralizedIDTests"/>
  <testcase name="testToBytes" time="0.001" classname="com.distrimind.util.tests.DecentralizedIDTests"/>
  <testcase name="testToBytes" time="0.000" classname="com.distrimind.util.tests.DecentralizedIDTests"/>
  <testcase name="testToBytes" time="0.000" classname="com.distrimind.util.tests.DecentralizedIDTests"/>
  <testcase name="testToBytes" time="0.000" classname="com.distrimind.util.tests.DecentralizedIDTests"/>
  <testcase name="testToBytes" time="0.000" classname="com.distrimind.util.tests.DecentralizedIDTests"/>
  <testcase name="testNotEquals" time="0.000" classname="com.distrimind.util.tests.DecentralizedIDTests"/>
  <testcase name="testToBytes" time="0.000" classname="com.distrimind.util.tests.DecentralizedIDTests"/>
  <testcase name="testToBytes" time="0.000" classname="com.distrimind.util.tests.DecentralizedIDTests"/>
  <testcase name="testToBytes" time="0.000" classname="com.distrimind.util.tests.DecentralizedIDTests"/>
  <testcase name="testNotEquals" time="0.000" classname="com.distrimind.util.tests.DecentralizedIDTests"/>
  <testcase name="testToBytes" time="0.001" classname="com.distrimind.util.tests.DecentralizedIDTests"/>
  <testcase name="testToBytes" time="0.000" classname="com.distrimind.util.tests.DecentralizedIDTests"/>
  <testcase name="testToBytes" time="0.000" classname="com.distrimind.util.tests.DecentralizedIDTests"/>
  <testcase name="testNotEquals" time="0.000" classname="com.distrimind.util.tests.DecentralizedIDTests"/>
  <testcase name="testToBytes" time="0.000" classname="com.distrimind.util.tests.DecentralizedIDTests"/>
  <testcase name="testNotEquals" time="0.000" classname="com.distrimind.util.tests.DecentralizedIDTests"/>
  <testcase name="testNotEquals" time="0.000" classname="com.distrimind.util.tests.DecentralizedIDTests"/>
  <testcase name="testNotEquals" time="0.019" classname="com.distrimind.util.tests.DecentralizedIDTests"/>
  <testcase name="testNotEquals" time="0.000" classname="com.distrimind.util.tests.DecentralizedIDTests"/>
  <testcase name="testToBytes" time="0.000" classname="com.distrimind.util.tests.DecentralizedIDTests"/>
  <testcase name="testNotEquals" time="0.000" classname="com.distrimind.util.tests.DecentralizedIDTests"/>
  <testcase name="testNotEquals" time="0.001" classname="com.distrimind.util.tests.DecentralizedIDTests"/>
  <testcase name="testNotEquals" time="0.000" classname="com.distrimind.util.tests.DecentralizedIDTests"/>
  <testcase name="testToBytes" time="0.000" classname="com.distrimind.util.tests.DecentralizedIDTests"/>
  <testcase name="testToBytes" time="0.001" classname="com.distrimind.util.tests.DecentralizedIDTests"/>
  <testcase name="testNotEquals" time="0.009" classname="com.distrimind.util.tests.DecentralizedIDTests"/>
  <testcase name="testToBytes" time="0.000" classname="com.distrimind.util.tests.DecentralizedIDTests"/>
  <testcase name="testToBytes" time="0.000" classname="com.distrimind.util.tests.DecentralizedIDTests"/>
  <testcase name="testNotEquals" time="0.001" classname="com.distrimind.util.tests.DecentralizedIDTests"/>
  <testcase name="testToBytes" time="0.016" classname="com.distrimind.util.tests.DecentralizedIDTests"/>
  <testcase name="testToBytes" time="0.000" classname="com.distrimind.util.tests.DecentralizedIDTests"/>
  <testcase name="testToBytes" time="0.000" classname="com.distrimind.util.tests.DecentralizedIDTests"/>
  <testcase name="testToBytes" time="0.000" classname="com.distrimind.util.tests.DecentralizedIDTests"/>
  <testcase name="testNotEquals" time="0.001" classname="com.distrimind.util.tests.DecentralizedIDTests"/>
  <testcase name="testToBytes" time="0.000" classname="com.distrimind.util.tests.DecentralizedIDTests"/>
  <testcase name="testNotEquals" time="0.000" classname="com.distrimind.util.tests.DecentralizedIDTests"/>
  <testcase name="testNotEquals" time="0.000" classname="com.distrimind.util.tests.DecentralizedIDTests"/>
  <testcase name="testToBytes" time="0.000" classname="com.distrimind.util.tests.DecentralizedIDTests"/>
  <testcase name="testToBytes" time="0.000" classname="com.distrimind.util.tests.DecentralizedIDTests"/>
  <testcase name="testToBytes" time="0.000" classname="com.distrimind.util.tests.DecentralizedIDTests"/>
  <testcase name="testToBytes" time="0.000" classname="com.distrimind.util.tests.DecentralizedIDTests"/>
  <testcase name="testToBytes" time="0.000" classname="com.distrimind.util.tests.DecentralizedIDTests"/>
  <testcase name="testToBytes" time="0.000" classname="com.distrimind.util.tests.DecentralizedIDTests"/>
  <testcase name="testNotEquals" time="0.000" classname="com.distrimind.util.tests.DecentralizedIDTests"/>
  <testcase name="testNotEquals" time="0.001" classname="com.distrimind.util.tests.DecentralizedIDTests"/>
  <testcase name="testToBytes" time="0.000" classname="com.distrimind.util.tests.DecentralizedIDTests"/>
  <testcase name="testToBytes" time="0.000" classname="com.distrimind.util.tests.DecentralizedIDTests"/>
  <testcase name="testNotEquals" time="0.000" classname="com.distrimind.util.tests.DecentralizedIDTests"/>
  <testcase name="testNotEquals" time="0.000" classname="com.distrimind.util.tests.DecentralizedIDTests"/>
  <testcase name="testNotEquals" time="0.001" classname="com.distrimind.util.tests.DecentralizedIDTests"/>
  <testcase name="testToBytes" time="0.000" classname="com.distrimind.util.tests.DecentralizedIDTests"/>
  <testcase name="testNotEquals" time="0.000" classname="com.distrimind.util.tests.DecentralizedIDTests"/>
  <testcase name="testToBytes" time="0.000" classname="com.distrimind.util.tests.DecentralizedIDTests"/>
  <testcase name="testNotEquals" time="0.000" classname="com.distrimind.util.tests.DecentralizedIDTests"/>
  <testcase name="testNotEquals" time="0.000" classname="com.distrimind.util.tests.DecentralizedIDTests"/>
  <testcase name="testToBytes" time="0.000" classname="com.distrimind.util.tests.DecentralizedIDTests"/>
  <testcase name="testToBytes" time="0.000" classname="com.distrimind.util.tests.DecentralizedIDTests"/>
  <testcase name="testToBytes" time="0.000" classname="com.distrimind.util.tests.DecentralizedIDTests"/>
  <testcase name="testToBytes" time="0.000" classname="com.distrimind.util.tests.DecentralizedIDTests"/>
  <testcase name="testNotEquals" time="0.000" classname="com.distrimind.util.tests.DecentralizedIDTests"/>
  <testcase name="testToBytes" time="0.001" classname="com.distrimind.util.tests.DecentralizedIDTests"/>
  <testcase name="testToBytes" time="0.000" classname="com.distrimind.util.tests.DecentralizedIDTests"/>
  <testcase name="testNotEquals" time="0.000" classname="com.distrimind.util.tests.DecentralizedIDTests"/>
  <testcase name="testNotEquals" time="0.000" classname="com.distrimind.util.tests.DecentralizedIDTests"/>
  <testcase name="testNotEquals" time="0.001" classname="com.distrimind.util.tests.DecentralizedIDTests"/>
  <testcase name="testToBytes" time="0.000" classname="com.distrimind.util.tests.DecentralizedIDTests"/>
  <testcase name="testToBytes" time="0.000" classname="com.distrimind.util.tests.DecentralizedIDTests"/>
  <testcase name="testToBytes" time="0.000" classname="com.distrimind.util.tests.DecentralizedIDTests"/>
  <testcase name="testNotEquals" time="0.003" classname="com.distrimind.util.tests.DecentralizedIDTests"/>
  <testcase name="testNotEquals" time="0.000" classname="com.distrimind.util.tests.DecentralizedIDTests"/>
  <testcase name="testNotEquals" time="0.001" classname="com.distrimind.util.tests.DecentralizedIDTests"/>
  <testcase name="testNotEquals" time="0.000" classname="com.distrimind.util.tests.DecentralizedIDTests"/>
  <testcase name="testToBytes" time="0.000" classname="com.distrimind.util.tests.DecentralizedIDTests"/>
  <testcase name="testToBytes" time="0.001" classname="com.distrimind.util.tests.DecentralizedIDTests"/>
  <testcase name="testToBytes" time="0.000" classname="com.distrimind.util.tests.DecentralizedIDTests"/>
  <testcase name="testToBytes" time="0.000" classname="com.distrimind.util.tests.DecentralizedIDTests"/>
  <testcase name="testNotEquals" time="0.000" classname="com.distrimind.util.tests.DecentralizedIDTests"/>
  <testcase name="testNotEquals" time="0.000" classname="com.distrimind.util.tests.DecentralizedIDTests"/>
  <testcase name="testToBytes" time="0.000" classname="com.distrimind.util.tests.DecentralizedIDTests"/>
  <testcase name="testNotEquals" time="0.000" classname="com.distrimind.util.tests.DecentralizedIDTests"/>
  <testcase name="testNotEquals" time="0.000" classname="com.distrimind.util.tests.DecentralizedIDTests"/>
  <testcase name="testToBytes" time="0.000" classname="com.distrimind.util.tests.DecentralizedIDTests"/>
  <testcase name="testToBytes" time="0.000" classname="com.distrimind.util.tests.DecentralizedIDTests"/>
  <testcase name="testNotEquals" time="0.000" classname="com.distrimind.util.tests.DecentralizedIDTests"/>
  <testcase name="testToBytes" time="0.000" classname="com.distrimind.util.tests.DecentralizedIDTests"/>
  <testcase name="testNotEquals" time="0.001" classname="com.distrimind.util.tests.DecentralizedIDTests"/>
  <testcase name="testNotEquals" time="0.000" classname="com.distrimind.util.tests.DecentralizedIDTests"/>
  <testcase name="testToBytes" time="0.000" classname="com.distrimind.util.tests.DecentralizedIDTests"/>
  <testcase name="testNotEquals" time="0.000" classname="com.distrimind.util.tests.DecentralizedIDTests"/>
  <testcase name="testNotEquals" time="0.000" classname="com.distrimind.util.tests.DecentralizedIDTests"/>
  <testcase name="testToBytes" time="0.000" classname="com.distrimind.util.tests.DecentralizedIDTests"/>
  <testcase name="testNotEquals" time="0.000" classname="com.distrimind.util.tests.DecentralizedIDTests"/>
  <testcase name="testNotEquals" time="0.000" classname="com.distrimind.util.tests.DecentralizedIDTests"/>
  <testcase name="testNotEquals" time="0.022" classname="com.distrimind.util.tests.DecentralizedIDTests"/>
  <testcase name="testNotEquals" time="0.001" classname="com.distrimind.util.tests.DecentralizedIDTests"/>
  <testcase name="testNotEquals" time="0.000" classname="com.distrimind.util.tests.DecentralizedIDTests"/>
  <testcase name="testToBytes" time="0.000" classname="com.distrimind.util.tests.DecentralizedIDTests"/>
  <testcase name="testToBytes" time="0.000" classname="com.distrimind.util.tests.DecentralizedIDTests"/>
  <testcase name="testToBytes" time="0.001" classname="com.distrimind.util.tests.DecentralizedIDTests"/>
  <testcase name="testToBytes" time="0.021" classname="com.distrimind.util.tests.DecentralizedIDTests"/>
  <testcase name="testNotEquals" time="0.003" classname="com.distrimind.util.tests.DecentralizedIDTests"/>
  <testcase name="testToBytes" time="0.000" classname="com.distrimind.util.tests.DecentralizedIDTests"/>
  <testcase name="testNotEquals" time="0.001" classname="com.distrimind.util.tests.DecentralizedIDTests"/>
  <testcase name="testToBytes" time="0.000" classname="com.distrimind.util.tests.DecentralizedIDTests"/>
  <testcase name="testNotEquals" time="0.005" classname="com.distrimind.util.tests.DecentralizedIDTests"/>
  <testcase name="testNotEquals" time="0.011" classname="com.distrimind.util.tests.DecentralizedIDTests"/>
  <testcase name="testNotEquals" time="0.000" classname="com.distrimind.util.tests.DecentralizedIDTests"/>
  <testcase name="testNotEquals" time="0.000" classname="com.distrimind.util.tests.DecentralizedIDTests"/>
  <testcase name="testNotEquals" time="0.000" classname="com.distrimind.util.tests.DecentralizedIDTests"/>
  <testcase name="testToBytes" time="0.000" classname="com.distrimind.util.tests.DecentralizedIDTests"/>
  <testcase name="testNotEquals" time="0.001" classname="com.distrimind.util.tests.DecentralizedIDTests"/>
  <testcase name="testToBytes" time="0.000" classname="com.distrimind.util.tests.DecentralizedIDTests"/>
  <testcase name="testNotEquals" time="0.028" classname="com.distrimind.util.tests.DecentralizedIDTests"/>
  <testcase name="testNotEquals" time="0.001" classname="com.distrimind.util.tests.DecentralizedIDTests"/>
  <testcase name="testNotEquals" time="0.000" classname="com.distrimind.util.tests.DecentralizedIDTests"/>
  <testcase name="testToBytes" time="0.000" classname="com.distrimind.util.tests.DecentralizedIDTests"/>
  <testcase name="testToBytes" time="0.000" classname="com.distrimind.util.tests.DecentralizedIDTests"/>
  <testcase name="testNotEquals" time="0.000" classname="com.distrimind.util.tests.DecentralizedIDTests"/>
  <testcase name="testNotEquals" time="0.000" classname="com.distrimind.util.tests.DecentralizedIDTests"/>
  <testcase name="testNotEquals" time="0.000" classname="com.distrimind.util.tests.DecentralizedIDTests"/>
  <testcase name="testNotEquals" time="0.000" classname="com.distrimind.util.tests.DecentralizedIDTests"/>
  <testcase name="testNotEquals" time="0.018" classname="com.distrimind.util.tests.DecentralizedIDTests"/>
  <testcase name="testToBytes" time="0.000" classname="com.distrimind.util.tests.DecentralizedIDTests"/>
  <testcase name="testToBytes" time="0.000" classname="com.distrimind.util.tests.DecentralizedIDTests"/>
  <testcase name="testToBytes" time="0.000" classname="com.distrimind.util.tests.DecentralizedIDTests"/>
  <testcase name="testNotEquals" time="0.000" classname="com.distrimind.util.tests.DecentralizedIDTests"/>
  <testcase name="testNotEquals" time="0.001" classname="com.distrimind.util.tests.DecentralizedIDTests"/>
  <testcase name="testNotEquals" time="0.000" classname="com.distrimind.util.tests.DecentralizedIDTests"/>
  <testcase name="testToBytes" time="0.000" classname="com.distrimind.util.tests.DecentralizedIDTests"/>
  <testcase name="testNotEquals" time="0.000" classname="com.distrimind.util.tests.DecentralizedIDTests"/>
  <testcase name="testToBytes" time="0.000" classname="com.distrimind.util.tests.DecentralizedIDTests"/>
  <testcase name="testNotEquals" time="0.000" classname="com.distrimind.util.tests.DecentralizedIDTests"/>
  <testcase name="testNotEquals" time="0.000" classname="com.distrimind.util.tests.DecentralizedIDTests"/>
  <testcase name="testNotEquals" time="0.000" classname="com.distrimind.util.tests.DecentralizedIDTests"/>
  <testcase name="testToBytes" time="0.000" classname="com.distrimind.util.tests.DecentralizedIDTests"/>
  <testcase name="testToBytes" time="0.000" classname="com.distrimind.util.tests.DecentralizedIDTests"/>
  <testcase name="testNotEquals" time="0.000" classname="com.distrimind.util.tests.DecentralizedIDTests"/>
  <testcase name="testNotEquals" time="0.000" classname="com.distrimind.util.tests.DecentralizedIDTests"/>
  <testcase name="testNotEquals" time="0.015" classname="com.distrimind.util.tests.DecentralizedIDTests"/>
  <testcase name="testNotEquals" time="0.000" classname="com.distrimind.util.tests.DecentralizedIDTests"/>
  <testcase name="testToBytes" time="0.000" classname="com.distrimind.util.tests.DecentralizedIDTests"/>
  <testcase name="testNotEquals" time="0.003" classname="com.distrimind.util.tests.DecentralizedIDTests"/>
  <testcase name="testNotEquals" time="0.000" classname="com.distrimind.util.tests.DecentralizedIDTests"/>
  <testcase name="testNotEquals" time="0.000" classname="com.distrimind.util.tests.DecentralizedIDTests"/>
  <testcase name="testNotEquals" time="0.000" classname="com.distrimind.util.tests.DecentralizedIDTests"/>
  <testcase name="testToBytes" time="0.000" classname="com.distrimind.util.tests.DecentralizedIDTests"/>
  <testcase name="testToBytes" time="0.000" classname="com.distrimind.util.tests.DecentralizedIDTests"/>
  <testcase name="testToBytes" time="0.000" classname="com.distrimind.util.tests.DecentralizedIDTests"/>
  <testcase name="testNotEquals" time="0.000" classname="com.distrimind.util.tests.DecentralizedIDTests"/>
  <testcase name="testToBytes" time="0.000" classname="com.distrimind.util.tests.DecentralizedIDTests"/>
  <testcase name="testNotEquals" time="0.001" classname="com.distrimind.util.tests.DecentralizedIDTests"/>
  <testcase name="testToBytes" time="0.001" classname="com.distrimind.util.tests.DecentralizedIDTests"/>
  <testcase name="testToBytes" time="0.000" classname="com.distrimind.util.tests.DecentralizedIDTests"/>
  <testcase name="testToBytes" time="0.000" classname="com.distrimind.util.tests.DecentralizedIDTests"/>
  <testcase name="testNotEquals" time="0.000" classname="com.distrimind.util.tests.DecentralizedIDTests"/>
  <testcase name="testToBytes" time="0.001" classname="com.distrimind.util.tests.DecentralizedIDTests"/>
  <testcase name="testNotEquals" time="0.000" classname="com.distrimind.util.tests.DecentralizedIDTests"/>
  <testcase name="testToBytes" time="0.000" classname="com.distrimind.util.tests.DecentralizedIDTests"/>
  <testcase name="testNotEquals" time="0.000" classname="com.distrimind.util.tests.DecentralizedIDTests"/>
  <testcase name="testToBytes" time="0.000" classname="com.distrimind.util.tests.DecentralizedIDTests"/>
  <testcase name="testToBytes" time="0.000" classname="com.distrimind.util.tests.DecentralizedIDTests"/>
  <testcase name="testNotEquals" time="0.013" classname="com.distrimind.util.tests.DecentralizedIDTests"/>
  <testcase name="testNotEquals" time="0.001" classname="com.distrimind.util.tests.DecentralizedIDTests"/>
  <testcase name="testNotEquals" time="0.000" classname="com.distrimind.util.tests.DecentralizedIDTests"/>
  <testcase name="testNotEquals" time="0.000" classname="com.distrimind.util.tests.DecentralizedIDTests"/>
  <testcase name="testNotEquals" time="0.001" classname="com.distrimind.util.tests.DecentralizedIDTests"/>
  <testcase name="testNotEquals" time="0.000" classname="com.distrimind.util.tests.DecentralizedIDTests"/>
  <testcase name="testNotEquals" time="0.001" classname="com.distrimind.util.tests.DecentralizedIDTests"/>
  <testcase name="testToBytes" time="0.000" classname="com.distrimind.util.tests.DecentralizedIDTests"/>
  <testcase name="testNotEquals" time="0.000" classname="com.distrimind.util.tests.DecentralizedIDTests"/>
  <testcase name="testNotEquals" time="0.000" classname="com.distrimind.util.tests.DecentralizedIDTests"/>
  <testcase name="testToBytes" time="0.000" classname="com.distrimind.util.tests.DecentralizedIDTests"/>
  <testcase name="testToBytes" time="0.000" classname="com.distrimind.util.tests.DecentralizedIDTests"/>
  <testcase name="testToBytes" time="0.000" classname="com.distrimind.util.tests.DecentralizedIDTests"/>
  <testcase name="testNotEquals" time="0.006" classname="com.distrimind.util.tests.DecentralizedIDTests"/>
  <testcase name="testToBytes" time="0.000" classname="com.distrimind.util.tests.DecentralizedIDTests"/>
  <testcase name="testNotEquals" time="0.000" classname="com.distrimind.util.tests.DecentralizedIDTests"/>
  <testcase name="testToBytes" time="0.000" classname="com.distrimind.util.tests.DecentralizedIDTests"/>
  <testcase name="testNotEquals" time="0.000" classname="com.distrimind.util.tests.DecentralizedIDTests"/>
  <testcase name="testNotEquals" time="0.000" classname="com.distrimind.util.tests.DecentralizedIDTests"/>
  <testcase name="testToBytes" time="0.000" classname="com.distrimind.util.tests.DecentralizedIDTests"/>
  <testcase name="testToBytes" time="0.000" classname="com.distrimind.util.tests.DecentralizedIDTests"/>
  <testcase name="testNotEquals" time="0.000" classname="com.distrimind.util.tests.DecentralizedIDTests"/>
  <testcase name="testToBytes" time="0.000" classname="com.distrimind.util.tests.DecentralizedIDTests"/>
  <testcase name="testNotEquals" time="0.000" classname="com.distrimind.util.tests.DecentralizedIDTests"/>
  <testcase name="testNotEquals" time="0.001" classname="com.distrimind.util.tests.DecentralizedIDTests"/>
  <testcase name="testNotEquals" time="0.000" classname="com.distrimind.util.tests.DecentralizedIDTests"/>
  <testcase name="testToBytes" time="0.000" classname="com.distrimind.util.tests.DecentralizedIDTests"/>
  <testcase name="testNotEquals" time="0.001" classname="com.distrimind.util.tests.DecentralizedIDTests"/>
  <testcase name="testNotEquals" time="0.000" classname="com.distrimind.util.tests.DecentralizedIDTests"/>
  <testcase name="testToBytes" time="0.000" classname="com.distrimind.util.tests.DecentralizedIDTests"/>
  <testcase name="testToBytes" time="0.087" classname="com.distrimind.util.tests.DecentralizedIDTests"/>
  <testcase name="testToBytes" time="0.000" classname="com.distrimind.util.tests.DecentralizedIDTests"/>
  <testcase name="testToBytes" time="0.000" classname="com.distrimind.util.tests.DecentralizedIDTests"/>
  <testcase name="testToBytes" time="0.000" classname="com.distrimind.util.tests.DecentralizedIDTests"/>
  <testcase name="testToBytes" time="0.000" classname="com.distrimind.util.tests.DecentralizedIDTests"/>
  <testcase name="testToBytes" time="0.000" classname="com.distrimind.util.tests.DecentralizedIDTests"/>
  <testcase name="testNotEquals" time="0.010" classname="com.distrimind.util.tests.DecentralizedIDTests"/>
  <testcase name="testNotEquals" time="0.001" classname="com.distrimind.util.tests.DecentralizedIDTests"/>
  <testcase name="testToBytes" time="0.000" classname="com.distrimind.util.tests.DecentralizedIDTests"/>
  <testcase name="testToBytes" time="0.000" classname="com.distrimind.util.tests.DecentralizedIDTests"/>
  <testcase name="testNotEquals" time="0.001" classname="com.distrimind.util.tests.DecentralizedIDTests"/>
  <testcase name="testNotEquals" time="0.000" classname="com.distrimind.util.tests.DecentralizedIDTests"/>
  <testcase name="testToBytes" time="0.000" classname="com.distrimind.util.tests.DecentralizedIDTests"/>
  <testcase name="testNotEquals" time="0.000" classname="com.distrimind.util.tests.DecentralizedIDTests"/>
  <testcase name="testToBytes" time="0.000" classname="com.distrimind.util.tests.DecentralizedIDTests"/>
  <testcase name="testNotEquals" time="0.001" classname="com.distrimind.util.tests.DecentralizedIDTests"/>
  <testcase name="testNotEquals" time="0.000" classname="com.distrimind.util.tests.DecentralizedIDTests"/>
  <testcase name="testToBytes" time="0.000" classname="com.distrimind.util.tests.DecentralizedIDTests"/>
  <testcase name="testToBytes" time="0.000" classname="com.distrimind.util.tests.DecentralizedIDTests"/>
  <testcase name="testToBytes" time="0.000" classname="com.distrimind.util.tests.DecentralizedIDTests"/>
  <testcase name="testToBytes" time="0.000" classname="com.distrimind.util.tests.DecentralizedIDTests"/>
  <testcase name="testNotEquals" time="0.000" classname="com.distrimind.util.tests.DecentralizedIDTests"/>
  <testcase name="testToBytes" time="0.000" classname="com.distrimind.util.tests.DecentralizedIDTests"/>
  <testcase name="testNotEquals" time="0.018" classname="com.distrimind.util.tests.DecentralizedIDTests"/>
  <testcase name="testNotEquals" time="0.000" classname="com.distrimind.util.tests.DecentralizedIDTests"/>
  <testcase name="testToBytes" time="0.000" classname="com.distrimind.util.tests.DecentralizedIDTests"/>
  <testcase name="testNotEquals" time="0.000" classname="com.distrimind.util.tests.DecentralizedIDTests"/>
  <testcase name="testToBytes" time="0.000" classname="com.distrimind.util.tests.DecentralizedIDTests"/>
  <testcase name="testNotEquals" time="0.000" classname="com.distrimind.util.tests.DecentralizedIDTests"/>
  <testcase name="testToBytes" time="0.000" classname="com.distrimind.util.tests.DecentralizedIDTests"/>
  <testcase name="testNotEquals" time="0.000" classname="com.distrimind.util.tests.DecentralizedIDTests"/>
  <testcase name="testToBytes" time="0.000" classname="com.distrimind.util.tests.DecentralizedIDTests"/>
  <testcase name="testToBytes" time="0.000" classname="com.distrimind.util.tests.DecentralizedIDTests"/>
  <testcase name="testNotEquals" time="0.000" classname="com.distrimind.util.tests.DecentralizedIDTests"/>
  <testcase name="testToBytes" time="0.001" classname="com.distrimind.util.tests.DecentralizedIDTests"/>
  <testcase name="testToBytes" time="0.000" classname="com.distrimind.util.tests.DecentralizedIDTests"/>
  <testcase name="testToBytes" time="0.000" classname="com.distrimind.util.tests.DecentralizedIDTests"/>
  <testcase name="testToBytes" time="0.000" classname="com.distrimind.util.tests.DecentralizedIDTests"/>
  <testcase name="testToBytes" time="0.000" classname="com.distrimind.util.tests.DecentralizedIDTests"/>
  <testcase name="testNotEquals" time="0.000" classname="com.distrimind.util.tests.DecentralizedIDTests"/>
  <testcase name="testToBytes" time="0.000" classname="com.distrimind.util.tests.DecentralizedIDTests"/>
  <testcase name="testToBytes" time="0.000" classname="com.distrimind.util.tests.DecentralizedIDTests"/>
  <testcase name="testNotEquals" time="0.000" classname="com.distrimind.util.tests.DecentralizedIDTests"/>
  <testcase name="testNotEquals" time="0.000" classname="com.distrimind.util.tests.DecentralizedIDTests"/>
  <testcase name="testNotEquals" time="0.000" classname="com.distrimind.util.tests.DecentralizedIDTests"/>
  <testcase name="testNotEquals" time="0.001" classname="com.distrimind.util.tests.DecentralizedIDTests"/>
  <testcase name="testNotEquals" time="0.001" classname="com.distrimind.util.tests.DecentralizedIDTests"/>
  <testcase name="testNotEquals" time="0.000" classname="com.distrimind.util.tests.DecentralizedIDTests"/>
  <testcase name="testToBytes" time="0.000" classname="com.distrimind.util.tests.DecentralizedIDTests"/>
  <testcase name="testToBytes" time="0.001" classname="com.distrimind.util.tests.DecentralizedIDTests"/>
  <testcase name="testToBytes" time="0.000" classname="com.distrimind.util.tests.DecentralizedIDTests"/>
  <testcase name="testNotEquals" time="0.000" classname="com.distrimind.util.tests.DecentralizedIDTests"/>
  <testcase name="testToBytes" time="0.001" classname="com.distrimind.util.tests.DecentralizedIDTests"/>
  <testcase name="testNotEquals" time="0.000" classname="com.distrimind.util.tests.DecentralizedIDTests"/>
  <testcase name="testNotEquals" time="0.000" classname="com.distrimind.util.tests.DecentralizedIDTests"/>
  <testcase name="testNotEquals" time="0.000" classname="com.distrimind.util.tests.DecentralizedIDTests"/>
  <testcase name="testToBytes" time="0.000" classname="com.distrimind.util.tests.DecentralizedIDTests"/>
  <testcase name="testToBytes" time="0.019" classname="com.distrimind.util.tests.DecentralizedIDTests"/>
  <testcase name="testNotEquals" time="0.001" classname="com.distrimind.util.tests.DecentralizedIDTests"/>
  <testcase name="testToBytes" time="0.001" classname="com.distrimind.util.tests.DecentralizedIDTests"/>
  <testcase name="testToBytes" time="0.000" classname="com.distrimind.util.tests.DecentralizedIDTests"/>
  <testcase name="testToBytes" time="0.000" classname="com.distrimind.util.tests.DecentralizedIDTests"/>
  <testcase name="testNotEquals" time="0.000" classname="com.distrimind.util.tests.DecentralizedIDTests"/>
  <testcase name="testToBytes" time="0.000" classname="com.distrimind.util.tests.DecentralizedIDTests"/>
  <testcase name="testNotEquals" time="0.000" classname="com.distrimind.util.tests.DecentralizedIDTests"/>
  <testcase name="testNotEquals" time="0.000" classname="com.distrimind.util.tests.DecentralizedIDTests"/>
  <testcase name="testNotEquals" time="0.000" classname="com.distrimind.util.tests.DecentralizedIDTests"/>
  <testcase name="testToBytes" time="0.000" classname="com.distrimind.util.tests.DecentralizedIDTests"/>
  <testcase name="testNotEquals" time="0.001" classname="com.distrimind.util.tests.DecentralizedIDTests"/>
  <testcase name="testNotEquals" time="0.000" classname="com.distrimind.util.tests.DecentralizedIDTests"/>
  <testcase name="testNotEquals" time="0.000" classname="com.distrimind.util.tests.DecentralizedIDTests"/>
  <testcase name="testNotEquals" time="0.000" classname="com.distrimind.util.tests.DecentralizedIDTests"/>
  <testcase name="testNotEquals" time="0.000" classname="com.distrimind.util.tests.DecentralizedIDTests"/>
  <testcase name="testNotEquals" time="0.000" classname="com.distrimind.util.tests.DecentralizedIDTests"/>
  <testcase name="testNotEquals" time="0.000" classname="com.distrimind.util.tests.DecentralizedIDTests"/>
  <testcase name="testNotEquals" time="0.000" classname="com.distrimind.util.tests.DecentralizedIDTests"/>
  <testcase name="testToBytes" time="0.000" classname="com.distrimind.util.tests.DecentralizedIDTests"/>
  <testcase name="testToBytes" time="0.000" classname="com.distrimind.util.tests.DecentralizedIDTests"/>
  <testcase name="testNotEquals" time="0.000" classname="com.distrimind.util.tests.DecentralizedIDTests"/>
  <testcase name="testToBytes" time="0.000" classname="com.distrimind.util.tests.DecentralizedIDTests"/>
  <testcase name="testNotEquals" time="0.000" classname="com.distrimind.util.tests.DecentralizedIDTests"/>
  <testcase name="testToBytes" time="0.001" classname="com.distrimind.util.tests.DecentralizedIDTests"/>
  <testcase name="testToBytes" time="0.000" classname="com.distrimind.util.tests.DecentralizedIDTests"/>
  <testcase name="testNotEquals" time="0.007" classname="com.distrimind.util.tests.DecentralizedIDTests"/>
  <testcase name="testToBytes" time="0.000" classname="com.distrimind.util.tests.DecentralizedIDTests"/>
  <testcase name="testToBytes" time="0.000" classname="com.distrimind.util.tests.DecentralizedIDTests"/>
  <testcase name="testToBytes" time="0.000" classname="com.distrimind.util.tests.DecentralizedIDTests"/>
  <testcase name="testNotEquals" time="0.001" classname="com.distrimind.util.tests.DecentralizedIDTests"/>
  <testcase name="testNotEquals" time="0.001" classname="com.distrimind.util.tests.DecentralizedIDTests"/>
  <testcase name="testNotEquals" time="0.000" classname="com.distrimind.util.tests.DecentralizedIDTests"/>
  <testcase name="testToBytes" time="0.000" classname="com.distrimind.util.tests.DecentralizedIDTests"/>
  <testcase name="testToBytes" time="0.000" classname="com.distrimind.util.tests.DecentralizedIDTests"/>
  <testcase name="testNotEquals" time="0.000" classname="com.distrimind.util.tests.DecentralizedIDTests"/>
  <testcase name="testNotEquals" time="0.000" classname="com.distrimind.util.tests.DecentralizedIDTests"/>
  <testcase name="testToBytes" time="0.000" classname="com.distrimind.util.tests.DecentralizedIDTests"/>
  <testcase name="testToBytes" time="0.000" classname="com.distrimind.util.tests.DecentralizedIDTests"/>
  <testcase name="testToBytes" time="0.000" classname="com.distrimind.util.tests.DecentralizedIDTests"/>
  <testcase name="testToBytes" time="0.000" classname="com.distrimind.util.tests.DecentralizedIDTests"/>
  <testcase name="testNotEquals" time="0.000" classname="com.distrimind.util.tests.DecentralizedIDTests"/>
  <testcase name="testNotEquals" time="0.000" classname="com.distrimind.util.tests.DecentralizedIDTests"/>
  <testcase name="testToBytes" time="0.000" classname="com.distrimind.util.tests.DecentralizedIDTests"/>
  <testcase name="testNotEquals" time="0.000" classname="com.distrimind.util.tests.DecentralizedIDTests"/>
  <testcase name="testDecentralizedID" time="0.670" classname="com.distrimind.util.tests.DecentralizedIDTests"/>
  <testcase name="testToBytes" time="0.010" classname="com.distrimind.util.tests.DecentralizedIDTests"/>
  <testcase name="testNotEquals" time="0.000" classname="com.distrimind.util.tests.DecentralizedIDTests"/>
  <testcase name="testToBytes" time="0.000" classname="com.distrimind.util.tests.DecentralizedIDTests"/>
  <testcase name="testNotEquals" time="0.000" classname="com.distrimind.util.tests.DecentralizedIDTests"/>
  <testcase name="testNotEquals" time="0.000" classname="com.distrimind.util.tests.DecentralizedIDTests"/>
  <testcase name="testToBytes" time="0.000" classname="com.distrimind.util.tests.DecentralizedIDTests"/>
  <testcase name="testToBytes" time="0.000" classname="com.distrimind.util.tests.DecentralizedIDTests"/>
  <testcase name="testToBytes" time="0.000" classname="com.distrimind.util.tests.DecentralizedIDTests"/>
  <testcase name="testNotEquals" time="0.000" classname="com.distrimind.util.tests.DecentralizedIDTests"/>
  <testcase name="testNotEquals" time="0.000" classname="com.distrimind.util.tests.DecentralizedIDTests"/>
  <testcase name="testToBytes" time="0.000" classname="com.distrimind.util.tests.DecentralizedIDTests"/>
  <testcase name="testToBytes" time="0.000" classname="com.distrimind.util.tests.DecentralizedIDTests"/>
  <testcase name="testNotEquals" time="0.000" classname="com.distrimind.util.tests.DecentralizedIDTests"/>
  <testcase name="testNotEquals" time="0.000" classname="com.distrimind.util.tests.DecentralizedIDTests"/>
  <testcase name="testToBytes" time="0.000" classname="com.distrimind.util.tests.DecentralizedIDTests"/>
  <testcase name="testNotEquals" time="0.005" classname="com.distrimind.util.tests.DecentralizedIDTests"/>
  <testcase name="testToBytes" time="0.000" classname="com.distrimind.util.tests.DecentralizedIDTests"/>
  <testcase name="testNotEquals" time="0.003" classname="com.distrimind.util.tests.DecentralizedIDTests"/>
  <testcase name="testToBytes" time="0.000" classname="com.distrimind.util.tests.DecentralizedIDTests"/>
  <testcase name="testNotEquals" time="0.000" classname="com.distrimind.util.tests.DecentralizedIDTests"/>
  <testcase name="testNotEquals" time="0.000" classname="com.distrimind.util.tests.DecentralizedIDTests"/>
  <testcase name="testNotEquals" time="0.000" classname="com.distrimind.util.tests.DecentralizedIDTests"/>
  <testcase name="testToBytes" time="0.000" classname="com.distrimind.util.tests.DecentralizedIDTests"/>
  <testcase name="testToBytes" time="0.000" classname="com.distrimind.util.tests.DecentralizedIDTests"/>
  <testcase name="testToBytes" time="0.000" classname="com.distrimind.util.tests.DecentralizedIDTests"/>
  <testcase name="testToBytes" time="0.000" classname="com.distrimind.util.tests.DecentralizedIDTests"/>
  <testcase name="testToBytes" time="0.000" classname="com.distrimind.util.tests.DecentralizedIDTests"/>
  <testcase name="testNotEquals" time="0.000" classname="com.distrimind.util.tests.DecentralizedIDTests"/>
  <testcase name="testNotEquals" time="0.000" classname="com.distrimind.util.tests.DecentralizedIDTests"/>
  <testcase name="testNotEquals" time="0.000" classname="com.distrimind.util.tests.DecentralizedIDTests"/>
  <testcase name="testToBytes" time="0.000" classname="com.distrimind.util.tests.DecentralizedIDTests"/>
  <testcase name="testNotEquals" time="0.000" classname="com.distrimind.util.tests.DecentralizedIDTests"/>
  <testcase name="testToBytes" time="0.000" classname="com.distrimind.util.tests.DecentralizedIDTests"/>
  <testcase name="testNotEquals" time="0.000" classname="com.distrimind.util.tests.DecentralizedIDTests"/>
  <testcase name="testToBytes" time="0.000" classname="com.distrimind.util.tests.DecentralizedIDTests"/>
  <testcase name="testNotEquals" time="0.000" classname="com.distrimind.util.tests.DecentralizedIDTests"/>
  <testcase name="testToBytes" time="0.100" classname="com.distrimind.util.tests.DecentralizedIDTests"/>
  <testcase name="testToBytes" time="0.000" classname="com.distrimind.util.tests.DecentralizedIDTests"/>
  <testcase name="testToBytes" time="0.000" classname="com.distrimind.util.tests.DecentralizedIDTests"/>
  <testcase name="testToBytes" time="0.000" classname="com.distrimind.util.tests.DecentralizedIDTests"/>
  <testcase name="testToBytes" time="0.046" classname="com.distrimind.util.tests.DecentralizedIDTests"/>
  <testcase name="testNotEquals" time="0.000" classname="com.distrimind.util.tests.DecentralizedIDTests"/>
  <testcase name="testNotEquals" time="0.000" classname="com.distrimind.util.tests.DecentralizedIDTests"/>
  <testcase name="testNotEquals" time="0.008" classname="com.distrimind.util.tests.DecentralizedIDTests"/>
  <testcase name="testToBytes" time="0.000" classname="com.distrimind.util.tests.DecentralizedIDTests"/>
  <testcase name="testNotEquals" time="0.000" classname="com.distrimind.util.tests.DecentralizedIDTests"/>
  <testcase name="testNotEquals" time="0.000" classname="com.distrimind.util.tests.DecentralizedIDTests"/>
  <testcase name="testNotEquals" time="0.000" classname="com.distrimind.util.tests.DecentralizedIDTests"/>
  <testcase name="testToBytes" time="0.000" classname="com.distrimind.util.tests.DecentralizedIDTests"/>
  <testcase name="testToBytes" time="0.000" classname="com.distrimind.util.tests.DecentralizedIDTests"/>
  <testcase name="testNotEquals" time="0.000" classname="com.distrimind.util.tests.DecentralizedIDTests"/>
  <testcase name="testNotEquals" time="0.000" classname="com.distrimind.util.tests.DecentralizedIDTests"/>
  <testcase name="testNotEquals" time="0.000" classname="com.distrimind.util.tests.DecentralizedIDTests"/>
  <testcase name="testToBytes" time="0.000" classname="com.distrimind.util.tests.DecentralizedIDTests"/>
  <testcase name="testToBytes" time="0.000" classname="com.distrimind.util.tests.DecentralizedIDTests"/>
  <testcase name="testNotEquals" time="0.000" classname="com.distrimind.util.tests.DecentralizedIDTests"/>
  <testcase name="testNotEquals" time="0.000" classname="com.distrimind.util.tests.DecentralizedIDTests"/>
  <testcase name="testToBytes" time="0.000" classname="com.distrimind.util.tests.DecentralizedIDTests"/>
  <testcase name="testNotEquals" time="0.005" classname="com.distrimind.util.tests.DecentralizedIDTests"/>
  <testcase name="testToBytes" time="0.066" classname="com.distrimind.util.tests.DecentralizedIDTests"/>
  <testcase name="testNotEquals" time="0.000" classname="com.distrimind.util.tests.DecentralizedIDTests"/>
  <testcase name="testNotEquals" time="0.000" classname="com.distrimind.util.tests.DecentralizedIDTests"/>
  <testcase name="testNotEquals" time="0.000" classname="com.distrimind.util.tests.DecentralizedIDTests"/>
  <testcase name="testToBytes" time="0.000" classname="com.distrimind.util.tests.DecentralizedIDTests"/>
  <testcase name="testToBytes" time="0.000" classname="com.distrimind.util.tests.DecentralizedIDTests"/>
  <testcase name="testNotEquals" time="0.000" classname="com.distrimind.util.tests.DecentralizedIDTests"/>
  <testcase name="testToBytes" time="0.000" classname="com.distrimind.util.tests.DecentralizedIDTests"/>
  <testcase name="testNotEquals" time="0.000" classname="com.distrimind.util.tests.DecentralizedIDTests"/>
  <testcase name="testToBytes" time="0.000" classname="com.distrimind.util.tests.DecentralizedIDTests"/>
  <testcase name="testToBytes" time="0.000" classname="com.distrimind.util.tests.DecentralizedIDTests"/>
  <testcase name="testToBytes" time="0.000" classname="com.distrimind.util.tests.DecentralizedIDTests"/>
  <testcase name="testNotEquals" time="0.001" classname="com.distrimind.util.tests.DecentralizedIDTests"/>
  <testcase name="testToBytes" time="0.000" classname="com.distrimind.util.tests.DecentralizedIDTests"/>
  <testcase name="testNotEquals" time="0.000" classname="com.distrimind.util.tests.DecentralizedIDTests"/>
  <testcase name="testToBytes" time="0.000" classname="com.distrimind.util.tests.DecentralizedIDTests"/>
  <testcase name="testNotEquals" time="0.000" classname="com.distrimind.util.tests.DecentralizedIDTests"/>
  <testcase name="testNotEquals" time="0.000" classname="com.distrimind.util.tests.DecentralizedIDTests"/>
  <testcase name="testNotEquals" time="0.000" classname="com.distrimind.util.tests.DecentralizedIDTests"/>
  <testcase name="testToBytes" time="0.000" classname="com.distrimind.util.tests.DecentralizedIDTests"/>
  <testcase name="testNotEquals" time="0.018" classname="com.distrimind.util.tests.DecentralizedIDTests"/>
  <testcase name="testToBytes" time="0.002" classname="com.distrimind.util.tests.DecentralizedIDTests"/>
  <testcase name="testNotEquals" time="0.000" classname="com.distrimind.util.tests.DecentralizedIDTests"/>
  <testcase name="testNotEquals" time="0.001" classname="com.distrimind.util.tests.DecentralizedIDTests"/>
  <testcase name="testToBytes" time="0.000" classname="com.distrimind.util.tests.DecentralizedIDTests"/>
  <testcase name="testNotEquals" time="0.000" classname="com.distrimind.util.tests.DecentralizedIDTests"/>
  <testcase name="testToBytes" time="0.000" classname="com.distrimind.util.tests.DecentralizedIDTests"/>
  <testcase name="testToBytes" time="0.000" classname="com.distrimind.util.tests.DecentralizedIDTests"/>
  <testcase name="testToBytes" time="0.000" classname="com.distrimind.util.tests.DecentralizedIDTests"/>
  <testcase name="testToBytes" time="0.000" classname="com.distrimind.util.tests.DecentralizedIDTests"/>
  <testcase name="testToBytes" time="0.000" classname="com.distrimind.util.tests.DecentralizedIDTests"/>
  <testcase name="testToBytes" time="0.000" classname="com.distrimind.util.tests.DecentralizedIDTests"/>
  <testcase name="testToBytes" time="0.000" classname="com.distrimind.util.tests.DecentralizedIDTests"/>
  <testcase name="testNotEquals" time="0.000" classname="com.distrimind.util.tests.DecentralizedIDTests"/>
  <testcase name="testToBytes" time="0.000" classname="com.distrimind.util.tests.DecentralizedIDTests"/>
  <testcase name="testToBytes" time="0.000" classname="com.distrimind.util.tests.DecentralizedIDTests"/>
  <testcase name="testNotEquals" time="0.000" classname="com.distrimind.util.tests.DecentralizedIDTests"/>
  <testcase name="testToBytes" time="0.000" classname="com.distrimind.util.tests.DecentralizedIDTests"/>
  <testcase name="testNotEquals" time="0.001" classname="com.distrimind.util.tests.DecentralizedIDTests"/>
  <testcase name="testToBytes" time="0.000" classname="com.distrimind.util.tests.DecentralizedIDTests"/>
  <testcase name="testToBytes" time="0.000" classname="com.distrimind.util.tests.DecentralizedIDTests"/>
  <testcase name="testNotEquals" time="0.002" classname="com.distrimind.util.tests.DecentralizedIDTests"/>
  <testcase name="testToBytes" time="0.000" classname="com.distrimind.util.tests.DecentralizedIDTests"/>
  <testcase name="testNotEquals" time="0.000" classname="com.distrimind.util.tests.DecentralizedIDTests"/>
  <testcase name="testNotEquals" time="0.000" classname="com.distrimind.util.tests.DecentralizedIDTests"/>
  <testcase name="testNotEquals" time="0.000" classname="com.distrimind.util.tests.DecentralizedIDTests"/>
  <testcase name="testNotEquals" time="0.001" classname="com.distrimind.util.tests.DecentralizedIDTests"/>
  <testcase name="testNotEquals" time="0.000" classname="com.distrimind.util.tests.DecentralizedIDTests"/>
  <testcase name="testNotEquals" time="0.001" classname="com.distrimind.util.tests.DecentralizedIDTests"/>
  <testcase name="testToBytes" time="0.000" classname="com.distrimind.util.tests.DecentralizedIDTests"/>
  <testcase name="testToBytes" time="0.000" classname="com.distrimind.util.tests.DecentralizedIDTests"/>
  <testcase name="testToBytes" time="0.000" classname="com.distrimind.util.tests.DecentralizedIDTests"/>
  <testcase name="testNotEquals" time="0.001" classname="com.distrimind.util.tests.DecentralizedIDTests"/>
  <testcase name="testNotEquals" time="0.000" classname="com.distrimind.util.tests.DecentralizedIDTests"/>
  <testcase name="testNotEquals" time="0.000" classname="com.distrimind.util.tests.DecentralizedIDTests"/>
  <testcase name="testNotEquals" time="0.000" classname="com.distrimind.util.tests.DecentralizedIDTests"/>
  <testcase name="testToBytes" time="0.000" classname="com.distrimind.util.tests.DecentralizedIDTests"/>
  <testcase name="testToBytes" time="0.000" classname="com.distrimind.util.tests.DecentralizedIDTests"/>
  <testcase name="testToBytes" time="0.000" classname="com.distrimind.util.tests.DecentralizedIDTests"/>
  <testcase name="testNotEquals" time="0.007" classname="com.distrimind.util.tests.DecentralizedIDTests"/>
  <testcase name="testToBytes" time="0.088" classname="com.distrimind.util.tests.DecentralizedIDTests"/>
  <testcase name="testNotEquals" time="0.001" classname="com.distrimind.util.tests.DecentralizedIDTests"/>
  <testcase name="testNotEquals" time="0.000" classname="com.distrimind.util.tests.DecentralizedIDTests"/>
  <testcase name="testToBytes" time="0.000" classname="com.distrimind.util.tests.DecentralizedIDTests"/>
  <testcase name="testToBytes" time="0.000" classname="com.distrimind.util.tests.DecentralizedIDTests"/>
  <testcase name="testNotEquals" time="0.000" classname="com.distrimind.util.tests.DecentralizedIDTests"/>
  <testcase name="testToBytes" time="0.000" classname="com.distrimind.util.tests.DecentralizedIDTests"/>
  <testcase name="testToBytes" time="0.000" classname="com.distrimind.util.tests.DecentralizedIDTests"/>
  <testcase name="testNotEquals" time="0.000" classname="com.distrimind.util.tests.DecentralizedIDTests"/>
  <testcase name="testNotEquals" time="0.003" classname="com.distrimind.util.tests.DecentralizedIDTests"/>
  <testcase name="testNotEquals" time="0.000" classname="com.distrimind.util.tests.DecentralizedIDTests"/>
  <testcase name="testNotEquals" time="0.000" classname="com.distrimind.util.tests.DecentralizedIDTests"/>
  <testcase name="testNotEquals" time="0.000" classname="com.distrimind.util.tests.DecentralizedIDTests"/>
  <testcase name="testToBytes" time="0.000" classname="com.distrimind.util.tests.DecentralizedIDTests"/>
  <testcase name="testToBytes" time="0.000" classname="com.distrimind.util.tests.DecentralizedIDTests"/>
  <testcase name="testNotEquals" time="0.009" classname="com.distrimind.util.tests.DecentralizedIDTests"/>
  <testcase name="testToBytes" time="0.000" classname="com.distrimind.util.tests.DecentralizedIDTests"/>
  <testcase name="testToBytes" time="0.000" classname="com.distrimind.util.tests.DecentralizedIDTests"/>
  <testcase name="testToBytes" time="0.000" classname="com.distrimind.util.tests.DecentralizedIDTests"/>
  <testcase name="testNotEquals" time="0.000" classname="com.distrimind.util.tests.DecentralizedIDTests"/>
  <testcase name="testToBytes" time="0.000" classname="com.distrimind.util.tests.DecentralizedIDTests"/>
  <testcase name="testToBytes" time="0.000" classname="com.distrimind.util.tests.DecentralizedIDTests"/>
  <testcase name="testToBytes" time="0.001" classname="com.distrimind.util.tests.DecentralizedIDTests"/>
  <testcase name="testToBytes" time="0.000" classname="com.distrimind.util.tests.DecentralizedIDTests"/>
  <testcase name="testToBytes" time="0.001" classname="com.distrimind.util.tests.DecentralizedIDTests"/>
  <testcase name="testNotEquals" time="0.000" classname="com.distrimind.util.tests.DecentralizedIDTests"/>
  <testcase name="testNotEquals" time="0.001" classname="com.distrimind.util.tests.DecentralizedIDTests"/>
  <testcase name="testToBytes" time="0.000" classname="com.distrimind.util.tests.DecentralizedIDTests"/>
  <testcase name="testToBytes" time="0.000" classname="com.distrimind.util.tests.DecentralizedIDTests"/>
  <testcase name="testNotEquals" time="0.000" classname="com.distrimind.util.tests.DecentralizedIDTests"/>
  <testcase name="testToBytes" time="0.001" classname="com.distrimind.util.tests.DecentralizedIDTests"/>
  <testcase name="testRenforcedDecentralizedID" time="0.908" classname="com.distrimind.util.tests.DecentralizedIDTests"/>
  <testcase name="testToBytes" time="0.000" classname="com.distrimind.util.tests.DecentralizedIDTests"/>
  <testcase name="testNotEquals" time="0.004" classname="com.distrimind.util.tests.DecentralizedIDTests"/>
  <testcase name="testNotEquals" time="0.000" classname="com.distrimind.util.tests.DecentralizedIDTests"/>
  <testcase name="testToBytes" time="0.000" classname="com.distrimind.util.tests.DecentralizedIDTests"/>
  <testcase name="testToBytes" time="0.034" classname="com.distrimind.util.tests.DecentralizedIDTests"/>
  <testcase name="testToBytes" time="0.019" classname="com.distrimind.util.tests.DecentralizedIDTests"/>
  <testcase name="testNotEquals" time="0.000" classname="com.distrimind.util.tests.DecentralizedIDTests"/>
  <testcase name="testNotEquals" time="0.000" classname="com.distrimind.util.tests.DecentralizedIDTests"/>
  <testcase name="testNotEquals" time="0.002" classname="com.distrimind.util.tests.DecentralizedIDTests"/>
  <testcase name="testNotEquals" time="0.000" classname="com.distrimind.util.tests.DecentralizedIDTests"/>
  <testcase name="testToBytes" time="0.000" classname="com.distrimind.util.tests.DecentralizedIDTests"/>
  <testcase name="testToBytes" time="0.000" classname="com.distrimind.util.tests.DecentralizedIDTests"/>
  <testcase name="testToBytes" time="0.001" classname="com.distrimind.util.tests.DecentralizedIDTests"/>
  <testcase name="testToBytes" time="0.001" classname="com.distrimind.util.tests.DecentralizedIDTests"/>
  <testcase name="testToBytes" time="0.000" classname="com.distrimind.util.tests.DecentralizedIDTests"/>
  <testcase name="testToBytes" time="0.000" classname="com.distrimind.util.tests.DecentralizedIDTests"/>
  <testcase name="testToBytes" time="0.000" classname="com.distrimind.util.tests.DecentralizedIDTests"/>
  <testcase name="testToBytes" time="0.000" classname="com.distrimind.util.tests.DecentralizedIDTests"/>
  <testcase name="testToBytes" time="0.000" classname="com.distrimind.util.tests.DecentralizedIDTests"/>
  <testcase name="testNotEquals" time="0.000" classname="com.distrimind.util.tests.DecentralizedIDTests"/>
  <testcase name="testNotEquals" time="0.008" classname="com.distrimind.util.tests.DecentralizedIDTests"/>
  <testcase name="testNotEquals" time="0.006" classname="com.distrimind.util.tests.DecentralizedIDTests"/>
  <testcase name="testToBytes" time="0.000" classname="com.distrimind.util.tests.DecentralizedIDTests"/>
  <testcase name="testToBytes" time="0.000" classname="com.distrimind.util.tests.DecentralizedIDTests"/>
  <testcase name="testNotEquals" time="0.000" classname="com.distrimind.util.tests.DecentralizedIDTests"/>
  <testcase name="testToBytes" time="0.000" classname="com.distrimind.util.tests.DecentralizedIDTests"/>
  <testcase name="testToBytes" time="0.000" classname="com.distrimind.util.tests.DecentralizedIDTests"/>
  <testcase name="testNotEquals" time="0.001" classname="com.distrimind.util.tests.DecentralizedIDTests"/>
  <testcase name="testNotEquals" time="0.000" classname="com.distrimind.util.tests.DecentralizedIDTests"/>
  <testcase name="testNotEquals" time="0.001" classname="com.distrimind.util.tests.DecentralizedIDTests"/>
  <testcase name="testNotEquals" time="0.000" classname="com.distrimind.util.tests.DecentralizedIDTests"/>
  <testcase name="testNotEquals" time="0.000" classname="com.distrimind.util.tests.DecentralizedIDTests"/>
  <testcase name="testNotEquals" time="0.000" classname="com.distrimind.util.tests.DecentralizedIDTests"/>
  <testcase name="testToBytes" time="0.000" classname="com.distrimind.util.tests.DecentralizedIDTests"/>
  <testcase name="testNotEquals" time="0.000" classname="com.distrimind.util.tests.DecentralizedIDTests"/>
  <testcase name="testToBytes" time="0.000" classname="com.distrimind.util.tests.DecentralizedIDTests"/>
  <testcase name="testNotEquals" time="0.000" classname="com.distrimind.util.tests.DecentralizedIDTests"/>
  <testcase name="testToBytes" time="0.000" classname="com.distrimind.util.tests.DecentralizedIDTests"/>
  <testcase name="testNotEquals" time="0.000" classname="com.distrimind.util.tests.DecentralizedIDTests"/>
  <testcase name="testNotEquals" time="0.001" classname="com.distrimind.util.tests.DecentralizedIDTests"/>
  <testcase name="testNotEquals" time="0.000" classname="com.distrimind.util.tests.DecentralizedIDTests"/>
  <testcase name="testToBytes" time="0.000" classname="com.distrimind.util.tests.DecentralizedIDTests"/>
  <testcase name="testToBytes" time="0.001" classname="com.distrimind.util.tests.DecentralizedIDTests"/>
  <testcase name="testNotEquals" time="0.013" classname="com.distrimind.util.tests.DecentralizedIDTests"/>
  <testcase name="testToBytes" time="0.000" classname="com.distrimind.util.tests.DecentralizedIDTests"/>
  <testcase name="testToBytes" time="0.000" classname="com.distrimind.util.tests.DecentralizedIDTests"/>
  <testcase name="testNotEquals" time="0.001" classname="com.distrimind.util.tests.DecentralizedIDTests"/>
  <testcase name="testNotEquals" time="0.000" classname="com.distrimind.util.tests.DecentralizedIDTests"/>
  <testcase name="testToBytes" time="0.000" classname="com.distrimind.util.tests.DecentralizedIDTests"/>
  <testcase name="testNotEquals" time="0.002" classname="com.distrimind.util.tests.DecentralizedIDTests"/>
  <testcase name="testToBytes" time="0.000" classname="com.distrimind.util.tests.DecentralizedIDTests"/>
  <testcase name="testToBytes" time="0.000" classname="com.distrimind.util.tests.DecentralizedIDTests"/>
  <testcase name="testToBytes" time="0.001" classname="com.distrimind.util.tests.DecentralizedIDTests"/>
  <testcase name="testToBytes" time="0.001" classname="com.distrimind.util.tests.DecentralizedIDTests"/>
  <testcase name="testNotEquals" time="0.000" classname="com.distrimind.util.tests.DecentralizedIDTests"/>
  <testcase name="testToBytes" time="0.000" classname="com.distrimind.util.tests.DecentralizedIDTests"/>
  <testcase name="testNotEquals" time="0.000" classname="com.distrimind.util.tests.DecentralizedIDTests"/>
  <testcase name="testToBytes" time="0.000" classname="com.distrimind.util.tests.DecentralizedIDTests"/>
  <testcase name="testToBytes" time="0.000" classname="com.distrimind.util.tests.DecentralizedIDTests"/>
  <testcase name="testToBytes" time="0.000" classname="com.distrimind.util.tests.DecentralizedIDTests"/>
  <testcase name="testNotEquals" time="0.009" classname="com.distrimind.util.tests.DecentralizedIDTests"/>
  <testcase name="testToBytes" time="0.000" classname="com.distrimind.util.tests.DecentralizedIDTests"/>
  <testcase name="testNotEquals" time="0.005" classname="com.distrimind.util.tests.DecentralizedIDTests"/>
  <testcase name="testNotEquals" time="0.001" classname="com.distrimind.util.tests.DecentralizedIDTests"/>
  <testcase name="testNotEquals" time="0.000" classname="com.distrimind.util.tests.DecentralizedIDTests"/>
  <testcase name="testToBytes" time="0.000" classname="com.distrimind.util.tests.DecentralizedIDTests"/>
  <testcase name="testToBytes" time="0.000" classname="com.distrimind.util.tests.DecentralizedIDTests"/>
  <testcase name="testToBytes" time="0.000" classname="com.distrimind.util.tests.DecentralizedIDTests"/>
  <testcase name="testNotEquals" time="0.000" classname="com.distrimind.util.tests.DecentralizedIDTests"/>
  <testcase name="testToBytes" time="0.000" classname="com.distrimind.util.tests.DecentralizedIDTests"/>
  <testcase name="testToBytes" time="0.000" classname="com.distrimind.util.tests.DecentralizedIDTests"/>
  <testcase name="testNotEquals" time="0.016" classname="com.distrimind.util.tests.DecentralizedIDTests"/>
  <testcase name="testToBytes" time="0.000" classname="com.distrimind.util.tests.DecentralizedIDTests"/>
  <testcase name="testNotEquals" time="0.000" classname="com.distrimind.util.tests.DecentralizedIDTests"/>
  <testcase name="testNotEquals" time="0.000" classname="com.distrimind.util.tests.DecentralizedIDTests"/>
  <testcase name="testNotEquals" time="0.005" classname="com.distrimind.util.tests.DecentralizedIDTests"/>
  <testcase name="testToBytes" time="0.000" classname="com.distrimind.util.tests.DecentralizedIDTests"/>
  <testcase name="testNotEquals" time="0.000" classname="com.distrimind.util.tests.DecentralizedIDTests"/>
  <testcase name="testToBytes" time="0.000" classname="com.distrimind.util.tests.DecentralizedIDTests"/>
  <testcase name="testToBytes" time="0.000" classname="com.distrimind.util.tests.DecentralizedIDTests"/>
  <testcase name="testNotEquals" time="0.000" classname="com.distrimind.util.tests.DecentralizedIDTests"/>
  <testcase name="testToBytes" time="0.000" classname="com.distrimind.util.tests.DecentralizedIDTests"/>
  <testcase name="testToBytes" time="0.000" classname="com.distrimind.util.tests.DecentralizedIDTests"/>
  <testcase name="testToBytes" time="0.000" classname="com.distrimind.util.tests.DecentralizedIDTests"/>
  <testcase name="testNotEquals" time="0.000" classname="com.distrimind.util.tests.DecentralizedIDTests"/>
  <testcase name="testToBytes" time="0.000" classname="com.distrimind.util.tests.DecentralizedIDTests"/>
  <testcase name="testToBytes" time="0.000" classname="com.distrimind.util.tests.DecentralizedIDTests"/>
  <testcase name="testToBytes" time="0.000" classname="com.distrimind.util.tests.DecentralizedIDTests"/>
  <testcase name="testToBytes" time="0.001" classname="com.distrimind.util.tests.DecentralizedIDTests"/>
  <testcase name="testToBytes" time="0.000" classname="com.distrimind.util.tests.DecentralizedIDTests"/>
  <testcase name="testToBytes" time="0.000" classname="com.distrimind.util.tests.DecentralizedIDTests"/>
  <testcase name="testToBytes" time="0.000" classname="com.distrimind.util.tests.DecentralizedIDTests"/>
  <testcase name="testToBytes" time="0.000" classname="com.distrimind.util.tests.DecentralizedIDTests"/>
  <testcase name="testToBytes" time="0.001" classname="com.distrimind.util.tests.DecentralizedIDTests"/>
  <testcase name="testNotEquals" time="0.006" classname="com.distrimind.util.tests.DecentralizedIDTests"/>
  <testcase name="testToBytes" time="0.000" classname="com.distrimind.util.tests.DecentralizedIDTests"/>
  <testcase name="testNotEquals" time="0.000" classname="com.distrimind.util.tests.DecentralizedIDTests"/>
  <testcase name="testToBytes" time="0.000" classname="com.distrimind.util.tests.DecentralizedIDTests"/>
  <testcase name="testToBytes" time="0.000" classname="com.distrimind.util.tests.DecentralizedIDTests"/>
  <testcase name="testNotEquals" time="0.000" classname="com.distrimind.util.tests.DecentralizedIDTests"/>
  <testcase name="testNotEquals" time="0.000" classname="com.distrimind.util.tests.DecentralizedIDTests"/>
  <testcase name="testToBytes" time="0.000" classname="com.distrimind.util.tests.DecentralizedIDTests"/>
  <testcase name="testNotEquals" time="0.000" classname="com.distrimind.util.tests.DecentralizedIDTests"/>
  <testcase name="testToBytes" time="0.000" classname="com.distrimind.util.tests.DecentralizedIDTests"/>
  <testcase name="testNotEquals" time="0.000" classname="com.distrimind.util.tests.DecentralizedIDTests"/>
  <testcase name="testNotEquals" time="0.000" classname="com.distrimind.util.tests.DecentralizedIDTests"/>
  <testcase name="testNotEquals" time="0.000" classname="com.distrimind.util.tests.DecentralizedIDTests"/>
  <testcase name="testToBytes" time="0.000" classname="com.distrimind.util.tests.DecentralizedIDTests"/>
  <testcase name="testToBytes" time="0.000" classname="com.distrimind.util.tests.DecentralizedIDTests"/>
  <testcase name="testNotEquals" time="0.001" classname="com.distrimind.util.tests.DecentralizedIDTests"/>
  <testcase name="testNotEquals" time="0.000" classname="com.distrimind.util.tests.DecentralizedIDTests"/>
  <testcase name="testNotEquals" time="0.001" classname="com.distrimind.util.tests.DecentralizedIDTests"/>
  <testcase name="testNotEquals" time="0.000" classname="com.distrimind.util.tests.DecentralizedIDTests"/>
  <testcase name="testNotEquals" time="0.000" classname="com.distrimind.util.tests.DecentralizedIDTests"/>
  <testcase name="testNotEquals" time="0.000" classname="com.distrimind.util.tests.DecentralizedIDTests"/>
  <testcase name="testNotEquals" time="0.000" classname="com.distrimind.util.tests.DecentralizedIDTests"/>
  <testcase name="testToBytes" time="0.000" classname="com.distrimind.util.tests.DecentralizedIDTests"/>
  <testcase name="testNotEquals" time="0.000" classname="com.distrimind.util.tests.DecentralizedIDTests"/>
  <testcase name="testToBytes" time="0.000" classname="com.distrimind.util.tests.DecentralizedIDTests"/>
  <testcase name="testNotEquals" time="0.000" classname="com.distrimind.util.tests.DecentralizedIDTests"/>
  <testcase name="testToBytes" time="0.000" classname="com.distrimind.util.tests.DecentralizedIDTests"/>
  <testcase name="testToBytes" time="0.000" classname="com.distrimind.util.tests.DecentralizedIDTests"/>
  <testcase name="testToBytes" time="0.000" classname="com.distrimind.util.tests.DecentralizedIDTests"/>
  <testcase name="testToBytes" time="0.000" classname="com.distrimind.util.tests.DecentralizedIDTests"/>
  <testcase name="testNotEquals" time="0.000" classname="com.distrimind.util.tests.DecentralizedIDTests"/>
  <testcase name="testToBytes" time="0.000" classname="com.distrimind.util.tests.DecentralizedIDTests"/>
  <testcase name="testNotEquals" time="0.000" classname="com.distrimind.util.tests.DecentralizedIDTests"/>
  <testcase name="testNotEquals" time="0.000" classname="com.distrimind.util.tests.DecentralizedIDTests"/>
  <testcase name="testNotEquals" time="0.000" classname="com.distrimind.util.tests.DecentralizedIDTests"/>
  <testcase name="testNotEquals" time="0.000" classname="com.distrimind.util.tests.DecentralizedIDTests"/>
  <testcase name="testNotEquals" time="0.001" classname="com.distrimind.util.tests.DecentralizedIDTests"/>
  <testcase name="testToBytes" time="0.000" classname="com.distrimind.util.tests.DecentralizedIDTests"/>
  <testcase name="testNotEquals" time="0.000" classname="com.distrimind.util.tests.DecentralizedIDTests"/>
  <testcase name="testToBytes" time="0.000" classname="com.distrimind.util.tests.DecentralizedIDTests"/>
  <testcase name="testNotEquals" time="0.000" classname="com.distrimind.util.tests.DecentralizedIDTests"/>
  <testcase name="testToBytes" time="0.000" classname="com.distrimind.util.tests.DecentralizedIDTests"/>
  <testcase name="testToBytes" time="0.000" classname="com.distrimind.util.tests.DecentralizedIDTests"/>
  <testcase name="testToBytes" time="0.000" classname="com.distrimind.util.tests.DecentralizedIDTests"/>
  <testcase name="testToBytes" time="0.000" classname="com.distrimind.util.tests.DecentralizedIDTests"/>
  <testcase name="testToBytes" time="0.000" classname="com.distrimind.util.tests.DecentralizedIDTests"/>
  <testcase name="testNotEquals" time="0.000" classname="com.distrimind.util.tests.DecentralizedIDTests"/>
  <testcase name="testNotEquals" time="0.000" classname="com.distrimind.util.tests.DecentralizedIDTests"/>
  <testcase name="testToBytes" time="0.000" classname="com.distrimind.util.tests.DecentralizedIDTests"/>
  <testcase name="testToBytes" time="0.000" classname="com.distrimind.util.tests.DecentralizedIDTests"/>
  <testcase name="testNotEquals" time="0.000" classname="com.distrimind.util.tests.DecentralizedIDTests"/>
  <testcase name="testNotEquals" time="0.000" classname="com.distrimind.util.tests.DecentralizedIDTests"/>
  <testcase name="testNotEquals" time="0.002" classname="com.distrimind.util.tests.DecentralizedIDTests"/>
  <testcase name="testNotEquals" time="0.000" classname="com.distrimind.util.tests.DecentralizedIDTests"/>
  <testcase name="testToBytes" time="0.000" classname="com.distrimind.util.tests.DecentralizedIDTests"/>
  <testcase name="testNotEquals" time="0.000" classname="com.distrimind.util.tests.DecentralizedIDTests"/>
  <testcase name="testToBytes" time="0.000" classname="com.distrimind.util.tests.DecentralizedIDTests"/>
  <testcase name="testToBytes" time="0.000" classname="com.distrimind.util.tests.DecentralizedIDTests"/>
  <testcase name="testToBytes" time="0.000" classname="com.distrimind.util.tests.DecentralizedIDTests"/>
  <testcase name="testToBytes" time="0.000" classname="com.distrimind.util.tests.DecentralizedIDTests"/>
  <testcase name="testNotEquals" time="0.001" classname="com.distrimind.util.tests.DecentralizedIDTests"/>
  <testcase name="testNotEquals" time="0.000" classname="com.distrimind.util.tests.DecentralizedIDTests"/>
  <testcase name="testToBytes" time="0.000" classname="com.distrimind.util.tests.DecentralizedIDTests"/>
  <testcase name="testNotEquals" time="0.000" classname="com.distrimind.util.tests.DecentralizedIDTests"/>
  <testcase name="testToBytes" time="0.000" classname="com.distrimind.util.tests.DecentralizedIDTests"/>
  <testcase name="testNotEquals" time="0.000" classname="com.distrimind.util.tests.DecentralizedIDTests"/>
  <testcase name="testNotEquals" time="0.000" classname="com.distrimind.util.tests.DecentralizedIDTests"/>
  <testcase name="testNotEquals" time="0.000" classname="com.distrimind.util.tests.DecentralizedIDTests"/>
  <testcase name="testToBytes" time="0.000" classname="com.distrimind.util.tests.DecentralizedIDTests"/>
  <testcase name="testNotEquals" time="0.000" classname="com.distrimind.util.tests.DecentralizedIDTests"/>
  <testcase name="testNotEquals" time="0.001" classname="com.distrimind.util.tests.DecentralizedIDTests"/>
  <testcase name="testToBytes" time="0.000" classname="com.distrimind.util.tests.DecentralizedIDTests"/>
  <testcase name="testNotEquals" time="0.000" classname="com.distrimind.util.tests.DecentralizedIDTests"/>
  <testcase name="testNotEquals" time="0.001" classname="com.distrimind.util.tests.DecentralizedIDTests"/>
  <testcase name="testToBytes" time="0.000" classname="com.distrimind.util.tests.DecentralizedIDTests"/>
  <testcase name="testToBytes" time="0.000" classname="com.distrimind.util.tests.DecentralizedIDTests"/>
  <testcase name="testNotEquals" time="0.000" classname="com.distrimind.util.tests.DecentralizedIDTests"/>
  <testcase name="testToBytes" time="0.001" classname="com.distrimind.util.tests.DecentralizedIDTests"/>
  <testcase name="testNotEquals" time="0.000" classname="com.distrimind.util.tests.DecentralizedIDTests"/>
  <testcase name="testToBytes" time="0.000" classname="com.distrimind.util.tests.DecentralizedIDTests"/>
  <testcase name="testNotEquals" time="0.020" classname="com.distrimind.util.tests.DecentralizedIDTests"/>
  <testcase name="testNotEquals" time="0.001" classname="com.distrimind.util.tests.DecentralizedIDTests"/>
  <testcase name="testNotEquals" time="0.000" classname="com.distrimind.util.tests.DecentralizedIDTests"/>
  <testcase name="testNotEquals" time="0.000" classname="com.distrimind.util.tests.DecentralizedIDTests"/>
  <testcase name="testNotEquals" time="0.000" classname="com.distrimind.util.tests.DecentralizedIDTests"/>
  <testcase name="testNotEquals" time="0.001" classname="com.distrimind.util.tests.DecentralizedIDTests"/>
  <testcase name="testNotEquals" time="0.000" classname="com.distrimind.util.tests.DecentralizedIDTests"/>
  <testcase name="testNotEquals" time="0.000" classname="com.distrimind.util.tests.DecentralizedIDTests"/>
  <testcase name="testToBytes" time="0.000" classname="com.distrimind.util.tests.DecentralizedIDTests"/>
  <testcase name="testNotEquals" time="0.000" classname="com.distrimind.util.tests.DecentralizedIDTests"/>
  <testcase name="testNotEquals" time="0.000" classname="com.distrimind.util.tests.DecentralizedIDTests"/>
  <testcase name="testNotEquals" time="0.000" classname="com.distrimind.util.tests.DecentralizedIDTests"/>
  <testcase name="testToBytes" time="0.000" classname="com.distrimind.util.tests.DecentralizedIDTests"/>
  <testcase name="testNotEquals" time="0.000" classname="com.distrimind.util.tests.DecentralizedIDTests"/>
  <testcase name="testNotEquals" time="0.001" classname="com.distrimind.util.tests.DecentralizedIDTests"/>
  <testcase name="testToBytes" time="0.000" classname="com.distrimind.util.tests.DecentralizedIDTests"/>
  <testcase name="testNotEquals" time="0.000" classname="com.distrimind.util.tests.DecentralizedIDTests"/>
  <testcase name="testToBytes" time="0.000" classname="com.distrimind.util.tests.DecentralizedIDTests"/>
  <testcase name="testToBytes" time="0.000" classname="com.distrimind.util.tests.DecentralizedIDTests"/>
  <testcase name="testNotEquals" time="0.000" classname="com.distrimind.util.tests.DecentralizedIDTests"/>
  <testcase name="testNotEquals" time="0.000" classname="com.distrimind.util.tests.DecentralizedIDTests"/>
  <testcase name="testToBytes" time="0.000" classname="com.distrimind.util.tests.DecentralizedIDTests"/>
  <testcase name="testNotEquals" time="0.000" classname="com.distrimind.util.tests.DecentralizedIDTests"/>
  <testcase name="testNotEquals" time="0.001" classname="com.distrimind.util.tests.DecentralizedIDTests"/>
  <testcase name="testToBytes" time="0.000" classname="com.distrimind.util.tests.DecentralizedIDTests"/>
  <testcase name="testToBytes" time="0.000" classname="com.distrimind.util.tests.DecentralizedIDTests"/>
  <testcase name="testToBytes" time="0.000" classname="com.distrimind.util.tests.DecentralizedIDTests"/>
  <testcase name="testNotEquals" time="0.000" classname="com.distrimind.util.tests.DecentralizedIDTests"/>
  <testcase name="testToBytes" time="0.000" classname="com.distrimind.util.tests.DecentralizedIDTests"/>
  <testcase name="testToBytes" time="0.000" classname="com.distrimind.util.tests.DecentralizedIDTests"/>
  <testcase name="testNotEquals" time="0.002" classname="com.distrimind.util.tests.DecentralizedIDTests"/>
  <testcase name="testNotEquals" time="0.001" classname="com.distrimind.util.tests.DecentralizedIDTests"/>
  <testcase name="testToBytes" time="0.000" classname="com.distrimind.util.tests.DecentralizedIDTests"/>
  <testcase name="testNotEquals" time="0.000" classname="com.distrimind.util.tests.DecentralizedIDTests"/>
  <testcase name="testToBytes" time="0.000" classname="com.distrimind.util.tests.DecentralizedIDTests"/>
  <testcase name="testToBytes" time="0.000" classname="com.distrimind.util.tests.DecentralizedIDTests"/>
  <testcase name="testToBytes" time="0.000" classname="com.distrimind.util.tests.DecentralizedIDTests"/>
  <testcase name="testNotEquals" time="0.000" classname="com.distrimind.util.tests.DecentralizedIDTests"/>
  <testcase name="testNotEquals" time="0.000" classname="com.distrimind.util.tests.DecentralizedIDTests"/>
  <testcase name="testToBytes" time="0.000" classname="com.distrimind.util.tests.DecentralizedIDTests"/>
  <testcase name="testNotEquals" time="0.000" classname="com.distrimind.util.tests.DecentralizedIDTests"/>
  <testcase name="testToBytes" time="0.000" classname="com.distrimind.util.tests.DecentralizedIDTests"/>
  <testcase name="testToBytes" time="0.093" classname="com.distrimind.util.tests.DecentralizedIDTests"/>
  <testcase name="testNotEquals" time="0.000" classname="com.distrimind.util.tests.DecentralizedIDTests"/>
  <testcase name="testToBytes" time="0.000" classname="com.distrimind.util.tests.DecentralizedIDTests"/>
  <testcase name="testToBytes" time="0.000" classname="com.distrimind.util.tests.DecentralizedIDTests"/>
  <testcase name="testToBytes" time="0.094" classname="com.distrimind.util.tests.DecentralizedIDTests"/>
  <testcase name="testNotEquals" time="0.000" classname="com.distrimind.util.tests.DecentralizedIDTests"/>
  <testcase name="testNotEquals" time="0.000" classname="com.distrimind.util.tests.DecentralizedIDTests"/>
  <testcase name="testNotEquals" time="0.000" classname="com.distrimind.util.tests.DecentralizedIDTests"/>
  <testcase name="testToBytes" time="0.004" classname="com.distrimind.util.tests.DecentralizedIDTests"/>
  <testcase name="testNotEquals" time="0.001" classname="com.distrimind.util.tests.DecentralizedIDTests"/>
  <testcase name="testNotEquals" time="0.001" classname="com.distrimind.util.tests.DecentralizedIDTests"/>
  <testcase name="testNotEquals" time="0.000" classname="com.distrimind.util.tests.DecentralizedIDTests"/>
  <testcase name="testNotEquals" time="0.000" classname="com.distrimind.util.tests.DecentralizedIDTests"/>
  <testcase name="testNotEquals" time="0.000" classname="com.distrimind.util.tests.DecentralizedIDTests"/>
  <testcase name="testToBytes" time="0.000" classname="com.distrimind.util.tests.DecentralizedIDTests"/>
  <testcase name="testToBytes" time="0.000" classname="com.distrimind.util.tests.DecentralizedIDTests"/>
  <testcase name="testNotEquals" time="0.000" classname="com.distrimind.util.tests.DecentralizedIDTests"/>
  <testcase name="testNotEquals" time="0.000" classname="com.distrimind.util.tests.DecentralizedIDTests"/>
  <testcase name="testNotEquals" time="0.000" classname="com.distrimind.util.tests.DecentralizedIDTests"/>
  <testcase name="testNotEquals" time="0.001" classname="com.distrimind.util.tests.DecentralizedIDTests"/>
  <testcase name="testNotEquals" time="0.000" classname="com.distrimind.util.tests.DecentralizedIDTests"/>
  <testcase name="testNotEquals" time="0.000" classname="com.distrimind.util.tests.DecentralizedIDTests"/>
  <testcase name="testToBytes" time="0.000" classname="com.distrimind.util.tests.DecentralizedIDTests"/>
  <testcase name="testToBytes" time="0.000" classname="com.distrimind.util.tests.DecentralizedIDTests"/>
  <testcase name="testNotEquals" time="0.000" classname="com.distrimind.util.tests.DecentralizedIDTests"/>
  <testcase name="testNotEquals" time="0.000" classname="com.distrimind.util.tests.DecentralizedIDTests"/>
  <testcase name="testToBytes" time="0.001" classname="com.distrimind.util.tests.DecentralizedIDTests"/>
  <testcase name="testNotEquals" time="0.000" classname="com.distrimind.util.tests.DecentralizedIDTests"/>
  <testcase name="testToBytes" time="0.000" classname="com.distrimind.util.tests.DecentralizedIDTests"/>
  <testcase name="testToBytes" time="0.000" classname="com.distrimind.util.tests.DecentralizedIDTests"/>
  <testcase name="testToBytes" time="0.000" classname="com.distrimind.util.tests.DecentralizedIDTests"/>
  <testcase name="testToBytes" time="0.000" classname="com.distrimind.util.tests.DecentralizedIDTests"/>
  <testcase name="testToBytes" time="0.000" classname="com.distrimind.util.tests.DecentralizedIDTests"/>
  <testcase name="testToBytes" time="0.000" classname="com.distrimind.util.tests.DecentralizedIDTests"/>
  <testcase name="testNotEquals" time="0.000" classname="com.distrimind.util.tests.DecentralizedIDTests"/>
  <testcase name="testToBytes" time="0.000" classname="com.distrimind.util.tests.DecentralizedIDTests"/>
  <testcase name="testToBytes" time="0.000" classname="com.distrimind.util.tests.DecentralizedIDTests"/>
  <testcase name="testNotEquals" time="0.000" classname="com.distrimind.util.tests.DecentralizedIDTests"/>
  <testcase name="testToBytes" time="0.000" classname="com.distrimind.util.tests.DecentralizedIDTests"/>
  <testcase name="testToBytes" time="0.000" classname="com.distrimind.util.tests.DecentralizedIDTests"/>
  <testcase name="testNotEquals" time="0.000" classname="com.distrimind.util.tests.DecentralizedIDTests"/>
  <testcase name="testToBytes" time="0.000" classname="com.distrimind.util.tests.DecentralizedIDTests"/>
  <testcase name="testToBytes" time="0.000" classname="com.distrimind.util.tests.DecentralizedIDTests"/>
  <testcase name="testToBytes" time="0.000" classname="com.distrimind.util.tests.DecentralizedIDTests"/>
  <testcase name="testNotEquals" time="0.000" classname="com.distrimind.util.tests.DecentralizedIDTests"/>
  <testcase name="testNotEquals" time="0.000" classname="com.distrimind.util.tests.DecentralizedIDTests"/>
  <testcase name="testToBytes" time="0.001" classname="com.distrimind.util.tests.DecentralizedIDTests"/>
  <testcase name="testNotEquals" time="0.001" classname="com.distrimind.util.tests.DecentralizedIDTests"/>
  <testcase name="testToBytes" time="0.000" classname="com.distrimind.util.tests.DecentralizedIDTests"/>
  <testcase name="testNotEquals" time="0.000" classname="com.distrimind.util.tests.DecentralizedIDTests"/>
  <testcase name="testNotEquals" time="0.000" classname="com.distrimind.util.tests.DecentralizedIDTests"/>
  <testcase name="testNotEquals" time="0.001" classname="com.distrimind.util.tests.DecentralizedIDTests"/>
  <testcase name="testNotEquals" time="0.001" classname="com.distrimind.util.tests.DecentralizedIDTests"/>
  <testcase name="testToBytes" time="0.000" classname="com.distrimind.util.tests.DecentralizedIDTests"/>
  <testcase name="testToBytes" time="0.000" classname="com.distrimind.util.tests.DecentralizedIDTests"/>
  <testcase name="testToBytes" time="0.000" classname="com.distrimind.util.tests.DecentralizedIDTests"/>
  <testcase name="testToBytes" time="0.000" classname="com.distrimind.util.tests.DecentralizedIDTests"/>
  <testcase name="testToBytes" time="0.000" classname="com.distrimind.util.tests.DecentralizedIDTests"/>
  <testcase name="testToBytes" time="0.000" classname="com.distrimind.util.tests.DecentralizedIDTests"/>
  <testcase name="testToBytes" time="0.000" classname="com.distrimind.util.tests.DecentralizedIDTests"/>
  <testcase name="testNotEquals" time="0.000" classname="com.distrimind.util.tests.DecentralizedIDTests"/>
  <testcase name="testNotEquals" time="0.019" classname="com.distrimind.util.tests.DecentralizedIDTests"/>
  <testcase name="testToBytes" time="0.000" classname="com.distrimind.util.tests.DecentralizedIDTests"/>
  <testcase name="testNotEquals" time="0.000" classname="com.distrimind.util.tests.DecentralizedIDTests"/>
  <testcase name="testNotEquals" time="0.000" classname="com.distrimind.util.tests.DecentralizedIDTests"/>
  <testcase name="testNotEquals" time="0.000" classname="com.distrimind.util.tests.DecentralizedIDTests"/>
  <testcase name="testNotEquals" time="0.000" classname="com.distrimind.util.tests.DecentralizedIDTests"/>
  <testcase name="testToBytes" time="0.000" classname="com.distrimind.util.tests.DecentralizedIDTests"/>
  <testcase name="testNotEquals" time="0.000" classname="com.distrimind.util.tests.DecentralizedIDTests"/>
  <testcase name="testToBytes" time="0.001" classname="com.distrimind.util.tests.DecentralizedIDTests"/>
  <testcase name="testNotEquals" time="0.000" classname="com.distrimind.util.tests.DecentralizedIDTests"/>
  <testcase name="testNotEquals" time="0.008" classname="com.distrimind.util.tests.DecentralizedIDTests"/>
  <testcase name="testToBytes" time="0.000" classname="com.distrimind.util.tests.DecentralizedIDTests"/>
  <testcase name="testToBytes" time="0.004" classname="com.distrimind.util.tests.DecentralizedIDTests"/>
  <testcase name="testToBytes" time="0.000" classname="com.distrimind.util.tests.DecentralizedIDTests"/>
  <testcase name="testToBytes" time="0.000" classname="com.distrimind.util.tests.DecentralizedIDTests"/>
  <testcase name="testToBytes" time="0.000" classname="com.distrimind.util.tests.DecentralizedIDTests"/>
  <testcase name="testNotEquals" time="0.000" classname="com.distrimind.util.tests.DecentralizedIDTests"/>
  <testcase name="testNotEquals" time="0.000" classname="com.distrimind.util.tests.DecentralizedIDTests"/>
  <testcase name="testToBytes" time="0.000" classname="com.distrimind.util.tests.DecentralizedIDTests"/>
  <testcase name="testToBytes" time="0.009" classname="com.distrimind.util.tests.DecentralizedIDTests"/>
  <testcase name="testToBytes" time="0.000" classname="com.distrimind.util.tests.DecentralizedIDTests"/>
  <testcase name="testNotEquals" time="0.001" classname="com.distrimind.util.tests.DecentralizedIDTests"/>
  <testcase name="testNotEquals" time="0.000" classname="com.distrimind.util.tests.DecentralizedIDTests"/>
  <testcase name="testNotEquals" time="0.002" classname="com.distrimind.util.tests.DecentralizedIDTests"/>
  <testcase name="testNotEquals" time="0.001" classname="com.distrimind.util.tests.DecentralizedIDTests"/>
  <testcase name="testToBytes" time="0.000" classname="com.distrimind.util.tests.DecentralizedIDTests"/>
  <testcase name="testToBytes" time="0.000" classname="com.distrimind.util.tests.DecentralizedIDTests"/>
  <testcase name="testToBytes" time="0.000" classname="com.distrimind.util.tests.DecentralizedIDTests"/>
  <testcase name="testNotEquals" time="0.000" classname="com.distrimind.util.tests.DecentralizedIDTests"/>
  <testcase name="testNotEquals" time="0.000" classname="com.distrimind.util.tests.DecentralizedIDTests"/>
  <testcase name="testNotEquals" time="0.001" classname="com.distrimind.util.tests.DecentralizedIDTests"/>
  <testcase name="testNotEquals" time="0.000" classname="com.distrimind.util.tests.DecentralizedIDTests"/>
  <testcase name="testNotEquals" time="0.000" classname="com.distrimind.util.tests.DecentralizedIDTests"/>
  <testcase name="testNotEquals" time="0.001" classname="com.distrimind.util.tests.DecentralizedIDTests"/>
  <testcase name="testToBytes" time="0.000" classname="com.distrimind.util.tests.DecentralizedIDTests"/>
  <testcase name="testNotEquals" time="0.000" classname="com.distrimind.util.tests.DecentralizedIDTests"/>
  <testcase name="testNotEquals" time="0.000" classname="com.distrimind.util.tests.DecentralizedIDTests"/>
  <testcase name="testToBytes" time="0.000" classname="com.distrimind.util.tests.DecentralizedIDTests"/>
  <testcase name="testToBytes" time="0.000" classname="com.distrimind.util.tests.DecentralizedIDTests"/>
  <testcase name="testToBytes" time="0.000" classname="com.distrimind.util.tests.DecentralizedIDTests"/>
  <testcase name="testToBytes" time="0.000" classname="com.distrimind.util.tests.DecentralizedIDTests"/>
  <testcase name="testToBytes" time="0.000" classname="com.distrimind.util.tests.DecentralizedIDTests"/>
  <testcase name="testToBytes" time="0.000" classname="com.distrimind.util.tests.DecentralizedIDTests"/>
  <testcase name="testNotEquals" time="0.000" classname="com.distrimind.util.tests.DecentralizedIDTests"/>
  <testcase name="testToBytes" time="0.000" classname="com.distrimind.util.tests.DecentralizedIDTests"/>
  <testcase name="testNotEquals" time="0.000" classname="com.distrimind.util.tests.DecentralizedIDTests"/>
  <testcase name="testNotEquals" time="0.000" classname="com.distrimind.util.tests.DecentralizedIDTests"/>
  <testcase name="testNotEquals" time="0.026" classname="com.distrimind.util.tests.DecentralizedIDTests"/>
  <testcase name="testToBytes" time="0.000" classname="com.distrimind.util.tests.DecentralizedIDTests"/>
  <testcase name="testNotEquals" time="0.001" classname="com.distrimind.util.tests.DecentralizedIDTests"/>
  <testcase name="testToBytes" time="0.000" classname="com.distrimind.util.tests.DecentralizedIDTests"/>
  <testcase name="testNotEquals" time="0.001" classname="com.distrimind.util.tests.DecentralizedIDTests"/>
  <testcase name="testToBytes" time="0.000" classname="com.distrimind.util.tests.DecentralizedIDTests"/>
  <testcase name="testToBytes" time="0.000" classname="com.distrimind.util.tests.DecentralizedIDTests"/>
  <testcase name="testToBytes" time="0.000" classname="com.distrimind.util.tests.DecentralizedIDTests"/>
  <testcase name="testNotEquals" time="0.000" classname="com.distrimind.util.tests.DecentralizedIDTests"/>
  <testcase name="testNotEquals" time="0.000" classname="com.distrimind.util.tests.DecentralizedIDTests"/>
  <testcase name="testToBytes" time="0.000" classname="com.distrimind.util.tests.DecentralizedIDTests"/>
  <testcase name="testToBytes" time="0.000" classname="com.distrimind.util.tests.DecentralizedIDTests"/>
  <testcase name="testNotEquals" time="0.000" classname="com.distrimind.util.tests.DecentralizedIDTests"/>
  <testcase name="testToBytes" time="0.000" classname="com.distrimind.util.tests.DecentralizedIDTests"/>
  <testcase name="testNotEquals" time="0.000" classname="com.distrimind.util.tests.DecentralizedIDTests"/>
  <testcase name="testToBytes" time="0.000" classname="com.distrimind.util.tests.DecentralizedIDTests"/>
  <testcase name="testNotEquals" time="0.000" classname="com.distrimind.util.tests.DecentralizedIDTests"/>
  <testcase name="testNotEquals" time="0.000" classname="com.distrimind.util.tests.DecentralizedIDTests"/>
  <testcase name="testToBytes" time="0.000" classname="com.distrimind.util.tests.DecentralizedIDTests"/>
  <testcase name="testToBytes" time="0.000" classname="com.distrimind.util.tests.DecentralizedIDTests"/>
  <testcase name="testNotEquals" time="0.000" classname="com.distrimind.util.tests.DecentralizedIDTests"/>
  <testcase name="testToBytes" time="0.000" classname="com.distrimind.util.tests.DecentralizedIDTests"/>
  <testcase name="testNotEquals" time="0.000" classname="com.distrimind.util.tests.DecentralizedIDTests"/>
  <testcase name="testToBytes" time="0.000" classname="com.distrimind.util.tests.DecentralizedIDTests"/>
  <testcase name="testNotEquals" time="0.000" classname="com.distrimind.util.tests.DecentralizedIDTests"/>
  <testcase name="testToBytes" time="0.000" classname="com.distrimind.util.tests.DecentralizedIDTests"/>
  <testcase name="testNotEquals" time="0.005" classname="com.distrimind.util.tests.DecentralizedIDTests"/>
  <testcase name="testNotEquals" time="0.000" classname="com.distrimind.util.tests.DecentralizedIDTests"/>
  <testcase name="testToBytes" time="0.000" classname="com.distrimind.util.tests.DecentralizedIDTests"/>
  <testcase name="testNotEquals" time="0.000" classname="com.distrimind.util.tests.DecentralizedIDTests"/>
  <testcase name="testToBytes" time="0.000" classname="com.distrimind.util.tests.DecentralizedIDTests"/>
  <testcase name="testToBytes" time="0.000" classname="com.distrimind.util.tests.DecentralizedIDTests"/>
  <testcase name="testNotEquals" time="0.001" classname="com.distrimind.util.tests.DecentralizedIDTests"/>
  <testcase name="testNotEquals" time="0.000" classname="com.distrimind.util.tests.DecentralizedIDTests"/>
  <testcase name="testToBytes" time="0.000" classname="com.distrimind.util.tests.DecentralizedIDTests"/>
  <testcase name="testToBytes" time="0.000" classname="com.distrimind.util.tests.DecentralizedIDTests"/>
  <testcase name="testNotEquals" time="0.009" classname="com.distrimind.util.tests.DecentralizedIDTests"/>
  <testcase name="testNotEquals" time="0.001" classname="com.distrimind.util.tests.DecentralizedIDTests"/>
  <testcase name="testNotEquals" time="0.000" classname="com.distrimind.util.tests.DecentralizedIDTests"/>
  <testcase name="testNotEquals" time="0.004" classname="com.distrimind.util.tests.DecentralizedIDTests"/>
  <testcase name="testToBytes" time="0.000" classname="com.distrimind.util.tests.DecentralizedIDTests"/>
  <testcase name="testNotEquals" time="0.000" classname="com.distrimind.util.tests.DecentralizedIDTests"/>
  <testcase name="testToBytes" time="0.000" classname="com.distrimind.util.tests.DecentralizedIDTests"/>
  <testcase name="testNotEquals" time="0.005" classname="com.distrimind.util.tests.DecentralizedIDTests"/>
  <testcase name="testNotEquals" time="0.000" classname="com.distrimind.util.tests.DecentralizedIDTests"/>
  <testcase name="testToBytes" time="0.000" classname="com.distrimind.util.tests.DecentralizedIDTests"/>
  <testcase name="testToBytes" time="0.000" classname="com.distrimind.util.tests.DecentralizedIDTests"/>
  <testcase name="testNotEquals" time="0.000" classname="com.distrimind.util.tests.DecentralizedIDTests"/>
  <testcase name="testNotEquals" time="0.000" classname="com.distrimind.util.tests.DecentralizedIDTests"/>
  <testcase name="testNotEquals" time="0.001" classname="com.distrimind.util.tests.DecentralizedIDTests"/>
  <testcase name="testToBytes" time="0.000" classname="com.distrimind.util.tests.DecentralizedIDTests"/>
  <testcase name="testToBytes" time="0.000" classname="com.distrimind.util.tests.DecentralizedIDTests"/>
  <testcase name="testToBytes" time="0.000" classname="com.distrimind.util.tests.DecentralizedIDTests"/>
  <testcase name="testNotEquals" time="0.001" classname="com.distrimind.util.tests.DecentralizedIDTests"/>
  <testcase name="testToBytes" time="0.001" classname="com.distrimind.util.tests.DecentralizedIDTests"/>
  <testcase name="testToBytes" time="0.000" classname="com.distrimind.util.tests.DecentralizedIDTests"/>
  <testcase name="testNotEquals" time="0.000" classname="com.distrimind.util.tests.DecentralizedIDTests"/>
  <testcase name="testToBytes" time="0.006" classname="com.distrimind.util.tests.DecentralizedIDTests"/>
  <testcase name="testNotEquals" time="0.000" classname="com.distrimind.util.tests.DecentralizedIDTests"/>
  <testcase name="testToBytes" time="0.053" classname="com.distrimind.util.tests.DecentralizedIDTests"/>
  <testcase name="testNotEquals" time="0.000" classname="com.distrimind.util.tests.DecentralizedIDTests"/>
  <testcase name="testNotEquals" time="0.000" classname="com.distrimind.util.tests.DecentralizedIDTests"/>
  <testcase name="testToBytes" time="0.000" classname="com.distrimind.util.tests.DecentralizedIDTests"/>
  <testcase name="testToBytes" time="0.000" classname="com.distrimind.util.tests.DecentralizedIDTests"/>
  <testcase name="testNotEquals" time="0.001" classname="com.distrimind.util.tests.DecentralizedIDTests"/>
  <testcase name="testToBytes" time="0.000" classname="com.distrimind.util.tests.DecentralizedIDTests"/>
  <testcase name="testToBytes" time="0.000" classname="com.distrimind.util.tests.DecentralizedIDTests"/>
  <testcase name="testToBytes" time="0.000" classname="com.distrimind.util.tests.DecentralizedIDTests"/>
  <testcase name="testToBytes" time="0.000" classname="com.distrimind.util.tests.DecentralizedIDTests"/>
  <testcase name="testNotEquals" time="0.000" classname="com.distrimind.util.tests.DecentralizedIDTests"/>
  <testcase name="testNotEquals" time="0.000" classname="com.distrimind.util.tests.DecentralizedIDTests"/>
  <testcase name="testToBytes" time="0.000" classname="com.distrimind.util.tests.DecentralizedIDTests"/>
  <testcase name="testNotEquals" time="0.000" classname="com.distrimind.util.tests.DecentralizedIDTests"/>
  <testcase name="testNotEquals" time="0.000" classname="com.distrimind.util.tests.DecentralizedIDTests"/>
  <testcase name="testToBytes" time="0.000" classname="com.distrimind.util.tests.DecentralizedIDTests"/>
  <testcase name="testToBytes" time="0.000" classname="com.distrimind.util.tests.DecentralizedIDTests"/>
  <testcase name="testToBytes" time="0.000" classname="com.distrimind.util.tests.DecentralizedIDTests"/>
  <testcase name="testToBytes" time="0.000" classname="com.distrimind.util.tests.DecentralizedIDTests"/>
  <testcase name="testNotEquals" time="0.001" classname="com.distrimind.util.tests.DecentralizedIDTests"/>
  <testcase name="testNotEquals" time="0.000" classname="com.distrimind.util.tests.DecentralizedIDTests"/>
  <testcase name="testNotEquals" time="0.006" classname="com.distrimind.util.tests.DecentralizedIDTests"/>
  <testcase name="testNotEquals" time="0.000" classname="com.distrimind.util.tests.DecentralizedIDTests"/>
  <testcase name="testNotEquals" time="0.000" classname="com.distrimind.util.tests.DecentralizedIDTests"/>
  <testcase name="testNotEquals" time="0.000" classname="com.distrimind.util.tests.DecentralizedIDTests"/>
  <testcase name="testToBytes" time="0.000" classname="com.distrimind.util.tests.DecentralizedIDTests"/>
  <testcase name="testToBytes" time="0.000" classname="com.distrimind.util.tests.DecentralizedIDTests"/>
  <testcase name="testToBytes" time="0.001" classname="com.distrimind.util.tests.DecentralizedIDTests"/>
  <testcase name="testNotEquals" time="0.000" classname="com.distrimind.util.tests.DecentralizedIDTests"/>
  <testcase name="testToBytes" time="0.000" classname="com.distrimind.util.tests.DecentralizedIDTests"/>
  <testcase name="testNotEquals" time="0.000" classname="com.distrimind.util.tests.DecentralizedIDTests"/>
  <testcase name="testNotEquals" time="0.000" classname="com.distrimind.util.tests.DecentralizedIDTests"/>
  <testcase name="testToBytes" time="0.000" classname="com.distrimind.util.tests.DecentralizedIDTests"/>
  <testcase name="testNotEquals" time="0.004" classname="com.distrimind.util.tests.DecentralizedIDTests"/>
  <testcase name="testNotEquals" time="0.000" classname="com.distrimind.util.tests.DecentralizedIDTests"/>
  <testcase name="testToBytes" time="0.000" classname="com.distrimind.util.tests.DecentralizedIDTests"/>
  <testcase name="testToBytes" time="0.000" classname="com.distrimind.util.tests.DecentralizedIDTests"/>
  <testcase name="testToBytes" time="0.000" classname="com.distrimind.util.tests.DecentralizedIDTests"/>
  <testcase name="testToBytes" time="0.000" classname="com.distrimind.util.tests.DecentralizedIDTests"/>
  <testcase name="testToBytes" time="0.001" classname="com.distrimind.util.tests.DecentralizedIDTests"/>
  <testcase name="testNotEquals" time="0.000" classname="com.distrimind.util.tests.DecentralizedIDTests"/>
  <testcase name="testNotEquals" time="0.000" classname="com.distrimind.util.tests.DecentralizedIDTests"/>
  <testcase name="testToBytes" time="0.000" classname="com.distrimind.util.tests.DecentralizedIDTests"/>
  <testcase name="testNotEquals" time="0.000" classname="com.distrimind.util.tests.DecentralizedIDTests"/>
  <testcase name="testToBytes" time="0.028" classname="com.distrimind.util.tests.DecentralizedIDTests"/>
  <testcase name="testToBytes" time="0.001" classname="com.distrimind.util.tests.DecentralizedIDTests"/>
  <testcase name="testNotEquals" time="0.000" classname="com.distrimind.util.tests.DecentralizedIDTests"/>
  <testcase name="testNotEquals" time="0.000" classname="com.distrimind.util.tests.DecentralizedIDTests"/>
  <testcase name="testToBytes" time="0.000" classname="com.distrimind.util.tests.DecentralizedIDTests"/>
  <testcase name="testNotEquals" time="0.000" classname="com.distrimind.util.tests.DecentralizedIDTests"/>
  <testcase name="testNotEquals" time="0.017" classname="com.distrimind.util.tests.DecentralizedIDTests"/>
  <testcase name="testNotEquals" time="0.000" classname="com.distrimind.util.tests.DecentralizedIDTests"/>
  <testcase name="testToBytes" time="0.000" classname="com.distrimind.util.tests.DecentralizedIDTests"/>
  <testcase name="testToBytes" time="0.000" classname="com.distrimind.util.tests.DecentralizedIDTests"/>
  <testcase name="testNotEquals" time="0.001" classname="com.distrimind.util.tests.DecentralizedIDTests"/>
  <testcase name="testNotEquals" time="0.000" classname="com.distrimind.util.tests.DecentralizedIDTests"/>
  <testcase name="testNotEquals" time="0.000" classname="com.distrimind.util.tests.DecentralizedIDTests"/>
  <testcase name="testToBytes" time="0.000" classname="com.distrimind.util.tests.DecentralizedIDTests"/>
  <testcase name="testNotEquals" time="0.000" classname="com.distrimind.util.tests.DecentralizedIDTests"/>
  <testcase name="testNotEquals" time="0.001" classname="com.distrimind.util.tests.DecentralizedIDTests"/>
  <testcase name="testNotEquals" time="0.000" classname="com.distrimind.util.tests.DecentralizedIDTests"/>
  <testcase name="testNotEquals" time="0.014" classname="com.distrimind.util.tests.DecentralizedIDTests"/>
  <testcase name="testToBytes" time="0.000" classname="com.distrimind.util.tests.DecentralizedIDTests"/>
  <testcase name="testToBytes" time="0.000" classname="com.distrimind.util.tests.DecentralizedIDTests"/>
  <testcase name="testNotEquals" time="0.000" classname="com.distrimind.util.tests.DecentralizedIDTests"/>
  <testcase name="testToBytes" time="0.001" classname="com.distrimind.util.tests.DecentralizedIDTests"/>
  <testcase name="testNotEquals" time="0.000" classname="com.distrimind.util.tests.DecentralizedIDTests"/>
  <testcase name="testToBytes" time="0.000" classname="com.distrimind.util.tests.DecentralizedIDTests"/>
  <testcase name="testToBytes" time="0.000" classname="com.distrimind.util.tests.DecentralizedIDTests"/>
  <testcase name="testNotEquals" time="0.000" classname="com.distrimind.util.tests.DecentralizedIDTests"/>
  <testcase name="testNotEquals" time="0.007" classname="com.distrimind.util.tests.DecentralizedIDTests"/>
  <testcase name="testNotEquals" time="0.000" classname="com.distrimind.util.tests.DecentralizedIDTests"/>
  <testcase name="testToBytes" time="0.000" classname="com.distrimind.util.tests.DecentralizedIDTests"/>
  <testcase name="testNotEquals" time="0.000" classname="com.distrimind.util.tests.DecentralizedIDTests"/>
  <testcase name="testToBytes" time="0.000" classname="com.distrimind.util.tests.DecentralizedIDTests"/>
  <testcase name="testToBytes" time="0.000" classname="com.distrimind.util.tests.DecentralizedIDTests"/>
  <testcase name="testToBytes" time="0.000" classname="com.distrimind.util.tests.DecentralizedIDTests"/>
  <testcase name="testNotEquals" time="0.000" classname="com.distrimind.util.tests.DecentralizedIDTests"/>
  <testcase name="testToBytes" time="0.000" classname="com.distrimind.util.tests.DecentralizedIDTests"/>
  <testcase name="testNotEquals" time="0.000" classname="com.distrimind.util.tests.DecentralizedIDTests"/>
  <testcase name="testToBytes" time="0.000" classname="com.distrimind.util.tests.DecentralizedIDTests"/>
  <testcase name="testToBytes" time="0.000" classname="com.distrimind.util.tests.DecentralizedIDTests"/>
  <testcase name="testToBytes" time="0.000" classname="com.distrimind.util.tests.DecentralizedIDTests"/>
  <testcase name="testNotEquals" time="0.001" classname="com.distrimind.util.tests.DecentralizedIDTests"/>
  <testcase name="testToBytes" time="0.000" classname="com.distrimind.util.tests.DecentralizedIDTests"/>
  <testcase name="testToBytes" time="0.000" classname="com.distrimind.util.tests.DecentralizedIDTests"/>
  <testcase name="testToBytes" time="0.000" classname="com.distrimind.util.tests.DecentralizedIDTests"/>
  <testcase name="testToBytes" time="0.001" classname="com.distrimind.util.tests.DecentralizedIDTests"/>
  <testcase name="testToBytes" time="0.000" classname="com.distrimind.util.tests.DecentralizedIDTests"/>
  <testcase name="testToBytes" time="0.000" classname="com.distrimind.util.tests.DecentralizedIDTests"/>
  <testcase name="testToBytes" time="0.000" classname="com.distrimind.util.tests.DecentralizedIDTests"/>
  <testcase name="testToBytes" time="0.000" classname="com.distrimind.util.tests.DecentralizedIDTests"/>
  <testcase name="testToBytes" time="0.000" classname="com.distrimind.util.tests.DecentralizedIDTests"/>
  <testcase name="testNotEquals" time="0.000" classname="com.distrimind.util.tests.DecentralizedIDTests"/>
  <testcase name="testNotEquals" time="0.000" classname="com.distrimind.util.tests.DecentralizedIDTests"/>
  <testcase name="testNotEquals" time="0.000" classname="com.distrimind.util.tests.DecentralizedIDTests"/>
  <testcase name="testToBytes" time="0.085" classname="com.distrimind.util.tests.DecentralizedIDTests"/>
  <testcase name="testToBytes" time="0.000" classname="com.distrimind.util.tests.DecentralizedIDTests"/>
  <testcase name="testToBytes" time="0.000" classname="com.distrimind.util.tests.DecentralizedIDTests"/>
  <testcase name="testNotEquals" time="0.000" classname="com.distrimind.util.tests.DecentralizedIDTests"/>
  <testcase name="testToBytes" time="0.000" classname="com.distrimind.util.tests.DecentralizedIDTests"/>
  <testcase name="testNotEquals" time="0.000" classname="com.distrimind.util.tests.DecentralizedIDTests"/>
  <testcase name="testNotEquals" time="0.000" classname="com.distrimind.util.tests.DecentralizedIDTests"/>
  <testcase name="testToBytes" time="0.000" classname="com.distrimind.util.tests.DecentralizedIDTests"/>
  <testcase name="testNotEquals" time="0.000" classname="com.distrimind.util.tests.DecentralizedIDTests"/>
  <testcase name="testToBytes" time="0.000" classname="com.distrimind.util.tests.DecentralizedIDTests"/>
  <testcase name="testNotEquals" time="0.000" classname="com.distrimind.util.tests.DecentralizedIDTests"/>
  <testcase name="testToBytes" time="0.000" classname="com.distrimind.util.tests.DecentralizedIDTests"/>
  <testcase name="testNotEquals" time="0.000" classname="com.distrimind.util.tests.DecentralizedIDTests"/>
  <testcase name="testNotEquals" time="0.000" classname="com.distrimind.util.tests.DecentralizedIDTests"/>
  <testcase name="testToBytes" time="0.000" classname="com.distrimind.util.tests.DecentralizedIDTests"/>
  <testcase name="testNotEquals" time="0.000" classname="com.distrimind.util.tests.DecentralizedIDTests"/>
  <testcase name="testToBytes" time="0.000" classname="com.distrimind.util.tests.DecentralizedIDTests"/>
  <testcase name="testNotEquals" time="0.001" classname="com.distrimind.util.tests.DecentralizedIDTests"/>
  <testcase name="testToBytes" time="0.001" classname="com.distrimind.util.tests.DecentralizedIDTests"/>
  <testcase name="testNotEquals" time="0.011" classname="com.distrimind.util.tests.DecentralizedIDTests"/>
  <testcase name="testToBytes" time="0.000" classname="com.distrimind.util.tests.DecentralizedIDTests"/>
  <testcase name="testToBytes" time="0.000" classname="com.distrimind.util.tests.DecentralizedIDTests"/>
  <testcase name="testNotEquals" time="0.031" classname="com.distrimind.util.tests.DecentralizedIDTests"/>
  <testcase name="testNotEquals" time="0.000" classname="com.distrimind.util.tests.DecentralizedIDTests"/>
  <testcase name="testNotEquals" time="0.000" classname="com.distrimind.util.tests.DecentralizedIDTests"/>
  <testcase name="testNotEquals" time="0.000" classname="com.distrimind.util.tests.DecentralizedIDTests"/>
  <testcase name="testToBytes" time="0.000" classname="com.distrimind.util.tests.DecentralizedIDTests"/>
  <testcase name="testToBytes" time="0.000" classname="com.distrimind.util.tests.DecentralizedIDTests"/>
  <testcase name="testNotEquals" time="0.000" classname="com.distrimind.util.tests.DecentralizedIDTests"/>
  <testcase name="testNotEquals" time="0.000" classname="com.distrimind.util.tests.DecentralizedIDTests"/>
  <testcase name="testToBytes" time="0.000" classname="com.distrimind.util.tests.DecentralizedIDTests"/>
  <testcase name="testNotEquals" time="0.000" classname="com.distrimind.util.tests.DecentralizedIDTests"/>
  <testcase name="testToBytes" time="0.000" classname="com.distrimind.util.tests.DecentralizedIDTests"/>
  <testcase name="testNotEquals" time="0.002" classname="com.distrimind.util.tests.DecentralizedIDTests"/>
  <testcase name="testNotEquals" time="0.001" classname="com.distrimind.util.tests.DecentralizedIDTests"/>
  <testcase name="testToBytes" time="0.000" classname="com.distrimind.util.tests.DecentralizedIDTests"/>
  <testcase name="testToBytes" time="0.000" classname="com.distrimind.util.tests.DecentralizedIDTests"/>
  <testcase name="testToBytes" time="0.000" classname="com.distrimind.util.tests.DecentralizedIDTests"/>
  <testcase name="testNotEquals" time="0.000" classname="com.distrimind.util.tests.DecentralizedIDTests"/>
  <testcase name="testToBytes" time="0.000" classname="com.distrimind.util.tests.DecentralizedIDTests"/>
  <testcase name="testToBytes" time="0.000" classname="com.distrimind.util.tests.DecentralizedIDTests"/>
  <testcase name="testToBytes" time="0.000" classname="com.distrimind.util.tests.DecentralizedIDTests"/>
  <testcase name="testNotEquals" time="0.012" classname="com.distrimind.util.tests.DecentralizedIDTests"/>
  <testcase name="testToBytes" time="0.000" classname="com.distrimind.util.tests.DecentralizedIDTests"/>
  <testcase name="testNotEquals" time="0.016" classname="com.distrimind.util.tests.DecentralizedIDTests"/>
  <testcase name="testNotEquals" time="0.002" classname="com.distrimind.util.tests.DecentralizedIDTests"/>
  <testcase name="testNotEquals" time="0.000" classname="com.distrimind.util.tests.DecentralizedIDTests"/>
  <testcase name="testNotEquals" time="0.001" classname="com.distrimind.util.tests.DecentralizedIDTests"/>
  <testcase name="testToBytes" time="0.000" classname="com.distrimind.util.tests.DecentralizedIDTests"/>
  <testcase name="testNotEquals" time="0.000" classname="com.distrimind.util.tests.DecentralizedIDTests"/>
  <testcase name="testToBytes" time="0.000" classname="com.distrimind.util.tests.DecentralizedIDTests"/>
  <testcase name="testNotEquals" time="0.000" classname="com.distrimind.util.tests.DecentralizedIDTests"/>
  <testcase name="testNotEquals" time="0.000" classname="com.distrimind.util.tests.DecentralizedIDTests"/>
  <testcase name="testNotEquals" time="0.000" classname="com.distrimind.util.tests.DecentralizedIDTests"/>
  <testcase name="testNotEquals" time="0.024" classname="com.distrimind.util.tests.DecentralizedIDTests"/>
  <testcase name="testToBytes" time="0.000" classname="com.distrimind.util.tests.DecentralizedIDTests"/>
  <testcase name="testToBytes" time="0.000" classname="com.distrimind.util.tests.DecentralizedIDTests"/>
  <testcase name="testNotEquals" time="0.006" classname="com.distrimind.util.tests.DecentralizedIDTests"/>
  <testcase name="testToBytes" time="0.000" classname="com.distrimind.util.tests.DecentralizedIDTests"/>
  <testcase name="testToBytes" time="0.000" classname="com.distrimind.util.tests.DecentralizedIDTests"/>
  <testcase name="testToBytes" time="0.000" classname="com.distrimind.util.tests.DecentralizedIDTests"/>
  <testcase name="testToBytes" time="0.000" classname="com.distrimind.util.tests.DecentralizedIDTests"/>
  <testcase name="testToBytes" time="0.000" classname="com.distrimind.util.tests.DecentralizedIDTests"/>
  <testcase name="testToBytes" time="0.000" classname="com.distrimind.util.tests.DecentralizedIDTests"/>
  <testcase name="testToBytes" time="0.003" classname="com.distrimind.util.tests.DecentralizedIDTests"/>
  <testcase name="testNotEquals" time="0.001" classname="com.distrimind.util.tests.DecentralizedIDTests"/>
  <testcase name="testNotEquals" time="0.000" classname="com.distrimind.util.tests.DecentralizedIDTests"/>
  <testcase name="testNotEquals" time="0.000" classname="com.distrimind.util.tests.DecentralizedIDTests"/>
  <testcase name="testNotEquals" time="0.000" classname="com.distrimind.util.tests.DecentralizedIDTests"/>
  <testcase name="testToBytes" time="0.000" classname="com.distrimind.util.tests.DecentralizedIDTests"/>
  <testcase name="testToBytes" time="0.000" classname="com.distrimind.util.tests.DecentralizedIDTests"/>
  <testcase name="testToBytes" time="0.000" classname="com.distrimind.util.tests.DecentralizedIDTests"/>
  <testcase name="testNotEquals" time="0.000" classname="com.distrimind.util.tests.DecentralizedIDTests"/>
  <testcase name="testToBytes" time="0.000" classname="com.distrimind.util.tests.DecentralizedIDTests"/>
  <testcase name="testNotEquals" time="0.005" classname="com.distrimind.util.tests.DecentralizedIDTests"/>
  <testcase name="testNotEquals" time="0.000" classname="com.distrimind.util.tests.DecentralizedIDTests"/>
  <testcase name="testNotEquals" time="0.001" classname="com.distrimind.util.tests.DecentralizedIDTests"/>
  <testcase name="testToBytes" time="0.000" classname="com.distrimind.util.tests.DecentralizedIDTests"/>
  <testcase name="testNotEquals" time="0.000" classname="com.distrimind.util.tests.DecentralizedIDTests"/>
  <testcase name="testNotEquals" time="0.000" classname="com.distrimind.util.tests.DecentralizedIDTests"/>
  <testcase name="testNotEquals" time="0.000" classname="com.distrimind.util.tests.DecentralizedIDTests"/>
  <testcase name="testNotEquals" time="0.000" classname="com.distrimind.util.tests.DecentralizedIDTests"/>
  <testcase name="testToBytes" time="0.000" classname="com.distrimind.util.tests.DecentralizedIDTests"/>
  <testcase name="testToBytes" time="0.000" classname="com.distrimind.util.tests.DecentralizedIDTests"/>
  <testcase name="testNotEquals" time="0.000" classname="com.distrimind.util.tests.DecentralizedIDTests"/>
  <testcase name="testToBytes" time="0.000" classname="com.distrimind.util.tests.DecentralizedIDTests"/>
  <testcase name="testToBytes" time="0.000" classname="com.distrimind.util.tests.DecentralizedIDTests"/>
  <testcase name="testToBytes" time="0.000" classname="com.distrimind.util.tests.DecentralizedIDTests"/>
  <testcase name="testToBytes" time="0.000" classname="com.distrimind.util.tests.DecentralizedIDTests"/>
  <testcase name="testNotEquals" time="0.000" classname="com.distrimind.util.tests.DecentralizedIDTests"/>
  <testcase name="testToBytes" time="0.000" classname="com.distrimind.util.tests.DecentralizedIDTests"/>
  <testcase name="testNotEquals" time="0.005" classname="com.distrimind.util.tests.DecentralizedIDTests"/>
  <testcase name="testToBytes" time="0.000" classname="com.distrimind.util.tests.DecentralizedIDTests"/>
  <testcase name="testNotEquals" time="0.000" classname="com.distrimind.util.tests.DecentralizedIDTests"/>
  <testcase name="testToBytes" time="0.000" classname="com.distrimind.util.tests.DecentralizedIDTests"/>
  <testcase name="testToBytes" time="0.000" classname="com.distrimind.util.tests.DecentralizedIDTests"/>
  <testcase name="testNotEquals" time="0.000" classname="com.distrimind.util.tests.DecentralizedIDTests"/>
  <testcase name="testToBytes" time="0.000" classname="com.distrimind.util.tests.DecentralizedIDTests"/>
  <testcase name="testToBytes" time="0.000" classname="com.distrimind.util.tests.DecentralizedIDTests"/>
  <testcase name="testToBytes" time="0.000" classname="com.distrimind.util.tests.DecentralizedIDTests"/>
  <testcase name="testNotEquals" time="0.000" classname="com.distrimind.util.tests.DecentralizedIDTests"/>
  <testcase name="testNotEquals" time="0.000" classname="com.distrimind.util.tests.DecentralizedIDTests"/>
  <testcase name="testToBytes" time="0.000" classname="com.distrimind.util.tests.DecentralizedIDTests"/>
  <testcase name="testToBytes" time="0.000" classname="com.distrimind.util.tests.DecentralizedIDTests"/>
  <testcase name="testToBytes" time="0.000" classname="com.distrimind.util.tests.DecentralizedIDTests"/>
  <testcase name="testNotEquals" time="0.000" classname="com.distrimind.util.tests.DecentralizedIDTests"/>
  <testcase name="testNotEquals" time="0.000" classname="com.distrimind.util.tests.DecentralizedIDTests"/>
  <testcase name="testToBytes" time="0.000" classname="com.distrimind.util.tests.DecentralizedIDTests"/>
  <testcase name="testNotEquals" time="0.000" classname="com.distrimind.util.tests.DecentralizedIDTests"/>
  <testcase name="testNotEquals" time="0.000" classname="com.distrimind.util.tests.DecentralizedIDTests"/>
  <testcase name="testNotEquals" time="0.000" classname="com.distrimind.util.tests.DecentralizedIDTests"/>
  <testcase name="testNotEquals" time="0.000" classname="com.distrimind.util.tests.DecentralizedIDTests"/>
  <testcase name="testToBytes" time="0.000" classname="com.distrimind.util.tests.DecentralizedIDTests"/>
  <testcase name="testNotEquals" time="0.000" classname="com.distrimind.util.tests.DecentralizedIDTests"/>
  <testcase name="testToBytes" time="0.000" classname="com.distrimind.util.tests.DecentralizedIDTests"/>
  <testcase name="testToBytes" time="0.000" classname="com.distrimind.util.tests.DecentralizedIDTests"/>
  <testcase name="testNotEquals" time="0.001" classname="com.distrimind.util.tests.DecentralizedIDTests"/>
  <testcase name="testNotEquals" time="0.000" classname="com.distrimind.util.tests.DecentralizedIDTests"/>
  <testcase name="testToBytes" time="0.000" classname="com.distrimind.util.tests.DecentralizedIDTests"/>
  <testcase name="testNotEquals" time="0.000" classname="com.distrimind.util.tests.DecentralizedIDTests"/>
  <testcase name="testToBytes" time="0.000" classname="com.distrimind.util.tests.DecentralizedIDTests"/>
  <testcase name="testNotEquals" time="0.001" classname="com.distrimind.util.tests.DecentralizedIDTests"/>
  <testcase name="testNotEquals" time="0.000" classname="com.distrimind.util.tests.DecentralizedIDTests"/>
  <testcase name="testToBytes" time="0.000" classname="com.distrimind.util.tests.DecentralizedIDTests"/>
  <testcase name="testToBytes" time="0.000" classname="com.distrimind.util.tests.DecentralizedIDTests"/>
  <testcase name="testToBytes" time="0.000" classname="com.distrimind.util.tests.DecentralizedIDTests"/>
  <testcase name="testNotEquals" time="0.000" classname="com.distrimind.util.tests.DecentralizedIDTests"/>
  <testcase name="testToBytes" time="0.000" classname="com.distrimind.util.tests.DecentralizedIDTests"/>
  <testcase name="testToBytes" time="0.000" classname="com.distrimind.util.tests.DecentralizedIDTests"/>
  <testcase name="testNotEquals" time="0.000" classname="com.distrimind.util.tests.DecentralizedIDTests"/>
  <testcase name="testNotEquals" time="0.000" classname="com.distrimind.util.tests.DecentralizedIDTests"/>
  <testcase name="testNotEquals" time="0.001" classname="com.distrimind.util.tests.DecentralizedIDTests"/>
  <testcase name="testNotEquals" time="0.001" classname="com.distrimind.util.tests.DecentralizedIDTests"/>
  <testcase name="testNotEquals" time="0.000" classname="com.distrimind.util.tests.DecentralizedIDTests"/>
  <testcase name="testToBytes" time="0.001" classname="com.distrimind.util.tests.DecentralizedIDTests"/>
  <testcase name="testToBytes" time="0.000" classname="com.distrimind.util.tests.DecentralizedIDTests"/>
  <testcase name="testToBytes" time="0.000" classname="com.distrimind.util.tests.DecentralizedIDTests"/>
  <testcase name="testNotEquals" time="0.001" classname="com.distrimind.util.tests.DecentralizedIDTests"/>
  <testcase name="testNotEquals" time="0.006" classname="com.distrimind.util.tests.DecentralizedIDTests"/>
  <testcase name="testNotEquals" time="0.000" classname="com.distrimind.util.tests.DecentralizedIDTests"/>
  <testcase name="testNotEquals" time="0.000" classname="com.distrimind.util.tests.DecentralizedIDTests"/>
  <testcase name="testNotEquals" time="0.000" classname="com.distrimind.util.tests.DecentralizedIDTests"/>
  <testcase name="testNotEquals" time="0.000" classname="com.distrimind.util.tests.DecentralizedIDTests"/>
  <testcase name="testToBytes" time="0.000" classname="com.distrimind.util.tests.DecentralizedIDTests"/>
  <testcase name="testNotEquals" time="0.027" classname="com.distrimind.util.tests.DecentralizedIDTests"/>
  <testcase name="testToBytes" time="0.000" classname="com.distrimind.util.tests.DecentralizedIDTests"/>
  <testcase name="testToBytes" time="0.001" classname="com.distrimind.util.tests.DecentralizedIDTests"/>
  <testcase name="testNotEquals" time="0.000" classname="com.distrimind.util.tests.DecentralizedIDTests"/>
  <testcase name="testNotEquals" time="0.000" classname="com.distrimind.util.tests.DecentralizedIDTests"/>
  <testcase name="testToBytes" time="0.000" classname="com.distrimind.util.tests.DecentralizedIDTests"/>
  <testcase name="testToBytes" time="0.000" classname="com.distrimind.util.tests.DecentralizedIDTests"/>
  <testcase name="testToBytes" time="0.000" classname="com.distrimind.util.tests.DecentralizedIDTests"/>
  <testcase name="testToBytes" time="0.000" classname="com.distrimind.util.tests.DecentralizedIDTests"/>
  <testcase name="testNotEquals" time="0.000" classname="com.distrimind.util.tests.DecentralizedIDTests"/>
  <testcase name="testToBytes" time="0.000" classname="com.distrimind.util.tests.DecentralizedIDTests"/>
  <testcase name="testNotEquals" time="0.000" classname="com.distrimind.util.tests.DecentralizedIDTests"/>
  <testcase name="testNotEquals" time="0.000" classname="com.distrimind.util.tests.DecentralizedIDTests"/>
  <testcase name="testToBytes" time="0.000" classname="com.distrimind.util.tests.DecentralizedIDTests"/>
  <testcase name="testToBytes" time="0.000" classname="com.distrimind.util.tests.DecentralizedIDTests"/>
  <testcase name="testNotEquals" time="0.000" classname="com.distrimind.util.tests.DecentralizedIDTests"/>
  <testcase name="testToBytes" time="0.000" classname="com.distrimind.util.tests.DecentralizedIDTests"/>
  <testcase name="testToBytes" time="0.000" classname="com.distrimind.util.tests.DecentralizedIDTests"/>
  <testcase name="testToBytes" time="0.000" classname="com.distrimind.util.tests.DecentralizedIDTests"/>
  <testcase name="testToBytes" time="0.000" classname="com.distrimind.util.tests.DecentralizedIDTests"/>
  <testcase name="testToBytes" time="0.000" classname="com.distrimind.util.tests.DecentralizedIDTests"/>
  <testcase name="testNotEquals" time="0.000" classname="com.distrimind.util.tests.DecentralizedIDTests"/>
  <testcase name="testNotEquals" time="0.000" classname="com.distrimind.util.tests.DecentralizedIDTests"/>
  <testcase name="testNotEquals" time="0.001" classname="com.distrimind.util.tests.DecentralizedIDTests"/>
  <testcase name="testNotEquals" time="0.000" classname="com.distrimind.util.tests.DecentralizedIDTests"/>
  <testcase name="testToBytes" time="0.000" classname="com.distrimind.util.tests.DecentralizedIDTests"/>
  <testcase name="testToBytes" time="0.000" classname="com.distrimind.util.tests.DecentralizedIDTests"/>
  <testcase name="testNotEquals" time="0.007" classname="com.distrimind.util.tests.DecentralizedIDTests"/>
  <testcase name="testNotEquals" time="0.000" classname="com.distrimind.util.tests.DecentralizedIDTests"/>
  <testcase name="testNotEquals" time="0.000" classname="com.distrimind.util.tests.DecentralizedIDTests"/>
  <testcase name="testNotEquals" time="0.004" classname="com.distrimind.util.tests.DecentralizedIDTests"/>
  <testcase name="testNotEquals" time="0.000" classname="com.distrimind.util.tests.DecentralizedIDTests"/>
  <testcase name="testNotEquals" time="0.000" classname="com.distrimind.util.tests.DecentralizedIDTests"/>
  <testcase name="testNotEquals" time="0.000" classname="com.distrimind.util.tests.DecentralizedIDTests"/>
  <testcase name="testToBytes" time="0.000" classname="com.distrimind.util.tests.DecentralizedIDTests"/>
  <testcase name="testToBytes" time="0.000" classname="com.distrimind.util.tests.DecentralizedIDTests"/>
  <testcase name="testNotEquals" time="0.001" classname="com.distrimind.util.tests.DecentralizedIDTests"/>
  <testcase name="testNotEquals" time="0.000" classname="com.distrimind.util.tests.DecentralizedIDTests"/>
  <testcase name="testNotEquals" time="0.000" classname="com.distrimind.util.tests.DecentralizedIDTests"/>
  <testcase name="testNotEquals" time="0.000" classname="com.distrimind.util.tests.DecentralizedIDTests"/>
  <testcase name="testNotEquals" time="0.000" classname="com.distrimind.util.tests.DecentralizedIDTests"/>
  <testcase name="testToBytes" time="0.000" classname="com.distrimind.util.tests.DecentralizedIDTests"/>
  <testcase name="testToBytes" time="0.000" classname="com.distrimind.util.tests.DecentralizedIDTests"/>
  <testcase name="testToBytes" time="0.000" classname="com.distrimind.util.tests.DecentralizedIDTests"/>
  <testcase name="testToBytes" time="0.000" classname="com.distrimind.util.tests.DecentralizedIDTests"/>
  <testcase name="testNotEquals" time="0.000" classname="com.distrimind.util.tests.DecentralizedIDTests"/>
  <testcase name="testNotEquals" time="0.001" classname="com.distrimind.util.tests.DecentralizedIDTests"/>
  <testcase name="testToBytes" time="0.000" classname="com.distrimind.util.tests.DecentralizedIDTests"/>
  <testcase name="testToBytes" time="0.000" classname="com.distrimind.util.tests.DecentralizedIDTests"/>
  <testcase name="testToBytes" time="0.000" classname="com.distrimind.util.tests.DecentralizedIDTests"/>
  <testcase name="testNotEquals" time="0.003" classname="com.distrimind.util.tests.DecentralizedIDTests"/>
  <testcase name="testToBytes" time="0.000" classname="com.distrimind.util.tests.DecentralizedIDTests"/>
  <testcase name="testToBytes" time="0.000" classname="com.distrimind.util.tests.DecentralizedIDTests"/>
  <testcase name="testToBytes" time="0.001" classname="com.distrimind.util.tests.DecentralizedIDTests"/>
  <testcase name="testNotEquals" time="0.000" classname="com.distrimind.util.tests.DecentralizedIDTests"/>
  <testcase name="testNotEquals" time="0.001" classname="com.distrimind.util.tests.DecentralizedIDTests"/>
  <testcase name="testNotEquals" time="0.001" classname="com.distrimind.util.tests.DecentralizedIDTests"/>
  <testcase name="testToBytes" time="0.000" classname="com.distrimind.util.tests.DecentralizedIDTests"/>
  <testcase name="testToBytes" time="0.001" classname="com.distrimind.util.tests.DecentralizedIDTests"/>
  <testcase name="testNotEquals" time="0.000" classname="com.distrimind.util.tests.DecentralizedIDTests"/>
  <testcase name="testToBytes" time="0.000" classname="com.distrimind.util.tests.DecentralizedIDTests"/>
  <testcase name="testToBytes" time="0.000" classname="com.distrimind.util.tests.DecentralizedIDTests"/>
  <testcase name="testToBytes" time="0.000" classname="com.distrimind.util.tests.DecentralizedIDTests"/>
  <testcase name="testToBytes" time="0.000" classname="com.distrimind.util.tests.DecentralizedIDTests"/>
  <testcase name="testToBytes" time="0.000" classname="com.distrimind.util.tests.DecentralizedIDTests"/>
  <testcase name="testToBytes" time="0.000" classname="com.distrimind.util.tests.DecentralizedIDTests"/>
  <testcase name="testToBytes" time="0.000" classname="com.distrimind.util.tests.DecentralizedIDTests"/>
  <testcase name="testNotEquals" time="0.000" classname="com.distrimind.util.tests.DecentralizedIDTests"/>
  <testcase name="testNotEquals" time="0.001" classname="com.distrimind.util.tests.DecentralizedIDTests"/>
  <testcase name="testNotEquals" time="0.001" classname="com.distrimind.util.tests.DecentralizedIDTests"/>
  <testcase name="testNotEquals" time="0.000" classname="com.distrimind.util.tests.DecentralizedIDTests"/>
  <testcase name="testNotEquals" time="0.000" classname="com.distrimind.util.tests.DecentralizedIDTests"/>
  <testcase name="testToBytes" time="0.000" classname="com.distrimind.util.tests.DecentralizedIDTests"/>
  <testcase name="testToBytes" time="0.000" classname="com.distrimind.util.tests.DecentralizedIDTests"/>
  <testcase name="testNotEquals" time="0.000" classname="com.distrimind.util.tests.DecentralizedIDTests"/>
  <testcase name="testToBytes" time="0.000" classname="com.distrimind.util.tests.DecentralizedIDTests"/>
  <testcase name="testNotEquals" time="0.000" classname="com.distrimind.util.tests.DecentralizedIDTests"/>
  <testcase name="testToBytes" time="0.000" classname="com.distrimind.util.tests.DecentralizedIDTests"/>
  <testcase name="testNotEquals" time="0.000" classname="com.distrimind.util.tests.DecentralizedIDTests"/>
  <testcase name="testNotEquals" time="0.001" classname="com.distrimind.util.tests.DecentralizedIDTests"/>
  <testcase name="testToBytes" time="0.000" classname="com.distrimind.util.tests.DecentralizedIDTests"/>
  <testcase name="testNotEquals" time="0.012" classname="com.distrimind.util.tests.DecentralizedIDTests"/>
  <testcase name="testToBytes" time="0.000" classname="com.distrimind.util.tests.DecentralizedIDTests"/>
  <testcase name="testToBytes" time="0.031" classname="com.distrimind.util.tests.DecentralizedIDTests"/>
  <testcase name="testToBytes" time="0.001" classname="com.distrimind.util.tests.DecentralizedIDTests"/>
  <testcase name="testToBytes" time="0.000" classname="com.distrimind.util.tests.DecentralizedIDTests"/>
  <testcase name="testNotEquals" time="0.000" classname="com.distrimind.util.tests.DecentralizedIDTests"/>
  <testcase name="testToBytes" time="0.000" classname="com.distrimind.util.tests.DecentralizedIDTests"/>
  <testcase name="testNotEquals" time="0.000" classname="com.distrimind.util.tests.DecentralizedIDTests"/>
  <testcase name="testToBytes" time="0.000" classname="com.distrimind.util.tests.DecentralizedIDTests"/>
  <testcase name="testNotEquals" time="0.000" classname="com.distrimind.util.tests.DecentralizedIDTests"/>
  <testcase name="testNotEquals" time="0.001" classname="com.distrimind.util.tests.DecentralizedIDTests"/>
  <testcase name="testToBytes" time="0.000" classname="com.distrimind.util.tests.DecentralizedIDTests"/>
  <testcase name="testNotEquals" time="0.000" classname="com.distrimind.util.tests.DecentralizedIDTests"/>
  <testcase name="testToBytes" time="0.000" classname="com.distrimind.util.tests.DecentralizedIDTests"/>
  <testcase name="testNotEquals" time="0.000" classname="com.distrimind.util.tests.DecentralizedIDTests"/>
  <testcase name="testToBytes" time="0.000" classname="com.distrimind.util.tests.DecentralizedIDTests"/>
  <testcase name="testNotEquals" time="0.000" classname="com.distrimind.util.tests.DecentralizedIDTests"/>
  <testcase name="testToBytes" time="0.000" classname="com.distrimind.util.tests.DecentralizedIDTests"/>
  <testcase name="testToBytes" time="0.000" classname="com.distrimind.util.tests.DecentralizedIDTests"/>
  <testcase name="testNotEquals" time="0.000" classname="com.distrimind.util.tests.DecentralizedIDTests"/>
  <testcase name="testNotEquals" time="0.000" classname="com.distrimind.util.tests.DecentralizedIDTests"/>
  <testcase name="testToBytes" time="0.000" classname="com.distrimind.util.tests.DecentralizedIDTests"/>
  <testcase name="testToBytes" time="0.000" classname="com.distrimind.util.tests.DecentralizedIDTests"/>
  <testcase name="testNotEquals" time="0.001" classname="com.distrimind.util.tests.DecentralizedIDTests"/>
  <testcase name="testNotEquals" time="0.001" classname="com.distrimind.util.tests.DecentralizedIDTests"/>
  <testcase name="testToBytes" time="0.000" classname="com.distrimind.util.tests.DecentralizedIDTests"/>
  <testcase name="testNotEquals" time="0.000" classname="com.distrimind.util.tests.DecentralizedIDTests"/>
  <testcase name="testNotEquals" time="0.001" classname="com.distrimind.util.tests.DecentralizedIDTests"/>
  <testcase name="testToBytes" time="0.000" classname="com.distrimind.util.tests.DecentralizedIDTests"/>
  <testcase name="testNotEquals" time="0.000" classname="com.distrimind.util.tests.DecentralizedIDTests"/>
  <testcase name="testToBytes" time="0.000" classname="com.distrimind.util.tests.DecentralizedIDTests"/>
  <testcase name="testToBytes" time="0.066" classname="com.distrimind.util.tests.DecentralizedIDTests"/>
  <testcase name="testNotEquals" time="0.000" classname="com.distrimind.util.tests.DecentralizedIDTests"/>
  <testcase name="testToBytes" time="0.000" classname="com.distrimind.util.tests.DecentralizedIDTests"/>
  <testcase name="testNotEquals" time="0.010" classname="com.distrimind.util.tests.DecentralizedIDTests"/>
  <testcase name="testToBytes" time="0.000" classname="com.distrimind.util.tests.DecentralizedIDTests"/>
  <testcase name="testToBytes" time="0.000" classname="com.distrimind.util.tests.DecentralizedIDTests"/>
  <testcase name="testToBytes" time="0.000" classname="com.distrimind.util.tests.DecentralizedIDTests"/>
  <testcase name="testToBytes" time="0.000" classname="com.distrimind.util.tests.DecentralizedIDTests"/>
  <testcase name="testNotEquals" time="0.017" classname="com.distrimind.util.tests.DecentralizedIDTests"/>
  <testcase name="testNotEquals" time="0.000" classname="com.distrimind.util.tests.DecentralizedIDTests"/>
  <testcase name="testNotEquals" time="0.000" classname="com.distrimind.util.tests.DecentralizedIDTests"/>
  <testcase name="testToBytes" time="0.000" classname="com.distrimind.util.tests.DecentralizedIDTests"/>
  <testcase name="testToBytes" time="0.000" classname="com.distrimind.util.tests.DecentralizedIDTests"/>
  <testcase name="testToBytes" time="0.000" classname="com.distrimind.util.tests.DecentralizedIDTests"/>
  <testcase name="testNotEquals" time="0.000" classname="com.distrimind.util.tests.DecentralizedIDTests"/>
  <testcase name="testToBytes" time="0.000" classname="com.distrimind.util.tests.DecentralizedIDTests"/>
  <testcase name="testToBytes" time="0.000" classname="com.distrimind.util.tests.DecentralizedIDTests"/>
  <testcase name="testNotEquals" time="0.001" classname="com.distrimind.util.tests.DecentralizedIDTests"/>
  <testcase name="testNotEquals" time="0.000" classname="com.distrimind.util.tests.DecentralizedIDTests"/>
  <testcase name="testToBytes" time="0.000" classname="com.distrimind.util.tests.DecentralizedIDTests"/>
  <testcase name="testToBytes" time="0.000" classname="com.distrimind.util.tests.DecentralizedIDTests"/>
  <testcase name="testNotEquals" time="0.000" classname="com.distrimind.util.tests.DecentralizedIDTests"/>
  <testcase name="testNotEquals" time="0.000" classname="com.distrimind.util.tests.DecentralizedIDTests"/>
  <testcase name="testNotEquals" time="0.000" classname="com.distrimind.util.tests.DecentralizedIDTests"/>
  <testcase name="testToBytes" time="0.000" classname="com.distrimind.util.tests.DecentralizedIDTests"/>
  <testcase name="testNotEquals" time="0.025" classname="com.distrimind.util.tests.DecentralizedIDTests"/>
  <testcase name="testToBytes" time="0.000" classname="com.distrimind.util.tests.DecentralizedIDTests"/>
  <testcase name="testToBytes" time="0.000" classname="com.distrimind.util.tests.DecentralizedIDTests"/>
  <testcase name="testToBytes" time="0.000" classname="com.distrimind.util.tests.DecentralizedIDTests"/>
  <testcase name="testNotEquals" time="0.013" classname="com.distrimind.util.tests.DecentralizedIDTests"/>
  <testcase name="testToBytes" time="0.000" classname="com.distrimind.util.tests.DecentralizedIDTests"/>
  <testcase name="testNotEquals" time="0.000" classname="com.distrimind.util.tests.DecentralizedIDTests"/>
  <testcase name="testNotEquals" time="0.000" classname="com.distrimind.util.tests.DecentralizedIDTests"/>
  <testcase name="testNotEquals" time="0.000" classname="com.distrimind.util.tests.DecentralizedIDTests"/>
  <testcase name="testNotEquals" time="0.003" classname="com.distrimind.util.tests.DecentralizedIDTests"/>
  <testcase name="testToBytes" time="0.000" classname="com.distrimind.util.tests.DecentralizedIDTests"/>
  <testcase name="testNotEquals" time="0.001" classname="com.distrimind.util.tests.DecentralizedIDTests"/>
  <testcase name="testToBytes" time="0.000" classname="com.distrimind.util.tests.DecentralizedIDTests"/>
  <testcase name="testNotEquals" time="0.001" classname="com.distrimind.util.tests.DecentralizedIDTests"/>
  <testcase name="testToBytes" time="0.000" classname="com.distrimind.util.tests.DecentralizedIDTests"/>
  <testcase name="testNotEquals" time="0.000" classname="com.distrimind.util.tests.DecentralizedIDTests"/>
  <testcase name="testNotEquals" time="0.000" classname="com.distrimind.util.tests.DecentralizedIDTests"/>
  <testcase name="testToBytes" time="0.000" classname="com.distrimind.util.tests.DecentralizedIDTests"/>
  <testcase name="testNotEquals" time="0.000" classname="com.distrimind.util.tests.DecentralizedIDTests"/>
  <testcase name="testToBytes" time="0.000" classname="com.distrimind.util.tests.DecentralizedIDTests"/>
  <testcase name="testToBytes" time="0.002" classname="com.distrimind.util.tests.DecentralizedIDTests"/>
  <testcase name="testNotEquals" time="0.000" classname="com.distrimind.util.tests.DecentralizedIDTests"/>
  <testcase name="testToBytes" time="0.000" classname="com.distrimind.util.tests.DecentralizedIDTests"/>
  <testcase name="testToBytes" time="0.000" classname="com.distrimind.util.tests.DecentralizedIDTests"/>
  <testcase name="testToBytes" time="0.000" classname="com.distrimind.util.tests.DecentralizedIDTests"/>
  <testcase name="testNotEquals" time="0.000" classname="com.distrimind.util.tests.DecentralizedIDTests"/>
  <testcase name="testToBytes" time="0.000" classname="com.distrimind.util.tests.DecentralizedIDTests"/>
  <testcase name="testNotEquals" time="0.000" classname="com.distrimind.util.tests.DecentralizedIDTests"/>
  <testcase name="testToBytes" time="0.000" classname="com.distrimind.util.tests.DecentralizedIDTests"/>
  <testcase name="testToBytes" time="0.001" classname="com.distrimind.util.tests.DecentralizedIDTests"/>
  <testcase name="testToBytes" time="0.000" classname="com.distrimind.util.tests.DecentralizedIDTests"/>
  <testcase name="testNotEquals" time="0.000" classname="com.distrimind.util.tests.DecentralizedIDTests"/>
  <testcase name="testNotEquals" time="0.000" classname="com.distrimind.util.tests.DecentralizedIDTests"/>
  <testcase name="testNotEquals" time="0.001" classname="com.distrimind.util.tests.DecentralizedIDTests"/>
  <testcase name="testToBytes" time="0.000" classname="com.distrimind.util.tests.DecentralizedIDTests"/>
  <testcase name="testNotEquals" time="0.000" classname="com.distrimind.util.tests.DecentralizedIDTests"/>
  <testcase name="testToBytes" time="0.000" classname="com.distrimind.util.tests.DecentralizedIDTests"/>
  <testcase name="testNotEquals" time="0.000" classname="com.distrimind.util.tests.DecentralizedIDTests"/>
  <testcase name="testToBytes" time="0.000" classname="com.distrimind.util.tests.DecentralizedIDTests"/>
  <testcase name="testToBytes" time="0.000" classname="com.distrimind.util.tests.DecentralizedIDTests"/>
  <testcase name="testToBytes" time="0.099" classname="com.distrimind.util.tests.DecentralizedIDTests"/>
  <testcase name="testToBytes" time="0.000" classname="com.distrimind.util.tests.DecentralizedIDTests"/>
  <testcase name="testToBytes" time="0.000" classname="com.distrimind.util.tests.DecentralizedIDTests"/>
  <testcase name="testNotEquals" time="0.000" classname="com.distrimind.util.tests.DecentralizedIDTests"/>
  <testcase name="testToBytes" time="0.000" classname="com.distrimind.util.tests.DecentralizedIDTests"/>
  <testcase name="testToBytes" time="0.000" classname="com.distrimind.util.tests.DecentralizedIDTests"/>
  <testcase name="testToBytes" time="0.000" classname="com.distrimind.util.tests.DecentralizedIDTests"/>
  <testcase name="testToBytes" time="0.000" classname="com.distrimind.util.tests.DecentralizedIDTests"/>
  <testcase name="testNotEquals" time="0.000" classname="com.distrimind.util.tests.DecentralizedIDTests"/>
  <testcase name="testNotEquals" time="0.000" classname="com.distrimind.util.tests.DecentralizedIDTests"/>
  <testcase name="testNotEquals" time="0.001" classname="com.distrimind.util.tests.DecentralizedIDTests"/>
  <testcase name="testToBytes" time="0.000" classname="com.distrimind.util.tests.DecentralizedIDTests"/>
  <testcase name="testToBytes" time="0.000" classname="com.distrimind.util.tests.DecentralizedIDTests"/>
  <testcase name="testNotEquals" time="0.000" classname="com.distrimind.util.tests.DecentralizedIDTests"/>
  <testcase name="testToBytes" time="0.000" classname="com.distrimind.util.tests.DecentralizedIDTests"/>
  <testcase name="testToBytes" time="0.000" classname="com.distrimind.util.tests.DecentralizedIDTests"/>
  <testcase name="testToBytes" time="0.001" classname="com.distrimind.util.tests.DecentralizedIDTests"/>
  <testcase name="testToBytes" time="0.000" classname="com.distrimind.util.tests.DecentralizedIDTests"/>
  <testcase name="testToBytes" time="0.000" classname="com.distrimind.util.tests.DecentralizedIDTests"/>
  <testcase name="testToBytes" time="0.000" classname="com.distrimind.util.tests.DecentralizedIDTests"/>
  <testcase name="testToBytes" time="0.001" classname="com.distrimind.util.tests.DecentralizedIDTests"/>
  <testcase name="testNotEquals" time="0.000" classname="com.distrimind.util.tests.DecentralizedIDTests"/>
  <testcase name="testNotEquals" time="0.000" classname="com.distrimind.util.tests.DecentralizedIDTests"/>
  <testcase name="testNotEquals" time="0.001" classname="com.distrimind.util.tests.DecentralizedIDTests"/>
  <testcase name="testNotEquals" time="0.018" classname="com.distrimind.util.tests.DecentralizedIDTests"/>
  <testcase name="testToBytes" time="0.001" classname="com.distrimind.util.tests.DecentralizedIDTests"/>
  <testcase name="testToBytes" time="0.001" classname="com.distrimind.util.tests.DecentralizedIDTests"/>
  <testcase name="testNotEquals" time="0.000" classname="com.distrimind.util.tests.DecentralizedIDTests"/>
  <testcase name="testToBytes" time="0.000" classname="com.distrimind.util.tests.DecentralizedIDTests"/>
  <testcase name="testToBytes" time="0.000" classname="com.distrimind.util.tests.DecentralizedIDTests"/>
  <testcase name="testNotEquals" time="0.001" classname="com.distrimind.util.tests.DecentralizedIDTests"/>
  <testcase name="testNotEquals" time="0.001" classname="com.distrimind.util.tests.DecentralizedIDTests"/>
  <testcase name="testNotEquals" time="0.000" classname="com.distrimind.util.tests.DecentralizedIDTests"/>
  <testcase name="testNotEquals" time="0.000" classname="com.distrimind.util.tests.DecentralizedIDTests"/>
  <testcase name="testToBytes" time="0.001" classname="com.distrimind.util.tests.DecentralizedIDTests"/>
  <testcase name="testNotEquals" time="0.000" classname="com.distrimind.util.tests.DecentralizedIDTests"/>
  <testcase name="testToBytes" time="0.000" classname="com.distrimind.util.tests.DecentralizedIDTests"/>
  <testcase name="testNotEquals" time="0.006" classname="com.distrimind.util.tests.DecentralizedIDTests"/>
  <testcase name="testNotEquals" time="0.000" classname="com.distrimind.util.tests.DecentralizedIDTests"/>
  <testcase name="testNotEquals" time="0.000" classname="com.distrimind.util.tests.DecentralizedIDTests"/>
  <testcase name="testNotEquals" time="0.015" classname="com.distrimind.util.tests.DecentralizedIDTests"/>
  <testcase name="testToBytes" time="0.025" classname="com.distrimind.util.tests.DecentralizedIDTests"/>
  <testcase name="testToBytes" time="0.000" classname="com.distrimind.util.tests.DecentralizedIDTests"/>
  <testcase name="testNotEquals" time="0.000" classname="com.distrimind.util.tests.DecentralizedIDTests"/>
  <testcase name="testNotEquals" time="0.001" classname="com.distrimind.util.tests.DecentralizedIDTests"/>
  <testcase name="testNotEquals" time="0.000" classname="com.distrimind.util.tests.DecentralizedIDTests"/>
  <testcase name="testToBytes" time="0.001" classname="com.distrimind.util.tests.DecentralizedIDTests"/>
  <testcase name="testToBytes" time="0.001" classname="com.distrimind.util.tests.DecentralizedIDTests"/>
  <testcase name="testToBytes" time="0.000" classname="com.distrimind.util.tests.DecentralizedIDTests"/>
  <testcase name="testNotEquals" time="0.000" classname="com.distrimind.util.tests.DecentralizedIDTests"/>
  <testcase name="testNotEquals" time="0.000" classname="com.distrimind.util.tests.DecentralizedIDTests"/>
  <testcase name="testToBytes" time="0.000" classname="com.distrimind.util.tests.DecentralizedIDTests"/>
  <testcase name="testNotEquals" time="0.000" classname="com.distrimind.util.tests.DecentralizedIDTests"/>
  <testcase name="testNotEquals" time="0.012" classname="com.distrimind.util.tests.DecentralizedIDTests"/>
  <testcase name="testNotEquals" time="0.000" classname="com.distrimind.util.tests.DecentralizedIDTests"/>
  <testcase name="testToBytes" time="0.000" classname="com.distrimind.util.tests.DecentralizedIDTests"/>
  <testcase name="testToBytes" time="0.000" classname="com.distrimind.util.tests.DecentralizedIDTests"/>
  <testcase name="testToBytes" time="0.000" classname="com.distrimind.util.tests.DecentralizedIDTests"/>
  <testcase name="testNotEquals" time="0.000" classname="com.distrimind.util.tests.DecentralizedIDTests"/>
  <testcase name="testNotEquals" time="0.000" classname="com.distrimind.util.tests.DecentralizedIDTests"/>
  <testcase name="testNotEquals" time="0.000" classname="com.distrimind.util.tests.DecentralizedIDTests"/>
  <testcase name="testNotEquals" time="0.012" classname="com.distrimind.util.tests.DecentralizedIDTests"/>
  <testcase name="testNotEquals" time="0.000" classname="com.distrimind.util.tests.DecentralizedIDTests"/>
  <testcase name="testNotEquals" time="0.000" classname="com.distrimind.util.tests.DecentralizedIDTests"/>
  <testcase name="testNotEquals" time="0.000" classname="com.distrimind.util.tests.DecentralizedIDTests"/>
  <testcase name="testNotEquals" time="0.000" classname="com.distrimind.util.tests.DecentralizedIDTests"/>
  <testcase name="testNotEquals" time="0.000" classname="com.distrimind.util.tests.DecentralizedIDTests"/>
  <testcase name="testNotEquals" time="0.007" classname="com.distrimind.util.tests.DecentralizedIDTests"/>
  <testcase name="testToBytes" time="0.000" classname="com.distrimind.util.tests.DecentralizedIDTests"/>
  <testcase name="testNotEquals" time="0.001" classname="com.distrimind.util.tests.DecentralizedIDTests"/>
  <testcase name="testNotEquals" time="0.000" classname="com.distrimind.util.tests.DecentralizedIDTests"/>
  <testcase name="testNotEquals" time="0.000" classname="com.distrimind.util.tests.DecentralizedIDTests"/>
  <testcase name="testToBytes" time="0.000" classname="com.distrimind.util.tests.DecentralizedIDTests"/>
  <testcase name="testToBytes" time="0.000" classname="com.distrimind.util.tests.DecentralizedIDTests"/>
  <testcase name="testNotEquals" time="0.000" classname="com.distrimind.util.tests.DecentralizedIDTests"/>
  <testcase name="testNotEquals" time="0.000" classname="com.distrimind.util.tests.DecentralizedIDTests"/>
  <testcase name="testToBytes" time="0.000" classname="com.distrimind.util.tests.DecentralizedIDTests"/>
  <testcase name="testToBytes" time="0.000" classname="com.distrimind.util.tests.DecentralizedIDTests"/>
  <testcase name="testToBytes" time="0.000" classname="com.distrimind.util.tests.DecentralizedIDTests"/>
  <testcase name="testNotEquals" time="0.000" classname="com.distrimind.util.tests.DecentralizedIDTests"/>
  <testcase name="testNotEquals" time="0.000" classname="com.distrimind.util.tests.DecentralizedIDTests"/>
  <testcase name="testToBytes" time="0.000" classname="com.distrimind.util.tests.DecentralizedIDTests"/>
  <testcase name="testNotEquals" time="0.008" classname="com.distrimind.util.tests.DecentralizedIDTests"/>
  <testcase name="testToBytes" time="0.000" classname="com.distrimind.util.tests.DecentralizedIDTests"/>
  <testcase name="testToBytes" time="0.000" classname="com.distrimind.util.tests.DecentralizedIDTests"/>
  <testcase name="testNotEquals" time="0.000" classname="com.distrimind.util.tests.DecentralizedIDTests"/>
  <testcase name="testToBytes" time="0.000" classname="com.distrimind.util.tests.DecentralizedIDTests"/>
  <testcase name="testNotEquals" time="0.000" classname="com.distrimind.util.tests.DecentralizedIDTests"/>
  <testcase name="testNotEquals" time="0.000" classname="com.distrimind.util.tests.DecentralizedIDTests"/>
  <testcase name="testNotEquals" time="0.001" classname="com.distrimind.util.tests.DecentralizedIDTests"/>
  <testcase name="testToBytes" time="0.000" classname="com.distrimind.util.tests.DecentralizedIDTests"/>
  <testcase name="testNotEquals" time="0.001" classname="com.distrimind.util.tests.DecentralizedIDTests"/>
  <testcase name="testNotEquals" time="0.000" classname="com.distrimind.util.tests.DecentralizedIDTests"/>
  <testcase name="testNotEquals" time="0.001" classname="com.distrimind.util.tests.DecentralizedIDTests"/>
  <testcase name="testNotEquals" time="0.000" classname="com.distrimind.util.tests.DecentralizedIDTests"/>
  <testcase name="testNotEquals" time="0.012" classname="com.distrimind.util.tests.DecentralizedIDTests"/>
  <testcase name="testToBytes" time="0.000" classname="com.distrimind.util.tests.DecentralizedIDTests"/>
  <testcase name="testNotEquals" time="0.008" classname="com.distrimind.util.tests.DecentralizedIDTests"/>
  <testcase name="testNotEquals" time="0.000" classname="com.distrimind.util.tests.DecentralizedIDTests"/>
  <testcase name="testToBytes" time="0.000" classname="com.distrimind.util.tests.DecentralizedIDTests"/>
  <testcase name="testToBytes" time="0.000" classname="com.distrimind.util.tests.DecentralizedIDTests"/>
  <testcase name="testToBytes" time="0.000" classname="com.distrimind.util.tests.DecentralizedIDTests"/>
  <testcase name="testNotEquals" time="0.000" classname="com.distrimind.util.tests.DecentralizedIDTests"/>
  <testcase name="testNotEquals" time="0.016" classname="com.distrimind.util.tests.DecentralizedIDTests"/>
  <testcase name="testNotEquals" time="0.021" classname="com.distrimind.util.tests.DecentralizedIDTests"/>
  <testcase name="testToBytes" time="0.000" classname="com.distrimind.util.tests.DecentralizedIDTests"/>
  <testcase name="testToBytes" time="0.000" classname="com.distrimind.util.tests.DecentralizedIDTests"/>
  <testcase name="testToBytes" time="0.000" classname="com.distrimind.util.tests.DecentralizedIDTests"/>
  <testcase name="testNotEquals" time="0.000" classname="com.distrimind.util.tests.DecentralizedIDTests"/>
  <testcase name="testToBytes" time="0.000" classname="com.distrimind.util.tests.DecentralizedIDTests"/>
  <testcase name="testNotEquals" time="0.000" classname="com.distrimind.util.tests.DecentralizedIDTests"/>
  <testcase name="testNotEquals" time="0.001" classname="com.distrimind.util.tests.DecentralizedIDTests"/>
  <testcase name="testToBytes" time="0.000" classname="com.distrimind.util.tests.DecentralizedIDTests"/>
  <testcase name="testNotEquals" time="0.001" classname="com.distrimind.util.tests.DecentralizedIDTests"/>
  <testcase name="testToBytes" time="0.000" classname="com.distrimind.util.tests.DecentralizedIDTests"/>
  <testcase name="testToBytes" time="0.000" classname="com.distrimind.util.tests.DecentralizedIDTests"/>
  <testcase name="testToBytes" time="0.000" classname="com.distrimind.util.tests.DecentralizedIDTests"/>
  <testcase name="testToBytes" time="0.000" classname="com.distrimind.util.tests.DecentralizedIDTests"/>
  <testcase name="testToBytes" time="0.000" classname="com.distrimind.util.tests.DecentralizedIDTests"/>
  <testcase name="testToBytes" time="0.001" classname="com.distrimind.util.tests.DecentralizedIDTests"/>
  <testcase name="testNotEquals" time="0.000" classname="com.distrimind.util.tests.DecentralizedIDTests"/>
  <testcase name="testNotEquals" time="0.000" classname="com.distrimind.util.tests.DecentralizedIDTests"/>
  <testcase name="testNotEquals" time="0.000" classname="com.distrimind.util.tests.DecentralizedIDTests"/>
  <testcase name="testNotEquals" time="0.006" classname="com.distrimind.util.tests.DecentralizedIDTests"/>
  <testcase name="testToBytes" time="0.000" classname="com.distrimind.util.tests.DecentralizedIDTests"/>
  <testcase name="testToBytes" time="0.000" classname="com.distrimind.util.tests.DecentralizedIDTests"/>
  <testcase name="testToBytes" time="0.000" classname="com.distrimind.util.tests.DecentralizedIDTests"/>
  <testcase name="testNotEquals" time="0.000" classname="com.distrimind.util.tests.DecentralizedIDTests"/>
  <testcase name="testToBytes" time="0.000" classname="com.distrimind.util.tests.DecentralizedIDTests"/>
  <testcase name="testNotEquals" time="0.001" classname="com.distrimind.util.tests.DecentralizedIDTests"/>
  <testcase name="testToBytes" time="0.000" classname="com.distrimind.util.tests.DecentralizedIDTests"/>
  <testcase name="testToBytes" time="0.000" classname="com.distrimind.util.tests.DecentralizedIDTests"/>
  <testcase name="testToBytes" time="0.000" classname="com.distrimind.util.tests.DecentralizedIDTests"/>
  <testcase name="testToBytes" time="0.000" classname="com.distrimind.util.tests.DecentralizedIDTests"/>
  <testcase name="testNotEquals" time="0.000" classname="com.distrimind.util.tests.DecentralizedIDTests"/>
  <testcase name="testToBytes" time="0.000" classname="com.distrimind.util.tests.DecentralizedIDTests"/>
  <testcase name="testNotEquals" time="0.000" classname="com.distrimind.util.tests.DecentralizedIDTests"/>
  <testcase name="testToBytes" time="0.061" classname="com.distrimind.util.tests.DecentralizedIDTests"/>
  <testcase name="testToBytes" time="0.001" classname="com.distrimind.util.tests.DecentralizedIDTests"/>
  <testcase name="testNotEquals" time="0.001" classname="com.distrimind.util.tests.DecentralizedIDTests"/>
  <testcase name="testNotEquals" time="0.000" classname="com.distrimind.util.tests.DecentralizedIDTests"/>
  <testcase name="testNotEquals" time="0.004" classname="com.distrimind.util.tests.DecentralizedIDTests"/>
  <testcase name="testToBytes" time="0.000" classname="com.distrimind.util.tests.DecentralizedIDTests"/>
  <testcase name="testNotEquals" time="0.000" classname="com.distrimind.util.tests.DecentralizedIDTests"/>
  <testcase name="testToBytes" time="0.000" classname="com.distrimind.util.tests.DecentralizedIDTests"/>
  <testcase name="testNotEquals" time="0.001" classname="com.distrimind.util.tests.DecentralizedIDTests"/>
  <testcase name="testToBytes" time="0.000" classname="com.distrimind.util.tests.DecentralizedIDTests"/>
  <testcase name="testToBytes" time="0.000" classname="com.distrimind.util.tests.DecentralizedIDTests"/>
  <testcase name="testToBytes" time="0.000" classname="com.distrimind.util.tests.DecentralizedIDTests"/>
  <testcase name="testNotEquals" time="0.005" classname="com.distrimind.util.tests.DecentralizedIDTests"/>
  <testcase name="testNotEquals" time="0.000" classname="com.distrimind.util.tests.DecentralizedIDTests"/>
  <testcase name="testToBytes" time="0.000" classname="com.distrimind.util.tests.DecentralizedIDTests"/>
  <testcase name="testNotEquals" time="0.000" classname="com.distrimind.util.tests.DecentralizedIDTests"/>
  <testcase name="testNotEquals" time="0.000" classname="com.distrimind.util.tests.DecentralizedIDTests"/>
  <testcase name="testToBytes" time="0.000" classname="com.distrimind.util.tests.DecentralizedIDTests"/>
  <testcase name="testNotEquals" time="0.000" classname="com.distrimind.util.tests.DecentralizedIDTests"/>
  <testcase name="testToBytes" time="0.011" classname="com.distrimind.util.tests.DecentralizedIDTests"/>
  <testcase name="testNotEquals" time="0.000" classname="com.distrimind.util.tests.DecentralizedIDTests"/>
  <testcase name="testToBytes" time="0.000" classname="com.distrimind.util.tests.DecentralizedIDTests"/>
  <testcase name="testNotEquals" time="0.000" classname="com.distrimind.util.tests.DecentralizedIDTests"/>
  <testcase name="testNotEquals" time="0.000" classname="com.distrimind.util.tests.DecentralizedIDTests"/>
  <testcase name="testToBytes" time="0.000" classname="com.distrimind.util.tests.DecentralizedIDTests"/>
  <testcase name="testNotEquals" time="0.000" classname="com.distrimind.util.tests.DecentralizedIDTests"/>
  <testcase name="testNotEquals" time="0.001" classname="com.distrimind.util.tests.DecentralizedIDTests"/>
  <testcase name="testNotEquals" time="0.000" classname="com.distrimind.util.tests.DecentralizedIDTests"/>
  <testcase name="testNotEquals" time="0.000" classname="com.distrimind.util.tests.DecentralizedIDTests"/>
  <testcase name="testNotEquals" time="0.000" classname="com.distrimind.util.tests.DecentralizedIDTests"/>
  <testcase name="testNotEquals" time="0.000" classname="com.distrimind.util.tests.DecentralizedIDTests"/>
  <testcase name="testNotEquals" time="0.001" classname="com.distrimind.util.tests.DecentralizedIDTests"/>
  <testcase name="testToBytes" time="0.000" classname="com.distrimind.util.tests.DecentralizedIDTests"/>
  <testcase name="testNotEquals" time="0.000" classname="com.distrimind.util.tests.DecentralizedIDTests"/>
  <testcase name="testToBytes" time="0.000" classname="com.distrimind.util.tests.DecentralizedIDTests"/>
  <testcase name="testNotEquals" time="0.000" classname="com.distrimind.util.tests.DecentralizedIDTests"/>
  <testcase name="testToBytes" time="0.001" classname="com.distrimind.util.tests.DecentralizedIDTests"/>
  <testcase name="testNotEquals" time="0.000" classname="com.distrimind.util.tests.DecentralizedIDTests"/>
  <testcase name="testNotEquals" time="0.001" classname="com.distrimind.util.tests.DecentralizedIDTests"/>
  <testcase name="testToBytes" time="0.000" classname="com.distrimind.util.tests.DecentralizedIDTests"/>
  <testcase name="testNotEquals" time="0.000" classname="com.distrimind.util.tests.DecentralizedIDTests"/>
  <testcase name="testToBytes" time="0.000" classname="com.distrimind.util.tests.DecentralizedIDTests"/>
  <testcase name="testToBytes" time="0.000" classname="com.distrimind.util.tests.DecentralizedIDTests"/>
  <testcase name="testNotEquals" time="0.009" classname="com.distrimind.util.tests.DecentralizedIDTests"/>
  <testcase name="testNotEquals" time="0.000" classname="com.distrimind.util.tests.DecentralizedIDTests"/>
  <testcase name="testToBytes" time="0.000" classname="com.distrimind.util.tests.DecentralizedIDTests"/>
  <testcase name="testNotEquals" time="0.001" classname="com.distrimind.util.tests.DecentralizedIDTests"/>
  <testcase name="testToBytes" time="0.000" classname="com.distrimind.util.tests.DecentralizedIDTests"/>
  <testcase name="testNotEquals" time="0.000" classname="com.distrimind.util.tests.DecentralizedIDTests"/>
  <testcase name="testNotEquals" time="0.000" classname="com.distrimind.util.tests.DecentralizedIDTests"/>
  <testcase name="testToBytes" time="0.000" classname="com.distrimind.util.tests.DecentralizedIDTests"/>
  <testcase name="testToBytes" time="0.000" classname="com.distrimind.util.tests.DecentralizedIDTests"/>
  <testcase name="testNotEquals" time="0.000" classname="com.distrimind.util.tests.DecentralizedIDTests"/>
  <testcase name="testToBytes" time="0.008" classname="com.distrimind.util.tests.DecentralizedIDTests"/>
  <testcase name="testToBytes" time="0.000" classname="com.distrimind.util.tests.DecentralizedIDTests"/>
  <testcase name="testToBytes" time="0.000" classname="com.distrimind.util.tests.DecentralizedIDTests"/>
  <testcase name="testNotEquals" time="0.029" classname="com.distrimind.util.tests.DecentralizedIDTests"/>
  <testcase name="testToBytes" time="0.000" classname="com.distrimind.util.tests.DecentralizedIDTests"/>
  <testcase name="testToBytes" time="0.000" classname="com.distrimind.util.tests.DecentralizedIDTests"/>
  <testcase name="testToBytes" time="0.001" classname="com.distrimind.util.tests.DecentralizedIDTests"/>
  <testcase name="testNotEquals" time="0.000" classname="com.distrimind.util.tests.DecentralizedIDTests"/>
  <testcase name="testNotEquals" time="0.000" classname="com.distrimind.util.tests.DecentralizedIDTests"/>
  <testcase name="testNotEquals" time="0.000" classname="com.distrimind.util.tests.DecentralizedIDTests"/>
  <testcase name="testNotEquals" time="0.000" classname="com.distrimind.util.tests.DecentralizedIDTests"/>
  <testcase name="testToBytes" time="0.000" classname="com.distrimind.util.tests.DecentralizedIDTests"/>
  <testcase name="testNotEquals" time="0.001" classname="com.distrimind.util.tests.DecentralizedIDTests"/>
  <testcase name="testNotEquals" time="0.000" classname="com.distrimind.util.tests.DecentralizedIDTests"/>
  <testcase name="testToBytes" time="0.000" classname="com.distrimind.util.tests.DecentralizedIDTests"/>
  <testcase name="testNotEquals" time="0.000" classname="com.distrimind.util.tests.DecentralizedIDTests"/>
  <testcase name="testNotEquals" time="0.000" classname="com.distrimind.util.tests.DecentralizedIDTests"/>
  <testcase name="testToBytes" time="0.000" classname="com.distrimind.util.tests.DecentralizedIDTests"/>
  <testcase name="testNotEquals" time="0.007" classname="com.distrimind.util.tests.DecentralizedIDTests"/>
  <testcase name="testToBytes" time="0.000" classname="com.distrimind.util.tests.DecentralizedIDTests"/>
  <testcase name="testNotEquals" time="0.000" classname="com.distrimind.util.tests.DecentralizedIDTests"/>
  <testcase name="testNotEquals" time="0.000" classname="com.distrimind.util.tests.DecentralizedIDTests"/>
  <testcase name="testNotEquals" time="0.000" classname="com.distrimind.util.tests.DecentralizedIDTests"/>
  <testcase name="testNotEquals" time="0.000" classname="com.distrimind.util.tests.DecentralizedIDTests"/>
  <testcase name="testToBytes" time="0.000" classname="com.distrimind.util.tests.DecentralizedIDTests"/>
  <testcase name="testNotEquals" time="0.000" classname="com.distrimind.util.tests.DecentralizedIDTests"/>
  <testcase name="testToBytes" time="0.000" classname="com.distrimind.util.tests.DecentralizedIDTests"/>
  <testcase name="testNotEquals" time="0.001" classname="com.distrimind.util.tests.DecentralizedIDTests"/>
  <testcase name="testToBytes" time="0.001" classname="com.distrimind.util.tests.DecentralizedIDTests"/>
  <testcase name="testNotEquals" time="0.000" classname="com.distrimind.util.tests.DecentralizedIDTests"/>
  <testcase name="testNotEquals" time="0.002" classname="com.distrimind.util.tests.DecentralizedIDTests"/>
  <testcase name="testToBytes" time="0.000" classname="com.distrimind.util.tests.DecentralizedIDTests"/>
  <testcase name="testToBytes" time="0.000" classname="com.distrimind.util.tests.DecentralizedIDTests"/>
  <testcase name="testNotEquals" time="0.000" classname="com.distrimind.util.tests.DecentralizedIDTests"/>
  <testcase name="testToBytes" time="0.003" classname="com.distrimind.util.tests.DecentralizedIDTests"/>
  <testcase name="testNotEquals" time="0.000" classname="com.distrimind.util.tests.DecentralizedIDTests"/>
  <testcase name="testToBytes" time="0.000" classname="com.distrimind.util.tests.DecentralizedIDTests"/>
  <testcase name="testToBytes" time="0.000" classname="com.distrimind.util.tests.DecentralizedIDTests"/>
  <testcase name="testToBytes" time="0.000" classname="com.distrimind.util.tests.DecentralizedIDTests"/>
  <testcase name="testNotEquals" time="0.000" classname="com.distrimind.util.tests.DecentralizedIDTests"/>
  <testcase name="testToBytes" time="0.001" classname="com.distrimind.util.tests.DecentralizedIDTests"/>
  <testcase name="testToBytes" time="0.000" classname="com.distrimind.util.tests.DecentralizedIDTests"/>
  <testcase name="testToBytes" time="0.000" classname="com.distrimind.util.tests.DecentralizedIDTests"/>
  <testcase name="testNotEquals" time="0.000" classname="com.distrimind.util.tests.DecentralizedIDTests"/>
  <testcase name="testToBytes" time="0.000" classname="com.distrimind.util.tests.DecentralizedIDTests"/>
  <testcase name="testToBytes" time="0.000" classname="com.distrimind.util.tests.DecentralizedIDTests"/>
  <testcase name="testToBytes" time="0.000" classname="com.distrimind.util.tests.DecentralizedIDTests"/>
  <testcase name="testToBytes" time="0.000" classname="com.distrimind.util.tests.DecentralizedIDTests"/>
  <testcase name="testToBytes" time="0.000" classname="com.distrimind.util.tests.DecentralizedIDTests"/>
  <testcase name="testToBytes" time="0.000" classname="com.distrimind.util.tests.DecentralizedIDTests"/>
  <testcase name="testToBytes" time="0.000" classname="com.distrimind.util.tests.DecentralizedIDTests"/>
  <testcase name="testNotEquals" time="0.003" classname="com.distrimind.util.tests.DecentralizedIDTests"/>
  <testcase name="testToBytes" time="0.000" classname="com.distrimind.util.tests.DecentralizedIDTests"/>
  <testcase name="testToBytes" time="0.000" classname="com.distrimind.util.tests.DecentralizedIDTests"/>
  <testcase name="testNotEquals" time="0.000" classname="com.distrimind.util.tests.DecentralizedIDTests"/>
  <testcase name="testNotEquals" time="0.012" classname="com.distrimind.util.tests.DecentralizedIDTests"/>
  <testcase name="testToBytes" time="0.000" classname="com.distrimind.util.tests.DecentralizedIDTests"/>
  <testcase name="testToBytes" time="0.000" classname="com.distrimind.util.tests.DecentralizedIDTests"/>
  <testcase name="testToBytes" time="0.001" classname="com.distrimind.util.tests.DecentralizedIDTests"/>
  <testcase name="testNotEquals" time="0.000" classname="com.distrimind.util.tests.DecentralizedIDTests"/>
  <testcase name="testToBytes" time="0.000" classname="com.distrimind.util.tests.DecentralizedIDTests"/>
  <testcase name="testNotEquals" time="0.018" classname="com.distrimind.util.tests.DecentralizedIDTests"/>
  <testcase name="testNotEquals" time="0.001" classname="com.distrimind.util.tests.DecentralizedIDTests"/>
  <testcase name="testToBytes" time="0.001" classname="com.distrimind.util.tests.DecentralizedIDTests"/>
  <testcase name="testNotEquals" time="0.000" classname="com.distrimind.util.tests.DecentralizedIDTests"/>
  <testcase name="testNotEquals" time="0.000" classname="com.distrimind.util.tests.DecentralizedIDTests"/>
  <testcase name="testNotEquals" time="0.000" classname="com.distrimind.util.tests.DecentralizedIDTests"/>
  <testcase name="testNotEquals" time="0.001" classname="com.distrimind.util.tests.DecentralizedIDTests"/>
  <testcase name="testNotEquals" time="0.000" classname="com.distrimind.util.tests.DecentralizedIDTests"/>
  <testcase name="testToBytes" time="0.000" classname="com.distrimind.util.tests.DecentralizedIDTests"/>
  <testcase name="testNotEquals" time="0.000" classname="com.distrimind.util.tests.DecentralizedIDTests"/>
  <testcase name="testNotEquals" time="0.000" classname="com.distrimind.util.tests.DecentralizedIDTests"/>
  <testcase name="testToBytes" time="0.000" classname="com.distrimind.util.tests.DecentralizedIDTests"/>
  <testcase name="testNotEquals" time="0.000" classname="com.distrimind.util.tests.DecentralizedIDTests"/>
  <testcase name="testNotEquals" time="0.001" classname="com.distrimind.util.tests.DecentralizedIDTests"/>
  <testcase name="testToBytes" time="0.000" classname="com.distrimind.util.tests.DecentralizedIDTests"/>
  <testcase name="testNotEquals" time="0.000" classname="com.distrimind.util.tests.DecentralizedIDTests"/>
  <testcase name="testToBytes" time="0.000" classname="com.distrimind.util.tests.DecentralizedIDTests"/>
  <testcase name="testNotEquals" time="0.001" classname="com.distrimind.util.tests.DecentralizedIDTests"/>
  <testcase name="testToBytes" time="0.000" classname="com.distrimind.util.tests.DecentralizedIDTests"/>
  <testcase name="testToBytes" time="0.000" classname="com.distrimind.util.tests.DecentralizedIDTests"/>
  <testcase name="testToBytes" time="0.000" classname="com.distrimind.util.tests.DecentralizedIDTests"/>
  <testcase name="testNotEquals" time="0.000" classname="com.distrimind.util.tests.DecentralizedIDTests"/>
  <testcase name="testToBytes" time="0.000" classname="com.distrimind.util.tests.DecentralizedIDTests"/>
  <testcase name="testToBytes" time="0.000" classname="com.distrimind.util.tests.DecentralizedIDTests"/>
  <testcase name="testToBytes" time="0.000" classname="com.distrimind.util.tests.DecentralizedIDTests"/>
  <testcase name="testNotEquals" time="0.000" classname="com.distrimind.util.tests.DecentralizedIDTests"/>
  <testcase name="testToBytes" time="0.000" classname="com.distrimind.util.tests.DecentralizedIDTests"/>
  <testcase name="testToBytes" time="0.000" classname="com.distrimind.util.tests.DecentralizedIDTests"/>
  <testcase name="testNotEquals" time="0.000" classname="com.distrimind.util.tests.DecentralizedIDTests"/>
  <testcase name="testToBytes" time="0.000" classname="com.distrimind.util.tests.DecentralizedIDTests"/>
  <testcase name="testToBytes" time="0.000" classname="com.distrimind.util.tests.DecentralizedIDTests"/>
  <testcase name="testNotEquals" time="0.000" classname="com.distrimind.util.tests.DecentralizedIDTests"/>
  <testcase name="testToBytes" time="0.000" classname="com.distrimind.util.tests.DecentralizedIDTests"/>
  <testcase name="testToBytes" time="0.000" classname="com.distrimind.util.tests.DecentralizedIDTests"/>
  <testcase name="testToBytes" time="0.000" classname="com.distrimind.util.tests.DecentralizedIDTests"/>
  <testcase name="testToBytes" time="0.000" classname="com.distrimind.util.tests.DecentralizedIDTests"/>
  <testcase name="testNotEquals" time="0.000" classname="com.distrimind.util.tests.DecentralizedIDTests"/>
  <testcase name="testToBytes" time="0.000" classname="com.distrimind.util.tests.DecentralizedIDTests"/>
  <testcase name="testNotEquals" time="0.000" classname="com.distrimind.util.tests.DecentralizedIDTests"/>
  <testcase name="testToBytes" time="0.000" classname="com.distrimind.util.tests.DecentralizedIDTests"/>
  <testcase name="testNotEquals" time="0.000" classname="com.distrimind.util.tests.DecentralizedIDTests"/>
  <testcase name="testToBytes" time="0.000" classname="com.distrimind.util.tests.DecentralizedIDTests"/>
  <testcase name="testToBytes" time="0.000" classname="com.distrimind.util.tests.DecentralizedIDTests"/>
  <testcase name="testToBytes" time="0.000" classname="com.distrimind.util.tests.DecentralizedIDTests"/>
  <testcase name="testToBytes" time="0.000" classname="com.distrimind.util.tests.DecentralizedIDTests"/>
  <testcase name="testToBytes" time="0.000" classname="com.distrimind.util.tests.DecentralizedIDTests"/>
  <testcase name="testNotEquals" time="0.005" classname="com.distrimind.util.tests.DecentralizedIDTests"/>
  <testcase name="testNotEquals" time="0.000" classname="com.distrimind.util.tests.DecentralizedIDTests"/>
  <testcase name="testNotEquals" time="0.000" classname="com.distrimind.util.tests.DecentralizedIDTests"/>
  <testcase name="testNotEquals" time="0.000" classname="com.distrimind.util.tests.DecentralizedIDTests"/>
  <testcase name="testNotEquals" time="0.000" classname="com.distrimind.util.tests.DecentralizedIDTests"/>
  <testcase name="testToBytes" time="0.000" classname="com.distrimind.util.tests.DecentralizedIDTests"/>
  <testcase name="testNotEquals" time="0.000" classname="com.distrimind.util.tests.DecentralizedIDTests"/>
  <testcase name="testNotEquals" time="0.001" classname="com.distrimind.util.tests.DecentralizedIDTests"/>
  <testcase name="testNotEquals" time="0.001" classname="com.distrimind.util.tests.DecentralizedIDTests"/>
  <testcase name="testNotEquals" time="0.000" classname="com.distrimind.util.tests.DecentralizedIDTests"/>
  <testcase name="testNotEquals" time="0.000" classname="com.distrimind.util.tests.DecentralizedIDTests"/>
  <testcase name="testNotEquals" time="0.000" classname="com.distrimind.util.tests.DecentralizedIDTests"/>
  <testcase name="testToBytes" time="0.000" classname="com.distrimind.util.tests.DecentralizedIDTests"/>
  <testcase name="testNotEquals" time="0.000" classname="com.distrimind.util.tests.DecentralizedIDTests"/>
  <testcase name="testNotEquals" time="0.000" classname="com.distrimind.util.tests.DecentralizedIDTests"/>
  <testcase name="testToBytes" time="0.001" classname="com.distrimind.util.tests.DecentralizedIDTests"/>
  <testcase name="testToBytes" time="0.000" classname="com.distrimind.util.tests.DecentralizedIDTests"/>
  <testcase name="testToBytes" time="0.000" classname="com.distrimind.util.tests.DecentralizedIDTests"/>
  <testcase name="testToBytes" time="0.000" classname="com.distrimind.util.tests.DecentralizedIDTests"/>
  <testcase name="testToBytes" time="0.000" classname="com.distrimind.util.tests.DecentralizedIDTests"/>
  <testcase name="testToBytes" time="0.000" classname="com.distrimind.util.tests.DecentralizedIDTests"/>
  <testcase name="testToBytes" time="0.000" classname="com.distrimind.util.tests.DecentralizedIDTests"/>
  <testcase name="testNotEquals" time="0.001" classname="com.distrimind.util.tests.DecentralizedIDTests"/>
  <testcase name="testNotEquals" time="0.000" classname="com.distrimind.util.tests.DecentralizedIDTests"/>
  <testcase name="testNotEquals" time="0.003" classname="com.distrimind.util.tests.DecentralizedIDTests"/>
  <testcase name="testToBytes" time="0.000" classname="com.distrimind.util.tests.DecentralizedIDTests"/>
  <testcase name="testNotEquals" time="0.014" classname="com.distrimind.util.tests.DecentralizedIDTests"/>
  <testcase name="testToBytes" time="0.000" classname="com.distrimind.util.tests.DecentralizedIDTests"/>
  <testcase name="testToBytes" time="0.000" classname="com.distrimind.util.tests.DecentralizedIDTests"/>
  <testcase name="testToBytes" time="0.000" classname="com.distrimind.util.tests.DecentralizedIDTests"/>
  <testcase name="testNotEquals" time="0.000" classname="com.distrimind.util.tests.DecentralizedIDTests"/>
  <testcase name="testNotEquals" time="0.000" classname="com.distrimind.util.tests.DecentralizedIDTests"/>
  <testcase name="testToBytes" time="0.095" classname="com.distrimind.util.tests.DecentralizedIDTests"/>
  <testcase name="testNotEquals" time="0.001" classname="com.distrimind.util.tests.DecentralizedIDTests"/>
  <testcase name="testNotEquals" time="0.000" classname="com.distrimind.util.tests.DecentralizedIDTests"/>
  <testcase name="testNotEquals" time="0.000" classname="com.distrimind.util.tests.DecentralizedIDTests"/>
  <testcase name="testNotEquals" time="0.001" classname="com.distrimind.util.tests.DecentralizedIDTests"/>
  <testcase name="testToBytes" time="0.000" classname="com.distrimind.util.tests.DecentralizedIDTests"/>
  <testcase name="testToBytes" time="0.000" classname="com.distrimind.util.tests.DecentralizedIDTests"/>
  <testcase name="testToBytes" time="0.000" classname="com.distrimind.util.tests.DecentralizedIDTests"/>
  <testcase name="testNotEquals" time="0.000" classname="com.distrimind.util.tests.DecentralizedIDTests"/>
  <testcase name="testNotEquals" time="0.001" classname="com.distrimind.util.tests.DecentralizedIDTests"/>
  <testcase name="testToBytes" time="0.000" classname="com.distrimind.util.tests.DecentralizedIDTests"/>
  <testcase name="testToBytes" time="0.000" classname="com.distrimind.util.tests.DecentralizedIDTests"/>
  <testcase name="testNotEquals" time="0.000" classname="com.distrimind.util.tests.DecentralizedIDTests"/>
  <testcase name="testNotEquals" time="0.000" classname="com.distrimind.util.tests.DecentralizedIDTests"/>
  <testcase name="testToBytes" time="0.000" classname="com.distrimind.util.tests.DecentralizedIDTests"/>
  <testcase name="testNotEquals" time="0.022" classname="com.distrimind.util.tests.DecentralizedIDTests"/>
  <testcase name="testNotEquals" time="0.012" classname="com.distrimind.util.tests.DecentralizedIDTests"/>
  <testcase name="testToBytes" time="0.000" classname="com.distrimind.util.tests.DecentralizedIDTests"/>
  <testcase name="testNotEquals" time="0.000" classname="com.distrimind.util.tests.DecentralizedIDTests"/>
  <testcase name="testNotEquals" time="0.001" classname="com.distrimind.util.tests.DecentralizedIDTests"/>
  <testcase name="testNotEquals" time="0.028" classname="com.distrimind.util.tests.DecentralizedIDTests"/>
  <testcase name="testNotEquals" time="0.000" classname="com.distrimind.util.tests.DecentralizedIDTests"/>
  <testcase name="testNotEquals" time="0.012" classname="com.distrimind.util.tests.DecentralizedIDTests"/>
  <testcase name="testNotEquals" time="0.000" classname="com.distrimind.util.tests.DecentralizedIDTests"/>
  <testcase name="testToBytes" time="0.073" classname="com.distrimind.util.tests.DecentralizedIDTests"/>
  <testcase name="testToBytes" time="0.000" classname="com.distrimind.util.tests.DecentralizedIDTests"/>
  <testcase name="testNotEquals" time="0.000" classname="com.distrimind.util.tests.DecentralizedIDTests"/>
  <testcase name="testToBytes" time="0.000" classname="com.distrimind.util.tests.DecentralizedIDTests"/>
  <testcase name="testNotEquals" time="0.009" classname="com.distrimind.util.tests.DecentralizedIDTests"/>
  <testcase name="testNotEquals" time="0.000" classname="com.distrimind.util.tests.DecentralizedIDTests"/>
  <testcase name="testToBytes" time="0.000" classname="com.distrimind.util.tests.DecentralizedIDTests"/>
  <testcase name="testToBytes" time="0.000" classname="com.distrimind.util.tests.DecentralizedIDTests"/>
  <testcase name="testToBytes" time="0.000" classname="com.distrimind.util.tests.DecentralizedIDTests"/>
  <testcase name="testNotEquals" time="0.000" classname="com.distrimind.util.tests.DecentralizedIDTests"/>
  <testcase name="testNotEquals" time="0.000" classname="com.distrimind.util.tests.DecentralizedIDTests"/>
  <testcase name="testNotEquals" time="0.000" classname="com.distrimind.util.tests.DecentralizedIDTests"/>
  <testcase name="testNotEquals" time="0.000" classname="com.distrimind.util.tests.DecentralizedIDTests"/>
  <testcase name="testToBytes" time="0.000" classname="com.distrimind.util.tests.DecentralizedIDTests"/>
  <testcase name="testToBytes" time="0.000" classname="com.distrimind.util.tests.DecentralizedIDTests"/>
  <testcase name="testNotEquals" time="0.012" classname="com.distrimind.util.tests.DecentralizedIDTests"/>
  <testcase name="testNotEquals" time="0.000" classname="com.distrimind.util.tests.DecentralizedIDTests"/>
  <testcase name="testNotEquals" time="0.014" classname="com.distrimind.util.tests.DecentralizedIDTests"/>
  <testcase name="testNotEquals" time="0.012" classname="com.distrimind.util.tests.DecentralizedIDTests"/>
  <testcase name="testToBytes" time="0.000" classname="com.distrimind.util.tests.DecentralizedIDTests"/>
  <testcase name="testNotEquals" time="0.012" classname="com.distrimind.util.tests.DecentralizedIDTests"/>
  <testcase name="testNotEquals" time="0.000" classname="com.distrimind.util.tests.DecentralizedIDTests"/>
  <testcase name="testToBytes" time="0.000" classname="com.distrimind.util.tests.DecentralizedIDTests"/>
  <testcase name="testNotEquals" time="0.007" classname="com.distrimind.util.tests.DecentralizedIDTests"/>
  <testcase name="testNotEquals" time="0.004" classname="com.distrimind.util.tests.DecentralizedIDTests"/>
  <testcase name="testNotEquals" time="0.000" classname="com.distrimind.util.tests.DecentralizedIDTests"/>
  <testcase name="testToBytes" time="0.000" classname="com.distrimind.util.tests.DecentralizedIDTests"/>
  <testcase name="testNotEquals" time="0.000" classname="com.distrimind.util.tests.DecentralizedIDTests"/>
  <testcase name="testNotEquals" time="0.001" classname="com.distrimind.util.tests.DecentralizedIDTests"/>
  <testcase name="testNotEquals" time="0.001" classname="com.distrimind.util.tests.DecentralizedIDTests"/>
  <testcase name="testToBytes" time="0.000" classname="com.distrimind.util.tests.DecentralizedIDTests"/>
  <testcase name="testNotEquals" time="0.001" classname="com.distrimind.util.tests.DecentralizedIDTests"/>
  <testcase name="testNotEquals" time="0.006" classname="com.distrimind.util.tests.DecentralizedIDTests"/>
  <testcase name="testToBytes" time="0.000" classname="com.distrimind.util.tests.DecentralizedIDTests"/>
  <testcase name="testNotEquals" time="0.000" classname="com.distrimind.util.tests.DecentralizedIDTests"/>
  <testcase name="testNotEquals" time="0.000" classname="com.distrimind.util.tests.DecentralizedIDTests"/>
  <testcase name="testToBytes" time="0.000" classname="com.distrimind.util.tests.DecentralizedIDTests"/>
  <testcase name="testNotEquals" time="0.001" classname="com.distrimind.util.tests.DecentralizedIDTests"/>
  <testcase name="testNotEquals" time="0.000" classname="com.distrimind.util.tests.DecentralizedIDTests"/>
  <testcase name="testToBytes" time="0.000" classname="com.distrimind.util.tests.DecentralizedIDTests"/>
  <testcase name="testToBytes" time="0.000" classname="com.distrimind.util.tests.DecentralizedIDTests"/>
  <testcase name="testToBytes" time="0.005" classname="com.distrimind.util.tests.DecentralizedIDTests"/>
  <testcase name="testToBytes" time="0.000" classname="com.distrimind.util.tests.DecentralizedIDTests"/>
  <testcase name="testToBytes" time="0.000" classname="com.distrimind.util.tests.DecentralizedIDTests"/>
  <testcase name="testNotEquals" time="0.001" classname="com.distrimind.util.tests.DecentralizedIDTests"/>
  <testcase name="testNotEquals" time="0.002" classname="com.distrimind.util.tests.DecentralizedIDTests"/>
  <testcase name="testNotEquals" time="0.000" classname="com.distrimind.util.tests.DecentralizedIDTests"/>
  <testcase name="testNotEquals" time="0.000" classname="com.distrimind.util.tests.DecentralizedIDTests"/>
  <testcase name="testToBytes" time="0.001" classname="com.distrimind.util.tests.DecentralizedIDTests"/>
  <testcase name="testToBytes" time="0.000" classname="com.distrimind.util.tests.DecentralizedIDTests"/>
  <testcase name="testToBytes" time="0.000" classname="com.distrimind.util.tests.DecentralizedIDTests"/>
  <testcase name="testToBytes" time="0.000" classname="com.distrimind.util.tests.DecentralizedIDTests"/>
  <testcase name="testToBytes" time="0.000" classname="com.distrimind.util.tests.DecentralizedIDTests"/>
  <testcase name="testNotEquals" time="0.000" classname="com.distrimind.util.tests.DecentralizedIDTests"/>
  <testcase name="testNotEquals" time="0.000" classname="com.distrimind.util.tests.DecentralizedIDTests"/>
  <testcase name="testNotEquals" time="0.000" classname="com.distrimind.util.tests.DecentralizedIDTests"/>
  <testcase name="testNotEquals" time="0.000" classname="com.distrimind.util.tests.DecentralizedIDTests"/>
  <testcase name="testNotEquals" time="0.000" classname="com.distrimind.util.tests.DecentralizedIDTests"/>
  <testcase name="testToBytes" time="0.000" classname="com.distrimind.util.tests.DecentralizedIDTests"/>
  <testcase name="testToBytes" time="0.000" classname="com.distrimind.util.tests.DecentralizedIDTests"/>
  <testcase name="testToBytes" time="0.000" classname="com.distrimind.util.tests.DecentralizedIDTests"/>
  <testcase name="testNotEquals" time="0.000" classname="com.distrimind.util.tests.DecentralizedIDTests"/>
  <testcase name="testToBytes" time="0.000" classname="com.distrimind.util.tests.DecentralizedIDTests"/>
  <testcase name="testNotEquals" time="0.000" classname="com.distrimind.util.tests.DecentralizedIDTests"/>
  <testcase name="testToBytes" time="0.001" classname="com.distrimind.util.tests.DecentralizedIDTests"/>
  <testcase name="testToBytes" time="0.000" classname="com.distrimind.util.tests.DecentralizedIDTests"/>
  <testcase name="testToBytes" time="0.000" classname="com.distrimind.util.tests.DecentralizedIDTests"/>
  <testcase name="testNotEquals" time="0.000" classname="com.distrimind.util.tests.DecentralizedIDTests"/>
  <testcase name="testToBytes" time="0.000" classname="com.distrimind.util.tests.DecentralizedIDTests"/>
  <testcase name="testNotEquals" time="0.000" classname="com.distrimind.util.tests.DecentralizedIDTests"/>
  <testcase name="testNotEquals" time="0.000" classname="com.distrimind.util.tests.DecentralizedIDTests"/>
  <testcase name="testNotEquals" time="0.000" classname="com.distrimind.util.tests.DecentralizedIDTests"/>
  <testcase name="testToBytes" time="0.000" classname="com.distrimind.util.tests.DecentralizedIDTests"/>
  <testcase name="testNotEquals" time="0.000" classname="com.distrimind.util.tests.DecentralizedIDTests"/>
  <testcase name="testToBytes" time="0.000" classname="com.distrimind.util.tests.DecentralizedIDTests"/>
  <testcase name="testToBytes" time="0.000" classname="com.distrimind.util.tests.DecentralizedIDTests"/>
  <testcase name="testNotEquals" time="0.005" classname="com.distrimind.util.tests.DecentralizedIDTests"/>
  <testcase name="testNotEquals" time="0.027" classname="com.distrimind.util.tests.DecentralizedIDTests"/>
  <testcase name="testNotEquals" time="0.009" classname="com.distrimind.util.tests.DecentralizedIDTests"/>
  <testcase name="testToBytes" time="0.000" classname="com.distrimind.util.tests.DecentralizedIDTests"/>
  <testcase name="testToBytes" time="0.001" classname="com.distrimind.util.tests.DecentralizedIDTests"/>
  <testcase name="testNotEquals" time="0.000" classname="com.distrimind.util.tests.DecentralizedIDTests"/>
  <testcase name="testNotEquals" time="0.000" classname="com.distrimind.util.tests.DecentralizedIDTests"/>
  <testcase name="testToBytes" time="0.000" classname="com.distrimind.util.tests.DecentralizedIDTests"/>
  <testcase name="testToBytes" time="0.000" classname="com.distrimind.util.tests.DecentralizedIDTests"/>
  <testcase name="testToBytes" time="0.000" classname="com.distrimind.util.tests.DecentralizedIDTests"/>
  <testcase name="testNotEquals" time="0.000" classname="com.distrimind.util.tests.DecentralizedIDTests"/>
  <testcase name="testNotEquals" time="0.000" classname="com.distrimind.util.tests.DecentralizedIDTests"/>
  <testcase name="testToBytes" time="0.000" classname="com.distrimind.util.tests.DecentralizedIDTests"/>
  <testcase name="testToBytes" time="0.000" classname="com.distrimind.util.tests.DecentralizedIDTests"/>
  <testcase name="testNotEquals" time="0.013" classname="com.distrimind.util.tests.DecentralizedIDTests"/>
  <testcase name="testNotEquals" time="0.000" classname="com.distrimind.util.tests.DecentralizedIDTests"/>
  <testcase name="testNotEquals" time="0.000" classname="com.distrimind.util.tests.DecentralizedIDTests"/>
  <testcase name="testNotEquals" time="0.000" classname="com.distrimind.util.tests.DecentralizedIDTests"/>
  <testcase name="testToBytes" time="0.000" classname="com.distrimind.util.tests.DecentralizedIDTests"/>
  <testcase name="testToBytes" time="0.000" classname="com.distrimind.util.tests.DecentralizedIDTests"/>
  <testcase name="testToBytes" time="0.000" classname="com.distrimind.util.tests.DecentralizedIDTests"/>
  <testcase name="testNotEquals" time="0.000" classname="com.distrimind.util.tests.DecentralizedIDTests"/>
  <testcase name="testToBytes" time="0.000" classname="com.distrimind.util.tests.DecentralizedIDTests"/>
  <testcase name="testToBytes" time="0.000" classname="com.distrimind.util.tests.DecentralizedIDTests"/>
  <testcase name="testToBytes" time="0.010" classname="com.distrimind.util.tests.DecentralizedIDTests"/>
  <testcase name="testToBytes" time="0.000" classname="com.distrimind.util.tests.DecentralizedIDTests"/>
  <testcase name="testToBytes" time="0.000" classname="com.distrimind.util.tests.DecentralizedIDTests"/>
  <testcase name="testToBytes" time="0.000" classname="com.distrimind.util.tests.DecentralizedIDTests"/>
  <testcase name="testNotEquals" time="0.000" classname="com.distrimind.util.tests.DecentralizedIDTests"/>
  <testcase name="testToBytes" time="0.000" classname="com.distrimind.util.tests.DecentralizedIDTests"/>
  <testcase name="testNotEquals" time="0.004" classname="com.distrimind.util.tests.DecentralizedIDTests"/>
  <testcase name="testToBytes" time="0.000" classname="com.distrimind.util.tests.DecentralizedIDTests"/>
  <testcase name="testNotEquals" time="0.000" classname="com.distrimind.util.tests.DecentralizedIDTests"/>
  <testcase name="testToBytes" time="0.000" classname="com.distrimind.util.tests.DecentralizedIDTests"/>
  <testcase name="testToBytes" time="0.000" classname="com.distrimind.util.tests.DecentralizedIDTests"/>
  <testcase name="testToBytes" time="0.012" classname="com.distrimind.util.tests.DecentralizedIDTests"/>
  <testcase name="testNotEquals" time="0.002" classname="com.distrimind.util.tests.DecentralizedIDTests"/>
  <testcase name="testNotEquals" time="0.000" classname="com.distrimind.util.tests.DecentralizedIDTests"/>
  <testcase name="testToBytes" time="0.108" classname="com.distrimind.util.tests.DecentralizedIDTests"/>
  <testcase name="testToBytes" time="0.000" classname="com.distrimind.util.tests.DecentralizedIDTests"/>
  <testcase name="testToBytes" time="0.000" classname="com.distrimind.util.tests.DecentralizedIDTests"/>
  <testcase name="testNotEquals" time="0.011" classname="com.distrimind.util.tests.DecentralizedIDTests"/>
  <testcase name="testNotEquals" time="0.000" classname="com.distrimind.util.tests.DecentralizedIDTests"/>
  <testcase name="testNotEquals" time="0.002" classname="com.distrimind.util.tests.DecentralizedIDTests"/>
  <testcase name="testToBytes" time="0.005" classname="com.distrimind.util.tests.DecentralizedIDTests"/>
  <testcase name="testToBytes" time="0.000" classname="com.distrimind.util.tests.DecentralizedIDTests"/>
  <testcase name="testNotEquals" time="0.000" classname="com.distrimind.util.tests.DecentralizedIDTests"/>
  <testcase name="testNotEquals" time="0.000" classname="com.distrimind.util.tests.DecentralizedIDTests"/>
  <testcase name="testNotEquals" time="0.000" classname="com.distrimind.util.tests.DecentralizedIDTests"/>
  <testcase name="testNotEquals" time="0.001" classname="com.distrimind.util.tests.DecentralizedIDTests"/>
  <testcase name="testToBytes" time="0.000" classname="com.distrimind.util.tests.DecentralizedIDTests"/>
  <testcase name="testToBytes" time="0.000" classname="com.distrimind.util.tests.DecentralizedIDTests"/>
  <testcase name="testNotEquals" time="0.000" classname="com.distrimind.util.tests.DecentralizedIDTests"/>
  <testcase name="testNotEquals" time="0.000" classname="com.distrimind.util.tests.DecentralizedIDTests"/>
  <testcase name="testToBytes" time="0.000" classname="com.distrimind.util.tests.DecentralizedIDTests"/>
  <testcase name="testNotEquals" time="0.000" classname="com.distrimind.util.tests.DecentralizedIDTests"/>
  <testcase name="testNotEquals" time="0.000" classname="com.distrimind.util.tests.DecentralizedIDTests"/>
  <testcase name="testNotEquals" time="0.001" classname="com.distrimind.util.tests.DecentralizedIDTests"/>
  <testcase name="testToBytes" time="0.000" classname="com.distrimind.util.tests.DecentralizedIDTests"/>
  <testcase name="testToBytes" time="0.000" classname="com.distrimind.util.tests.DecentralizedIDTests"/>
  <testcase name="testToBytes" time="0.005" classname="com.distrimind.util.tests.DecentralizedIDTests"/>
  <testcase name="testNotEquals" time="0.021" classname="com.distrimind.util.tests.DecentralizedIDTests"/>
  <testcase name="testNotEquals" time="0.001" classname="com.distrimind.util.tests.DecentralizedIDTests"/>
  <testcase name="testNotEquals" time="0.000" classname="com.distrimind.util.tests.DecentralizedIDTests"/>
  <testcase name="testToBytes" time="0.000" classname="com.distrimind.util.tests.DecentralizedIDTests"/>
  <testcase name="testToBytes" time="0.000" classname="com.distrimind.util.tests.DecentralizedIDTests"/>
  <testcase name="testNotEquals" time="0.000" classname="com.distrimind.util.tests.DecentralizedIDTests"/>
  <testcase name="testNotEquals" time="0.000" classname="com.distrimind.util.tests.DecentralizedIDTests"/>
  <testcase name="testNotEquals" time="0.000" classname="com.distrimind.util.tests.DecentralizedIDTests"/>
  <testcase name="testToBytes" time="0.001" classname="com.distrimind.util.tests.DecentralizedIDTests"/>
  <testcase name="testNotEquals" time="0.000" classname="com.distrimind.util.tests.DecentralizedIDTests"/>
  <testcase name="testNotEquals" time="0.000" classname="com.distrimind.util.tests.DecentralizedIDTests"/>
  <testcase name="testToBytes" time="0.000" classname="com.distrimind.util.tests.DecentralizedIDTests"/>
  <testcase name="testNotEquals" time="0.000" classname="com.distrimind.util.tests.DecentralizedIDTests"/>
  <testcase name="testToBytes" time="0.000" classname="com.distrimind.util.tests.DecentralizedIDTests"/>
  <testcase name="testNotEquals" time="0.000" classname="com.distrimind.util.tests.DecentralizedIDTests"/>
  <testcase name="testNotEquals" time="0.010" classname="com.distrimind.util.tests.DecentralizedIDTests"/>
  <testcase name="testToBytes" time="0.000" classname="com.distrimind.util.tests.DecentralizedIDTests"/>
  <testcase name="testNotEquals" time="0.000" classname="com.distrimind.util.tests.DecentralizedIDTests"/>
  <testcase name="testNotEquals" time="0.000" classname="com.distrimind.util.tests.DecentralizedIDTests"/>
  <testcase name="testToBytes" time="0.000" classname="com.distrimind.util.tests.DecentralizedIDTests"/>
  <testcase name="testNotEquals" time="0.000" classname="com.distrimind.util.tests.DecentralizedIDTests"/>
  <testcase name="testToBytes" time="0.001" classname="com.distrimind.util.tests.DecentralizedIDTests"/>
  <testcase name="testNotEquals" time="0.000" classname="com.distrimind.util.tests.DecentralizedIDTests"/>
  <testcase name="testToBytes" time="0.000" classname="com.distrimind.util.tests.DecentralizedIDTests"/>
  <testcase name="testToBytes" time="0.000" classname="com.distrimind.util.tests.DecentralizedIDTests"/>
  <testcase name="testToBytes" time="0.000" classname="com.distrimind.util.tests.DecentralizedIDTests"/>
  <testcase name="testNotEquals" time="0.000" classname="com.distrimind.util.tests.DecentralizedIDTests"/>
  <testcase name="testToBytes" time="0.000" classname="com.distrimind.util.tests.DecentralizedIDTests"/>
  <testcase name="testNotEquals" time="0.000" classname="com.distrimind.util.tests.DecentralizedIDTests"/>
  <testcase name="testToBytes" time="0.000" classname="com.distrimind.util.tests.DecentralizedIDTests"/>
  <testcase name="testToBytes" time="0.000" classname="com.distrimind.util.tests.DecentralizedIDTests"/>
  <testcase name="testNotEquals" time="0.016" classname="com.distrimind.util.tests.DecentralizedIDTests"/>
  <testcase name="testToBytes" time="0.000" classname="com.distrimind.util.tests.DecentralizedIDTests"/>
  <testcase name="testNotEquals" time="0.013" classname="com.distrimind.util.tests.DecentralizedIDTests"/>
  <testcase name="testNotEquals" time="0.000" classname="com.distrimind.util.tests.DecentralizedIDTests"/>
  <testcase name="testNotEquals" time="0.000" classname="com.distrimind.util.tests.DecentralizedIDTests"/>
  <testcase name="testToBytes" time="0.000" classname="com.distrimind.util.tests.DecentralizedIDTests"/>
  <testcase name="testToBytes" time="0.000" classname="com.distrimind.util.tests.DecentralizedIDTests"/>
  <testcase name="testNotEquals" time="0.000" classname="com.distrimind.util.tests.DecentralizedIDTests"/>
  <testcase name="testNotEquals" time="0.000" classname="com.distrimind.util.tests.DecentralizedIDTests"/>
  <testcase name="testNotEquals" time="0.000" classname="com.distrimind.util.tests.DecentralizedIDTests"/>
  <testcase name="testToBytes" time="0.000" classname="com.distrimind.util.tests.DecentralizedIDTests"/>
  <testcase name="testToBytes" time="0.000" classname="com.distrimind.util.tests.DecentralizedIDTests"/>
  <testcase name="testToBytes" time="0.000" classname="com.distrimind.util.tests.DecentralizedIDTests"/>
  <testcase name="testNotEquals" time="0.000" classname="com.distrimind.util.tests.DecentralizedIDTests"/>
  <testcase name="testToBytes" time="0.000" classname="com.distrimind.util.tests.DecentralizedIDTests"/>
  <testcase name="testNotEquals" time="0.000" classname="com.distrimind.util.tests.DecentralizedIDTests"/>
  <testcase name="testToBytes" time="0.000" classname="com.distrimind.util.tests.DecentralizedIDTests"/>
  <testcase name="testToBytes" time="0.000" classname="com.distrimind.util.tests.DecentralizedIDTests"/>
  <testcase name="testToBytes" time="0.000" classname="com.distrimind.util.tests.DecentralizedIDTests"/>
  <testcase name="testToBytes" time="0.000" classname="com.distrimind.util.tests.DecentralizedIDTests"/>
  <testcase name="testToBytes" time="0.032" classname="com.distrimind.util.tests.DecentralizedIDTests"/>
  <testcase name="testToBytes" time="0.000" classname="com.distrimind.util.tests.DecentralizedIDTests"/>
  <testcase name="testNotEquals" time="0.000" classname="com.distrimind.util.tests.DecentralizedIDTests"/>
  <testcase name="testToBytes" time="0.000" classname="com.distrimind.util.tests.DecentralizedIDTests"/>
  <testcase name="testNotEquals" time="0.001" classname="com.distrimind.util.tests.DecentralizedIDTests"/>
  <testcase name="testToBytes" time="0.000" classname="com.distrimind.util.tests.DecentralizedIDTests"/>
  <testcase name="testNotEquals" time="0.003" classname="com.distrimind.util.tests.DecentralizedIDTests"/>
  <testcase name="testNotEquals" time="0.000" classname="com.distrimind.util.tests.DecentralizedIDTests"/>
  <testcase name="testToBytes" time="0.000" classname="com.distrimind.util.tests.DecentralizedIDTests"/>
  <testcase name="testNotEquals" time="0.000" classname="com.distrimind.util.tests.DecentralizedIDTests"/>
  <testcase name="testNotEquals" time="0.000" classname="com.distrimind.util.tests.DecentralizedIDTests"/>
  <testcase name="testNotEquals" time="0.000" classname="com.distrimind.util.tests.DecentralizedIDTests"/>
  <testcase name="testNotEquals" time="0.000" classname="com.distrimind.util.tests.DecentralizedIDTests"/>
  <testcase name="testToBytes" time="0.000" classname="com.distrimind.util.tests.DecentralizedIDTests"/>
  <testcase name="testToBytes" time="0.000" classname="com.distrimind.util.tests.DecentralizedIDTests"/>
  <testcase name="testToBytes" time="0.000" classname="com.distrimind.util.tests.DecentralizedIDTests"/>
  <testcase name="testNotEquals" time="0.000" classname="com.distrimind.util.tests.DecentralizedIDTests"/>
  <testcase name="testToBytes" time="0.000" classname="com.distrimind.util.tests.DecentralizedIDTests"/>
  <testcase name="testNotEquals" time="0.016" classname="com.distrimind.util.tests.DecentralizedIDTests"/>
  <testcase name="testToBytes" time="0.000" classname="com.distrimind.util.tests.DecentralizedIDTests"/>
  <testcase name="testNotEquals" time="0.000" classname="com.distrimind.util.tests.DecentralizedIDTests"/>
  <testcase name="testNotEquals" time="0.000" classname="com.distrimind.util.tests.DecentralizedIDTests"/>
  <testcase name="testNotEquals" time="0.000" classname="com.distrimind.util.tests.DecentralizedIDTests"/>
  <testcase name="testNotEquals" time="0.000" classname="com.distrimind.util.tests.DecentralizedIDTests"/>
  <testcase name="testToBytes" time="0.000" classname="com.distrimind.util.tests.DecentralizedIDTests"/>
  <testcase name="testToBytes" time="0.000" classname="com.distrimind.util.tests.DecentralizedIDTests"/>
  <testcase name="testToBytes" time="0.000" classname="com.distrimind.util.tests.DecentralizedIDTests"/>
  <testcase name="testToBytes" time="0.000" classname="com.distrimind.util.tests.DecentralizedIDTests"/>
  <testcase name="testNotEquals" time="0.000" classname="com.distrimind.util.tests.DecentralizedIDTests"/>
  <testcase name="testToBytes" time="0.000" classname="com.distrimind.util.tests.DecentralizedIDTests"/>
  <testcase name="testToBytes" time="0.000" classname="com.distrimind.util.tests.DecentralizedIDTests"/>
  <testcase name="testToBytes" time="0.000" classname="com.distrimind.util.tests.DecentralizedIDTests"/>
  <testcase name="testNotEquals" time="0.000" classname="com.distrimind.util.tests.DecentralizedIDTests"/>
  <testcase name="testNotEquals" time="0.000" classname="com.distrimind.util.tests.DecentralizedIDTests"/>
  <testcase name="testToBytes" time="0.000" classname="com.distrimind.util.tests.DecentralizedIDTests"/>
  <testcase name="testNotEquals" time="0.000" classname="com.distrimind.util.tests.DecentralizedIDTests"/>
  <testcase name="testToBytes" time="0.000" classname="com.distrimind.util.tests.DecentralizedIDTests"/>
  <testcase name="testNotEquals" time="0.000" classname="com.distrimind.util.tests.DecentralizedIDTests"/>
  <testcase name="testNotEquals" time="0.000" classname="com.distrimind.util.tests.DecentralizedIDTests"/>
  <testcase name="testNotEquals" time="0.000" classname="com.distrimind.util.tests.DecentralizedIDTests"/>
  <testcase name="testNotEquals" time="0.000" classname="com.distrimind.util.tests.DecentralizedIDTests"/>
  <testcase name="testNotEquals" time="0.000" classname="com.distrimind.util.tests.DecentralizedIDTests"/>
  <testcase name="testToBytes" time="0.000" classname="com.distrimind.util.tests.DecentralizedIDTests"/>
  <testcase name="testNotEquals" time="0.000" classname="com.distrimind.util.tests.DecentralizedIDTests"/>
  <testcase name="testNotEquals" time="0.000" classname="com.distrimind.util.tests.DecentralizedIDTests"/>
  <testcase name="testToBytes" time="0.000" classname="com.distrimind.util.tests.DecentralizedIDTests"/>
  <testcase name="testToBytes" time="0.001" classname="com.distrimind.util.tests.DecentralizedIDTests"/>
  <testcase name="testToBytes" time="0.000" classname="com.distrimind.util.tests.DecentralizedIDTests"/>
  <testcase name="testNotEquals" time="0.000" classname="com.distrimind.util.tests.DecentralizedIDTests"/>
  <testcase name="testToBytes" time="0.000" classname="com.distrimind.util.tests.DecentralizedIDTests"/>
  <testcase name="testNotEquals" time="0.000" classname="com.distrimind.util.tests.DecentralizedIDTests"/>
  <testcase name="testNotEquals" time="0.000" classname="com.distrimind.util.tests.DecentralizedIDTests"/>
  <testcase name="testNotEquals" time="0.000" classname="com.distrimind.util.tests.DecentralizedIDTests"/>
  <testcase name="testNotEquals" time="0.000" classname="com.distrimind.util.tests.DecentralizedIDTests"/>
  <testcase name="testNotEquals" time="0.000" classname="com.distrimind.util.tests.DecentralizedIDTests"/>
  <testcase name="testToBytes" time="0.000" classname="com.distrimind.util.tests.DecentralizedIDTests"/>
  <testcase name="testNotEquals" time="0.000" classname="com.distrimind.util.tests.DecentralizedIDTests"/>
  <testcase name="testToBytes" time="0.025" classname="com.distrimind.util.tests.DecentralizedIDTests"/>
  <testcase name="testToBytes" time="0.002" classname="com.distrimind.util.tests.DecentralizedIDTests"/>
  <testcase name="testNotEquals" time="0.000" classname="com.distrimind.util.tests.DecentralizedIDTests"/>
  <testcase name="testNotEquals" time="0.000" classname="com.distrimind.util.tests.DecentralizedIDTests"/>
  <testcase name="testNotEquals" time="0.014" classname="com.distrimind.util.tests.DecentralizedIDTests"/>
  <testcase name="testToBytes" time="0.000" classname="com.distrimind.util.tests.DecentralizedIDTests"/>
  <testcase name="testToBytes" time="0.001" classname="com.distrimind.util.tests.DecentralizedIDTests"/>
  <testcase name="testToBytes" time="0.000" classname="com.distrimind.util.tests.DecentralizedIDTests"/>
  <testcase name="testNotEquals" time="0.000" classname="com.distrimind.util.tests.DecentralizedIDTests"/>
  <testcase name="testToBytes" time="0.000" classname="com.distrimind.util.tests.DecentralizedIDTests"/>
  <testcase name="testToBytes" time="0.000" classname="com.distrimind.util.tests.DecentralizedIDTests"/>
  <testcase name="testToBytes" time="0.000" classname="com.distrimind.util.tests.DecentralizedIDTests"/>
  <testcase name="testNotEquals" time="0.000" classname="com.distrimind.util.tests.DecentralizedIDTests"/>
  <testcase name="testNotEquals" time="0.000" classname="com.distrimind.util.tests.DecentralizedIDTests"/>
  <testcase name="testNotEquals" time="0.025" classname="com.distrimind.util.tests.DecentralizedIDTests"/>
  <testcase name="testToBytes" time="0.000" classname="com.distrimind.util.tests.DecentralizedIDTests"/>
  <testcase name="testToBytes" time="0.000" classname="com.distrimind.util.tests.DecentralizedIDTests"/>
  <testcase name="testToBytes" time="0.026" classname="com.distrimind.util.tests.DecentralizedIDTests"/>
  <testcase name="testNotEquals" time="0.001" classname="com.distrimind.util.tests.DecentralizedIDTests"/>
  <testcase name="testToBytes" time="0.000" classname="com.distrimind.util.tests.DecentralizedIDTests"/>
  <testcase name="testNotEquals" time="0.001" classname="com.distrimind.util.tests.DecentralizedIDTests"/>
  <testcase name="testNotEquals" time="0.001" classname="com.distrimind.util.tests.DecentralizedIDTests"/>
  <testcase name="testToBytes" time="0.000" classname="com.distrimind.util.tests.DecentralizedIDTests"/>
  <testcase name="testToBytes" time="0.000" classname="com.distrimind.util.tests.DecentralizedIDTests"/>
  <testcase name="testToBytes" time="0.000" classname="com.distrimind.util.tests.DecentralizedIDTests"/>
  <testcase name="testNotEquals" time="0.000" classname="com.distrimind.util.tests.DecentralizedIDTests"/>
  <testcase name="testToBytes" time="0.000" classname="com.distrimind.util.tests.DecentralizedIDTests"/>
  <testcase name="testToBytes" time="0.000" classname="com.distrimind.util.tests.DecentralizedIDTests"/>
  <testcase name="testNotEquals" time="0.000" classname="com.distrimind.util.tests.DecentralizedIDTests"/>
  <testcase name="testToBytes" time="0.000" classname="com.distrimind.util.tests.DecentralizedIDTests"/>
  <testcase name="testNotEquals" time="0.000" classname="com.distrimind.util.tests.DecentralizedIDTests"/>
  <testcase name="testNotEquals" time="0.000" classname="com.distrimind.util.tests.DecentralizedIDTests"/>
  <testcase name="testNotEquals" time="0.000" classname="com.distrimind.util.tests.DecentralizedIDTests"/>
  <testcase name="testNotEquals" time="0.000" classname="com.distrimind.util.tests.DecentralizedIDTests"/>
  <testcase name="testNotEquals" time="0.000" classname="com.distrimind.util.tests.DecentralizedIDTests"/>
  <testcase name="testNotEquals" time="0.000" classname="com.distrimind.util.tests.DecentralizedIDTests"/>
  <testcase name="testNotEquals" time="0.000" classname="com.distrimind.util.tests.DecentralizedIDTests"/>
  <testcase name="testToBytes" time="0.000" classname="com.distrimind.util.tests.DecentralizedIDTests"/>
  <testcase name="testToBytes" time="0.000" classname="com.distrimind.util.tests.DecentralizedIDTests"/>
  <testcase name="testToBytes" time="0.000" classname="com.distrimind.util.tests.DecentralizedIDTests"/>
  <testcase name="testToBytes" time="0.000" classname="com.distrimind.util.tests.DecentralizedIDTests"/>
  <testcase name="testNotEquals" time="0.001" classname="com.distrimind.util.tests.DecentralizedIDTests"/>
  <testcase name="testNotEquals" time="0.000" classname="com.distrimind.util.tests.DecentralizedIDTests"/>
  <testcase name="testNotEquals" time="0.001" classname="com.distrimind.util.tests.DecentralizedIDTests"/>
  <testcase name="testNotEquals" time="0.000" classname="com.distrimind.util.tests.DecentralizedIDTests"/>
  <testcase name="testToBytes" time="0.000" classname="com.distrimind.util.tests.DecentralizedIDTests"/>
  <testcase name="testToBytes" time="0.000" classname="com.distrimind.util.tests.DecentralizedIDTests"/>
  <testcase name="testToBytes" time="0.000" classname="com.distrimind.util.tests.DecentralizedIDTests"/>
  <testcase name="testToBytes" time="0.000" classname="com.distrimind.util.tests.DecentralizedIDTests"/>
  <testcase name="testToBytes" time="0.000" classname="com.distrimind.util.tests.DecentralizedIDTests"/>
  <testcase name="testNotEquals" time="0.001" classname="com.distrimind.util.tests.DecentralizedIDTests"/>
  <testcase name="testToBytes" time="0.000" classname="com.distrimind.util.tests.DecentralizedIDTests"/>
  <testcase name="testNotEquals" time="0.000" classname="com.distrimind.util.tests.DecentralizedIDTests"/>
  <testcase name="testToBytes" time="0.001" classname="com.distrimind.util.tests.DecentralizedIDTests"/>
  <testcase name="testNotEquals" time="0.000" classname="com.distrimind.util.tests.DecentralizedIDTests"/>
  <testcase name="testToBytes" time="0.000" classname="com.distrimind.util.tests.DecentralizedIDTests"/>
  <testcase name="testToBytes" time="0.000" classname="com.distrimind.util.tests.DecentralizedIDTests"/>
  <testcase name="testNotEquals" time="0.000" classname="com.distrimind.util.tests.DecentralizedIDTests"/>
  <testcase name="testToBytes" time="0.000" classname="com.distrimind.util.tests.DecentralizedIDTests"/>
  <testcase name="testNotEquals" time="0.000" classname="com.distrimind.util.tests.DecentralizedIDTests"/>
  <testcase name="testNotEquals" time="0.000" classname="com.distrimind.util.tests.DecentralizedIDTests"/>
  <testcase name="testToBytes" time="0.000" classname="com.distrimind.util.tests.DecentralizedIDTests"/>
  <testcase name="testToBytes" time="0.000" classname="com.distrimind.util.tests.DecentralizedIDTests"/>
  <testcase name="testToBytes" time="0.000" classname="com.distrimind.util.tests.DecentralizedIDTests"/>
  <testcase name="testToBytes" time="0.000" classname="com.distrimind.util.tests.DecentralizedIDTests"/>
  <testcase name="testNotEquals" time="0.016" classname="com.distrimind.util.tests.DecentralizedIDTests"/>
  <testcase name="testToBytes" time="0.000" classname="com.distrimind.util.tests.DecentralizedIDTests"/>
  <testcase name="testToBytes" time="0.000" classname="com.distrimind.util.tests.DecentralizedIDTests"/>
  <testcase name="testNotEquals" time="0.000" classname="com.distrimind.util.tests.DecentralizedIDTests"/>
  <testcase name="testNotEquals" time="0.000" classname="com.distrimind.util.tests.DecentralizedIDTests"/>
  <testcase name="testNotEquals" time="0.000" classname="com.distrimind.util.tests.DecentralizedIDTests"/>
  <testcase name="testNotEquals" time="0.000" classname="com.distrimind.util.tests.DecentralizedIDTests"/>
  <testcase name="testToBytes" time="0.000" classname="com.distrimind.util.tests.DecentralizedIDTests"/>
  <testcase name="testToBytes" time="0.000" classname="com.distrimind.util.tests.DecentralizedIDTests"/>
  <testcase name="testToBytes" time="0.000" classname="com.distrimind.util.tests.DecentralizedIDTests"/>
  <testcase name="testToBytes" time="0.000" classname="com.distrimind.util.tests.DecentralizedIDTests"/>
  <testcase name="testNotEquals" time="0.002" classname="com.distrimind.util.tests.DecentralizedIDTests"/>
  <testcase name="testNotEquals" time="0.000" classname="com.distrimind.util.tests.DecentralizedIDTests"/>
  <testcase name="testToBytes" time="0.000" classname="com.distrimind.util.tests.DecentralizedIDTests"/>
  <testcase name="testToBytes" time="0.000" classname="com.distrimind.util.tests.DecentralizedIDTests"/>
  <testcase name="testNotEquals" time="0.001" classname="com.distrimind.util.tests.DecentralizedIDTests"/>
  <testcase name="testToBytes" time="0.000" classname="com.distrimind.util.tests.DecentralizedIDTests"/>
  <testcase name="testToBytes" time="0.000" classname="com.distrimind.util.tests.DecentralizedIDTests"/>
  <testcase name="testNotEquals" time="0.000" classname="com.distrimind.util.tests.DecentralizedIDTests"/>
  <testcase name="testToBytes" time="0.000" classname="com.distrimind.util.tests.DecentralizedIDTests"/>
  <testcase name="testToBytes" time="0.000" classname="com.distrimind.util.tests.DecentralizedIDTests"/>
  <testcase name="testNotEquals" time="0.000" classname="com.distrimind.util.tests.DecentralizedIDTests"/>
  <testcase name="testToBytes" time="0.000" classname="com.distrimind.util.tests.DecentralizedIDTests"/>
  <testcase name="testNotEquals" time="0.000" classname="com.distrimind.util.tests.DecentralizedIDTests"/>
  <testcase name="testNotEquals" time="0.000" classname="com.distrimind.util.tests.DecentralizedIDTests"/>
  <testcase name="testNotEquals" time="0.000" classname="com.distrimind.util.tests.DecentralizedIDTests"/>
  <testcase name="testToBytes" time="0.000" classname="com.distrimind.util.tests.DecentralizedIDTests"/>
  <testcase name="testToBytes" time="0.000" classname="com.distrimind.util.tests.DecentralizedIDTests"/>
  <testcase name="testNotEquals" time="0.000" classname="com.distrimind.util.tests.DecentralizedIDTests"/>
  <testcase name="testToBytes" time="0.000" classname="com.distrimind.util.tests.DecentralizedIDTests"/>
  <testcase name="testToBytes" time="0.000" classname="com.distrimind.util.tests.DecentralizedIDTests"/>
  <testcase name="testToBytes" time="0.000" classname="com.distrimind.util.tests.DecentralizedIDTests"/>
  <testcase name="testNotEquals" time="0.001" classname="com.distrimind.util.tests.DecentralizedIDTests"/>
  <testcase name="testNotEquals" time="0.001" classname="com.distrimind.util.tests.DecentralizedIDTests"/>
  <testcase name="testToBytes" time="0.000" classname="com.distrimind.util.tests.DecentralizedIDTests"/>
  <testcase name="testToBytes" time="0.001" classname="com.distrimind.util.tests.DecentralizedIDTests"/>
  <testcase name="testToBytes" time="0.000" classname="com.distrimind.util.tests.DecentralizedIDTests"/>
  <testcase name="testNotEquals" time="0.001" classname="com.distrimind.util.tests.DecentralizedIDTests"/>
  <testcase name="testNotEquals" time="0.000" classname="com.distrimind.util.tests.DecentralizedIDTests"/>
  <testcase name="testToBytes" time="0.000" classname="com.distrimind.util.tests.DecentralizedIDTests"/>
  <testcase name="testNotEquals" time="0.000" classname="com.distrimind.util.tests.DecentralizedIDTests"/>
  <testcase name="testToBytes" time="0.000" classname="com.distrimind.util.tests.DecentralizedIDTests"/>
  <testcase name="testToBytes" time="0.000" classname="com.distrimind.util.tests.DecentralizedIDTests"/>
  <testcase name="testNotEquals" time="0.001" classname="com.distrimind.util.tests.DecentralizedIDTests"/>
  <testcase name="testToBytes" time="0.000" classname="com.distrimind.util.tests.DecentralizedIDTests"/>
  <testcase name="testNotEquals" time="0.000" classname="com.distrimind.util.tests.DecentralizedIDTests"/>
  <testcase name="testNotEquals" time="0.000" classname="com.distrimind.util.tests.DecentralizedIDTests"/>
  <testcase name="testToBytes" time="0.000" classname="com.distrimind.util.tests.DecentralizedIDTests"/>
  <testcase name="testToBytes" time="0.000" classname="com.distrimind.util.tests.DecentralizedIDTests"/>
  <testcase name="testNotEquals" time="0.000" classname="com.distrimind.util.tests.DecentralizedIDTests"/>
  <testcase name="testToBytes" time="0.000" classname="com.distrimind.util.tests.DecentralizedIDTests"/>
  <testcase name="testNotEquals" time="0.000" classname="com.distrimind.util.tests.DecentralizedIDTests"/>
  <testcase name="testNotEquals" time="0.000" classname="com.distrimind.util.tests.DecentralizedIDTests"/>
  <testcase name="testNotEquals" time="0.000" classname="com.distrimind.util.tests.DecentralizedIDTests"/>
  <testcase name="testToBytes" time="0.000" classname="com.distrimind.util.tests.DecentralizedIDTests"/>
  <testcase name="testNotEquals" time="0.001" classname="com.distrimind.util.tests.DecentralizedIDTests"/>
  <testcase name="testNotEquals" time="0.000" classname="com.distrimind.util.tests.DecentralizedIDTests"/>
  <testcase name="testToBytes" time="0.000" classname="com.distrimind.util.tests.DecentralizedIDTests"/>
  <testcase name="testNotEquals" time="0.000" classname="com.distrimind.util.tests.DecentralizedIDTests"/>
  <testcase name="testNotEquals" time="0.000" classname="com.distrimind.util.tests.DecentralizedIDTests"/>
  <testcase name="testNotEquals" time="0.001" classname="com.distrimind.util.tests.DecentralizedIDTests"/>
  <testcase name="testToBytes" time="0.000" classname="com.distrimind.util.tests.DecentralizedIDTests"/>
  <testcase name="testNotEquals" time="0.000" classname="com.distrimind.util.tests.DecentralizedIDTests"/>
  <testcase name="testToBytes" time="0.001" classname="com.distrimind.util.tests.DecentralizedIDTests"/>
  <testcase name="testToBytes" time="0.000" classname="com.distrimind.util.tests.DecentralizedIDTests"/>
  <testcase name="testNotEquals" time="0.000" classname="com.distrimind.util.tests.DecentralizedIDTests"/>
  <testcase name="testNotEquals" time="0.000" classname="com.distrimind.util.tests.DecentralizedIDTests"/>
  <testcase name="testNotEquals" time="0.000" classname="com.distrimind.util.tests.DecentralizedIDTests"/>
  <testcase name="testToBytes" time="0.060" classname="com.distrimind.util.tests.DecentralizedIDTests"/>
  <testcase name="testNotEquals" time="0.000" classname="com.distrimind.util.tests.DecentralizedIDTests"/>
  <testcase name="testNotEquals" time="0.019" classname="com.distrimind.util.tests.DecentralizedIDTests"/>
  <testcase name="testToBytes" time="0.000" classname="com.distrimind.util.tests.DecentralizedIDTests"/>
  <testcase name="testToBytes" time="0.000" classname="com.distrimind.util.tests.DecentralizedIDTests"/>
  <testcase name="testToBytes" time="0.000" classname="com.distrimind.util.tests.DecentralizedIDTests"/>
  <testcase name="testToBytes" time="0.000" classname="com.distrimind.util.tests.DecentralizedIDTests"/>
  <testcase name="testToBytes" time="0.000" classname="com.distrimind.util.tests.DecentralizedIDTests"/>
  <testcase name="testNotEquals" time="0.000" classname="com.distrimind.util.tests.DecentralizedIDTests"/>
  <testcase name="testNotEquals" time="0.001" classname="com.distrimind.util.tests.DecentralizedIDTests"/>
  <testcase name="testToBytes" time="0.000" classname="com.distrimind.util.tests.DecentralizedIDTests"/>
  <testcase name="testNotEquals" time="0.001" classname="com.distrimind.util.tests.DecentralizedIDTests"/>
  <testcase name="testNotEquals" time="0.000" classname="com.distrimind.util.tests.DecentralizedIDTests"/>
  <testcase name="testToBytes" time="0.002" classname="com.distrimind.util.tests.DecentralizedIDTests"/>
  <testcase name="testToBytes" time="0.000" classname="com.distrimind.util.tests.DecentralizedIDTests"/>
  <testcase name="testNotEquals" time="0.000" classname="com.distrimind.util.tests.DecentralizedIDTests"/>
  <testcase name="testToBytes" time="0.000" classname="com.distrimind.util.tests.DecentralizedIDTests"/>
  <testcase name="testNotEquals" time="0.000" classname="com.distrimind.util.tests.DecentralizedIDTests"/>
  <testcase name="testNotEquals" time="0.000" classname="com.distrimind.util.tests.DecentralizedIDTests"/>
  <testcase name="testToBytes" time="0.000" classname="com.distrimind.util.tests.DecentralizedIDTests"/>
  <testcase name="testNotEquals" time="0.000" classname="com.distrimind.util.tests.DecentralizedIDTests"/>
  <testcase name="testNotEquals" time="0.000" classname="com.distrimind.util.tests.DecentralizedIDTests"/>
  <testcase name="testToBytes" time="0.000" classname="com.distrimind.util.tests.DecentralizedIDTests"/>
  <testcase name="testNotEquals" time="0.001" classname="com.distrimind.util.tests.DecentralizedIDTests"/>
  <testcase name="testNotEquals" time="0.000" classname="com.distrimind.util.tests.DecentralizedIDTests"/>
  <testcase name="testToBytes" time="0.000" classname="com.distrimind.util.tests.DecentralizedIDTests"/>
  <testcase name="testToBytes" time="0.000" classname="com.distrimind.util.tests.DecentralizedIDTests"/>
  <testcase name="testNotEquals" time="0.001" classname="com.distrimind.util.tests.DecentralizedIDTests"/>
  <testcase name="testToBytes" time="0.000" classname="com.distrimind.util.tests.DecentralizedIDTests"/>
  <testcase name="testNotEquals" time="0.000" classname="com.distrimind.util.tests.DecentralizedIDTests"/>
  <testcase name="testNotEquals" time="0.000" classname="com.distrimind.util.tests.DecentralizedIDTests"/>
  <testcase name="testNotEquals" time="0.000" classname="com.distrimind.util.tests.DecentralizedIDTests"/>
  <testcase name="testToBytes" time="0.000" classname="com.distrimind.util.tests.DecentralizedIDTests"/>
  <testcase name="testToBytes" time="0.000" classname="com.distrimind.util.tests.DecentralizedIDTests"/>
  <testcase name="testToBytes" time="0.000" classname="com.distrimind.util.tests.DecentralizedIDTests"/>
  <testcase name="testNotEquals" time="0.000" classname="com.distrimind.util.tests.DecentralizedIDTests"/>
  <testcase name="testToBytes" time="0.000" classname="com.distrimind.util.tests.DecentralizedIDTests"/>
  <testcase name="testToBytes" time="0.000" classname="com.distrimind.util.tests.DecentralizedIDTests"/>
  <testcase name="testToBytes" time="0.000" classname="com.distrimind.util.tests.DecentralizedIDTests"/>
  <testcase name="testNotEquals" time="0.001" classname="com.distrimind.util.tests.DecentralizedIDTests"/>
  <testcase name="testToBytes" time="0.000" classname="com.distrimind.util.tests.DecentralizedIDTests"/>
  <testcase name="testNotEquals" time="0.004" classname="com.distrimind.util.tests.DecentralizedIDTests"/>
  <testcase name="testToBytes" time="0.000" classname="com.distrimind.util.tests.DecentralizedIDTests"/>
  <testcase name="testNotEquals" time="0.000" classname="com.distrimind.util.tests.DecentralizedIDTests"/>
  <testcase name="testToBytes" time="0.000" classname="com.distrimind.util.tests.DecentralizedIDTests"/>
  <testcase name="testToBytes" time="0.017" classname="com.distrimind.util.tests.DecentralizedIDTests"/>
  <testcase name="testToBytes" time="0.000" classname="com.distrimind.util.tests.DecentralizedIDTests"/>
  <testcase name="testNotEquals" time="0.000" classname="com.distrimind.util.tests.DecentralizedIDTests"/>
  <testcase name="testNotEquals" time="0.000" classname="com.distrimind.util.tests.DecentralizedIDTests"/>
  <testcase name="testToBytes" time="0.019" classname="com.distrimind.util.tests.DecentralizedIDTests"/>
  <testcase name="testToBytes" time="0.000" classname="com.distrimind.util.tests.DecentralizedIDTests"/>
  <testcase name="testNotEquals" time="0.000" classname="com.distrimind.util.tests.DecentralizedIDTests"/>
  <testcase name="testNotEquals" time="0.000" classname="com.distrimind.util.tests.DecentralizedIDTests"/>
  <testcase name="testNotEquals" time="0.000" classname="com.distrimind.util.tests.DecentralizedIDTests"/>
  <testcase name="testToBytes" time="0.000" classname="com.distrimind.util.tests.DecentralizedIDTests"/>
  <testcase name="testNotEquals" time="0.018" classname="com.distrimind.util.tests.DecentralizedIDTests"/>
  <testcase name="testToBytes" time="0.000" classname="com.distrimind.util.tests.DecentralizedIDTests"/>
  <testcase name="testNotEquals" time="0.001" classname="com.distrimind.util.tests.DecentralizedIDTests"/>
  <testcase name="testNotEquals" time="0.000" classname="com.distrimind.util.tests.DecentralizedIDTests"/>
  <testcase name="testNotEquals" time="0.018" classname="com.distrimind.util.tests.DecentralizedIDTests"/>
  <testcase name="testNotEquals" time="0.001" classname="com.distrimind.util.tests.DecentralizedIDTests"/>
  <testcase name="testToBytes" time="0.000" classname="com.distrimind.util.tests.DecentralizedIDTests"/>
  <testcase name="testNotEquals" time="0.000" classname="com.distrimind.util.tests.DecentralizedIDTests"/>
  <testcase name="testNotEquals" time="0.000" classname="com.distrimind.util.tests.DecentralizedIDTests"/>
  <testcase name="testToBytes" time="0.000" classname="com.distrimind.util.tests.DecentralizedIDTests"/>
  <testcase name="testToBytes" time="0.000" classname="com.distrimind.util.tests.DecentralizedIDTests"/>
  <testcase name="testToBytes" time="0.000" classname="com.distrimind.util.tests.DecentralizedIDTests"/>
  <testcase name="testNotEquals" time="0.001" classname="com.distrimind.util.tests.DecentralizedIDTests"/>
  <testcase name="testToBytes" time="0.000" classname="com.distrimind.util.tests.DecentralizedIDTests"/>
  <testcase name="testNotEquals" time="0.000" classname="com.distrimind.util.tests.DecentralizedIDTests"/>
  <testcase name="testNotEquals" time="0.000" classname="com.distrimind.util.tests.DecentralizedIDTests"/>
  <testcase name="testNotEquals" time="0.001" classname="com.distrimind.util.tests.DecentralizedIDTests"/>
  <testcase name="testNotEquals" time="0.000" classname="com.distrimind.util.tests.DecentralizedIDTests"/>
  <testcase name="testNotEquals" time="0.001" classname="com.distrimind.util.tests.DecentralizedIDTests"/>
  <testcase name="testToBytes" time="0.001" classname="com.distrimind.util.tests.DecentralizedIDTests"/>
  <testcase name="testNotEquals" time="0.000" classname="com.distrimind.util.tests.DecentralizedIDTests"/>
  <testcase name="testNotEquals" time="0.001" classname="com.distrimind.util.tests.DecentralizedIDTests"/>
  <testcase name="testToBytes" time="0.000" classname="com.distrimind.util.tests.DecentralizedIDTests"/>
  <testcase name="testNotEquals" time="0.000" classname="com.distrimind.util.tests.DecentralizedIDTests"/>
  <testcase name="testNotEquals" time="0.000" classname="com.distrimind.util.tests.DecentralizedIDTests"/>
  <testcase name="testToBytes" time="0.000" classname="com.distrimind.util.tests.DecentralizedIDTests"/>
  <testcase name="testNotEquals" time="0.000" classname="com.distrimind.util.tests.DecentralizedIDTests"/>
  <testcase name="testToBytes" time="0.000" classname="com.distrimind.util.tests.DecentralizedIDTests"/>
  <testcase name="testToBytes" time="0.000" classname="com.distrimind.util.tests.DecentralizedIDTests"/>
  <testcase name="testNotEquals" time="0.000" classname="com.distrimind.util.tests.DecentralizedIDTests"/>
  <testcase name="testNotEquals" time="0.000" classname="com.distrimind.util.tests.DecentralizedIDTests"/>
  <testcase name="testNotEquals" time="0.001" classname="com.distrimind.util.tests.DecentralizedIDTests"/>
  <testcase name="testToBytes" time="0.000" classname="com.distrimind.util.tests.DecentralizedIDTests"/>
  <testcase name="testToBytes" time="0.000" classname="com.distrimind.util.tests.DecentralizedIDTests"/>
  <testcase name="testNotEquals" time="0.001" classname="com.distrimind.util.tests.DecentralizedIDTests"/>
  <testcase name="testNotEquals" time="0.000" classname="com.distrimind.util.tests.DecentralizedIDTests"/>
  <testcase name="testToBytes" time="0.000" classname="com.distrimind.util.tests.DecentralizedIDTests"/>
  <testcase name="testToBytes" time="0.018" classname="com.distrimind.util.tests.DecentralizedIDTests"/>
  <testcase name="testToBytes" time="0.001" classname="com.distrimind.util.tests.DecentralizedIDTests"/>
  <testcase name="testToBytes" time="0.001" classname="com.distrimind.util.tests.DecentralizedIDTests"/>
  <testcase name="testNotEquals" time="0.000" classname="com.distrimind.util.tests.DecentralizedIDTests"/>
  <testcase name="testToBytes" time="0.008" classname="com.distrimind.util.tests.DecentralizedIDTests"/>
  <testcase name="testNotEquals" time="0.001" classname="com.distrimind.util.tests.DecentralizedIDTests"/>
  <testcase name="testNotEquals" time="0.008" classname="com.distrimind.util.tests.DecentralizedIDTests"/>
  <testcase name="testNotEquals" time="0.000" classname="com.distrimind.util.tests.DecentralizedIDTests"/>
  <testcase name="testToBytes" time="0.001" classname="com.distrimind.util.tests.DecentralizedIDTests"/>
  <testcase name="testToBytes" time="0.001" classname="com.distrimind.util.tests.DecentralizedIDTests"/>
  <testcase name="testToBytes" time="0.000" classname="com.distrimind.util.tests.DecentralizedIDTests"/>
  <testcase name="testNotEquals" time="0.000" classname="com.distrimind.util.tests.DecentralizedIDTests"/>
  <testcase name="testNotEquals" time="0.001" classname="com.distrimind.util.tests.DecentralizedIDTests"/>
  <testcase name="testNotEquals" time="0.000" classname="com.distrimind.util.tests.DecentralizedIDTests"/>
  <testcase name="testToBytes" time="0.000" classname="com.distrimind.util.tests.DecentralizedIDTests"/>
  <testcase name="testNotEquals" time="0.000" classname="com.distrimind.util.tests.DecentralizedIDTests"/>
  <testcase name="testNotEquals" time="0.000" classname="com.distrimind.util.tests.DecentralizedIDTests"/>
  <testcase name="testNotEquals" time="0.000" classname="com.distrimind.util.tests.DecentralizedIDTests"/>
  <testcase name="testToBytes" time="0.000" classname="com.distrimind.util.tests.DecentralizedIDTests"/>
  <testcase name="testNotEquals" time="0.023" classname="com.distrimind.util.tests.DecentralizedIDTests"/>
  <testcase name="testNotEquals" time="0.000" classname="com.distrimind.util.tests.DecentralizedIDTests"/>
  <testcase name="testToBytes" time="0.030" classname="com.distrimind.util.tests.DecentralizedIDTests"/>
  <testcase name="testNotEquals" time="0.000" classname="com.distrimind.util.tests.DecentralizedIDTests"/>
  <testcase name="testNotEquals" time="0.000" classname="com.distrimind.util.tests.DecentralizedIDTests"/>
  <testcase name="testNotEquals" time="0.000" classname="com.distrimind.util.tests.DecentralizedIDTests"/>
  <testcase name="testNotEquals" time="0.000" classname="com.distrimind.util.tests.DecentralizedIDTests"/>
  <testcase name="testNotEquals" time="0.001" classname="com.distrimind.util.tests.DecentralizedIDTests"/>
  <testcase name="testNotEquals" time="0.000" classname="com.distrimind.util.tests.DecentralizedIDTests"/>
  <testcase name="testToBytes" time="0.000" classname="com.distrimind.util.tests.DecentralizedIDTests"/>
  <testcase name="testNotEquals" time="0.000" classname="com.distrimind.util.tests.DecentralizedIDTests"/>
  <testcase name="testNotEquals" time="0.000" classname="com.distrimind.util.tests.DecentralizedIDTests"/>
  <testcase name="testNotEquals" time="0.000" classname="com.distrimind.util.tests.DecentralizedIDTests"/>
  <testcase name="testNotEquals" time="0.012" classname="com.distrimind.util.tests.DecentralizedIDTests"/>
  <testcase name="testToBytes" time="0.000" classname="com.distrimind.util.tests.DecentralizedIDTests"/>
  <testcase name="testNotEquals" time="0.002" classname="com.distrimind.util.tests.DecentralizedIDTests"/>
  <testcase name="testToBytes" time="0.000" classname="com.distrimind.util.tests.DecentralizedIDTests"/>
  <testcase name="testNotEquals" time="0.013" classname="com.distrimind.util.tests.DecentralizedIDTests"/>
  <testcase name="testNotEquals" time="0.001" classname="com.distrimind.util.tests.DecentralizedIDTests"/>
  <testcase name="testToBytes" time="0.000" classname="com.distrimind.util.tests.DecentralizedIDTests"/>
  <testcase name="testNotEquals" time="0.001" classname="com.distrimind.util.tests.DecentralizedIDTests"/>
  <testcase name="testToBytes" time="0.000" classname="com.distrimind.util.tests.DecentralizedIDTests"/>
  <testcase name="testNotEquals" time="0.000" classname="com.distrimind.util.tests.DecentralizedIDTests"/>
  <testcase name="testToBytes" time="0.000" classname="com.distrimind.util.tests.DecentralizedIDTests"/>
  <testcase name="testNotEquals" time="0.000" classname="com.distrimind.util.tests.DecentralizedIDTests"/>
  <testcase name="testToBytes" time="0.000" classname="com.distrimind.util.tests.DecentralizedIDTests"/>
  <testcase name="testNotEquals" time="0.000" classname="com.distrimind.util.tests.DecentralizedIDTests"/>
  <testcase name="testToBytes" time="0.000" classname="com.distrimind.util.tests.DecentralizedIDTests"/>
  <testcase name="testToBytes" time="0.000" classname="com.distrimind.util.tests.DecentralizedIDTests"/>
  <testcase name="testToBytes" time="0.000" classname="com.distrimind.util.tests.DecentralizedIDTests"/>
  <testcase name="testNotEquals" time="0.000" classname="com.distrimind.util.tests.DecentralizedIDTests"/>
  <testcase name="testNotEquals" time="0.010" classname="com.distrimind.util.tests.DecentralizedIDTests"/>
  <testcase name="testNotEquals" time="0.005" classname="com.distrimind.util.tests.DecentralizedIDTests"/>
  <testcase name="testNotEquals" time="0.000" classname="com.distrimind.util.tests.DecentralizedIDTests"/>
  <testcase name="testNotEquals" time="0.000" classname="com.distrimind.util.tests.DecentralizedIDTests"/>
  <testcase name="testToBytes" time="0.000" classname="com.distrimind.util.tests.DecentralizedIDTests"/>
  <testcase name="testNotEquals" time="0.001" classname="com.distrimind.util.tests.DecentralizedIDTests"/>
  <testcase name="testNotEquals" time="0.001" classname="com.distrimind.util.tests.DecentralizedIDTests"/>
  <testcase name="testNotEquals" time="0.000" classname="com.distrimind.util.tests.DecentralizedIDTests"/>
  <testcase name="testToBytes" time="0.000" classname="com.distrimind.util.tests.DecentralizedIDTests"/>
  <testcase name="testNotEquals" time="0.000" classname="com.distrimind.util.tests.DecentralizedIDTests"/>
  <testcase name="testNotEquals" time="0.000" classname="com.distrimind.util.tests.DecentralizedIDTests"/>
  <testcase name="testNotEquals" time="0.000" classname="com.distrimind.util.tests.DecentralizedIDTests"/>
  <testcase name="testToBytes" time="0.000" classname="com.distrimind.util.tests.DecentralizedIDTests"/>
  <testcase name="testNotEquals" time="0.000" classname="com.distrimind.util.tests.DecentralizedIDTests"/>
  <testcase name="testNotEquals" time="0.001" classname="com.distrimind.util.tests.DecentralizedIDTests"/>
  <testcase name="testNotEquals" time="0.000" classname="com.distrimind.util.tests.DecentralizedIDTests"/>
  <testcase name="testToBytes" time="0.000" classname="com.distrimind.util.tests.DecentralizedIDTests"/>
  <testcase name="testNotEquals" time="0.001" classname="com.distrimind.util.tests.DecentralizedIDTests"/>
  <testcase name="testNotEquals" time="0.000" classname="com.distrimind.util.tests.DecentralizedIDTests"/>
  <testcase name="testToBytes" time="0.000" classname="com.distrimind.util.tests.DecentralizedIDTests"/>
  <testcase name="testToBytes" time="0.000" classname="com.distrimind.util.tests.DecentralizedIDTests"/>
  <testcase name="testToBytes" time="0.000" classname="com.distrimind.util.tests.DecentralizedIDTests"/>
  <testcase name="testToBytes" time="0.000" classname="com.distrimind.util.tests.DecentralizedIDTests"/>
  <testcase name="testNotEquals" time="0.000" classname="com.distrimind.util.tests.DecentralizedIDTests"/>
  <testcase name="testToBytes" time="0.000" classname="com.distrimind.util.tests.DecentralizedIDTests"/>
  <testcase name="testToBytes" time="0.000" classname="com.distrimind.util.tests.DecentralizedIDTests"/>
  <testcase name="testNotEquals" time="0.000" classname="com.distrimind.util.tests.DecentralizedIDTests"/>
  <testcase name="testToBytes" time="0.000" classname="com.distrimind.util.tests.DecentralizedIDTests"/>
  <testcase name="testToBytes" time="0.000" classname="com.distrimind.util.tests.DecentralizedIDTests"/>
  <testcase name="testToBytes" time="0.020" classname="com.distrimind.util.tests.DecentralizedIDTests"/>
  <testcase name="testToBytes" time="0.001" classname="com.distrimind.util.tests.DecentralizedIDTests"/>
  <testcase name="testNotEquals" time="0.000" classname="com.distrimind.util.tests.DecentralizedIDTests"/>
  <testcase name="testToBytes" time="0.000" classname="com.distrimind.util.tests.DecentralizedIDTests"/>
  <testcase name="testNotEquals" time="0.000" classname="com.distrimind.util.tests.DecentralizedIDTests"/>
  <testcase name="testToBytes" time="0.000" classname="com.distrimind.util.tests.DecentralizedIDTests"/>
  <testcase name="testToBytes" time="0.000" classname="com.distrimind.util.tests.DecentralizedIDTests"/>
  <testcase name="testToBytes" time="0.000" classname="com.distrimind.util.tests.DecentralizedIDTests"/>
  <testcase name="testNotEquals" time="0.000" classname="com.distrimind.util.tests.DecentralizedIDTests"/>
  <testcase name="testNotEquals" time="0.000" classname="com.distrimind.util.tests.DecentralizedIDTests"/>
  <testcase name="testToBytes" time="0.000" classname="com.distrimind.util.tests.DecentralizedIDTests"/>
  <testcase name="testToBytes" time="0.000" classname="com.distrimind.util.tests.DecentralizedIDTests"/>
  <testcase name="testToBytes" time="0.000" classname="com.distrimind.util.tests.DecentralizedIDTests"/>
  <testcase name="testNotEquals" time="0.000" classname="com.distrimind.util.tests.DecentralizedIDTests"/>
  <testcase name="testNotEquals" time="0.000" classname="com.distrimind.util.tests.DecentralizedIDTests"/>
  <testcase name="testNotEquals" time="0.000" classname="com.distrimind.util.tests.DecentralizedIDTests"/>
  <testcase name="testToBytes" time="0.000" classname="com.distrimind.util.tests.DecentralizedIDTests"/>
  <testcase name="testNotEquals" time="0.000" classname="com.distrimind.util.tests.DecentralizedIDTests"/>
  <testcase name="testToBytes" time="0.000" classname="com.distrimind.util.tests.DecentralizedIDTests"/>
  <testcase name="testNotEquals" time="0.001" classname="com.distrimind.util.tests.DecentralizedIDTests"/>
  <testcase name="testNotEquals" time="0.000" classname="com.distrimind.util.tests.DecentralizedIDTests"/>
  <testcase name="testNotEquals" time="0.012" classname="com.distrimind.util.tests.DecentralizedIDTests"/>
  <testcase name="testToBytes" time="0.001" classname="com.distrimind.util.tests.DecentralizedIDTests"/>
  <testcase name="testToBytes" time="0.000" classname="com.distrimind.util.tests.DecentralizedIDTests"/>
  <testcase name="testToBytes" time="0.000" classname="com.distrimind.util.tests.DecentralizedIDTests"/>
  <testcase name="testNotEquals" time="0.004" classname="com.distrimind.util.tests.DecentralizedIDTests"/>
  <testcase name="testToBytes" time="0.000" classname="com.distrimind.util.tests.DecentralizedIDTests"/>
  <testcase name="testToBytes" time="0.001" classname="com.distrimind.util.tests.DecentralizedIDTests"/>
  <testcase name="testToBytes" time="0.000" classname="com.distrimind.util.tests.DecentralizedIDTests"/>
  <testcase name="testNotEquals" time="0.000" classname="com.distrimind.util.tests.DecentralizedIDTests"/>
  <testcase name="testNotEquals" time="0.004" classname="com.distrimind.util.tests.DecentralizedIDTests"/>
  <testcase name="testNotEquals" time="0.001" classname="com.distrimind.util.tests.DecentralizedIDTests"/>
  <testcase name="testToBytes" time="0.000" classname="com.distrimind.util.tests.DecentralizedIDTests"/>
  <testcase name="testNotEquals" time="0.000" classname="com.distrimind.util.tests.DecentralizedIDTests"/>
  <testcase name="testToBytes" time="0.000" classname="com.distrimind.util.tests.DecentralizedIDTests"/>
  <testcase name="testNotEquals" time="0.000" classname="com.distrimind.util.tests.DecentralizedIDTests"/>
  <testcase name="testNotEquals" time="0.015" classname="com.distrimind.util.tests.DecentralizedIDTests"/>
  <testcase name="testToBytes" time="0.000" classname="com.distrimind.util.tests.DecentralizedIDTests"/>
  <testcase name="testToBytes" time="0.000" classname="com.distrimind.util.tests.DecentralizedIDTests"/>
  <testcase name="testToBytes" time="0.000" classname="com.distrimind.util.tests.DecentralizedIDTests"/>
  <testcase name="testToBytes" time="0.001" classname="com.distrimind.util.tests.DecentralizedIDTests"/>
  <testcase name="testToBytes" time="0.000" classname="com.distrimind.util.tests.DecentralizedIDTests"/>
  <testcase name="testToBytes" time="0.000" classname="com.distrimind.util.tests.DecentralizedIDTests"/>
  <testcase name="testToBytes" time="0.000" classname="com.distrimind.util.tests.DecentralizedIDTests"/>
  <testcase name="testNotEquals" time="0.001" classname="com.distrimind.util.tests.DecentralizedIDTests"/>
  <testcase name="testNotEquals" time="0.000" classname="com.distrimind.util.tests.DecentralizedIDTests"/>
  <testcase name="testToBytes" time="0.000" classname="com.distrimind.util.tests.DecentralizedIDTests"/>
  <testcase name="testNotEquals" time="0.000" classname="com.distrimind.util.tests.DecentralizedIDTests"/>
  <testcase name="testToBytes" time="0.000" classname="com.distrimind.util.tests.DecentralizedIDTests"/>
  <testcase name="testNotEquals" time="0.005" classname="com.distrimind.util.tests.DecentralizedIDTests"/>
  <testcase name="testToBytes" time="0.000" classname="com.distrimind.util.tests.DecentralizedIDTests"/>
  <testcase name="testNotEquals" time="0.000" classname="com.distrimind.util.tests.DecentralizedIDTests"/>
  <testcase name="testNotEquals" time="0.000" classname="com.distrimind.util.tests.DecentralizedIDTests"/>
  <testcase name="testNotEquals" time="0.000" classname="com.distrimind.util.tests.DecentralizedIDTests"/>
  <testcase name="testNotEquals" time="0.000" classname="com.distrimind.util.tests.DecentralizedIDTests"/>
  <testcase name="testNotEquals" time="0.000" classname="com.distrimind.util.tests.DecentralizedIDTests"/>
  <testcase name="testToBytes" time="0.001" classname="com.distrimind.util.tests.DecentralizedIDTests"/>
  <testcase name="testNotEquals" time="0.000" classname="com.distrimind.util.tests.DecentralizedIDTests"/>
  <testcase name="testNotEquals" time="0.000" classname="com.distrimind.util.tests.DecentralizedIDTests"/>
  <testcase name="testNotEquals" time="0.000" classname="com.distrimind.util.tests.DecentralizedIDTests"/>
  <testcase name="testNotEquals" time="0.000" classname="com.distrimind.util.tests.DecentralizedIDTests"/>
  <testcase name="testNotEquals" time="0.006" classname="com.distrimind.util.tests.DecentralizedIDTests"/>
  <testcase name="testNotEquals" time="0.000" classname="com.distrimind.util.tests.DecentralizedIDTests"/>
  <testcase name="testToBytes" time="0.000" classname="com.distrimind.util.tests.DecentralizedIDTests"/>
  <testcase name="testNotEquals" time="0.010" classname="com.distrimind.util.tests.DecentralizedIDTests"/>
  <testcase name="testNotEquals" time="0.000" classname="com.distrimind.util.tests.DecentralizedIDTests"/>
  <testcase name="testToBytes" time="0.000" classname="com.distrimind.util.tests.DecentralizedIDTests"/>
  <testcase name="testToBytes" time="0.000" classname="com.distrimind.util.tests.DecentralizedIDTests"/>
  <testcase name="testToBytes" time="0.000" classname="com.distrimind.util.tests.DecentralizedIDTests"/>
  <testcase name="testNotEquals" time="0.000" classname="com.distrimind.util.tests.DecentralizedIDTests"/>
  <testcase name="testNotEquals" time="0.000" classname="com.distrimind.util.tests.DecentralizedIDTests"/>
  <testcase name="testToBytes" time="0.000" classname="com.distrimind.util.tests.DecentralizedIDTests"/>
  <testcase name="testNotEquals" time="0.000" classname="com.distrimind.util.tests.DecentralizedIDTests"/>
  <testcase name="testToBytes" time="0.000" classname="com.distrimind.util.tests.DecentralizedIDTests"/>
  <testcase name="testNotEquals" time="0.001" classname="com.distrimind.util.tests.DecentralizedIDTests"/>
  <testcase name="testToBytes" time="0.000" classname="com.distrimind.util.tests.DecentralizedIDTests"/>
  <testcase name="testToBytes" time="0.000" classname="com.distrimind.util.tests.DecentralizedIDTests"/>
  <testcase name="testToBytes" time="0.000" classname="com.distrimind.util.tests.DecentralizedIDTests"/>
  <testcase name="testNotEquals" time="0.004" classname="com.distrimind.util.tests.DecentralizedIDTests"/>
  <testcase name="testToBytes" time="0.000" classname="com.distrimind.util.tests.DecentralizedIDTests"/>
  <testcase name="testNotEquals" time="0.001" classname="com.distrimind.util.tests.DecentralizedIDTests"/>
  <testcase name="testToBytes" time="0.000" classname="com.distrimind.util.tests.DecentralizedIDTests"/>
  <testcase name="testToBytes" time="0.000" classname="com.distrimind.util.tests.DecentralizedIDTests"/>
  <testcase name="testNotEquals" time="0.000" classname="com.distrimind.util.tests.DecentralizedIDTests"/>
  <testcase name="testNotEquals" time="0.000" classname="com.distrimind.util.tests.DecentralizedIDTests"/>
  <testcase name="testToBytes" time="0.000" classname="com.distrimind.util.tests.DecentralizedIDTests"/>
  <testcase name="testToBytes" time="0.000" classname="com.distrimind.util.tests.DecentralizedIDTests"/>
  <testcase name="testNotEquals" time="0.000" classname="com.distrimind.util.tests.DecentralizedIDTests"/>
  <testcase name="testToBytes" time="0.000" classname="com.distrimind.util.tests.DecentralizedIDTests"/>
  <testcase name="testNotEquals" time="0.001" classname="com.distrimind.util.tests.DecentralizedIDTests"/>
  <testcase name="testToBytes" time="0.000" classname="com.distrimind.util.tests.DecentralizedIDTests"/>
  <testcase name="testNotEquals" time="0.009" classname="com.distrimind.util.tests.DecentralizedIDTests"/>
  <testcase name="testToBytes" time="0.000" classname="com.distrimind.util.tests.DecentralizedIDTests"/>
  <testcase name="testNotEquals" time="0.009" classname="com.distrimind.util.tests.DecentralizedIDTests"/>
  <testcase name="testNotEquals" time="0.001" classname="com.distrimind.util.tests.DecentralizedIDTests"/>
  <testcase name="testToBytes" time="0.000" classname="com.distrimind.util.tests.DecentralizedIDTests"/>
  <testcase name="testToBytes" time="0.000" classname="com.distrimind.util.tests.DecentralizedIDTests"/>
  <testcase name="testNotEquals" time="0.000" classname="com.distrimind.util.tests.DecentralizedIDTests"/>
  <testcase name="testToBytes" time="0.000" classname="com.distrimind.util.tests.DecentralizedIDTests"/>
  <testcase name="testToBytes" time="0.000" classname="com.distrimind.util.tests.DecentralizedIDTests"/>
  <testcase name="testNotEquals" time="0.000" classname="com.distrimind.util.tests.DecentralizedIDTests"/>
  <testcase name="testToBytes" time="0.000" classname="com.distrimind.util.tests.DecentralizedIDTests"/>
  <testcase name="testNotEquals" time="0.000" classname="com.distrimind.util.tests.DecentralizedIDTests"/>
  <testcase name="testToBytes" time="0.000" classname="com.distrimind.util.tests.DecentralizedIDTests"/>
  <testcase name="testNotEquals" time="0.000" classname="com.distrimind.util.tests.DecentralizedIDTests"/>
  <testcase name="testToBytes" time="0.000" classname="com.distrimind.util.tests.DecentralizedIDTests"/>
  <testcase name="testToBytes" time="0.000" classname="com.distrimind.util.tests.DecentralizedIDTests"/>
  <testcase name="testToBytes" time="0.000" classname="com.distrimind.util.tests.DecentralizedIDTests"/>
  <testcase name="testToBytes" time="0.001" classname="com.distrimind.util.tests.DecentralizedIDTests"/>
  <testcase name="testToBytes" time="0.000" classname="com.distrimind.util.tests.DecentralizedIDTests"/>
  <testcase name="testNotEquals" time="0.001" classname="com.distrimind.util.tests.DecentralizedIDTests"/>
  <testcase name="testToBytes" time="0.000" classname="com.distrimind.util.tests.DecentralizedIDTests"/>
  <testcase name="testToBytes" time="0.000" classname="com.distrimind.util.tests.DecentralizedIDTests"/>
  <testcase name="testToBytes" time="0.000" classname="com.distrimind.util.tests.DecentralizedIDTests"/>
  <testcase name="testNotEquals" time="0.000" classname="com.distrimind.util.tests.DecentralizedIDTests"/>
  <testcase name="testToBytes" time="0.000" classname="com.distrimind.util.tests.DecentralizedIDTests"/>
  <testcase name="testToBytes" time="0.000" classname="com.distrimind.util.tests.DecentralizedIDTests"/>
  <testcase name="testToBytes" time="0.000" classname="com.distrimind.util.tests.DecentralizedIDTests"/>
  <testcase name="testNotEquals" time="0.000" classname="com.distrimind.util.tests.DecentralizedIDTests"/>
  <testcase name="testNotEquals" time="0.000" classname="com.distrimind.util.tests.DecentralizedIDTests"/>
  <testcase name="testToBytes" time="0.000" classname="com.distrimind.util.tests.DecentralizedIDTests"/>
  <testcase name="testToBytes" time="0.000" classname="com.distrimind.util.tests.DecentralizedIDTests"/>
  <testcase name="testNotEquals" time="0.000" classname="com.distrimind.util.tests.DecentralizedIDTests"/>
  <testcase name="testToBytes" time="0.000" classname="com.distrimind.util.tests.DecentralizedIDTests"/>
  <testcase name="testToBytes" time="0.000" classname="com.distrimind.util.tests.DecentralizedIDTests"/>
  <testcase name="testToBytes" time="0.000" classname="com.distrimind.util.tests.DecentralizedIDTests"/>
  <testcase name="testToBytes" time="0.000" classname="com.distrimind.util.tests.DecentralizedIDTests"/>
  <testcase name="testNotEquals" time="0.000" classname="com.distrimind.util.tests.DecentralizedIDTests"/>
  <testcase name="testNotEquals" time="0.000" classname="com.distrimind.util.tests.DecentralizedIDTests"/>
  <testcase name="testToBytes" time="0.000" classname="com.distrimind.util.tests.DecentralizedIDTests"/>
  <testcase name="testNotEquals" time="0.000" classname="com.distrimind.util.tests.DecentralizedIDTests"/>
  <testcase name="testToBytes" time="0.000" classname="com.distrimind.util.tests.DecentralizedIDTests"/>
  <testcase name="testToBytes" time="0.001" classname="com.distrimind.util.tests.DecentralizedIDTests"/>
  <testcase name="testToBytes" time="0.000" classname="com.distrimind.util.tests.DecentralizedIDTests"/>
  <testcase name="testToBytes" time="0.000" classname="com.distrimind.util.tests.DecentralizedIDTests"/>
  <testcase name="testToBytes" time="0.000" classname="com.distrimind.util.tests.DecentralizedIDTests"/>
  <testcase name="testToBytes" time="0.000" classname="com.distrimind.util.tests.DecentralizedIDTests"/>
  <testcase name="testToBytes" time="0.001" classname="com.distrimind.util.tests.DecentralizedIDTests"/>
  <testcase name="testNotEquals" time="0.000" classname="com.distrimind.util.tests.DecentralizedIDTests"/>
  <testcase name="testNotEquals" time="0.000" classname="com.distrimind.util.tests.DecentralizedIDTests"/>
  <testcase name="testToBytes" time="0.000" classname="com.distrimind.util.tests.DecentralizedIDTests"/>
  <testcase name="testToBytes" time="0.000" classname="com.distrimind.util.tests.DecentralizedIDTests"/>
  <testcase name="testToBytes" time="0.000" classname="com.distrimind.util.tests.DecentralizedIDTests"/>
  <testcase name="testToBytes" time="0.000" classname="com.distrimind.util.tests.DecentralizedIDTests"/>
  <testcase name="testToBytes" time="0.000" classname="com.distrimind.util.tests.DecentralizedIDTests"/>
  <testcase name="testToBytes" time="0.000" classname="com.distrimind.util.tests.DecentralizedIDTests"/>
  <testcase name="testNotEquals" time="0.000" classname="com.distrimind.util.tests.DecentralizedIDTests"/>
  <testcase name="testToBytes" time="0.000" classname="com.distrimind.util.tests.DecentralizedIDTests"/>
  <testcase name="testToBytes" time="0.000" classname="com.distrimind.util.tests.DecentralizedIDTests"/>
  <testcase name="testToBytes" time="0.001" classname="com.distrimind.util.tests.DecentralizedIDTests"/>
  <testcase name="testNotEquals" time="0.001" classname="com.distrimind.util.tests.DecentralizedIDTests"/>
  <testcase name="testToBytes" time="0.000" classname="com.distrimind.util.tests.DecentralizedIDTests"/>
  <testcase name="testToBytes" time="0.000" classname="com.distrimind.util.tests.DecentralizedIDTests"/>
  <testcase name="testToBytes" time="0.000" classname="com.distrimind.util.tests.DecentralizedIDTests"/>
  <testcase name="testToBytes" time="0.000" classname="com.distrimind.util.tests.DecentralizedIDTests"/>
  <testcase name="testToBytes" time="0.000" classname="com.distrimind.util.tests.DecentralizedIDTests"/>
  <testcase name="testToBytes" time="0.000" classname="com.distrimind.util.tests.DecentralizedIDTests"/>
  <testcase name="testNotEquals" time="0.000" classname="com.distrimind.util.tests.DecentralizedIDTests"/>
  <testcase name="testNotEquals" time="0.000" classname="com.distrimind.util.tests.DecentralizedIDTests"/>
  <testcase name="testNotEquals" time="0.000" classname="com.distrimind.util.tests.DecentralizedIDTests"/>
  <testcase name="testNotEquals" time="0.018" classname="com.distrimind.util.tests.DecentralizedIDTests"/>
  <testcase name="testToBytes" time="0.000" classname="com.distrimind.util.tests.DecentralizedIDTests"/>
  <testcase name="testToBytes" time="0.043" classname="com.distrimind.util.tests.DecentralizedIDTests"/>
  <testcase name="testToBytes" time="0.000" classname="com.distrimind.util.tests.DecentralizedIDTests"/>
  <testcase name="testNotEquals" time="0.000" classname="com.distrimind.util.tests.DecentralizedIDTests"/>
  <testcase name="testToBytes" time="0.000" classname="com.distrimind.util.tests.DecentralizedIDTests"/>
  <testcase name="testToBytes" time="0.076" classname="com.distrimind.util.tests.DecentralizedIDTests"/>
  <testcase name="testToBytes" time="0.000" classname="com.distrimind.util.tests.DecentralizedIDTests"/>
  <testcase name="testNotEquals" time="0.000" classname="com.distrimind.util.tests.DecentralizedIDTests"/>
  <testcase name="testNotEquals" time="0.000" classname="com.distrimind.util.tests.DecentralizedIDTests"/>
  <testcase name="testNotEquals" time="0.000" classname="com.distrimind.util.tests.DecentralizedIDTests"/>
  <testcase name="testNotEquals" time="0.002" classname="com.distrimind.util.tests.DecentralizedIDTests"/>
  <testcase name="testNotEquals" time="0.000" classname="com.distrimind.util.tests.DecentralizedIDTests"/>
  <testcase name="testToBytes" time="0.000" classname="com.distrimind.util.tests.DecentralizedIDTests"/>
  <testcase name="testToBytes" time="0.000" classname="com.distrimind.util.tests.DecentralizedIDTests"/>
  <testcase name="testNotEquals" time="0.000" classname="com.distrimind.util.tests.DecentralizedIDTests"/>
  <testcase name="testToBytes" time="0.000" classname="com.distrimind.util.tests.DecentralizedIDTests"/>
  <testcase name="testToBytes" time="0.000" classname="com.distrimind.util.tests.DecentralizedIDTests"/>
  <testcase name="testNotEquals" time="0.000" classname="com.distrimind.util.tests.DecentralizedIDTests"/>
  <testcase name="testToBytes" time="0.000" classname="com.distrimind.util.tests.DecentralizedIDTests"/>
  <testcase name="testToBytes" time="0.002" classname="com.distrimind.util.tests.DecentralizedIDTests"/>
  <testcase name="testNotEquals" time="0.000" classname="com.distrimind.util.tests.DecentralizedIDTests"/>
  <testcase name="testToBytes" time="0.000" classname="com.distrimind.util.tests.DecentralizedIDTests"/>
  <testcase name="testNotEquals" time="0.000" classname="com.distrimind.util.tests.DecentralizedIDTests"/>
  <testcase name="testNotEquals" time="0.000" classname="com.distrimind.util.tests.DecentralizedIDTests"/>
  <testcase name="testNotEquals" time="0.000" classname="com.distrimind.util.tests.DecentralizedIDTests"/>
  <testcase name="testToBytes" time="0.000" classname="com.distrimind.util.tests.DecentralizedIDTests"/>
  <testcase name="testToBytes" time="0.000" classname="com.distrimind.util.tests.DecentralizedIDTests"/>
  <testcase name="testNotEquals" time="0.000" classname="com.distrimind.util.tests.DecentralizedIDTests"/>
  <testcase name="testNotEquals" time="0.000" classname="com.distrimind.util.tests.DecentralizedIDTests"/>
  <testcase name="testToBytes" time="0.000" classname="com.distrimind.util.tests.DecentralizedIDTests"/>
  <testcase name="testToBytes" time="0.000" classname="com.distrimind.util.tests.DecentralizedIDTests"/>
  <testcase name="testNotEquals" time="0.000" classname="com.distrimind.util.tests.DecentralizedIDTests"/>
  <testcase name="testNotEquals" time="0.000" classname="com.distrimind.util.tests.DecentralizedIDTests"/>
  <testcase name="testNotEquals" time="0.000" classname="com.distrimind.util.tests.DecentralizedIDTests"/>
  <testcase name="testToBytes" time="0.002" classname="com.distrimind.util.tests.DecentralizedIDTests"/>
  <testcase name="testToBytes" time="0.000" classname="com.distrimind.util.tests.DecentralizedIDTests"/>
  <testcase name="testNotEquals" time="0.001" classname="com.distrimind.util.tests.DecentralizedIDTests"/>
  <testcase name="testNotEquals" time="0.005" classname="com.distrimind.util.tests.DecentralizedIDTests"/>
  <testcase name="testNotEquals" time="0.000" classname="com.distrimind.util.tests.DecentralizedIDTests"/>
  <testcase name="testToBytes" time="0.000" classname="com.distrimind.util.tests.DecentralizedIDTests"/>
  <testcase name="testToBytes" time="0.000" classname="com.distrimind.util.tests.DecentralizedIDTests"/>
  <testcase name="testNotEquals" time="0.000" classname="com.distrimind.util.tests.DecentralizedIDTests"/>
  <testcase name="testNotEquals" time="0.007" classname="com.distrimind.util.tests.DecentralizedIDTests"/>
  <testcase name="testNotEquals" time="0.000" classname="com.distrimind.util.tests.DecentralizedIDTests"/>
  <testcase name="testToBytes" time="0.000" classname="com.distrimind.util.tests.DecentralizedIDTests"/>
  <testcase name="testNotEquals" time="0.001" classname="com.distrimind.util.tests.DecentralizedIDTests"/>
  <testcase name="testNotEquals" time="0.000" classname="com.distrimind.util.tests.DecentralizedIDTests"/>
  <testcase name="testNotEquals" time="0.000" classname="com.distrimind.util.tests.DecentralizedIDTests"/>
  <testcase name="testToBytes" time="0.000" classname="com.distrimind.util.tests.DecentralizedIDTests"/>
  <testcase name="testNotEquals" time="0.000" classname="com.distrimind.util.tests.DecentralizedIDTests"/>
  <testcase name="testNotEquals" time="0.000" classname="com.distrimind.util.tests.DecentralizedIDTests"/>
  <testcase name="testToBytes" time="0.000" classname="com.distrimind.util.tests.DecentralizedIDTests"/>
  <testcase name="testToBytes" time="0.000" classname="com.distrimind.util.tests.DecentralizedIDTests"/>
  <testcase name="testNotEquals" time="0.010" classname="com.distrimind.util.tests.DecentralizedIDTests"/>
  <testcase name="testToBytes" time="0.000" classname="com.distrimind.util.tests.DecentralizedIDTests"/>
  <testcase name="testToBytes" time="0.000" classname="com.distrimind.util.tests.DecentralizedIDTests"/>
  <testcase name="testNotEquals" time="0.000" classname="com.distrimind.util.tests.DecentralizedIDTests"/>
  <testcase name="testNotEquals" time="0.000" classname="com.distrimind.util.tests.DecentralizedIDTests"/>
  <testcase name="testToBytes" time="0.000" classname="com.distrimind.util.tests.DecentralizedIDTests"/>
  <testcase name="testNotEquals" time="0.000" classname="com.distrimind.util.tests.DecentralizedIDTests"/>
  <testcase name="testNotEquals" time="0.003" classname="com.distrimind.util.tests.DecentralizedIDTests"/>
  <testcase name="testToBytes" time="0.000" classname="com.distrimind.util.tests.DecentralizedIDTests"/>
  <testcase name="testToBytes" time="0.000" classname="com.distrimind.util.tests.DecentralizedIDTests"/>
  <testcase name="testToBytes" time="0.000" classname="com.distrimind.util.tests.DecentralizedIDTests"/>
  <testcase name="testToBytes" time="0.000" classname="com.distrimind.util.tests.DecentralizedIDTests"/>
  <testcase name="testToBytes" time="0.001" classname="com.distrimind.util.tests.DecentralizedIDTests"/>
  <testcase name="testToBytes" time="0.000" classname="com.distrimind.util.tests.DecentralizedIDTests"/>
  <testcase name="testToBytes" time="0.000" classname="com.distrimind.util.tests.DecentralizedIDTests"/>
  <testcase name="testNotEquals" time="0.006" classname="com.distrimind.util.tests.DecentralizedIDTests"/>
  <testcase name="testNotEquals" time="0.000" classname="com.distrimind.util.tests.DecentralizedIDTests"/>
  <testcase name="testNotEquals" time="0.002" classname="com.distrimind.util.tests.DecentralizedIDTests"/>
  <testcase name="testToBytes" time="0.000" classname="com.distrimind.util.tests.DecentralizedIDTests"/>
  <testcase name="testToBytes" time="0.000" classname="com.distrimind.util.tests.DecentralizedIDTests"/>
  <testcase name="testNotEquals" time="0.000" classname="com.distrimind.util.tests.DecentralizedIDTests"/>
  <testcase name="testToBytes" time="0.000" classname="com.distrimind.util.tests.DecentralizedIDTests"/>
  <testcase name="testNotEquals" time="0.000" classname="com.distrimind.util.tests.DecentralizedIDTests"/>
  <testcase name="testNotEquals" time="0.000" classname="com.distrimind.util.tests.DecentralizedIDTests"/>
  <testcase name="testNotEquals" time="0.001" classname="com.distrimind.util.tests.DecentralizedIDTests"/>
  <testcase name="testNotEquals" time="0.000" classname="com.distrimind.util.tests.DecentralizedIDTests"/>
  <testcase name="testToBytes" time="0.000" classname="com.distrimind.util.tests.DecentralizedIDTests"/>
  <testcase name="testNotEquals" time="0.004" classname="com.distrimind.util.tests.DecentralizedIDTests"/>
  <testcase name="testNotEquals" time="0.017" classname="com.distrimind.util.tests.DecentralizedIDTests"/>
  <testcase name="testToBytes" time="0.000" classname="com.distrimind.util.tests.DecentralizedIDTests"/>
  <testcase name="testToBytes" time="0.000" classname="com.distrimind.util.tests.DecentralizedIDTests"/>
  <testcase name="testToBytes" time="0.000" classname="com.distrimind.util.tests.DecentralizedIDTests"/>
  <testcase name="testToBytes" time="0.000" classname="com.distrimind.util.tests.DecentralizedIDTests"/>
  <testcase name="testToBytes" time="0.091" classname="com.distrimind.util.tests.DecentralizedIDTests"/>
  <testcase name="testToBytes" time="0.000" classname="com.distrimind.util.tests.DecentralizedIDTests"/>
  <testcase name="testNotEquals" time="0.000" classname="com.distrimind.util.tests.DecentralizedIDTests"/>
  <testcase name="testToBytes" time="0.000" classname="com.distrimind.util.tests.DecentralizedIDTests"/>
  <testcase name="testToBytes" time="0.000" classname="com.distrimind.util.tests.DecentralizedIDTests"/>
  <testcase name="testToBytes" time="0.000" classname="com.distrimind.util.tests.DecentralizedIDTests"/>
  <testcase name="testToBytes" time="0.000" classname="com.distrimind.util.tests.DecentralizedIDTests"/>
  <testcase name="testToBytes" time="0.000" classname="com.distrimind.util.tests.DecentralizedIDTests"/>
  <testcase name="testNotEquals" time="0.013" classname="com.distrimind.util.tests.DecentralizedIDTests"/>
  <testcase name="testNotEquals" time="0.016" classname="com.distrimind.util.tests.DecentralizedIDTests"/>
  <testcase name="testNotEquals" time="0.000" classname="com.distrimind.util.tests.DecentralizedIDTests"/>
  <testcase name="testToBytes" time="0.000" classname="com.distrimind.util.tests.DecentralizedIDTests"/>
  <testcase name="testNotEquals" time="0.000" classname="com.distrimind.util.tests.DecentralizedIDTests"/>
  <testcase name="testToBytes" time="0.000" classname="com.distrimind.util.tests.DecentralizedIDTests"/>
  <testcase name="testNotEquals" time="0.000" classname="com.distrimind.util.tests.DecentralizedIDTests"/>
  <testcase name="testNotEquals" time="0.010" classname="com.distrimind.util.tests.DecentralizedIDTests"/>
  <testcase name="testToBytes" time="0.000" classname="com.distrimind.util.tests.DecentralizedIDTests"/>
  <testcase name="testToBytes" time="0.000" classname="com.distrimind.util.tests.DecentralizedIDTests"/>
  <testcase name="testNotEquals" time="0.001" classname="com.distrimind.util.tests.DecentralizedIDTests"/>
  <testcase name="testNotEquals" time="0.000" classname="com.distrimind.util.tests.DecentralizedIDTests"/>
  <testcase name="testNotEquals" time="0.000" classname="com.distrimind.util.tests.DecentralizedIDTests"/>
  <testcase name="testToBytes" time="0.000" classname="com.distrimind.util.tests.DecentralizedIDTests"/>
  <testcase name="testNotEquals" time="0.000" classname="com.distrimind.util.tests.DecentralizedIDTests"/>
  <testcase name="testToBytes" time="0.000" classname="com.distrimind.util.tests.DecentralizedIDTests"/>
  <testcase name="testToBytes" time="0.000" classname="com.distrimind.util.tests.DecentralizedIDTests"/>
  <testcase name="testToBytes" time="0.000" classname="com.distrimind.util.tests.DecentralizedIDTests"/>
  <testcase name="testNotEquals" time="0.000" classname="com.distrimind.util.tests.DecentralizedIDTests"/>
  <testcase name="testToBytes" time="0.000" classname="com.distrimind.util.tests.DecentralizedIDTests"/>
  <testcase name="testNotEquals" time="0.000" classname="com.distrimind.util.tests.DecentralizedIDTests"/>
  <testcase name="testToBytes" time="0.000" classname="com.distrimind.util.tests.DecentralizedIDTests"/>
  <testcase name="testNotEquals" time="0.000" classname="com.distrimind.util.tests.DecentralizedIDTests"/>
  <testcase name="testNotEquals" time="0.000" classname="com.distrimind.util.tests.DecentralizedIDTests"/>
  <testcase name="testNotEquals" time="0.000" classname="com.distrimind.util.tests.DecentralizedIDTests"/>
  <testcase name="testNotEquals" time="0.000" classname="com.distrimind.util.tests.DecentralizedIDTests"/>
  <testcase name="testToBytes" time="0.000" classname="com.distrimind.util.tests.DecentralizedIDTests"/>
  <testcase name="testToBytes" time="0.000" classname="com.distrimind.util.tests.DecentralizedIDTests"/>
  <testcase name="testToBytes" time="0.000" classname="com.distrimind.util.tests.DecentralizedIDTests"/>
  <testcase name="testToBytes" time="0.000" classname="com.distrimind.util.tests.DecentralizedIDTests"/>
  <testcase name="testNotEquals" time="0.010" classname="com.distrimind.util.tests.DecentralizedIDTests"/>
  <testcase name="testToBytes" time="0.000" classname="com.distrimind.util.tests.DecentralizedIDTests"/>
  <testcase name="testToBytes" time="0.000" classname="com.distrimind.util.tests.DecentralizedIDTests"/>
  <testcase name="testNotEquals" time="0.006" classname="com.distrimind.util.tests.DecentralizedIDTests"/>
  <testcase name="testToBytes" time="0.000" classname="com.distrimind.util.tests.DecentralizedIDTests"/>
  <testcase name="testNotEquals" time="0.014" classname="com.distrimind.util.tests.DecentralizedIDTests"/>
  <testcase name="testToBytes" time="0.104" classname="com.distrimind.util.tests.DecentralizedIDTests"/>
  <testcase name="testNotEquals" time="0.000" classname="com.distrimind.util.tests.DecentralizedIDTests"/>
  <testcase name="testNotEquals" time="0.000" classname="com.distrimind.util.tests.DecentralizedIDTests"/>
  <testcase name="testToBytes" time="0.000" classname="com.distrimind.util.tests.DecentralizedIDTests"/>
  <testcase name="testToBytes" time="0.000" classname="com.distrimind.util.tests.DecentralizedIDTests"/>
  <testcase name="testToBytes" time="0.025" classname="com.distrimind.util.tests.DecentralizedIDTests"/>
  <testcase name="testNotEquals" time="0.000" classname="com.distrimind.util.tests.DecentralizedIDTests"/>
  <testcase name="testToBytes" time="0.000" classname="com.distrimind.util.tests.DecentralizedIDTests"/>
  <testcase name="testNotEquals" time="0.000" classname="com.distrimind.util.tests.DecentralizedIDTests"/>
  <testcase name="testNotEquals" time="0.000" classname="com.distrimind.util.tests.DecentralizedIDTests"/>
  <testcase name="testToBytes" time="0.000" classname="com.distrimind.util.tests.DecentralizedIDTests"/>
  <testcase name="testToBytes" time="0.000" classname="com.distrimind.util.tests.DecentralizedIDTests"/>
  <testcase name="testToBytes" time="0.000" classname="com.distrimind.util.tests.DecentralizedIDTests"/>
  <testcase name="testToBytes" time="0.000" classname="com.distrimind.util.tests.DecentralizedIDTests"/>
  <testcase name="testNotEquals" time="0.000" classname="com.distrimind.util.tests.DecentralizedIDTests"/>
  <testcase name="testNotEquals" time="0.006" classname="com.distrimind.util.tests.DecentralizedIDTests"/>
  <testcase name="testNotEquals" time="0.001" classname="com.distrimind.util.tests.DecentralizedIDTests"/>
  <testcase name="testNotEquals" time="0.001" classname="com.distrimind.util.tests.DecentralizedIDTests"/>
  <testcase name="testNotEquals" time="0.000" classname="com.distrimind.util.tests.DecentralizedIDTests"/>
  <testcase name="testToBytes" time="0.000" classname="com.distrimind.util.tests.DecentralizedIDTests"/>
  <testcase name="testNotEquals" time="0.000" classname="com.distrimind.util.tests.DecentralizedIDTests"/>
  <testcase name="testNotEquals" time="0.000" classname="com.distrimind.util.tests.DecentralizedIDTests"/>
  <testcase name="testNotEquals" time="0.000" classname="com.distrimind.util.tests.DecentralizedIDTests"/>
  <testcase name="testNotEquals" time="0.010" classname="com.distrimind.util.tests.DecentralizedIDTests"/>
  <testcase name="testToBytes" time="0.000" classname="com.distrimind.util.tests.DecentralizedIDTests"/>
  <testcase name="testNotEquals" time="0.000" classname="com.distrimind.util.tests.DecentralizedIDTests"/>
  <testcase name="testNotEquals" time="0.001" classname="com.distrimind.util.tests.DecentralizedIDTests"/>
  <testcase name="testNotEquals" time="0.000" classname="com.distrimind.util.tests.DecentralizedIDTests"/>
  <testcase name="testToBytes" time="0.000" classname="com.distrimind.util.tests.DecentralizedIDTests"/>
  <testcase name="testNotEquals" time="0.001" classname="com.distrimind.util.tests.DecentralizedIDTests"/>
  <testcase name="testNotEquals" time="0.000" classname="com.distrimind.util.tests.DecentralizedIDTests"/>
  <testcase name="testNotEquals" time="0.000" classname="com.distrimind.util.tests.DecentralizedIDTests"/>
  <testcase name="testNotEquals" time="0.000" classname="com.distrimind.util.tests.DecentralizedIDTests"/>
  <testcase name="testNotEquals" time="0.000" classname="com.distrimind.util.tests.DecentralizedIDTests"/>
  <testcase name="testToBytes" time="0.000" classname="com.distrimind.util.tests.DecentralizedIDTests"/>
  <testcase name="testToBytes" time="0.000" classname="com.distrimind.util.tests.DecentralizedIDTests"/>
  <testcase name="testNotEquals" time="0.002" classname="com.distrimind.util.tests.DecentralizedIDTests"/>
  <testcase name="testNotEquals" time="0.000" classname="com.distrimind.util.tests.DecentralizedIDTests"/>
  <testcase name="testToBytes" time="0.001" classname="com.distrimind.util.tests.DecentralizedIDTests"/>
  <testcase name="testToBytes" time="0.000" classname="com.distrimind.util.tests.DecentralizedIDTests"/>
  <testcase name="testNotEquals" time="0.000" classname="com.distrimind.util.tests.DecentralizedIDTests"/>
  <testcase name="testToBytes" time="0.000" classname="com.distrimind.util.tests.DecentralizedIDTests"/>
  <testcase name="testToBytes" time="0.000" classname="com.distrimind.util.tests.DecentralizedIDTests"/>
  <testcase name="testNotEquals" time="0.018" classname="com.distrimind.util.tests.DecentralizedIDTests"/>
  <testcase name="testNotEquals" time="0.000" classname="com.distrimind.util.tests.DecentralizedIDTests"/>
  <testcase name="testNotEquals" time="0.000" classname="com.distrimind.util.tests.DecentralizedIDTests"/>
  <testcase name="testToBytes" time="0.000" classname="com.distrimind.util.tests.DecentralizedIDTests"/>
  <testcase name="testNotEquals" time="0.000" classname="com.distrimind.util.tests.DecentralizedIDTests"/>
  <testcase name="testNotEquals" time="0.000" classname="com.distrimind.util.tests.DecentralizedIDTests"/>
  <testcase name="testToBytes" time="0.000" classname="com.distrimind.util.tests.DecentralizedIDTests"/>
  <testcase name="testToBytes" time="0.000" classname="com.distrimind.util.tests.DecentralizedIDTests"/>
  <testcase name="testToBytes" time="0.000" classname="com.distrimind.util.tests.DecentralizedIDTests"/>
  <testcase name="testNotEquals" time="0.000" classname="com.distrimind.util.tests.DecentralizedIDTests"/>
  <testcase name="testNotEquals" time="0.001" classname="com.distrimind.util.tests.DecentralizedIDTests"/>
  <testcase name="testToBytes" time="0.000" classname="com.distrimind.util.tests.DecentralizedIDTests"/>
  <testcase name="testNotEquals" time="0.000" classname="com.distrimind.util.tests.DecentralizedIDTests"/>
  <testcase name="testToBytes" time="0.000" classname="com.distrimind.util.tests.DecentralizedIDTests"/>
  <testcase name="testNotEquals" time="0.000" classname="com.distrimind.util.tests.DecentralizedIDTests"/>
  <testcase name="testToBytes" time="0.001" classname="com.distrimind.util.tests.DecentralizedIDTests"/>
  <testcase name="testToBytes" time="0.000" classname="com.distrimind.util.tests.DecentralizedIDTests"/>
  <testcase name="testToBytes" time="0.000" classname="com.distrimind.util.tests.DecentralizedIDTests"/>
  <testcase name="testNotEquals" time="0.009" classname="com.distrimind.util.tests.DecentralizedIDTests"/>
  <testcase name="testToBytes" time="0.000" classname="com.distrimind.util.tests.DecentralizedIDTests"/>
  <testcase name="testNotEquals" time="0.001" classname="com.distrimind.util.tests.DecentralizedIDTests"/>
  <testcase name="testToBytes" time="0.000" classname="com.distrimind.util.tests.DecentralizedIDTests"/>
  <testcase name="testNotEquals" time="0.000" classname="com.distrimind.util.tests.DecentralizedIDTests"/>
  <testcase name="testToBytes" time="0.000" classname="com.distrimind.util.tests.DecentralizedIDTests"/>
  <testcase name="testNotEquals" time="0.000" classname="com.distrimind.util.tests.DecentralizedIDTests"/>
  <testcase name="testNotEquals" time="0.000" classname="com.distrimind.util.tests.DecentralizedIDTests"/>
  <testcase name="testToBytes" time="0.000" classname="com.distrimind.util.tests.DecentralizedIDTests"/>
  <testcase name="testNotEquals" time="0.000" classname="com.distrimind.util.tests.DecentralizedIDTests"/>
  <testcase name="testToBytes" time="0.000" classname="com.distrimind.util.tests.DecentralizedIDTests"/>
  <testcase name="testToBytes" time="0.034" classname="com.distrimind.util.tests.DecentralizedIDTests"/>
  <testcase name="testNotEquals" time="0.000" classname="com.distrimind.util.tests.DecentralizedIDTests"/>
  <testcase name="testNotEquals" time="0.001" classname="com.distrimind.util.tests.DecentralizedIDTests"/>
  <testcase name="testToBytes" time="0.000" classname="com.distrimind.util.tests.DecentralizedIDTests"/>
  <testcase name="testNotEquals" time="0.000" classname="com.distrimind.util.tests.DecentralizedIDTests"/>
  <testcase name="testToBytes" time="0.000" classname="com.distrimind.util.tests.DecentralizedIDTests"/>
  <testcase name="testToBytes" time="0.000" classname="com.distrimind.util.tests.DecentralizedIDTests"/>
  <testcase name="testNotEquals" time="0.000" classname="com.distrimind.util.tests.DecentralizedIDTests"/>
  <testcase name="testToBytes" time="0.029" classname="com.distrimind.util.tests.DecentralizedIDTests"/>
  <testcase name="testToBytes" time="0.000" classname="com.distrimind.util.tests.DecentralizedIDTests"/>
  <testcase name="testToBytes" time="0.000" classname="com.distrimind.util.tests.DecentralizedIDTests"/>
  <testcase name="testNotEquals" time="0.000" classname="com.distrimind.util.tests.DecentralizedIDTests"/>
  <testcase name="testToBytes" time="0.000" classname="com.distrimind.util.tests.DecentralizedIDTests"/>
  <testcase name="testNotEquals" time="0.000" classname="com.distrimind.util.tests.DecentralizedIDTests"/>
  <testcase name="testNotEquals" time="0.000" classname="com.distrimind.util.tests.DecentralizedIDTests"/>
  <testcase name="testToBytes" time="0.000" classname="com.distrimind.util.tests.DecentralizedIDTests"/>
  <testcase name="testNotEquals" time="0.000" classname="com.distrimind.util.tests.DecentralizedIDTests"/>
  <testcase name="testNotEquals" time="0.002" classname="com.distrimind.util.tests.DecentralizedIDTests"/>
  <testcase name="testToBytes" time="0.000" classname="com.distrimind.util.tests.DecentralizedIDTests"/>
  <testcase name="testNotEquals" time="0.000" classname="com.distrimind.util.tests.DecentralizedIDTests"/>
  <testcase name="testNotEquals" time="0.004" classname="com.distrimind.util.tests.DecentralizedIDTests"/>
  <testcase name="testNotEquals" time="0.017" classname="com.distrimind.util.tests.DecentralizedIDTests"/>
  <testcase name="testToBytes" time="0.000" classname="com.distrimind.util.tests.DecentralizedIDTests"/>
  <testcase name="testNotEquals" time="0.000" classname="com.distrimind.util.tests.DecentralizedIDTests"/>
  <testcase name="testToBytes" time="0.000" classname="com.distrimind.util.tests.DecentralizedIDTests"/>
  <testcase name="testNotEquals" time="0.002" classname="com.distrimind.util.tests.DecentralizedIDTests"/>
  <testcase name="testNotEquals" time="0.000" classname="com.distrimind.util.tests.DecentralizedIDTests"/>
  <testcase name="testNotEquals" time="0.000" classname="com.distrimind.util.tests.DecentralizedIDTests"/>
  <testcase name="testToBytes" time="0.000" classname="com.distrimind.util.tests.DecentralizedIDTests"/>
  <testcase name="testNotEquals" time="0.000" classname="com.distrimind.util.tests.DecentralizedIDTests"/>
  <testcase name="testToBytes" time="0.000" classname="com.distrimind.util.tests.DecentralizedIDTests"/>
  <testcase name="testNotEquals" time="0.000" classname="com.distrimind.util.tests.DecentralizedIDTests"/>
  <testcase name="testToBytes" time="0.000" classname="com.distrimind.util.tests.DecentralizedIDTests"/>
  <testcase name="testToBytes" time="0.000" classname="com.distrimind.util.tests.DecentralizedIDTests"/>
  <testcase name="testToBytes" time="0.001" classname="com.distrimind.util.tests.DecentralizedIDTests"/>
  <testcase name="testToBytes" time="0.000" classname="com.distrimind.util.tests.DecentralizedIDTests"/>
  <testcase name="testToBytes" time="0.001" classname="com.distrimind.util.tests.DecentralizedIDTests"/>
  <testcase name="testToBytes" time="0.000" classname="com.distrimind.util.tests.DecentralizedIDTests"/>
  <testcase name="testToBytes" time="0.000" classname="com.distrimind.util.tests.DecentralizedIDTests"/>
  <testcase name="testToBytes" time="0.000" classname="com.distrimind.util.tests.DecentralizedIDTests"/>
  <testcase name="testToBytes" time="0.000" classname="com.distrimind.util.tests.DecentralizedIDTests"/>
  <testcase name="testToBytes" time="0.000" classname="com.distrimind.util.tests.DecentralizedIDTests"/>
  <testcase name="testToBytes" time="0.000" classname="com.distrimind.util.tests.DecentralizedIDTests"/>
  <testcase name="testNotEquals" time="0.000" classname="com.distrimind.util.tests.DecentralizedIDTests"/>
  <testcase name="testToBytes" time="0.000" classname="com.distrimind.util.tests.DecentralizedIDTests"/>
  <testcase name="testNotEquals" time="0.000" classname="com.distrimind.util.tests.DecentralizedIDTests"/>
  <testcase name="testNotEquals" time="0.000" classname="com.distrimind.util.tests.DecentralizedIDTests"/>
  <testcase name="testToBytes" time="0.000" classname="com.distrimind.util.tests.DecentralizedIDTests"/>
  <testcase name="testNotEquals" time="0.001" classname="com.distrimind.util.tests.DecentralizedIDTests"/>
  <testcase name="testToBytes" time="0.000" classname="com.distrimind.util.tests.DecentralizedIDTests"/>
  <testcase name="testNotEquals" time="0.000" classname="com.distrimind.util.tests.DecentralizedIDTests"/>
  <testcase name="testToBytes" time="0.000" classname="com.distrimind.util.tests.DecentralizedIDTests"/>
  <testcase name="testToBytes" time="0.000" classname="com.distrimind.util.tests.DecentralizedIDTests"/>
  <testcase name="testNotEquals" time="0.001" classname="com.distrimind.util.tests.DecentralizedIDTests"/>
  <testcase name="testToBytes" time="0.001" classname="com.distrimind.util.tests.DecentralizedIDTests"/>
  <testcase name="testToBytes" time="0.057" classname="com.distrimind.util.tests.DecentralizedIDTests"/>
  <testcase name="testToBytes" time="0.000" classname="com.distrimind.util.tests.DecentralizedIDTests"/>
  <testcase name="testNotEquals" time="0.000" classname="com.distrimind.util.tests.DecentralizedIDTests"/>
  <testcase name="testToBytes" time="0.000" classname="com.distrimind.util.tests.DecentralizedIDTests"/>
  <testcase name="testToBytes" time="0.017" classname="com.distrimind.util.tests.DecentralizedIDTests"/>
  <testcase name="testToBytes" time="0.000" classname="com.distrimind.util.tests.DecentralizedIDTests"/>
  <testcase name="testNotEquals" time="0.001" classname="com.distrimind.util.tests.DecentralizedIDTests"/>
  <testcase name="testNotEquals" time="0.000" classname="com.distrimind.util.tests.DecentralizedIDTests"/>
  <testcase name="testNotEquals" time="0.000" classname="com.distrimind.util.tests.DecentralizedIDTests"/>
  <testcase name="testNotEquals" time="0.000" classname="com.distrimind.util.tests.DecentralizedIDTests"/>
  <testcase name="testToBytes" time="0.000" classname="com.distrimind.util.tests.DecentralizedIDTests"/>
  <testcase name="testToBytes" time="0.000" classname="com.distrimind.util.tests.DecentralizedIDTests"/>
  <testcase name="testToBytes" time="0.000" classname="com.distrimind.util.tests.DecentralizedIDTests"/>
  <testcase name="testNotEquals" time="0.003" classname="com.distrimind.util.tests.DecentralizedIDTests"/>
  <testcase name="testToBytes" time="0.000" classname="com.distrimind.util.tests.DecentralizedIDTests"/>
  <testcase name="testNotEquals" time="0.000" classname="com.distrimind.util.tests.DecentralizedIDTests"/>
  <testcase name="testToBytes" time="0.000" classname="com.distrimind.util.tests.DecentralizedIDTests"/>
  <testcase name="testToBytes" time="0.000" classname="com.distrimind.util.tests.DecentralizedIDTests"/>
  <testcase name="testToBytes" time="0.000" classname="com.distrimind.util.tests.DecentralizedIDTests"/>
  <testcase name="testNotEquals" time="0.000" classname="com.distrimind.util.tests.DecentralizedIDTests"/>
  <testcase name="testNotEquals" time="0.000" classname="com.distrimind.util.tests.DecentralizedIDTests"/>
  <testcase name="testNotEquals" time="0.000" classname="com.distrimind.util.tests.DecentralizedIDTests"/>
  <testcase name="testToBytes" time="0.000" classname="com.distrimind.util.tests.DecentralizedIDTests"/>
  <testcase name="testToBytes" time="0.000" classname="com.distrimind.util.tests.DecentralizedIDTests"/>
  <testcase name="testNotEquals" time="0.000" classname="com.distrimind.util.tests.DecentralizedIDTests"/>
  <testcase name="testToBytes" time="0.000" classname="com.distrimind.util.tests.DecentralizedIDTests"/>
  <testcase name="testToBytes" time="0.000" classname="com.distrimind.util.tests.DecentralizedIDTests"/>
  <testcase name="testNotEquals" time="0.000" classname="com.distrimind.util.tests.DecentralizedIDTests"/>
  <testcase name="testToBytes" time="0.000" classname="com.distrimind.util.tests.DecentralizedIDTests"/>
  <testcase name="testToBytes" time="0.001" classname="com.distrimind.util.tests.DecentralizedIDTests"/>
  <testcase name="testToBytes" time="0.002" classname="com.distrimind.util.tests.DecentralizedIDTests"/>
  <testcase name="testNotEquals" time="0.000" classname="com.distrimind.util.tests.DecentralizedIDTests"/>
  <testcase name="testToBytes" time="0.000" classname="com.distrimind.util.tests.DecentralizedIDTests"/>
  <testcase name="testToBytes" time="0.000" classname="com.distrimind.util.tests.DecentralizedIDTests"/>
  <testcase name="testToBytes" time="0.000" classname="com.distrimind.util.tests.DecentralizedIDTests"/>
  <testcase name="testNotEquals" time="0.000" classname="com.distrimind.util.tests.DecentralizedIDTests"/>
  <testcase name="testToBytes" time="0.000" classname="com.distrimind.util.tests.DecentralizedIDTests"/>
  <testcase name="testToBytes" time="0.000" classname="com.distrimind.util.tests.DecentralizedIDTests"/>
  <testcase name="testNotEquals" time="0.000" classname="com.distrimind.util.tests.DecentralizedIDTests"/>
  <testcase name="testToBytes" time="0.001" classname="com.distrimind.util.tests.DecentralizedIDTests"/>
  <testcase name="testToBytes" time="0.006" classname="com.distrimind.util.tests.DecentralizedIDTests"/>
  <testcase name="testNotEquals" time="0.000" classname="com.distrimind.util.tests.DecentralizedIDTests"/>
  <testcase name="testToBytes" time="0.000" classname="com.distrimind.util.tests.DecentralizedIDTests"/>
  <testcase name="testToBytes" time="0.000" classname="com.distrimind.util.tests.DecentralizedIDTests"/>
  <testcase name="testToBytes" time="0.000" classname="com.distrimind.util.tests.DecentralizedIDTests"/>
  <testcase name="testToBytes" time="0.000" classname="com.distrimind.util.tests.DecentralizedIDTests"/>
  <testcase name="testNotEquals" time="0.000" classname="com.distrimind.util.tests.DecentralizedIDTests"/>
  <testcase name="testToBytes" time="0.000" classname="com.distrimind.util.tests.DecentralizedIDTests"/>
  <testcase name="testNotEquals" time="0.000" classname="com.distrimind.util.tests.DecentralizedIDTests"/>
  <testcase name="testToBytes" time="0.000" classname="com.distrimind.util.tests.DecentralizedIDTests"/>
  <testcase name="testNotEquals" time="0.000" classname="com.distrimind.util.tests.DecentralizedIDTests"/>
  <testcase name="testNotEquals" time="0.000" classname="com.distrimind.util.tests.DecentralizedIDTests"/>
  <testcase name="testNotEquals" time="0.000" classname="com.distrimind.util.tests.DecentralizedIDTests"/>
  <testcase name="testToBytes" time="0.000" classname="com.distrimind.util.tests.DecentralizedIDTests"/>
  <testcase name="testNotEquals" time="0.000" classname="com.distrimind.util.tests.DecentralizedIDTests"/>
  <testcase name="testToBytes" time="0.000" classname="com.distrimind.util.tests.DecentralizedIDTests"/>
  <testcase name="testNotEquals" time="0.000" classname="com.distrimind.util.tests.DecentralizedIDTests"/>
  <testcase name="testNotEquals" time="0.001" classname="com.distrimind.util.tests.DecentralizedIDTests"/>
  <testcase name="testNotEquals" time="0.009" classname="com.distrimind.util.tests.DecentralizedIDTests"/>
  <testcase name="testNotEquals" time="0.000" classname="com.distrimind.util.tests.DecentralizedIDTests"/>
  <testcase name="testNotEquals" time="0.000" classname="com.distrimind.util.tests.DecentralizedIDTests"/>
  <testcase name="testNotEquals" time="0.001" classname="com.distrimind.util.tests.DecentralizedIDTests"/>
  <testcase name="testToBytes" time="0.000" classname="com.distrimind.util.tests.DecentralizedIDTests"/>
  <testcase name="testToBytes" time="0.000" classname="com.distrimind.util.tests.DecentralizedIDTests"/>
  <testcase name="testNotEquals" time="0.001" classname="com.distrimind.util.tests.DecentralizedIDTests"/>
  <testcase name="testNotEquals" time="0.000" classname="com.distrimind.util.tests.DecentralizedIDTests"/>
  <testcase name="testNotEquals" time="0.000" classname="com.distrimind.util.tests.DecentralizedIDTests"/>
  <testcase name="testNotEquals" time="0.000" classname="com.distrimind.util.tests.DecentralizedIDTests"/>
  <testcase name="testToBytes" time="0.000" classname="com.distrimind.util.tests.DecentralizedIDTests"/>
  <testcase name="testToBytes" time="0.000" classname="com.distrimind.util.tests.DecentralizedIDTests"/>
  <testcase name="testToBytes" time="0.000" classname="com.distrimind.util.tests.DecentralizedIDTests"/>
  <testcase name="testNotEquals" time="0.000" classname="com.distrimind.util.tests.DecentralizedIDTests"/>
  <testcase name="testToBytes" time="0.000" classname="com.distrimind.util.tests.DecentralizedIDTests"/>
  <testcase name="testNotEquals" time="0.014" classname="com.distrimind.util.tests.DecentralizedIDTests"/>
  <testcase name="testNotEquals" time="0.009" classname="com.distrimind.util.tests.DecentralizedIDTests"/>
  <testcase name="testToBytes" time="0.000" classname="com.distrimind.util.tests.DecentralizedIDTests"/>
  <testcase name="testNotEquals" time="0.000" classname="com.distrimind.util.tests.DecentralizedIDTests"/>
  <testcase name="testToBytes" time="0.000" classname="com.distrimind.util.tests.DecentralizedIDTests"/>
  <testcase name="testToBytes" time="0.000" classname="com.distrimind.util.tests.DecentralizedIDTests"/>
  <testcase name="testToBytes" time="0.000" classname="com.distrimind.util.tests.DecentralizedIDTests"/>
  <testcase name="testNotEquals" time="0.000" classname="com.distrimind.util.tests.DecentralizedIDTests"/>
  <testcase name="testToBytes" time="0.000" classname="com.distrimind.util.tests.DecentralizedIDTests"/>
  <testcase name="testNotEquals" time="0.032" classname="com.distrimind.util.tests.DecentralizedIDTests"/>
  <testcase name="testToBytes" time="0.000" classname="com.distrimind.util.tests.DecentralizedIDTests"/>
  <testcase name="testToBytes" time="0.000" classname="com.distrimind.util.tests.DecentralizedIDTests"/>
  <testcase name="testNotEquals" time="0.000" classname="com.distrimind.util.tests.DecentralizedIDTests"/>
  <testcase name="testToBytes" time="0.000" classname="com.distrimind.util.tests.DecentralizedIDTests"/>
  <testcase name="testToBytes" time="0.000" classname="com.distrimind.util.tests.DecentralizedIDTests"/>
  <testcase name="testNotEquals" time="0.001" classname="com.distrimind.util.tests.DecentralizedIDTests"/>
  <testcase name="testNotEquals" time="0.000" classname="com.distrimind.util.tests.DecentralizedIDTests"/>
  <testcase name="testNotEquals" time="0.000" classname="com.distrimind.util.tests.DecentralizedIDTests"/>
  <testcase name="testNotEquals" time="0.000" classname="com.distrimind.util.tests.DecentralizedIDTests"/>
  <testcase name="testNotEquals" time="0.000" classname="com.distrimind.util.tests.DecentralizedIDTests"/>
  <testcase name="testToBytes" time="0.000" classname="com.distrimind.util.tests.DecentralizedIDTests"/>
  <testcase name="testToBytes" time="0.000" classname="com.distrimind.util.tests.DecentralizedIDTests"/>
  <testcase name="testNotEquals" time="0.000" classname="com.distrimind.util.tests.DecentralizedIDTests"/>
  <testcase name="testToBytes" time="0.000" classname="com.distrimind.util.tests.DecentralizedIDTests"/>
  <testcase name="testNotEquals" time="0.000" classname="com.distrimind.util.tests.DecentralizedIDTests"/>
  <testcase name="testNotEquals" time="0.000" classname="com.distrimind.util.tests.DecentralizedIDTests"/>
  <testcase name="testNotEquals" time="0.001" classname="com.distrimind.util.tests.DecentralizedIDTests"/>
  <testcase name="testToBytes" time="0.000" classname="com.distrimind.util.tests.DecentralizedIDTests"/>
  <testcase name="testToBytes" time="0.000" classname="com.distrimind.util.tests.DecentralizedIDTests"/>
  <testcase name="testToBytes" time="0.000" classname="com.distrimind.util.tests.DecentralizedIDTests"/>
  <testcase name="testToBytes" time="0.000" classname="com.distrimind.util.tests.DecentralizedIDTests"/>
  <testcase name="testToBytes" time="0.000" classname="com.distrimind.util.tests.DecentralizedIDTests"/>
  <testcase name="testNotEquals" time="0.000" classname="com.distrimind.util.tests.DecentralizedIDTests"/>
  <testcase name="testNotEquals" time="0.000" classname="com.distrimind.util.tests.DecentralizedIDTests"/>
  <testcase name="testNotEquals" time="0.000" classname="com.distrimind.util.tests.DecentralizedIDTests"/>
  <testcase name="testToBytes" time="0.000" classname="com.distrimind.util.tests.DecentralizedIDTests"/>
  <testcase name="testNotEquals" time="0.000" classname="com.distrimind.util.tests.DecentralizedIDTests"/>
  <testcase name="testNotEquals" time="0.002" classname="com.distrimind.util.tests.DecentralizedIDTests"/>
  <testcase name="testNotEquals" time="0.000" classname="com.distrimind.util.tests.DecentralizedIDTests"/>
  <testcase name="testToBytes" time="0.000" classname="com.distrimind.util.tests.DecentralizedIDTests"/>
  <testcase name="testNotEquals" time="0.009" classname="com.distrimind.util.tests.DecentralizedIDTests"/>
  <testcase name="testToBytes" time="0.000" classname="com.distrimind.util.tests.DecentralizedIDTests"/>
  <testcase name="testToBytes" time="0.000" classname="com.distrimind.util.tests.DecentralizedIDTests"/>
  <testcase name="testToBytes" time="0.000" classname="com.distrimind.util.tests.DecentralizedIDTests"/>
  <testcase name="testToBytes" time="0.000" classname="com.distrimind.util.tests.DecentralizedIDTests"/>
  <testcase name="testNotEquals" time="0.000" classname="com.distrimind.util.tests.DecentralizedIDTests"/>
  <testcase name="testToBytes" time="0.000" classname="com.distrimind.util.tests.DecentralizedIDTests"/>
  <testcase name="testNotEquals" time="0.006" classname="com.distrimind.util.tests.DecentralizedIDTests"/>
  <testcase name="testToBytes" time="0.000" classname="com.distrimind.util.tests.DecentralizedIDTests"/>
  <testcase name="testToBytes" time="0.000" classname="com.distrimind.util.tests.DecentralizedIDTests"/>
  <testcase name="testNotEquals" time="0.001" classname="com.distrimind.util.tests.DecentralizedIDTests"/>
  <testcase name="testToBytes" time="0.000" classname="com.distrimind.util.tests.DecentralizedIDTests"/>
  <testcase name="testNotEquals" time="0.000" classname="com.distrimind.util.tests.DecentralizedIDTests"/>
  <testcase name="testNotEquals" time="0.001" classname="com.distrimind.util.tests.DecentralizedIDTests"/>
  <testcase name="testToBytes" time="0.000" classname="com.distrimind.util.tests.DecentralizedIDTests"/>
  <testcase name="testToBytes" time="0.000" classname="com.distrimind.util.tests.DecentralizedIDTests"/>
  <testcase name="testToBytes" time="0.005" classname="com.distrimind.util.tests.DecentralizedIDTests"/>
  <testcase name="testToBytes" time="0.000" classname="com.distrimind.util.tests.DecentralizedIDTests"/>
  <testcase name="testToBytes" time="0.000" classname="com.distrimind.util.tests.DecentralizedIDTests"/>
  <testcase name="testToBytes" time="0.000" classname="com.distrimind.util.tests.DecentralizedIDTests"/>
  <testcase name="testNotEquals" time="0.000" classname="com.distrimind.util.tests.DecentralizedIDTests"/>
  <testcase name="testNotEquals" time="0.000" classname="com.distrimind.util.tests.DecentralizedIDTests"/>
  <testcase name="testToBytes" time="0.000" classname="com.distrimind.util.tests.DecentralizedIDTests"/>
  <testcase name="testNotEquals" time="0.004" classname="com.distrimind.util.tests.DecentralizedIDTests"/>
  <testcase name="testToBytes" time="0.000" classname="com.distrimind.util.tests.DecentralizedIDTests"/>
  <testcase name="testToBytes" time="0.000" classname="com.distrimind.util.tests.DecentralizedIDTests"/>
  <testcase name="testToBytes" time="0.000" classname="com.distrimind.util.tests.DecentralizedIDTests"/>
  <testcase name="testToBytes" time="0.000" classname="com.distrimind.util.tests.DecentralizedIDTests"/>
  <testcase name="testToBytes" time="0.000" classname="com.distrimind.util.tests.DecentralizedIDTests"/>
  <testcase name="testNotEquals" time="0.000" classname="com.distrimind.util.tests.DecentralizedIDTests"/>
  <testcase name="testNotEquals" time="0.025" classname="com.distrimind.util.tests.DecentralizedIDTests"/>
  <testcase name="testToBytes" time="0.000" classname="com.distrimind.util.tests.DecentralizedIDTests"/>
  <testcase name="testNotEquals" time="0.018" classname="com.distrimind.util.tests.DecentralizedIDTests"/>
  <testcase name="testNotEquals" time="0.000" classname="com.distrimind.util.tests.DecentralizedIDTests"/>
  <testcase name="testNotEquals" time="0.000" classname="com.distrimind.util.tests.DecentralizedIDTests"/>
  <testcase name="testToBytes" time="0.000" classname="com.distrimind.util.tests.DecentralizedIDTests"/>
  <testcase name="testToBytes" time="0.000" classname="com.distrimind.util.tests.DecentralizedIDTests"/>
  <testcase name="testNotEquals" time="0.000" classname="com.distrimind.util.tests.DecentralizedIDTests"/>
  <testcase name="testNotEquals" time="0.000" classname="com.distrimind.util.tests.DecentralizedIDTests"/>
  <testcase name="testToBytes" time="0.000" classname="com.distrimind.util.tests.DecentralizedIDTests"/>
  <testcase name="testToBytes" time="0.000" classname="com.distrimind.util.tests.DecentralizedIDTests"/>
  <testcase name="testToBytes" time="0.000" classname="com.distrimind.util.tests.DecentralizedIDTests"/>
  <testcase name="testNotEquals" time="0.001" classname="com.distrimind.util.tests.DecentralizedIDTests"/>
  <testcase name="testToBytes" time="0.000" classname="com.distrimind.util.tests.DecentralizedIDTests"/>
  <testcase name="testNotEquals" time="0.000" classname="com.distrimind.util.tests.DecentralizedIDTests"/>
  <testcase name="testToBytes" time="0.000" classname="com.distrimind.util.tests.DecentralizedIDTests"/>
  <testcase name="testNotEquals" time="0.000" classname="com.distrimind.util.tests.DecentralizedIDTests"/>
  <testcase name="testNotEquals" time="0.000" classname="com.distrimind.util.tests.DecentralizedIDTests"/>
  <testcase name="testToBytes" time="0.000" classname="com.distrimind.util.tests.DecentralizedIDTests"/>
  <testcase name="testNotEquals" time="0.002" classname="com.distrimind.util.tests.DecentralizedIDTests"/>
  <testcase name="testNotEquals" time="0.000" classname="com.distrimind.util.tests.DecentralizedIDTests"/>
  <testcase name="testNotEquals" time="0.000" classname="com.distrimind.util.tests.DecentralizedIDTests"/>
  <testcase name="testToBytes" time="0.000" classname="com.distrimind.util.tests.DecentralizedIDTests"/>
  <testcase name="testNotEquals" time="0.002" classname="com.distrimind.util.tests.DecentralizedIDTests"/>
  <testcase name="testToBytes" time="0.000" classname="com.distrimind.util.tests.DecentralizedIDTests"/>
  <testcase name="testNotEquals" time="0.002" classname="com.distrimind.util.tests.DecentralizedIDTests"/>
  <testcase name="testNotEquals" time="0.000" classname="com.distrimind.util.tests.DecentralizedIDTests"/>
  <testcase name="testToBytes" time="0.000" classname="com.distrimind.util.tests.DecentralizedIDTests"/>
  <testcase name="testToBytes" time="0.000" classname="com.distrimind.util.tests.DecentralizedIDTests"/>
  <testcase name="testNotEquals" time="0.000" classname="com.distrimind.util.tests.DecentralizedIDTests"/>
  <testcase name="testToBytes" time="0.000" classname="com.distrimind.util.tests.DecentralizedIDTests"/>
  <testcase name="testNotEquals" time="0.001" classname="com.distrimind.util.tests.DecentralizedIDTests"/>
  <testcase name="testNotEquals" time="0.014" classname="com.distrimind.util.tests.DecentralizedIDTests"/>
</testsuite> <!-- com.distrimind.util.tests.DecentralizedIDTests -->
