<?xml version="1.0" encoding="UTF-8"?>
<!-- Generated by org.testng.reporters.JUnitReportReporter -->
<testsuite name="com.distrimind.util.properties.TestProperties" tests="201" time="1.290" ignored="0" failures="0" timestamp="23 mai 2017 10:30:58 GMT" skipped="0" hostname="choupchoup" errors="0">
  <testcase name="testPropertiesExport" time="0.003" classname="com.distrimind.util.properties.TestProperties"/>
  <testcase name="testPropertiesExport" time="0.002" classname="com.distrimind.util.properties.TestProperties"/>
  <testcase name="testPropertiesExport" time="0.003" classname="com.distrimind.util.properties.TestProperties"/>
  <testcase name="testPropertiesExport" time="0.003" classname="com.distrimind.util.properties.TestProperties"/>
  <testcase name="testPropertiesExport" time="0.002" classname="com.distrimind.util.properties.TestProperties"/>
  <testcase name="testPropertiesXMLSave" time="0.009" classname="com.distrimind.util.properties.TestProperties"/>
  <testcase name="testPropertiesXMLSave" time="0.005" classname="com.distrimind.util.properties.TestProperties"/>
  <testcase name="testPropertiesXMLSave" time="0.008" classname="com.distrimind.util.properties.TestProperties"/>
  <testcase name="testFreeProperties" time="0.001" classname="com.distrimind.util.properties.TestProperties"/>
  <testcase name="testPropertiesExport" time="0.003" classname="com.distrimind.util.properties.TestProperties"/>
  <testcase name="testPropertiesXMLSave" time="0.010" classname="com.distrimind.util.properties.TestProperties"/>
  <testcase name="testPropertiesXMLSave" time="0.017" classname="com.distrimind.util.properties.TestProperties"/>
  <testcase name="testPropertiesExport" time="0.036" classname="com.distrimind.util.properties.TestProperties"/>
  <testcase name="testPropertiesXMLSave" time="0.005" classname="com.distrimind.util.properties.TestProperties"/>
  <testcase name="testPropertiesExport" time="0.024" classname="com.distrimind.util.properties.TestProperties"/>
  <testcase name="testPropertiesExport" time="0.003" classname="com.distrimind.util.properties.TestProperties"/>
  <testcase name="testPropertiesExport" time="0.002" classname="com.distrimind.util.properties.TestProperties"/>
  <testcase name="testPropertiesExport" time="0.003" classname="com.distrimind.util.properties.TestProperties"/>
  <testcase name="testPropertiesExport" time="0.003" classname="com.distrimind.util.properties.TestProperties"/>
  <testcase name="testPropertiesExport" time="0.003" classname="com.distrimind.util.properties.TestProperties"/>
  <testcase name="testPropertiesExport" time="0.003" classname="com.distrimind.util.properties.TestProperties"/>
  <testcase name="testPropertiesXMLSave" time="0.008" classname="com.distrimind.util.properties.TestProperties"/>
  <testcase name="testPropertiesXMLSave" time="0.007" classname="com.distrimind.util.properties.TestProperties"/>
  <testcase name="testPropertiesXMLSave" time="0.042" classname="com.distrimind.util.properties.TestProperties"/>
  <testcase name="testPropertiesExport" time="0.003" classname="com.distrimind.util.properties.TestProperties"/>
  <testcase name="testPropertiesExport" time="0.002" classname="com.distrimind.util.properties.TestProperties"/>
  <testcase name="testPropertiesXMLSave" time="0.009" classname="com.distrimind.util.properties.TestProperties"/>
  <testcase name="testPropertiesXMLSave" time="0.007" classname="com.distrimind.util.properties.TestProperties"/>
  <testcase name="testPropertiesXMLSave" time="0.006" classname="com.distrimind.util.properties.TestProperties"/>
  <testcase name="testPropertiesXMLSave" time="0.011" classname="com.distrimind.util.properties.TestProperties"/>
  <testcase name="testPropertiesXMLSave" time="0.006" classname="com.distrimind.util.properties.TestProperties"/>
  <testcase name="testPropertiesExport" time="0.003" classname="com.distrimind.util.properties.TestProperties"/>
  <testcase name="testPropertiesXMLSave" time="0.007" classname="com.distrimind.util.properties.TestProperties"/>
  <testcase name="testPropertiesXMLSave" time="0.021" classname="com.distrimind.util.properties.TestProperties"/>
  <testcase name="testPropertiesXMLSave" time="0.004" classname="com.distrimind.util.properties.TestProperties"/>
  <testcase name="testPropertiesExport" time="0.003" classname="com.distrimind.util.properties.TestProperties"/>
  <testcase name="testPropertiesXMLSave" time="0.007" classname="com.distrimind.util.properties.TestProperties"/>
  <testcase name="testPropertiesExport" time="0.003" classname="com.distrimind.util.properties.TestProperties"/>
  <testcase name="testPropertiesXMLSave" time="0.006" classname="com.distrimind.util.properties.TestProperties"/>
  <testcase name="testPropertiesXMLSave" time="0.007" classname="com.distrimind.util.properties.TestProperties"/>
  <testcase name="testPropertiesXMLSave" time="0.006" classname="com.distrimind.util.properties.TestProperties"/>
  <testcase name="testPropertiesExport" time="0.002" classname="com.distrimind.util.properties.TestProperties"/>
  <testcase name="testPropertiesXMLSave" time="0.013" classname="com.distrimind.util.properties.TestProperties"/>
  <testcase name="testPropertiesExport" time="0.002" classname="com.distrimind.util.properties.TestProperties"/>
  <testcase name="testPropertiesExport" time="0.003" classname="com.distrimind.util.properties.TestProperties"/>
  <testcase name="testPropertiesXMLSave" time="0.006" classname="com.distrimind.util.properties.TestProperties"/>
  <testcase name="testPropertiesXMLSave" time="0.008" classname="com.distrimind.util.properties.TestProperties"/>
  <testcase name="testPropertiesXMLSave" time="0.010" classname="com.distrimind.util.properties.TestProperties"/>
  <testcase name="testPropertiesExport" time="0.002" classname="com.distrimind.util.properties.TestProperties"/>
  <testcase name="testPropertiesExport" time="0.003" classname="com.distrimind.util.properties.TestProperties"/>
  <testcase name="testPropertiesXMLSave" time="0.008" classname="com.distrimind.util.properties.TestProperties"/>
  <testcase name="testPropertiesXMLSave" time="0.009" classname="com.distrimind.util.properties.TestProperties"/>
  <testcase name="testPropertiesExport" time="0.003" classname="com.distrimind.util.properties.TestProperties"/>
  <testcase name="testPropertiesExport" time="0.003" classname="com.distrimind.util.properties.TestProperties"/>
  <testcase name="testPropertiesXMLSave" time="0.012" classname="com.distrimind.util.properties.TestProperties"/>
  <testcase name="testPropertiesXMLSave" time="0.006" classname="com.distrimind.util.properties.TestProperties"/>
  <testcase name="testPropertiesExport" time="0.003" classname="com.distrimind.util.properties.TestProperties"/>
  <testcase name="testPropertiesExport" time="0.003" classname="com.distrimind.util.properties.TestProperties"/>
  <testcase name="testPropertiesXMLSave" time="0.008" classname="com.distrimind.util.properties.TestProperties"/>
  <testcase name="testPropertiesExport" time="0.002" classname="com.distrimind.util.properties.TestProperties"/>
  <testcase name="testPropertiesXMLSave" time="0.006" classname="com.distrimind.util.properties.TestProperties"/>
  <testcase name="testPropertiesXMLSave" time="0.006" classname="com.distrimind.util.properties.TestProperties"/>
  <testcase name="testPropertiesXMLSave" time="0.005" classname="com.distrimind.util.properties.TestProperties"/>
  <testcase name="testPropertiesExport" time="0.003" classname="com.distrimind.util.properties.TestProperties"/>
  <testcase name="testPropertiesXMLSave" time="0.015" classname="com.distrimind.util.properties.TestProperties"/>
  <testcase name="testPropertiesXMLSave" time="0.009" classname="com.distrimind.util.properties.TestProperties"/>
  <testcase name="testPropertiesXMLSave" time="0.007" classname="com.distrimind.util.properties.TestProperties"/>
  <testcase name="testPropertiesExport" time="0.003" classname="com.distrimind.util.properties.TestProperties"/>
  <testcase name="testPropertiesExport" time="0.004" classname="com.distrimind.util.properties.TestProperties"/>
  <testcase name="testPropertiesExport" time="0.004" classname="com.distrimind.util.properties.TestProperties"/>
  <testcase name="testPropertiesExport" time="0.003" classname="com.distrimind.util.properties.TestProperties"/>
  <testcase name="testPropertiesExport" time="0.001" classname="com.distrimind.util.properties.TestProperties"/>
  <testcase name="testPropertiesExport" time="0.003" classname="com.distrimind.util.properties.TestProperties"/>
  <testcase name="testPropertiesXMLSave" time="0.005" classname="com.distrimind.util.properties.TestProperties"/>
  <testcase name="testPropertiesXMLSave" time="0.010" classname="com.distrimind.util.properties.TestProperties"/>
  <testcase name="testPropertiesExport" time="0.003" classname="com.distrimind.util.properties.TestProperties"/>
  <testcase name="testPropertiesExport" time="0.002" classname="com.distrimind.util.properties.TestProperties"/>
  <testcase name="testPropertiesXMLSave" time="0.006" classname="com.distrimind.util.properties.TestProperties"/>
  <testcase name="testPropertiesXMLSave" time="0.007" classname="com.distrimind.util.properties.TestProperties"/>
  <testcase name="testPropertiesXMLSave" time="0.008" classname="com.distrimind.util.properties.TestProperties"/>
  <testcase name="testPropertiesExport" time="0.002" classname="com.distrimind.util.properties.TestProperties"/>
  <testcase name="testPropertiesXMLSave" time="0.006" classname="com.distrimind.util.properties.TestProperties"/>
  <testcase name="testPropertiesExport" time="0.003" classname="com.distrimind.util.properties.TestProperties"/>
  <testcase name="testPropertiesXMLSave" time="0.007" classname="com.distrimind.util.properties.TestProperties"/>
  <testcase name="testPropertiesXMLSave" time="0.006" classname="com.distrimind.util.properties.TestProperties"/>
  <testcase name="testPropertiesXMLSave" time="0.011" classname="com.distrimind.util.properties.TestProperties"/>
  <testcase name="testPropertiesExport" time="0.002" classname="com.distrimind.util.properties.TestProperties"/>
  <testcase name="testPropertiesExport" time="0.003" classname="com.distrimind.util.properties.TestProperties"/>
  <testcase name="testPropertiesXMLSave" time="0.006" classname="com.distrimind.util.properties.TestProperties"/>
  <testcase name="testPropertiesXMLSave" time="0.008" classname="com.distrimind.util.properties.TestProperties"/>
  <testcase name="testPropertiesExport" time="0.001" classname="com.distrimind.util.properties.TestProperties"/>
  <testcase name="testPropertiesExport" time="0.004" classname="com.distrimind.util.properties.TestProperties"/>
  <testcase name="testPropertiesExport" time="0.002" classname="com.distrimind.util.properties.TestProperties"/>
  <testcase name="testPropertiesExport" time="0.001" classname="com.distrimind.util.properties.TestProperties"/>
  <testcase name="testPropertiesExport" time="0.003" classname="com.distrimind.util.properties.TestProperties"/>
  <testcase name="testPropertiesExport" time="0.002" classname="com.distrimind.util.properties.TestProperties"/>
  <testcase name="testPropertiesExport" time="0.002" classname="com.distrimind.util.properties.TestProperties"/>
  <testcase name="testPropertiesXMLSave" time="0.007" classname="com.distrimind.util.properties.TestProperties"/>
  <testcase name="testPropertiesXMLSave" time="0.007" classname="com.distrimind.util.properties.TestProperties"/>
  <testcase name="testPropertiesXMLSave" time="0.007" classname="com.distrimind.util.properties.TestProperties"/>
  <testcase name="testPropertiesExport" time="0.002" classname="com.distrimind.util.properties.TestProperties"/>
  <testcase name="testPropertiesXMLSave" time="0.027" classname="com.distrimind.util.properties.TestProperties"/>
  <testcase name="testPropertiesXMLSave" time="0.010" classname="com.distrimind.util.properties.TestProperties"/>
  <testcase name="testPropertiesXMLSave" time="0.006" classname="com.distrimind.util.properties.TestProperties"/>
  <testcase name="testPropertiesExport" time="0.002" classname="com.distrimind.util.properties.TestProperties"/>
  <testcase name="testPropertiesXMLSave" time="0.007" classname="com.distrimind.util.properties.TestProperties"/>
  <testcase name="testPropertiesXMLSave" time="0.005" classname="com.distrimind.util.properties.TestProperties"/>
  <testcase name="testPropertiesExport" time="0.002" classname="com.distrimind.util.properties.TestProperties"/>
  <testcase name="testPropertiesExport" time="0.002" classname="com.distrimind.util.properties.TestProperties"/>
  <testcase name="testPropertiesXMLSave" time="0.007" classname="com.distrimind.util.properties.TestProperties"/>
  <testcase name="testPropertiesXMLSave" time="0.006" classname="com.distrimind.util.properties.TestProperties"/>
  <testcase name="testPropertiesXMLSave" time="0.005" classname="com.distrimind.util.properties.TestProperties"/>
  <testcase name="testPropertiesExport" time="0.003" classname="com.distrimind.util.properties.TestProperties"/>
  <testcase name="testPropertiesXMLSave" time="0.008" classname="com.distrimind.util.properties.TestProperties"/>
  <testcase name="testPropertiesXMLSave" time="0.015" classname="com.distrimind.util.properties.TestProperties"/>
  <testcase name="testPropertiesExport" time="0.003" classname="com.distrimind.util.properties.TestProperties"/>
  <testcase name="testPropertiesXMLSave" time="0.006" classname="com.distrimind.util.properties.TestProperties"/>
  <testcase name="testPropertiesExport" time="0.001" classname="com.distrimind.util.properties.TestProperties"/>
  <testcase name="testPropertiesExport" time="0.002" classname="com.distrimind.util.properties.TestProperties"/>
  <testcase name="testPropertiesXMLSave" time="0.031" classname="com.distrimind.util.properties.TestProperties"/>
  <testcase name="testPropertiesXMLSave" time="0.007" classname="com.distrimind.util.properties.TestProperties"/>
  <testcase name="testPropertiesXMLSave" time="0.006" classname="com.distrimind.util.properties.TestProperties"/>
  <testcase name="testPropertiesXMLSave" time="0.006" classname="com.distrimind.util.properties.TestProperties"/>
  <testcase name="testPropertiesExport" time="0.003" classname="com.distrimind.util.properties.TestProperties"/>
  <testcase name="testPropertiesExport" time="0.002" classname="com.distrimind.util.properties.TestProperties"/>
  <testcase name="testPropertiesXMLSave" time="0.008" classname="com.distrimind.util.properties.TestProperties"/>
  <testcase name="testPropertiesExport" time="0.003" classname="com.distrimind.util.properties.TestProperties"/>
  <testcase name="testPropertiesExport" time="0.002" classname="com.distrimind.util.properties.TestProperties"/>
  <testcase name="testPropertiesExport" time="0.002" classname="com.distrimind.util.properties.TestProperties"/>
  <testcase name="testPropertiesExport" time="0.003" classname="com.distrimind.util.properties.TestProperties"/>
  <testcase name="testPropertiesXMLSave" time="0.004" classname="com.distrimind.util.properties.TestProperties"/>
  <testcase name="testPropertiesExport" time="0.002" classname="com.distrimind.util.properties.TestProperties"/>
  <testcase name="testPropertiesXMLSave" time="0.011" classname="com.distrimind.util.properties.TestProperties"/>
  <testcase name="testPropertiesExport" time="0.002" classname="com.distrimind.util.properties.TestProperties"/>
  <testcase name="testPropertiesExport" time="0.001" classname="com.distrimind.util.properties.TestProperties"/>
  <testcase name="testPropertiesExport" time="0.003" classname="com.distrimind.util.properties.TestProperties"/>
  <testcase name="testPropertiesExport" time="0.003" classname="com.distrimind.util.properties.TestProperties"/>
  <testcase name="testPropertiesExport" time="0.049" classname="com.distrimind.util.properties.TestProperties"/>
  <testcase name="testPropertiesXMLSave" time="0.006" classname="com.distrimind.util.properties.TestProperties"/>
  <testcase name="testPropertiesExport" time="0.003" classname="com.distrimind.util.properties.TestProperties"/>
  <testcase name="testPropertiesExport" time="0.003" classname="com.distrimind.util.properties.TestProperties"/>
  <testcase name="testPropertiesExport" time="0.030" classname="com.distrimind.util.properties.TestProperties"/>
  <testcase name="testPropertiesXMLSave" time="0.008" classname="com.distrimind.util.properties.TestProperties"/>
  <testcase name="testPropertiesXMLSave" time="0.009" classname="com.distrimind.util.properties.TestProperties"/>
  <testcase name="testPropertiesExport" time="0.003" classname="com.distrimind.util.properties.TestProperties"/>
  <testcase name="testPropertiesExport" time="0.002" classname="com.distrimind.util.properties.TestProperties"/>
  <testcase name="testPropertiesXMLSave" time="0.010" classname="com.distrimind.util.properties.TestProperties"/>
  <testcase name="testPropertiesExport" time="0.003" classname="com.distrimind.util.properties.TestProperties"/>
  <testcase name="testPropertiesExport" time="0.002" classname="com.distrimind.util.properties.TestProperties"/>
  <testcase name="testPropertiesXMLSave" time="0.006" classname="com.distrimind.util.properties.TestProperties"/>
  <testcase name="testPropertiesExport" time="0.003" classname="com.distrimind.util.properties.TestProperties"/>
  <testcase name="testPropertiesXMLSave" time="0.007" classname="com.distrimind.util.properties.TestProperties"/>
  <testcase name="testPropertiesExport" time="0.002" classname="com.distrimind.util.properties.TestProperties"/>
  <testcase name="testPropertiesExport" time="0.002" classname="com.distrimind.util.properties.TestProperties"/>
  <testcase name="testPropertiesXMLSave" time="0.007" classname="com.distrimind.util.properties.TestProperties"/>
  <testcase name="testPropertiesExport" time="0.002" classname="com.distrimind.util.properties.TestProperties"/>
  <testcase name="testPropertiesXMLSave" time="0.007" classname="com.distrimind.util.properties.TestProperties"/>
  <testcase name="testPropertiesXMLSave" time="0.006" classname="com.distrimind.util.properties.TestProperties"/>
  <testcase name="testPropertiesXMLSave" time="0.011" classname="com.distrimind.util.properties.TestProperties"/>
  <testcase name="testPropertiesExport" time="0.002" classname="com.distrimind.util.properties.TestProperties"/>
  <testcase name="testPropertiesXMLSave" time="0.010" classname="com.distrimind.util.properties.TestProperties"/>
  <testcase name="testPropertiesXMLSave" time="0.006" classname="com.distrimind.util.properties.TestProperties"/>
  <testcase name="testPropertiesXMLSave" time="0.006" classname="com.distrimind.util.properties.TestProperties"/>
  <testcase name="testPropertiesExport" time="0.002" classname="com.distrimind.util.properties.TestProperties"/>
  <testcase name="testPropertiesXMLSave" time="0.007" classname="com.distrimind.util.properties.TestProperties"/>
  <testcase name="testPropertiesExport" time="0.002" classname="com.distrimind.util.properties.TestProperties"/>
  <testcase name="testPropertiesExport" time="0.012" classname="com.distrimind.util.properties.TestProperties"/>
  <testcase name="testPropertiesXMLSave" time="0.008" classname="com.distrimind.util.properties.TestProperties"/>
  <testcase name="testPropertiesExport" time="0.002" classname="com.distrimind.util.properties.TestProperties"/>
  <testcase name="testPropertiesExport" time="0.003" classname="com.distrimind.util.properties.TestProperties"/>
  <testcase name="testPropertiesXMLSave" time="0.010" classname="com.distrimind.util.properties.TestProperties"/>
  <testcase name="testPropertiesExport" time="0.002" classname="com.distrimind.util.properties.TestProperties"/>
  <testcase name="testPropertiesExport" time="0.003" classname="com.distrimind.util.properties.TestProperties"/>
  <testcase name="testPropertiesXMLSave" time="0.006" classname="com.distrimind.util.properties.TestProperties"/>
  <testcase name="testPropertiesXMLSave" time="0.006" classname="com.distrimind.util.properties.TestProperties"/>
  <testcase name="testPropertiesXMLSave" time="0.006" classname="com.distrimind.util.properties.TestProperties"/>
  <testcase name="testPropertiesExport" time="0.003" classname="com.distrimind.util.properties.TestProperties"/>
  <testcase name="testPropertiesXMLSave" time="0.020" classname="com.distrimind.util.properties.TestProperties"/>
  <testcase name="testPropertiesXMLSave" time="0.007" classname="com.distrimind.util.properties.TestProperties"/>
  <testcase name="testPropertiesExport" time="0.002" classname="com.distrimind.util.properties.TestProperties"/>
  <testcase name="testPropertiesXMLSave" time="0.006" classname="com.distrimind.util.properties.TestProperties"/>
  <testcase name="testPropertiesXMLSave" time="0.007" classname="com.distrimind.util.properties.TestProperties"/>
  <testcase name="testPropertiesXMLSave" time="0.007" classname="com.distrimind.util.properties.TestProperties"/>
  <testcase name="testPropertiesXMLSave" time="0.006" classname="com.distrimind.util.properties.TestProperties"/>
  <testcase name="testPropertiesExport" time="0.002" classname="com.distrimind.util.properties.TestProperties"/>
  <testcase name="testPropertiesExport" time="0.002" classname="com.distrimind.util.properties.TestProperties"/>
  <testcase name="testPropertiesXMLSave" time="0.006" classname="com.distrimind.util.properties.TestProperties"/>
  <testcase name="testPropertiesXMLSave" time="0.008" classname="com.distrimind.util.properties.TestProperties"/>
  <testcase name="testPropertiesExport" time="0.003" classname="com.distrimind.util.properties.TestProperties"/>
  <testcase name="testPropertiesExport" time="0.042" classname="com.distrimind.util.properties.TestProperties"/>
  <testcase name="testPropertiesExport" time="0.003" classname="com.distrimind.util.properties.TestProperties"/>
  <testcase name="testPropertiesXMLSave" time="0.008" classname="com.distrimind.util.properties.TestProperties"/>
  <testcase name="testPropertiesExport" time="0.002" classname="com.distrimind.util.properties.TestProperties"/>
  <testcase name="testPropertiesExport" time="0.003" classname="com.distrimind.util.properties.TestProperties"/>
  <testcase name="testPropertiesXMLSave" time="0.008" classname="com.distrimind.util.properties.TestProperties"/>
  <testcase name="testPropertiesXMLSave" time="0.008" classname="com.distrimind.util.properties.TestProperties"/>
  <testcase name="testPropertiesXMLSave" time="0.006" classname="com.distrimind.util.properties.TestProperties"/>
  <testcase name="testPropertiesExport" time="0.003" classname="com.distrimind.util.properties.TestProperties"/>
  <testcase name="testPropertiesXMLSave" time="0.007" classname="com.distrimind.util.properties.TestProperties"/>
  <testcase name="testPropertiesExport" time="0.003" classname="com.distrimind.util.properties.TestProperties"/>
  <testcase name="testPropertiesExport" time="0.004" classname="com.distrimind.util.properties.TestProperties"/>
</testsuite> <!-- com.distrimind.util.properties.TestProperties -->
