<?xml version="1.0" encoding="UTF-8"?>
<!-- Generated by org.testng.reporters.JUnitReportReporter -->
<testsuite name="com.distrimind.util.properties.TestProperties" tests="201" time="10.805" ignored="0" failures="0" timestamp="19 juin 2017 14:59:58 GMT" skipped="0" hostname="Quantum" errors="0">
  <testcase name="testPropertiesExport" time="0.003" classname="com.distrimind.util.properties.TestProperties"/>
  <testcase name="testPropertiesXMLSave" time="0.010" classname="com.distrimind.util.properties.TestProperties"/>
  <testcase name="testPropertiesExport" time="0.004" classname="com.distrimind.util.properties.TestProperties"/>
  <testcase name="testPropertiesXMLSave" time="0.009" classname="com.distrimind.util.properties.TestProperties"/>
  <testcase name="testPropertiesXMLSave" time="0.037" classname="com.distrimind.util.properties.TestProperties"/>
  <testcase name="testPropertiesXMLSave" time="0.016" classname="com.distrimind.util.properties.TestProperties"/>
  <testcase name="testPropertiesExport" time="0.004" classname="com.distrimind.util.properties.TestProperties"/>
  <testcase name="testPropertiesExport" time="0.009" classname="com.distrimind.util.properties.TestProperties"/>
  <testcase name="testPropertiesExport" time="0.004" classname="com.distrimind.util.properties.TestProperties"/>
  <testcase name="testPropertiesXMLSave" time="0.015" classname="com.distrimind.util.properties.TestProperties"/>
  <testcase name="testPropertiesXMLSave" time="0.008" classname="com.distrimind.util.properties.TestProperties"/>
  <testcase name="testPropertiesExport" time="0.004" classname="com.distrimind.util.properties.TestProperties"/>
  <testcase name="testPropertiesXMLSave" time="0.008" classname="com.distrimind.util.properties.TestProperties"/>
  <testcase name="testPropertiesExport" time="0.006" classname="com.distrimind.util.properties.TestProperties"/>
  <testcase name="testPropertiesExport" time="0.007" classname="com.distrimind.util.properties.TestProperties"/>
  <testcase name="testPropertiesXMLSave" time="0.020" classname="com.distrimind.util.properties.TestProperties"/>
  <testcase name="testPropertiesXMLSave" time="0.010" classname="com.distrimind.util.properties.TestProperties"/>
  <testcase name="testPropertiesExport" time="0.004" classname="com.distrimind.util.properties.TestProperties"/>
  <testcase name="testPropertiesXMLSave" time="0.018" classname="com.distrimind.util.properties.TestProperties"/>
  <testcase name="testPropertiesXMLSave" time="0.009" classname="com.distrimind.util.properties.TestProperties"/>
  <testcase name="testPropertiesExport" time="0.004" classname="com.distrimind.util.properties.TestProperties"/>
  <testcase name="testPropertiesXMLSave" time="0.018" classname="com.distrimind.util.properties.TestProperties"/>
  <testcase name="testPropertiesXMLSave" time="0.016" classname="com.distrimind.util.properties.TestProperties"/>
  <testcase name="testPropertiesExport" time="0.006" classname="com.distrimind.util.properties.TestProperties"/>
  <testcase name="testPropertiesExport" time="0.004" classname="com.distrimind.util.properties.TestProperties"/>
  <testcase name="testPropertiesXMLSave" time="0.031" classname="com.distrimind.util.properties.TestProperties"/>
  <testcase name="testPropertiesXMLSave" time="0.014" classname="com.distrimind.util.properties.TestProperties"/>
  <testcase name="testPropertiesXMLSave" time="0.008" classname="com.distrimind.util.properties.TestProperties"/>
  <testcase name="testPropertiesExport" time="0.005" classname="com.distrimind.util.properties.TestProperties"/>
  <testcase name="testPropertiesXMLSave" time="0.013" classname="com.distrimind.util.properties.TestProperties"/>
  <testcase name="testPropertiesExport" time="0.008" classname="com.distrimind.util.properties.TestProperties"/>
  <testcase name="testPropertiesExport" time="0.012" classname="com.distrimind.util.properties.TestProperties"/>
  <testcase name="testPropertiesXMLSave" time="0.018" classname="com.distrimind.util.properties.TestProperties"/>
  <testcase name="testPropertiesExport" time="0.005" classname="com.distrimind.util.properties.TestProperties"/>
  <testcase name="testPropertiesExport" time="0.008" classname="com.distrimind.util.properties.TestProperties"/>
  <testcase name="testPropertiesXMLSave" time="0.022" classname="com.distrimind.util.properties.TestProperties"/>
  <testcase name="testPropertiesXMLSave" time="0.023" classname="com.distrimind.util.properties.TestProperties"/>
  <testcase name="testPropertiesXMLSave" time="0.015" classname="com.distrimind.util.properties.TestProperties"/>
  <testcase name="testPropertiesXMLSave" time="0.013" classname="com.distrimind.util.properties.TestProperties"/>
  <testcase name="testPropertiesXMLSave" time="0.013" classname="com.distrimind.util.properties.TestProperties"/>
  <testcase name="testPropertiesXMLSave" time="0.019" classname="com.distrimind.util.properties.TestProperties"/>
  <testcase name="testPropertiesExport" time="0.006" classname="com.distrimind.util.properties.TestProperties"/>
  <testcase name="testPropertiesExport" time="0.003" classname="com.distrimind.util.properties.TestProperties"/>
  <testcase name="testPropertiesXMLSave" time="0.007" classname="com.distrimind.util.properties.TestProperties"/>
  <testcase name="testPropertiesExport" time="0.005" classname="com.distrimind.util.properties.TestProperties"/>
  <testcase name="testPropertiesExport" time="0.005" classname="com.distrimind.util.properties.TestProperties"/>
  <testcase name="testPropertiesXMLSave" time="0.008" classname="com.distrimind.util.properties.TestProperties"/>
  <testcase name="testPropertiesXMLSave" time="0.014" classname="com.distrimind.util.properties.TestProperties"/>
  <testcase name="testPropertiesExport" time="0.004" classname="com.distrimind.util.properties.TestProperties"/>
  <testcase name="testPropertiesExport" time="0.005" classname="com.distrimind.util.properties.TestProperties"/>
  <testcase name="testPropertiesXMLSave" time="0.009" classname="com.distrimind.util.properties.TestProperties"/>
  <testcase name="testPropertiesExport" time="0.004" classname="com.distrimind.util.properties.TestProperties"/>
  <testcase name="testPropertiesXMLSave" time="0.008" classname="com.distrimind.util.properties.TestProperties"/>
  <testcase name="testPropertiesExport" time="0.004" classname="com.distrimind.util.properties.TestProperties"/>
  <testcase name="testPropertiesXMLSave" time="0.010" classname="com.distrimind.util.properties.TestProperties"/>
  <testcase name="testPropertiesExport" time="0.008" classname="com.distrimind.util.properties.TestProperties"/>
  <testcase name="testPropertiesXMLSave" time="0.053" classname="com.distrimind.util.properties.TestProperties"/>
  <testcase name="testPropertiesXMLSave" time="0.012" classname="com.distrimind.util.properties.TestProperties"/>
  <testcase name="testPropertiesExport" time="0.004" classname="com.distrimind.util.properties.TestProperties"/>
  <testcase name="testPropertiesExport" time="0.007" classname="com.distrimind.util.properties.TestProperties"/>
  <testcase name="testPropertiesXMLSave" time="0.078" classname="com.distrimind.util.properties.TestProperties"/>
  <testcase name="testPropertiesXMLSave" time="0.014" classname="com.distrimind.util.properties.TestProperties"/>
  <testcase name="testPropertiesExport" time="0.003" classname="com.distrimind.util.properties.TestProperties"/>
  <testcase name="testPropertiesXMLSave" time="0.028" classname="com.distrimind.util.properties.TestProperties"/>
  <testcase name="testPropertiesExport" time="0.162" classname="com.distrimind.util.properties.TestProperties"/>
  <testcase name="testPropertiesExport" time="0.004" classname="com.distrimind.util.properties.TestProperties"/>
  <testcase name="testPropertiesXMLSave" time="0.044" classname="com.distrimind.util.properties.TestProperties"/>
  <testcase name="testPropertiesXMLSave" time="0.021" classname="com.distrimind.util.properties.TestProperties"/>
  <testcase name="testPropertiesExport" time="0.008" classname="com.distrimind.util.properties.TestProperties"/>
  <testcase name="testPropertiesExport" time="0.004" classname="com.distrimind.util.properties.TestProperties"/>
  <testcase name="testPropertiesXMLSave" time="0.029" classname="com.distrimind.util.properties.TestProperties"/>
  <testcase name="testPropertiesXMLSave" time="0.008" classname="com.distrimind.util.properties.TestProperties"/>
  <testcase name="testPropertiesExport" time="0.006" classname="com.distrimind.util.properties.TestProperties"/>
  <testcase name="testPropertiesXMLSave" time="0.023" classname="com.distrimind.util.properties.TestProperties"/>
  <testcase name="testPropertiesXMLSave" time="0.019" classname="com.distrimind.util.properties.TestProperties"/>
  <testcase name="testPropertiesXMLSave" time="0.028" classname="com.distrimind.util.properties.TestProperties"/>
  <testcase name="testPropertiesExport" time="0.004" classname="com.distrimind.util.properties.TestProperties"/>
  <testcase name="testPropertiesXMLSave" time="0.013" classname="com.distrimind.util.properties.TestProperties"/>
  <testcase name="testPropertiesExport" time="0.004" classname="com.distrimind.util.properties.TestProperties"/>
  <testcase name="testPropertiesXMLSave" time="0.018" classname="com.distrimind.util.properties.TestProperties"/>
  <testcase name="testPropertiesXMLSave" time="0.015" classname="com.distrimind.util.properties.TestProperties"/>
  <testcase name="testPropertiesXMLSave" time="0.018" classname="com.distrimind.util.properties.TestProperties"/>
  <testcase name="testPropertiesExport" time="0.004" classname="com.distrimind.util.properties.TestProperties"/>
  <testcase name="testPropertiesExport" time="0.003" classname="com.distrimind.util.properties.TestProperties"/>
  <testcase name="testPropertiesExport" time="0.011" classname="com.distrimind.util.properties.TestProperties"/>
  <testcase name="testPropertiesXMLSave" time="0.022" classname="com.distrimind.util.properties.TestProperties"/>
  <testcase name="testFreeProperties" time="0.006" classname="com.distrimind.util.properties.TestProperties"/>
  <testcase name="testPropertiesExport" time="0.004" classname="com.distrimind.util.properties.TestProperties"/>
  <testcase name="testPropertiesExport" time="0.002" classname="com.distrimind.util.properties.TestProperties"/>
  <testcase name="testPropertiesExport" time="0.005" classname="com.distrimind.util.properties.TestProperties"/>
  <testcase name="testPropertiesXMLSave" time="0.018" classname="com.distrimind.util.properties.TestProperties"/>
  <testcase name="testPropertiesExport" time="0.021" classname="com.distrimind.util.properties.TestProperties"/>
  <testcase name="testPropertiesExport" time="0.005" classname="com.distrimind.util.properties.TestProperties"/>
  <testcase name="testPropertiesExport" time="0.006" classname="com.distrimind.util.properties.TestProperties"/>
  <testcase name="testPropertiesExport" time="0.002" classname="com.distrimind.util.properties.TestProperties"/>
  <testcase name="testPropertiesExport" time="0.004" classname="com.distrimind.util.properties.TestProperties"/>
  <testcase name="testPropertiesXMLSave" time="0.015" classname="com.distrimind.util.properties.TestProperties"/>
  <testcase name="testPropertiesExport" time="0.004" classname="com.distrimind.util.properties.TestProperties"/>
  <testcase name="testPropertiesXMLSave" time="0.019" classname="com.distrimind.util.properties.TestProperties"/>
  <testcase name="testPropertiesXMLSave" time="0.008" classname="com.distrimind.util.properties.TestProperties"/>
  <testcase name="testPropertiesExport" time="0.004" classname="com.distrimind.util.properties.TestProperties"/>
  <testcase name="testPropertiesXMLSave" time="0.009" classname="com.distrimind.util.properties.TestProperties"/>
  <testcase name="testPropertiesExport" time="0.005" classname="com.distrimind.util.properties.TestProperties"/>
  <testcase name="testPropertiesExport" time="0.007" classname="com.distrimind.util.properties.TestProperties"/>
  <testcase name="testPropertiesExport" time="0.003" classname="com.distrimind.util.properties.TestProperties"/>
  <testcase name="testPropertiesXMLSave" time="0.012" classname="com.distrimind.util.properties.TestProperties"/>
  <testcase name="testPropertiesExport" time="0.004" classname="com.distrimind.util.properties.TestProperties"/>
  <testcase name="testPropertiesExport" time="0.005" classname="com.distrimind.util.properties.TestProperties"/>
  <testcase name="testPropertiesExport" time="0.011" classname="com.distrimind.util.properties.TestProperties"/>
  <testcase name="testPropertiesExport" time="0.004" classname="com.distrimind.util.properties.TestProperties"/>
  <testcase name="testPropertiesXMLSave" time="0.021" classname="com.distrimind.util.properties.TestProperties"/>
  <testcase name="testPropertiesXMLSave" time="0.021" classname="com.distrimind.util.properties.TestProperties"/>
  <testcase name="testPropertiesExport" time="0.017" classname="com.distrimind.util.properties.TestProperties"/>
  <testcase name="testPropertiesExport" time="0.004" classname="com.distrimind.util.properties.TestProperties"/>
  <testcase name="testPropertiesExport" time="0.006" classname="com.distrimind.util.properties.TestProperties"/>
  <testcase name="testPropertiesExport" time="0.004" classname="com.distrimind.util.properties.TestProperties"/>
  <testcase name="testPropertiesExport" time="0.004" classname="com.distrimind.util.properties.TestProperties"/>
  <testcase name="testPropertiesXMLSave" time="0.010" classname="com.distrimind.util.properties.TestProperties"/>
  <testcase name="testPropertiesXMLSave" time="0.013" classname="com.distrimind.util.properties.TestProperties"/>
  <testcase name="testPropertiesXMLSave" time="0.010" classname="com.distrimind.util.properties.TestProperties"/>
  <testcase name="testPropertiesExport" time="5.149" classname="com.distrimind.util.properties.TestProperties"/>
  <testcase name="testPropertiesExport" time="0.006" classname="com.distrimind.util.properties.TestProperties"/>
  <testcase name="testPropertiesExport" time="0.006" classname="com.distrimind.util.properties.TestProperties"/>
  <testcase name="testPropertiesExport" time="0.008" classname="com.distrimind.util.properties.TestProperties"/>
  <testcase name="testPropertiesXMLSave" time="0.010" classname="com.distrimind.util.properties.TestProperties"/>
  <testcase name="testPropertiesExport" time="0.156" classname="com.distrimind.util.properties.TestProperties"/>
  <testcase name="testPropertiesXMLSave" time="0.014" classname="com.distrimind.util.properties.TestProperties"/>
  <testcase name="testPropertiesExport" time="0.004" classname="com.distrimind.util.properties.TestProperties"/>
  <testcase name="testPropertiesXMLSave" time="0.031" classname="com.distrimind.util.properties.TestProperties"/>
  <testcase name="testPropertiesXMLSave" time="0.013" classname="com.distrimind.util.properties.TestProperties"/>
  <testcase name="testPropertiesExport" time="0.003" classname="com.distrimind.util.properties.TestProperties"/>
  <testcase name="testPropertiesXMLSave" time="0.016" classname="com.distrimind.util.properties.TestProperties"/>
  <testcase name="testPropertiesExport" time="1.840" classname="com.distrimind.util.properties.TestProperties"/>
  <testcase name="testPropertiesExport" time="0.006" classname="com.distrimind.util.properties.TestProperties"/>
  <testcase name="testPropertiesXMLSave" time="0.016" classname="com.distrimind.util.properties.TestProperties"/>
  <testcase name="testPropertiesExport" time="0.007" classname="com.distrimind.util.properties.TestProperties"/>
  <testcase name="testPropertiesExport" time="0.011" classname="com.distrimind.util.properties.TestProperties"/>
  <testcase name="testPropertiesExport" time="0.008" classname="com.distrimind.util.properties.TestProperties"/>
  <testcase name="testPropertiesExport" time="0.003" classname="com.distrimind.util.properties.TestProperties"/>
  <testcase name="testPropertiesXMLSave" time="0.030" classname="com.distrimind.util.properties.TestProperties"/>
  <testcase name="testPropertiesXMLSave" time="0.022" classname="com.distrimind.util.properties.TestProperties"/>
  <testcase name="testPropertiesXMLSave" time="0.009" classname="com.distrimind.util.properties.TestProperties"/>
  <testcase name="testPropertiesExport" time="0.005" classname="com.distrimind.util.properties.TestProperties"/>
  <testcase name="testPropertiesXMLSave" time="0.027" classname="com.distrimind.util.properties.TestProperties"/>
  <testcase name="testPropertiesExport" time="0.008" classname="com.distrimind.util.properties.TestProperties"/>
  <testcase name="testPropertiesExport" time="0.003" classname="com.distrimind.util.properties.TestProperties"/>
  <testcase name="testPropertiesXMLSave" time="0.014" classname="com.distrimind.util.properties.TestProperties"/>
  <testcase name="testPropertiesXMLSave" time="0.008" classname="com.distrimind.util.properties.TestProperties"/>
  <testcase name="testPropertiesExport" time="0.004" classname="com.distrimind.util.properties.TestProperties"/>
  <testcase name="testPropertiesExport" time="0.003" classname="com.distrimind.util.properties.TestProperties"/>
  <testcase name="testPropertiesExport" time="0.006" classname="com.distrimind.util.properties.TestProperties"/>
  <testcase name="testPropertiesExport" time="0.005" classname="com.distrimind.util.properties.TestProperties"/>
  <testcase name="testPropertiesXMLSave" time="0.019" classname="com.distrimind.util.properties.TestProperties"/>
  <testcase name="testPropertiesXMLSave" time="0.034" classname="com.distrimind.util.properties.TestProperties"/>
  <testcase name="testPropertiesExport" time="0.006" classname="com.distrimind.util.properties.TestProperties"/>
  <testcase name="testPropertiesXMLSave" time="0.017" classname="com.distrimind.util.properties.TestProperties"/>
  <testcase name="testPropertiesExport" time="0.006" classname="com.distrimind.util.properties.TestProperties"/>
  <testcase name="testPropertiesExport" time="0.294" classname="com.distrimind.util.properties.TestProperties"/>
  <testcase name="testPropertiesExport" time="0.004" classname="com.distrimind.util.properties.TestProperties"/>
  <testcase name="testPropertiesExport" time="0.004" classname="com.distrimind.util.properties.TestProperties"/>
  <testcase name="testPropertiesXMLSave" time="0.011" classname="com.distrimind.util.properties.TestProperties"/>
  <testcase name="testPropertiesExport" time="0.006" classname="com.distrimind.util.properties.TestProperties"/>
  <testcase name="testPropertiesXMLSave" time="0.022" classname="com.distrimind.util.properties.TestProperties"/>
  <testcase name="testPropertiesXMLSave" time="0.014" classname="com.distrimind.util.properties.TestProperties"/>
  <testcase name="testPropertiesXMLSave" time="0.018" classname="com.distrimind.util.properties.TestProperties"/>
  <testcase name="testPropertiesXMLSave" time="0.018" classname="com.distrimind.util.properties.TestProperties"/>
  <testcase name="testPropertiesXMLSave" time="0.023" classname="com.distrimind.util.properties.TestProperties"/>
  <testcase name="testPropertiesXMLSave" time="0.016" classname="com.distrimind.util.properties.TestProperties"/>
  <testcase name="testPropertiesXMLSave" time="0.008" classname="com.distrimind.util.properties.TestProperties"/>
  <testcase name="testPropertiesXMLSave" time="0.013" classname="com.distrimind.util.properties.TestProperties"/>
  <testcase name="testPropertiesExport" time="0.006" classname="com.distrimind.util.properties.TestProperties"/>
  <testcase name="testPropertiesXMLSave" time="0.021" classname="com.distrimind.util.properties.TestProperties"/>
  <testcase name="testPropertiesXMLSave" time="0.015" classname="com.distrimind.util.properties.TestProperties"/>
  <testcase name="testPropertiesExport" time="0.005" classname="com.distrimind.util.properties.TestProperties"/>
  <testcase name="testPropertiesXMLSave" time="0.017" classname="com.distrimind.util.properties.TestProperties"/>
  <testcase name="testPropertiesXMLSave" time="0.008" classname="com.distrimind.util.properties.TestProperties"/>
  <testcase name="testPropertiesXMLSave" time="0.047" classname="com.distrimind.util.properties.TestProperties"/>
  <testcase name="testPropertiesExport" time="0.004" classname="com.distrimind.util.properties.TestProperties"/>
  <testcase name="testPropertiesXMLSave" time="0.009" classname="com.distrimind.util.properties.TestProperties"/>
  <testcase name="testPropertiesExport" time="0.006" classname="com.distrimind.util.properties.TestProperties"/>
  <testcase name="testPropertiesExport" time="0.006" classname="com.distrimind.util.properties.TestProperties"/>
  <testcase name="testPropertiesXMLSave" time="0.065" classname="com.distrimind.util.properties.TestProperties"/>
  <testcase name="testPropertiesXMLSave" time="0.014" classname="com.distrimind.util.properties.TestProperties"/>
  <testcase name="testPropertiesXMLSave" time="0.019" classname="com.distrimind.util.properties.TestProperties"/>
  <testcase name="testPropertiesXMLSave" time="0.009" classname="com.distrimind.util.properties.TestProperties"/>
  <testcase name="testPropertiesExport" time="0.007" classname="com.distrimind.util.properties.TestProperties"/>
  <testcase name="testPropertiesExport" time="0.005" classname="com.distrimind.util.properties.TestProperties"/>
  <testcase name="testPropertiesXMLSave" time="0.017" classname="com.distrimind.util.properties.TestProperties"/>
  <testcase name="testPropertiesExport" time="0.004" classname="com.distrimind.util.properties.TestProperties"/>
  <testcase name="testPropertiesExport" time="0.004" classname="com.distrimind.util.properties.TestProperties"/>
  <testcase name="testPropertiesXMLSave" time="0.825" classname="com.distrimind.util.properties.TestProperties"/>
  <testcase name="testPropertiesXMLSave" time="0.012" classname="com.distrimind.util.properties.TestProperties"/>
  <testcase name="testPropertiesExport" time="0.004" classname="com.distrimind.util.properties.TestProperties"/>
  <testcase name="testPropertiesXMLSave" time="0.022" classname="com.distrimind.util.properties.TestProperties"/>
  <testcase name="testPropertiesXMLSave" time="0.008" classname="com.distrimind.util.properties.TestProperties"/>
  <testcase name="testPropertiesExport" time="0.002" classname="com.distrimind.util.properties.TestProperties"/>
  <testcase name="testPropertiesXMLSave" time="0.012" classname="com.distrimind.util.properties.TestProperties"/>
  <testcase name="testPropertiesExport" time="0.005" classname="com.distrimind.util.properties.TestProperties"/>
  <testcase name="testPropertiesXMLSave" time="0.091" classname="com.distrimind.util.properties.TestProperties"/>
  <testcase name="testPropertiesXMLSave" time="0.008" classname="com.distrimind.util.properties.TestProperties"/>
  <testcase name="testPropertiesExport" time="0.004" classname="com.distrimind.util.properties.TestProperties"/>
</testsuite> <!-- com.distrimind.util.properties.TestProperties -->
