<?xml version="1.0" encoding="UTF-8"?>
<!-- Generated by org.testng.reporters.JUnitReportReporter -->
<testsuite hostname="choupchoup" name="com.distrimind.util.tests.crypto.CryptoTests" tests="156" failures="0" timestamp="22 Aug 2016 22:50:39 GMT" time="1183.418" errors="0">
  <testcase name="testHybridEncryptions" time="21.464" classname="com.distrimind.util.tests.crypto.CryptoTests"/>
  <testcase name="testHybridEncryptions" time="8.075" classname="com.distrimind.util.tests.crypto.CryptoTests"/>
  <testcase name="testSymetricEncryptions" time="0.476" classname="com.distrimind.util.tests.crypto.CryptoTests"/>
  <testcase name="testSecretKeyEncoding" time="0.219" classname="com.distrimind.util.tests.crypto.CryptoTests"/>
  <testcase name="testHybridEncryptions" time="19.329" classname="com.distrimind.util.tests.crypto.CryptoTests"/>
  <testcase name="testSymetricEncryptions" time="0.180" classname="com.distrimind.util.tests.crypto.CryptoTests"/>
  <testcase name="testHybridEncryptions" time="31.563" classname="com.distrimind.util.tests.crypto.CryptoTests"/>
  <testcase name="testEncodeAndSeparateEncoding" time="0.001" classname="com.distrimind.util.tests.crypto.CryptoTests"/>
  <testcase name="testEncodeAndSeparateEncoding" time="0.000" classname="com.distrimind.util.tests.crypto.CryptoTests"/>
  <testcase name="testSecretKeyEncoding" time="0.218" classname="com.distrimind.util.tests.crypto.CryptoTests"/>
  <testcase name="testSignatures" time="19.034" classname="com.distrimind.util.tests.crypto.CryptoTests"/>
  <testcase name="testSymetricEncryptions" time="0.367" classname="com.distrimind.util.tests.crypto.CryptoTests"/>
  <testcase name="testEncodeAndSeparateEncoding" time="0.000" classname="com.distrimind.util.tests.crypto.CryptoTests"/>
  <testcase name="testASymmetricKeyPairEncoding" time="1.645" classname="com.distrimind.util.tests.crypto.CryptoTests"/>
  <testcase name="testEncodeAndSeparateEncoding" time="0.000" classname="com.distrimind.util.tests.crypto.CryptoTests"/>
  <testcase name="testP2PASymetricEncryptions" time="134.454" classname="com.distrimind.util.tests.crypto.CryptoTests"/>
  <testcase name="testSignatures" time="4.913" classname="com.distrimind.util.tests.crypto.CryptoTests"/>
  <testcase name="testSymetricEncryptions" time="0.203" classname="com.distrimind.util.tests.crypto.CryptoTests"/>
  <testcase name="testHybridEncryptions" time="25.784" classname="com.distrimind.util.tests.crypto.CryptoTests"/>
  <testcase name="testSignatures" time="3.958" classname="com.distrimind.util.tests.crypto.CryptoTests"/>
  <testcase name="testSignatures" time="1.458" classname="com.distrimind.util.tests.crypto.CryptoTests"/>
  <testcase name="testHybridEncryptions" time="21.150" classname="com.distrimind.util.tests.crypto.CryptoTests"/>
  <testcase name="testSymetricEncryptions" time="0.412" classname="com.distrimind.util.tests.crypto.CryptoTests"/>
  <testcase name="testEncodeAndSeparateEncoding" time="0.000" classname="com.distrimind.util.tests.crypto.CryptoTests"/>
  <testcase name="testHybridEncryptions" time="11.928" classname="com.distrimind.util.tests.crypto.CryptoTests"/>
  <testcase name="testSignatures" time="4.982" classname="com.distrimind.util.tests.crypto.CryptoTests"/>
  <testcase name="testSignatures" time="3.830" classname="com.distrimind.util.tests.crypto.CryptoTests"/>
  <testcase name="testSignatures" time="0.055" classname="com.distrimind.util.tests.crypto.CryptoTests"/>
  <testcase name="testSignatures" time="2.593" classname="com.distrimind.util.tests.crypto.CryptoTests"/>
  <testcase name="testMessageDigest" time="0.007" classname="com.distrimind.util.tests.crypto.CryptoTests"/>
  <testcase name="testSymetricEncryptions" time="0.311" classname="com.distrimind.util.tests.crypto.CryptoTests"/>
  <testcase name="testClientServerASymetricEncryptions" time="67.941" classname="com.distrimind.util.tests.crypto.CryptoTests"/>
  <testcase name="testEncodeAndSeparateEncoding" time="0.000" classname="com.distrimind.util.tests.crypto.CryptoTests"/>
  <testcase name="testSignatures" time="1.378" classname="com.distrimind.util.tests.crypto.CryptoTests"/>
  <testcase name="testSymetricEncryptions" time="0.200" classname="com.distrimind.util.tests.crypto.CryptoTests"/>
  <testcase name="testSymetricEncryptions" time="0.315" classname="com.distrimind.util.tests.crypto.CryptoTests"/>
  <testcase name="testSignatures" time="3.570" classname="com.distrimind.util.tests.crypto.CryptoTests"/>
  <testcase name="testEncodeAndSeparateEncoding" time="0.001" classname="com.distrimind.util.tests.crypto.CryptoTests"/>
  <testcase name="testSignatures" time="0.745" classname="com.distrimind.util.tests.crypto.CryptoTests"/>
  <testcase name="testEncodeAndSeparateEncoding" time="0.000" classname="com.distrimind.util.tests.crypto.CryptoTests"/>
  <testcase name="testMessageDigest" time="0.012" classname="com.distrimind.util.tests.crypto.CryptoTests"/>
  <testcase name="testSignatures" time="6.105" classname="com.distrimind.util.tests.crypto.CryptoTests"/>
  <testcase name="testSymetricEncryptions" time="0.217" classname="com.distrimind.util.tests.crypto.CryptoTests"/>
  <testcase name="testSignatures" time="1.165" classname="com.distrimind.util.tests.crypto.CryptoTests"/>
  <testcase name="testASymmetricSecretMessageExchanger" time="9.798" classname="com.distrimind.util.tests.crypto.CryptoTests"/>
  <testcase name="testHybridEncryptions" time="20.772" classname="com.distrimind.util.tests.crypto.CryptoTests"/>
  <testcase name="testSymetricEncryptions" time="0.304" classname="com.distrimind.util.tests.crypto.CryptoTests"/>
  <testcase name="testSymetricEncryptions" time="0.400" classname="com.distrimind.util.tests.crypto.CryptoTests"/>
  <testcase name="testSignatures" time="11.705" classname="com.distrimind.util.tests.crypto.CryptoTests"/>
  <testcase name="testASymmetricSecretMessageExchanger" time="3.817" classname="com.distrimind.util.tests.crypto.CryptoTests"/>
  <testcase name="testClientServerASymetricEncryptions" time="66.486" classname="com.distrimind.util.tests.crypto.CryptoTests"/>
  <testcase name="testSymetricEncryptions" time="0.299" classname="com.distrimind.util.tests.crypto.CryptoTests"/>
  <testcase name="testSignatures" time="19.602" classname="com.distrimind.util.tests.crypto.CryptoTests"/>
  <testcase name="testEncodeAndSeparateEncoding" time="0.000" classname="com.distrimind.util.tests.crypto.CryptoTests"/>
  <testcase name="testSignatures" time="1.383" classname="com.distrimind.util.tests.crypto.CryptoTests"/>
  <testcase name="testSignatures" time="7.085" classname="com.distrimind.util.tests.crypto.CryptoTests"/>
  <testcase name="testClientServerASymetricEncryptions" time="74.251" classname="com.distrimind.util.tests.crypto.CryptoTests"/>
  <testcase name="testSymetricEncryptions" time="0.444" classname="com.distrimind.util.tests.crypto.CryptoTests"/>
  <testcase name="testSymetricEncryptions" time="0.231" classname="com.distrimind.util.tests.crypto.CryptoTests"/>
  <testcase name="testSymetricEncryptions" time="0.488" classname="com.distrimind.util.tests.crypto.CryptoTests"/>
  <testcase name="testSymetricEncryptions" time="0.166" classname="com.distrimind.util.tests.crypto.CryptoTests"/>
  <testcase name="testSignatures" time="0.127" classname="com.distrimind.util.tests.crypto.CryptoTests"/>
  <testcase name="testSymetricEncryptions" time="0.294" classname="com.distrimind.util.tests.crypto.CryptoTests"/>
  <testcase name="testSymetricEncryptions" time="0.180" classname="com.distrimind.util.tests.crypto.CryptoTests"/>
  <testcase name="testSignatures" time="0.153" classname="com.distrimind.util.tests.crypto.CryptoTests"/>
  <testcase name="testSymetricEncryptions" time="0.451" classname="com.distrimind.util.tests.crypto.CryptoTests"/>
  <testcase name="testSymetricEncryptions" time="0.245" classname="com.distrimind.util.tests.crypto.CryptoTests"/>
  <testcase name="testSecretKeyEncoding" time="0.217" classname="com.distrimind.util.tests.crypto.CryptoTests"/>
  <testcase name="testMessageDigest" time="0.020" classname="com.distrimind.util.tests.crypto.CryptoTests"/>
  <testcase name="testSignatures" time="0.446" classname="com.distrimind.util.tests.crypto.CryptoTests"/>
  <testcase name="testSignatures" time="0.164" classname="com.distrimind.util.tests.crypto.CryptoTests"/>
  <testcase name="testSignatures" time="1.427" classname="com.distrimind.util.tests.crypto.CryptoTests"/>
  <testcase name="testSignatures" time="0.272" classname="com.distrimind.util.tests.crypto.CryptoTests"/>
  <testcase name="testSymetricEncryptions" time="0.578" classname="com.distrimind.util.tests.crypto.CryptoTests"/>
  <testcase name="testSymetricEncryptions" time="0.497" classname="com.distrimind.util.tests.crypto.CryptoTests"/>
  <testcase name="testASymmetricSecretMessageExchanger" time="10.396" classname="com.distrimind.util.tests.crypto.CryptoTests"/>
  <testcase name="testSymetricEncryptions" time="0.415" classname="com.distrimind.util.tests.crypto.CryptoTests"/>
  <testcase name="testSymetricEncryptions" time="0.271" classname="com.distrimind.util.tests.crypto.CryptoTests"/>
  <testcase name="testSymetricEncryptions" time="0.277" classname="com.distrimind.util.tests.crypto.CryptoTests"/>
  <testcase name="testEncodeAndSeparateEncoding" time="0.000" classname="com.distrimind.util.tests.crypto.CryptoTests"/>
  <testcase name="testSymetricEncryptions" time="0.394" classname="com.distrimind.util.tests.crypto.CryptoTests"/>
  <testcase name="testSignatures" time="2.975" classname="com.distrimind.util.tests.crypto.CryptoTests"/>
  <testcase name="testSignatures" time="14.149" classname="com.distrimind.util.tests.crypto.CryptoTests"/>
  <testcase name="testEncodeAndSeparateEncoding" time="0.001" classname="com.distrimind.util.tests.crypto.CryptoTests"/>
  <testcase name="testSecretKeyEncoding" time="0.217" classname="com.distrimind.util.tests.crypto.CryptoTests"/>
  <testcase name="testSymetricEncryptions" time="0.340" classname="com.distrimind.util.tests.crypto.CryptoTests"/>
  <testcase name="testSignatures" time="0.875" classname="com.distrimind.util.tests.crypto.CryptoTests"/>
  <testcase name="testP2PASymetricEncryptions" time="149.780" classname="com.distrimind.util.tests.crypto.CryptoTests"/>
  <testcase name="testSymetricEncryptions" time="0.329" classname="com.distrimind.util.tests.crypto.CryptoTests"/>
  <testcase name="testSymetricEncryptions" time="0.209" classname="com.distrimind.util.tests.crypto.CryptoTests"/>
  <testcase name="testSymetricEncryptions" time="0.258" classname="com.distrimind.util.tests.crypto.CryptoTests"/>
  <testcase name="testSignatures" time="0.163" classname="com.distrimind.util.tests.crypto.CryptoTests"/>
  <testcase name="testEncodeAndSeparateEncoding" time="0.000" classname="com.distrimind.util.tests.crypto.CryptoTests"/>
  <testcase name="testSignatures" time="0.141" classname="com.distrimind.util.tests.crypto.CryptoTests"/>
  <testcase name="testSymetricEncryptions" time="0.389" classname="com.distrimind.util.tests.crypto.CryptoTests"/>
  <testcase name="testSignatures" time="0.934" classname="com.distrimind.util.tests.crypto.CryptoTests"/>
  <testcase name="testSymetricEncryptions" time="0.284" classname="com.distrimind.util.tests.crypto.CryptoTests"/>
  <testcase name="testEncodeAndSeparateEncoding" time="0.000" classname="com.distrimind.util.tests.crypto.CryptoTests"/>
  <testcase name="testSignatures" time="2.439" classname="com.distrimind.util.tests.crypto.CryptoTests"/>
  <testcase name="testSignatures" time="1.683" classname="com.distrimind.util.tests.crypto.CryptoTests"/>
  <testcase name="testSignatures" time="0.095" classname="com.distrimind.util.tests.crypto.CryptoTests"/>
  <testcase name="testEncodeAndSeparateEncoding" time="0.000" classname="com.distrimind.util.tests.crypto.CryptoTests"/>
  <testcase name="testSignatures" time="0.319" classname="com.distrimind.util.tests.crypto.CryptoTests"/>
  <testcase name="testEncodeAndSeparateEncoding" time="0.000" classname="com.distrimind.util.tests.crypto.CryptoTests"/>
  <testcase name="testEncodeAndSeparateEncoding" time="0.000" classname="com.distrimind.util.tests.crypto.CryptoTests"/>
  <testcase name="testSymetricEncryptions" time="0.165" classname="com.distrimind.util.tests.crypto.CryptoTests"/>
  <testcase name="testSymetricEncryptions" time="0.247" classname="com.distrimind.util.tests.crypto.CryptoTests"/>
  <testcase name="testSignatures" time="16.481" classname="com.distrimind.util.tests.crypto.CryptoTests"/>
  <testcase name="testSignatures" time="11.431" classname="com.distrimind.util.tests.crypto.CryptoTests"/>
  <testcase name="testSymetricEncryptions" time="0.313" classname="com.distrimind.util.tests.crypto.CryptoTests"/>
  <testcase name="testHybridEncryptions" time="16.553" classname="com.distrimind.util.tests.crypto.CryptoTests"/>
  <testcase name="testHybridEncryptions" time="13.801" classname="com.distrimind.util.tests.crypto.CryptoTests"/>
  <testcase name="testSecretKeyEncoding" time="0.218" classname="com.distrimind.util.tests.crypto.CryptoTests"/>
  <testcase name="testSymetricEncryptions" time="0.409" classname="com.distrimind.util.tests.crypto.CryptoTests"/>
  <testcase name="testMessageDigest" time="0.009" classname="com.distrimind.util.tests.crypto.CryptoTests"/>
  <testcase name="testSignatures" time="5.835" classname="com.distrimind.util.tests.crypto.CryptoTests"/>
  <testcase name="testSignatures" time="0.175" classname="com.distrimind.util.tests.crypto.CryptoTests"/>
  <testcase name="testSymetricEncryptions" time="0.394" classname="com.distrimind.util.tests.crypto.CryptoTests"/>
  <testcase name="testSignatures" time="9.631" classname="com.distrimind.util.tests.crypto.CryptoTests"/>
  <testcase name="testASymmetricKeyPairEncoding" time="3.991" classname="com.distrimind.util.tests.crypto.CryptoTests"/>
  <testcase name="testSignatures" time="0.361" classname="com.distrimind.util.tests.crypto.CryptoTests"/>
  <testcase name="testSymetricEncryptions" time="0.236" classname="com.distrimind.util.tests.crypto.CryptoTests"/>
  <testcase name="testSymetricEncryptions" time="0.477" classname="com.distrimind.util.tests.crypto.CryptoTests"/>
  <testcase name="testSymetricEncryptions" time="0.261" classname="com.distrimind.util.tests.crypto.CryptoTests"/>
  <testcase name="testHybridEncryptions" time="18.579" classname="com.distrimind.util.tests.crypto.CryptoTests"/>
  <testcase name="testSignatures" time="13.750" classname="com.distrimind.util.tests.crypto.CryptoTests"/>
  <testcase name="testEncodeAndSeparateEncoding" time="0.000" classname="com.distrimind.util.tests.crypto.CryptoTests"/>
  <testcase name="testSignatures" time="0.601" classname="com.distrimind.util.tests.crypto.CryptoTests"/>
  <testcase name="testP2PASymetricEncryptions" time="123.225" classname="com.distrimind.util.tests.crypto.CryptoTests"/>
  <testcase name="testSymetricEncryptions" time="0.166" classname="com.distrimind.util.tests.crypto.CryptoTests"/>
  <testcase name="testSymetricEncryptions" time="0.417" classname="com.distrimind.util.tests.crypto.CryptoTests"/>
  <testcase name="testHybridEncryptions" time="28.211" classname="com.distrimind.util.tests.crypto.CryptoTests"/>
  <testcase name="testSymetricEncryptions" time="0.341" classname="com.distrimind.util.tests.crypto.CryptoTests"/>
  <testcase name="testSymetricEncryptions" time="0.188" classname="com.distrimind.util.tests.crypto.CryptoTests"/>
  <testcase name="testSignatures" time="3.368" classname="com.distrimind.util.tests.crypto.CryptoTests"/>
  <testcase name="testSymetricEncryptions" time="0.186" classname="com.distrimind.util.tests.crypto.CryptoTests"/>
  <testcase name="testSignatures" time="2.679" classname="com.distrimind.util.tests.crypto.CryptoTests"/>
  <testcase name="testEncodeAndSeparateEncoding" time="0.000" classname="com.distrimind.util.tests.crypto.CryptoTests"/>
  <testcase name="testSymetricEncryptions" time="0.272" classname="com.distrimind.util.tests.crypto.CryptoTests"/>
  <testcase name="testSymetricEncryptions" time="0.337" classname="com.distrimind.util.tests.crypto.CryptoTests"/>
  <testcase name="testSymetricEncryptions" time="0.292" classname="com.distrimind.util.tests.crypto.CryptoTests"/>
  <testcase name="testSymetricEncryptions" time="0.208" classname="com.distrimind.util.tests.crypto.CryptoTests"/>
  <testcase name="testHybridEncryptions" time="32.088" classname="com.distrimind.util.tests.crypto.CryptoTests"/>
  <testcase name="testSignatures" time="3.525" classname="com.distrimind.util.tests.crypto.CryptoTests"/>
  <testcase name="testSymetricEncryptions" time="0.362" classname="com.distrimind.util.tests.crypto.CryptoTests"/>
  <testcase name="testHybridEncryptions" time="29.570" classname="com.distrimind.util.tests.crypto.CryptoTests"/>
  <testcase name="testSignatures" time="1.065" classname="com.distrimind.util.tests.crypto.CryptoTests"/>
  <testcase name="testEncodeAndSeparateEncoding" time="0.000" classname="com.distrimind.util.tests.crypto.CryptoTests"/>
  <testcase name="testSignatures" time="0.423" classname="com.distrimind.util.tests.crypto.CryptoTests"/>
  <testcase name="testEncodeAndSeparateEncoding" time="0.000" classname="com.distrimind.util.tests.crypto.CryptoTests"/>
  <testcase name="testHybridEncryptions" time="17.107" classname="com.distrimind.util.tests.crypto.CryptoTests"/>
  <testcase name="testMessageDigest" time="0.003" classname="com.distrimind.util.tests.crypto.CryptoTests"/>
  <testcase name="testASymmetricKeyPairEncoding" time="8.755" classname="com.distrimind.util.tests.crypto.CryptoTests"/>
  <testcase name="testSignatures" time="6.287" classname="com.distrimind.util.tests.crypto.CryptoTests"/>
  <testcase name="testMessageDigest" time="0.008" classname="com.distrimind.util.tests.crypto.CryptoTests"/>
  <testcase name="testSignatures" time="0.524" classname="com.distrimind.util.tests.crypto.CryptoTests"/>
</testsuite> <!-- com.distrimind.util.tests.crypto.CryptoTests -->
