<?xml version="1.0" encoding="UTF-8"?>
<!-- Generated by org.testng.reporters.JUnitReportReporter -->
<testsuite name="com.distrimind.util.properties.TestProperties" tests="201" time="3.780" ignored="0" failures="0" timestamp="03 mai 2017 08:36:23 GMT" skipped="0" hostname="choupchoup" errors="0">
  <testcase name="testPropertiesExport" time="0.003" classname="com.distrimind.util.properties.TestProperties"/>
  <testcase name="testPropertiesExport" time="0.003" classname="com.distrimind.util.properties.TestProperties"/>
  <testcase name="testPropertiesExport" time="0.003" classname="com.distrimind.util.properties.TestProperties"/>
  <testcase name="testPropertiesExport" time="0.003" classname="com.distrimind.util.properties.TestProperties"/>
  <testcase name="testPropertiesExport" time="0.004" classname="com.distrimind.util.properties.TestProperties"/>
  <testcase name="testPropertiesXMLSave" time="0.007" classname="com.distrimind.util.properties.TestProperties"/>
  <testcase name="testPropertiesXMLSave" time="0.005" classname="com.distrimind.util.properties.TestProperties"/>
  <testcase name="testPropertiesXMLSave" time="0.007" classname="com.distrimind.util.properties.TestProperties"/>
  <testcase name="testFreeProperties" time="0.002" classname="com.distrimind.util.properties.TestProperties"/>
  <testcase name="testPropertiesExport" time="0.005" classname="com.distrimind.util.properties.TestProperties"/>
  <testcase name="testPropertiesXMLSave" time="0.005" classname="com.distrimind.util.properties.TestProperties"/>
  <testcase name="testPropertiesXMLSave" time="0.013" classname="com.distrimind.util.properties.TestProperties"/>
  <testcase name="testPropertiesExport" time="0.009" classname="com.distrimind.util.properties.TestProperties"/>
  <testcase name="testPropertiesXMLSave" time="0.019" classname="com.distrimind.util.properties.TestProperties"/>
  <testcase name="testPropertiesExport" time="0.009" classname="com.distrimind.util.properties.TestProperties"/>
  <testcase name="testPropertiesExport" time="0.003" classname="com.distrimind.util.properties.TestProperties"/>
  <testcase name="testPropertiesExport" time="0.003" classname="com.distrimind.util.properties.TestProperties"/>
  <testcase name="testPropertiesExport" time="0.002" classname="com.distrimind.util.properties.TestProperties"/>
  <testcase name="testPropertiesExport" time="0.010" classname="com.distrimind.util.properties.TestProperties"/>
  <testcase name="testPropertiesExport" time="0.003" classname="com.distrimind.util.properties.TestProperties"/>
  <testcase name="testPropertiesExport" time="0.004" classname="com.distrimind.util.properties.TestProperties"/>
  <testcase name="testPropertiesXMLSave" time="0.007" classname="com.distrimind.util.properties.TestProperties"/>
  <testcase name="testPropertiesXMLSave" time="0.005" classname="com.distrimind.util.properties.TestProperties"/>
  <testcase name="testPropertiesExport" time="0.003" classname="com.distrimind.util.properties.TestProperties"/>
  <testcase name="testPropertiesExport" time="0.002" classname="com.distrimind.util.properties.TestProperties"/>
  <testcase name="testPropertiesXMLSave" time="0.006" classname="com.distrimind.util.properties.TestProperties"/>
  <testcase name="testPropertiesXMLSave" time="0.005" classname="com.distrimind.util.properties.TestProperties"/>
  <testcase name="testPropertiesXMLSave" time="0.007" classname="com.distrimind.util.properties.TestProperties"/>
  <testcase name="testPropertiesXMLSave" time="0.009" classname="com.distrimind.util.properties.TestProperties"/>
  <testcase name="testPropertiesXMLSave" time="0.004" classname="com.distrimind.util.properties.TestProperties"/>
  <testcase name="testPropertiesExport" time="0.004" classname="com.distrimind.util.properties.TestProperties"/>
  <testcase name="testPropertiesXMLSave" time="0.006" classname="com.distrimind.util.properties.TestProperties"/>
  <testcase name="testPropertiesXMLSave" time="0.015" classname="com.distrimind.util.properties.TestProperties"/>
  <testcase name="testPropertiesXMLSave" time="0.005" classname="com.distrimind.util.properties.TestProperties"/>
  <testcase name="testPropertiesExport" time="0.002" classname="com.distrimind.util.properties.TestProperties"/>
  <testcase name="testPropertiesXMLSave" time="0.006" classname="com.distrimind.util.properties.TestProperties"/>
  <testcase name="testPropertiesExport" time="0.003" classname="com.distrimind.util.properties.TestProperties"/>
  <testcase name="testPropertiesXMLSave" time="0.005" classname="com.distrimind.util.properties.TestProperties"/>
  <testcase name="testPropertiesXMLSave" time="0.010" classname="com.distrimind.util.properties.TestProperties"/>
  <testcase name="testPropertiesXMLSave" time="0.008" classname="com.distrimind.util.properties.TestProperties"/>
  <testcase name="testPropertiesExport" time="0.001" classname="com.distrimind.util.properties.TestProperties"/>
  <testcase name="testPropertiesXMLSave" time="0.004" classname="com.distrimind.util.properties.TestProperties"/>
  <testcase name="testPropertiesExport" time="0.003" classname="com.distrimind.util.properties.TestProperties"/>
  <testcase name="testPropertiesExport" time="0.003" classname="com.distrimind.util.properties.TestProperties"/>
  <testcase name="testPropertiesXMLSave" time="0.005" classname="com.distrimind.util.properties.TestProperties"/>
  <testcase name="testPropertiesXMLSave" time="0.006" classname="com.distrimind.util.properties.TestProperties"/>
  <testcase name="testPropertiesXMLSave" time="0.007" classname="com.distrimind.util.properties.TestProperties"/>
  <testcase name="testPropertiesExport" time="0.002" classname="com.distrimind.util.properties.TestProperties"/>
  <testcase name="testPropertiesExport" time="0.004" classname="com.distrimind.util.properties.TestProperties"/>
  <testcase name="testPropertiesXMLSave" time="0.006" classname="com.distrimind.util.properties.TestProperties"/>
  <testcase name="testPropertiesXMLSave" time="0.005" classname="com.distrimind.util.properties.TestProperties"/>
  <testcase name="testPropertiesExport" time="0.005" classname="com.distrimind.util.properties.TestProperties"/>
  <testcase name="testPropertiesExport" time="0.005" classname="com.distrimind.util.properties.TestProperties"/>
  <testcase name="testPropertiesXMLSave" time="0.012" classname="com.distrimind.util.properties.TestProperties"/>
  <testcase name="testPropertiesXMLSave" time="0.004" classname="com.distrimind.util.properties.TestProperties"/>
  <testcase name="testPropertiesExport" time="0.005" classname="com.distrimind.util.properties.TestProperties"/>
  <testcase name="testPropertiesExport" time="0.005" classname="com.distrimind.util.properties.TestProperties"/>
  <testcase name="testPropertiesXMLSave" time="0.006" classname="com.distrimind.util.properties.TestProperties"/>
  <testcase name="testPropertiesExport" time="0.003" classname="com.distrimind.util.properties.TestProperties"/>
  <testcase name="testPropertiesXMLSave" time="0.005" classname="com.distrimind.util.properties.TestProperties"/>
  <testcase name="testPropertiesXMLSave" time="0.005" classname="com.distrimind.util.properties.TestProperties"/>
  <testcase name="testPropertiesXMLSave" time="0.007" classname="com.distrimind.util.properties.TestProperties"/>
  <testcase name="testPropertiesExport" time="0.003" classname="com.distrimind.util.properties.TestProperties"/>
  <testcase name="testPropertiesXMLSave" time="0.006" classname="com.distrimind.util.properties.TestProperties"/>
  <testcase name="testPropertiesXMLSave" time="0.008" classname="com.distrimind.util.properties.TestProperties"/>
  <testcase name="testPropertiesXMLSave" time="0.005" classname="com.distrimind.util.properties.TestProperties"/>
  <testcase name="testPropertiesExport" time="0.001" classname="com.distrimind.util.properties.TestProperties"/>
  <testcase name="testPropertiesExport" time="0.007" classname="com.distrimind.util.properties.TestProperties"/>
  <testcase name="testPropertiesExport" time="0.006" classname="com.distrimind.util.properties.TestProperties"/>
  <testcase name="testPropertiesExport" time="0.003" classname="com.distrimind.util.properties.TestProperties"/>
  <testcase name="testPropertiesExport" time="0.002" classname="com.distrimind.util.properties.TestProperties"/>
  <testcase name="testPropertiesExport" time="0.004" classname="com.distrimind.util.properties.TestProperties"/>
  <testcase name="testPropertiesXMLSave" time="0.005" classname="com.distrimind.util.properties.TestProperties"/>
  <testcase name="testPropertiesXMLSave" time="0.006" classname="com.distrimind.util.properties.TestProperties"/>
  <testcase name="testPropertiesExport" time="0.063" classname="com.distrimind.util.properties.TestProperties"/>
  <testcase name="testPropertiesExport" time="0.002" classname="com.distrimind.util.properties.TestProperties"/>
  <testcase name="testPropertiesXMLSave" time="0.005" classname="com.distrimind.util.properties.TestProperties"/>
  <testcase name="testPropertiesXMLSave" time="0.006" classname="com.distrimind.util.properties.TestProperties"/>
  <testcase name="testPropertiesXMLSave" time="0.006" classname="com.distrimind.util.properties.TestProperties"/>
  <testcase name="testPropertiesExport" time="0.002" classname="com.distrimind.util.properties.TestProperties"/>
  <testcase name="testPropertiesXMLSave" time="0.005" classname="com.distrimind.util.properties.TestProperties"/>
  <testcase name="testPropertiesExport" time="0.003" classname="com.distrimind.util.properties.TestProperties"/>
  <testcase name="testPropertiesXMLSave" time="0.005" classname="com.distrimind.util.properties.TestProperties"/>
  <testcase name="testPropertiesXMLSave" time="0.005" classname="com.distrimind.util.properties.TestProperties"/>
  <testcase name="testPropertiesXMLSave" time="0.010" classname="com.distrimind.util.properties.TestProperties"/>
  <testcase name="testPropertiesExport" time="0.003" classname="com.distrimind.util.properties.TestProperties"/>
  <testcase name="testPropertiesExport" time="0.003" classname="com.distrimind.util.properties.TestProperties"/>
  <testcase name="testPropertiesXMLSave" time="0.009" classname="com.distrimind.util.properties.TestProperties"/>
  <testcase name="testPropertiesXMLSave" time="0.006" classname="com.distrimind.util.properties.TestProperties"/>
  <testcase name="testPropertiesExport" time="0.003" classname="com.distrimind.util.properties.TestProperties"/>
  <testcase name="testPropertiesExport" time="0.005" classname="com.distrimind.util.properties.TestProperties"/>
  <testcase name="testPropertiesExport" time="0.327" classname="com.distrimind.util.properties.TestProperties"/>
  <testcase name="testPropertiesExport" time="0.004" classname="com.distrimind.util.properties.TestProperties"/>
  <testcase name="testPropertiesExport" time="0.004" classname="com.distrimind.util.properties.TestProperties"/>
  <testcase name="testPropertiesExport" time="0.004" classname="com.distrimind.util.properties.TestProperties"/>
  <testcase name="testPropertiesExport" time="0.001" classname="com.distrimind.util.properties.TestProperties"/>
  <testcase name="testPropertiesXMLSave" time="0.005" classname="com.distrimind.util.properties.TestProperties"/>
  <testcase name="testPropertiesXMLSave" time="0.006" classname="com.distrimind.util.properties.TestProperties"/>
  <testcase name="testPropertiesXMLSave" time="0.005" classname="com.distrimind.util.properties.TestProperties"/>
  <testcase name="testPropertiesExport" time="0.003" classname="com.distrimind.util.properties.TestProperties"/>
  <testcase name="testPropertiesXMLSave" time="0.008" classname="com.distrimind.util.properties.TestProperties"/>
  <testcase name="testPropertiesXMLSave" time="0.006" classname="com.distrimind.util.properties.TestProperties"/>
  <testcase name="testPropertiesExport" time="0.002" classname="com.distrimind.util.properties.TestProperties"/>
  <testcase name="testPropertiesXMLSave" time="0.006" classname="com.distrimind.util.properties.TestProperties"/>
  <testcase name="testPropertiesXMLSave" time="0.005" classname="com.distrimind.util.properties.TestProperties"/>
  <testcase name="testPropertiesExport" time="0.003" classname="com.distrimind.util.properties.TestProperties"/>
  <testcase name="testPropertiesExport" time="0.003" classname="com.distrimind.util.properties.TestProperties"/>
  <testcase name="testPropertiesXMLSave" time="0.005" classname="com.distrimind.util.properties.TestProperties"/>
  <testcase name="testPropertiesXMLSave" time="0.005" classname="com.distrimind.util.properties.TestProperties"/>
  <testcase name="testPropertiesXMLSave" time="0.005" classname="com.distrimind.util.properties.TestProperties"/>
  <testcase name="testPropertiesExport" time="0.004" classname="com.distrimind.util.properties.TestProperties"/>
  <testcase name="testPropertiesXMLSave" time="0.005" classname="com.distrimind.util.properties.TestProperties"/>
  <testcase name="testPropertiesXMLSave" time="0.012" classname="com.distrimind.util.properties.TestProperties"/>
  <testcase name="testPropertiesExport" time="0.003" classname="com.distrimind.util.properties.TestProperties"/>
  <testcase name="testPropertiesXMLSave" time="0.008" classname="com.distrimind.util.properties.TestProperties"/>
  <testcase name="testPropertiesExport" time="0.003" classname="com.distrimind.util.properties.TestProperties"/>
  <testcase name="testPropertiesExport" time="0.003" classname="com.distrimind.util.properties.TestProperties"/>
  <testcase name="testPropertiesXMLSave" time="0.049" classname="com.distrimind.util.properties.TestProperties"/>
  <testcase name="testPropertiesXMLSave" time="0.007" classname="com.distrimind.util.properties.TestProperties"/>
  <testcase name="testPropertiesXMLSave" time="0.006" classname="com.distrimind.util.properties.TestProperties"/>
  <testcase name="testPropertiesXMLSave" time="0.005" classname="com.distrimind.util.properties.TestProperties"/>
  <testcase name="testPropertiesExport" time="0.003" classname="com.distrimind.util.properties.TestProperties"/>
  <testcase name="testPropertiesExport" time="0.001" classname="com.distrimind.util.properties.TestProperties"/>
  <testcase name="testPropertiesXMLSave" time="0.006" classname="com.distrimind.util.properties.TestProperties"/>
  <testcase name="testPropertiesExport" time="0.005" classname="com.distrimind.util.properties.TestProperties"/>
  <testcase name="testPropertiesExport" time="0.002" classname="com.distrimind.util.properties.TestProperties"/>
  <testcase name="testPropertiesExport" time="0.002" classname="com.distrimind.util.properties.TestProperties"/>
  <testcase name="testPropertiesExport" time="0.002" classname="com.distrimind.util.properties.TestProperties"/>
  <testcase name="testPropertiesXMLSave" time="0.010" classname="com.distrimind.util.properties.TestProperties"/>
  <testcase name="testPropertiesExport" time="0.002" classname="com.distrimind.util.properties.TestProperties"/>
  <testcase name="testPropertiesXMLSave" time="0.007" classname="com.distrimind.util.properties.TestProperties"/>
  <testcase name="testPropertiesExport" time="0.002" classname="com.distrimind.util.properties.TestProperties"/>
  <testcase name="testPropertiesExport" time="0.002" classname="com.distrimind.util.properties.TestProperties"/>
  <testcase name="testPropertiesExport" time="0.004" classname="com.distrimind.util.properties.TestProperties"/>
  <testcase name="testPropertiesExport" time="0.003" classname="com.distrimind.util.properties.TestProperties"/>
  <testcase name="testPropertiesExport" time="0.149" classname="com.distrimind.util.properties.TestProperties"/>
  <testcase name="testPropertiesXMLSave" time="0.004" classname="com.distrimind.util.properties.TestProperties"/>
  <testcase name="testPropertiesExport" time="0.003" classname="com.distrimind.util.properties.TestProperties"/>
  <testcase name="testPropertiesExport" time="0.005" classname="com.distrimind.util.properties.TestProperties"/>
  <testcase name="testPropertiesExport" time="1.982" classname="com.distrimind.util.properties.TestProperties"/>
  <testcase name="testPropertiesXMLSave" time="0.007" classname="com.distrimind.util.properties.TestProperties"/>
  <testcase name="testPropertiesXMLSave" time="0.006" classname="com.distrimind.util.properties.TestProperties"/>
  <testcase name="testPropertiesExport" time="0.004" classname="com.distrimind.util.properties.TestProperties"/>
  <testcase name="testPropertiesExport" time="0.003" classname="com.distrimind.util.properties.TestProperties"/>
  <testcase name="testPropertiesXMLSave" time="0.006" classname="com.distrimind.util.properties.TestProperties"/>
  <testcase name="testPropertiesExport" time="0.002" classname="com.distrimind.util.properties.TestProperties"/>
  <testcase name="testPropertiesExport" time="0.003" classname="com.distrimind.util.properties.TestProperties"/>
  <testcase name="testPropertiesXMLSave" time="0.006" classname="com.distrimind.util.properties.TestProperties"/>
  <testcase name="testPropertiesExport" time="0.004" classname="com.distrimind.util.properties.TestProperties"/>
  <testcase name="testPropertiesXMLSave" time="0.005" classname="com.distrimind.util.properties.TestProperties"/>
  <testcase name="testPropertiesExport" time="0.004" classname="com.distrimind.util.properties.TestProperties"/>
  <testcase name="testPropertiesExport" time="0.003" classname="com.distrimind.util.properties.TestProperties"/>
  <testcase name="testPropertiesXMLSave" time="0.005" classname="com.distrimind.util.properties.TestProperties"/>
  <testcase name="testPropertiesExport" time="0.002" classname="com.distrimind.util.properties.TestProperties"/>
  <testcase name="testPropertiesXMLSave" time="0.006" classname="com.distrimind.util.properties.TestProperties"/>
  <testcase name="testPropertiesXMLSave" time="0.006" classname="com.distrimind.util.properties.TestProperties"/>
  <testcase name="testPropertiesXMLSave" time="0.010" classname="com.distrimind.util.properties.TestProperties"/>
  <testcase name="testPropertiesExport" time="0.003" classname="com.distrimind.util.properties.TestProperties"/>
  <testcase name="testPropertiesXMLSave" time="0.008" classname="com.distrimind.util.properties.TestProperties"/>
  <testcase name="testPropertiesXMLSave" time="0.005" classname="com.distrimind.util.properties.TestProperties"/>
  <testcase name="testPropertiesXMLSave" time="0.006" classname="com.distrimind.util.properties.TestProperties"/>
  <testcase name="testPropertiesExport" time="0.002" classname="com.distrimind.util.properties.TestProperties"/>
  <testcase name="testPropertiesXMLSave" time="0.006" classname="com.distrimind.util.properties.TestProperties"/>
  <testcase name="testPropertiesExport" time="0.004" classname="com.distrimind.util.properties.TestProperties"/>
  <testcase name="testPropertiesExport" time="0.002" classname="com.distrimind.util.properties.TestProperties"/>
  <testcase name="testPropertiesXMLSave" time="0.009" classname="com.distrimind.util.properties.TestProperties"/>
  <testcase name="testPropertiesExport" time="0.003" classname="com.distrimind.util.properties.TestProperties"/>
  <testcase name="testPropertiesExport" time="0.005" classname="com.distrimind.util.properties.TestProperties"/>
  <testcase name="testPropertiesXMLSave" time="0.009" classname="com.distrimind.util.properties.TestProperties"/>
  <testcase name="testPropertiesExport" time="0.002" classname="com.distrimind.util.properties.TestProperties"/>
  <testcase name="testPropertiesExport" time="0.003" classname="com.distrimind.util.properties.TestProperties"/>
  <testcase name="testPropertiesXMLSave" time="0.005" classname="com.distrimind.util.properties.TestProperties"/>
  <testcase name="testPropertiesXMLSave" time="0.018" classname="com.distrimind.util.properties.TestProperties"/>
  <testcase name="testPropertiesXMLSave" time="0.004" classname="com.distrimind.util.properties.TestProperties"/>
  <testcase name="testPropertiesXMLSave" time="0.006" classname="com.distrimind.util.properties.TestProperties"/>
  <testcase name="testPropertiesExport" time="0.002" classname="com.distrimind.util.properties.TestProperties"/>
  <testcase name="testPropertiesXMLSave" time="0.006" classname="com.distrimind.util.properties.TestProperties"/>
  <testcase name="testPropertiesXMLSave" time="0.006" classname="com.distrimind.util.properties.TestProperties"/>
  <testcase name="testPropertiesExport" time="0.005" classname="com.distrimind.util.properties.TestProperties"/>
  <testcase name="testPropertiesXMLSave" time="0.005" classname="com.distrimind.util.properties.TestProperties"/>
  <testcase name="testPropertiesXMLSave" time="0.006" classname="com.distrimind.util.properties.TestProperties"/>
  <testcase name="testPropertiesXMLSave" time="0.006" classname="com.distrimind.util.properties.TestProperties"/>
  <testcase name="testPropertiesXMLSave" time="0.005" classname="com.distrimind.util.properties.TestProperties"/>
  <testcase name="testPropertiesExport" time="0.001" classname="com.distrimind.util.properties.TestProperties"/>
  <testcase name="testPropertiesExport" time="0.006" classname="com.distrimind.util.properties.TestProperties"/>
  <testcase name="testPropertiesXMLSave" time="0.004" classname="com.distrimind.util.properties.TestProperties"/>
  <testcase name="testPropertiesXMLSave" time="0.026" classname="com.distrimind.util.properties.TestProperties"/>
  <testcase name="testPropertiesXMLSave" time="0.005" classname="com.distrimind.util.properties.TestProperties"/>
  <testcase name="testPropertiesExport" time="0.209" classname="com.distrimind.util.properties.TestProperties"/>
  <testcase name="testPropertiesExport" time="0.006" classname="com.distrimind.util.properties.TestProperties"/>
  <testcase name="testPropertiesExport" time="0.003" classname="com.distrimind.util.properties.TestProperties"/>
  <testcase name="testPropertiesXMLSave" time="0.008" classname="com.distrimind.util.properties.TestProperties"/>
  <testcase name="testPropertiesExport" time="0.002" classname="com.distrimind.util.properties.TestProperties"/>
  <testcase name="testPropertiesExport" time="0.002" classname="com.distrimind.util.properties.TestProperties"/>
  <testcase name="testPropertiesXMLSave" time="0.006" classname="com.distrimind.util.properties.TestProperties"/>
  <testcase name="testPropertiesXMLSave" time="0.006" classname="com.distrimind.util.properties.TestProperties"/>
  <testcase name="testPropertiesXMLSave" time="0.008" classname="com.distrimind.util.properties.TestProperties"/>
  <testcase name="testPropertiesExport" time="0.004" classname="com.distrimind.util.properties.TestProperties"/>
  <testcase name="testPropertiesXMLSave" time="0.006" classname="com.distrimind.util.properties.TestProperties"/>
  <testcase name="testPropertiesExport" time="0.005" classname="com.distrimind.util.properties.TestProperties"/>
  <testcase name="testPropertiesExport" time="0.005" classname="com.distrimind.util.properties.TestProperties"/>
</testsuite> <!-- com.distrimind.util.properties.TestProperties -->
