<?xml version="1.0" encoding="UTF-8"?>
<!-- Generated by org.testng.reporters.JUnitReportReporter -->
<testsuite hostname="choupchoup" name="com.distrimind.util.tests.version.VersionTests" tests="1" failures="0" timestamp="22 Aug 2016 22:50:39 GMT" time="0.011" errors="0">
  <testcase name="testFunctions" time="0.011" classname="com.distrimind.util.tests.version.VersionTests"/>
</testsuite> <!-- com.distrimind.util.tests.version.VersionTests -->
